# a = 0.100000
# b = 1.000000
# E = 31622.776602
# tol = 0.000100
# s12 = 0.554977
# s13 = 0.152971
# psi0 = 0.822075 + I0.000000	0.548446 + I0.000000	0.152971 + I0.000000
# dh = 0.000100
# out = data/E1.0e4.5_tol1e-4.log
# model = sun
# scan_steps = 100.000000
# H0 = 
#	 0.000000e+00 0.000000e+00 0.000000e+00
#	 0.000000e+00 4.204874e+00 0.000000e+00
#	 0.000000e+00 0.000000e+00 1.376211e+02
# W = 
#	 6.758072e-01 4.508635e-01 1.257533e-01
#	 4.508635e-01 3.007928e-01 8.389608e-02
#	 1.257533e-01 8.389608e-02 2.340000e-02
# H0W = 
#	 0.000000e+00 -1.895824e+00 -1.730630e+01
#	 1.895824e+00 0.000000e+00 -1.119309e+01
#	 1.730630e+01 1.119309e+01 0.000000e+00
# H0H0W = 
#	 0.000000e+00 7.971702e+00 2.381711e+03
#	 7.971702e+00 0.000000e+00 1.493340e+03
#	 2.381711e+03 1.493340e+03 0.000000e+00
# WH0W = 
#	 6.062164e+00 2.148538e+00 -1.617826e+01
#	 2.148538e+00 1.685972e-01 -1.114607e+01
#	 -1.617826e+01 -1.114607e+01 -6.230762e+00
#################################################
##            CALCULATION COMPLETED            ##
#################################################
# Psi[0]^2 = 0.070361 + I0.000000
# Psi[1]^2 = 0.079420 + I0.000000
# Psi[2]^2 = 0.850220 + I0.000000
# phi0 = -1.521448 
# phi1 = -0.919335 
# phi2 = -0.031465 
# Psi = 
#	-2.649330e-01+i(1.308472e-02)
#	-2.240989e-01+i(1.708783e-01)
#	-2.900806e-02+i(9.216171e-01)
#ProbSurv b 1-|Psi|^2 calls E tol dh dh(prev) dh(last)
0.0913342812277	1	-8.12683e-14	9001	31622.8	0.0001	0.0001	0.0001	5e-05
