# a = 0.100000
# b = 1.000000
# E = 316227.766017
# tol = 0.000100
# s12 = 0.554977
# s13 = 0.152971
# psi0 = 0.822075 + I0.000000	0.548446 + I0.000000	0.152971 + I0.000000
# dh = 0.000100
# out = data/E1.0e5.5_tol1e-4.log
# model = sun
# scan_steps = 100.000000
# H0 = 
#	 0.000000e+00 0.000000e+00 0.000000e+00
#	 0.000000e+00 4.204874e-01 0.000000e+00
#	 0.000000e+00 0.000000e+00 1.376211e+01
# W = 
#	 6.758072e-01 4.508635e-01 1.257533e-01
#	 4.508635e-01 3.007928e-01 8.389608e-02
#	 1.257533e-01 8.389608e-02 2.340000e-02
# H0W = 
#	 0.000000e+00 -1.895824e-01 -1.730630e+00
#	 1.895824e-01 0.000000e+00 -1.119309e+00
#	 1.730630e+00 1.119309e+00 0.000000e+00
# H0H0W = 
#	 0.000000e+00 7.971702e-02 2.381711e+01
#	 7.971702e-02 0.000000e+00 1.493340e+01
#	 2.381711e+01 1.493340e+01 0.000000e+00
# WH0W = 
#	 6.062164e-01 2.148538e-01 -1.617826e+00
#	 2.148538e-01 1.685972e-02 -1.114607e+00
#	 -1.617826e+00 -1.114607e+00 -6.230762e-01
#################################################
##            CALCULATION COMPLETED            ##
#################################################
# Psi[0]^2 = 0.554858 + I0.000000
# Psi[1]^2 = 0.271931 + I0.000000
# Psi[2]^2 = 0.173211 + I0.000000
# phi0 = 2.532163 
# phi1 = 2.590407 
# phi2 = -1.436952 
# Psi = 
#	4.263735e-01+i(-6.107891e-01)
#	2.730924e-01+i(-4.442426e-01)
#	-4.124644e-01+i(5.553794e-02)
#ProbSurv b 1-|Psi|^2 calls E tol dh dh(prev) dh(last)
0.460824856696	1	-1.0858e-13	9001	316228	0.0001	0.0001	0.0001	5e-05
