# a = 0.100000
# b = 1.000000
# E = 110000.000000
# tol = 0.000100
# s12 = 0.554977
# s13 = 0.152971
# psi0 = 0.822075 + I0.000000	0.548446 + I0.000000	0.152971 + I0.000000
# dh = 0.000100
# out = data/E1.1e5.0_tol1e-4.log
# model = sun
# scan_steps = 100.000000
# H0 = 
#	 0.000000e+00 0.000000e+00 0.000000e+00
#	 0.000000e+00 1.208816e+00 0.000000e+00
#	 0.000000e+00 0.000000e+00 3.956327e+01
# W = 
#	 6.758072e-01 4.508635e-01 1.257533e-01
#	 4.508635e-01 3.007928e-01 8.389608e-02
#	 1.257533e-01 8.389608e-02 2.340000e-02
# H0W = 
#	 0.000000e+00 -5.450112e-01 -4.975211e+00
#	 5.450112e-01 0.000000e+00 -3.217788e+00
#	 4.975211e+00 3.217788e+00 0.000000e+00
# H0H0W = 
#	 0.000000e+00 6.588184e-01 1.968356e+02
#	 6.588184e-01 0.000000e+00 1.234165e+02
#	 1.968356e+02 1.234165e+02 0.000000e+00
# WH0W = 
#	 1.742750e+00 6.176611e-01 -4.650923e+00
#	 6.176611e-01 4.846829e-02 -3.204270e+00
#	 -4.650923e+00 -3.204270e+00 -1.791218e+00
#################################################
##            CALCULATION COMPLETED            ##
#################################################
# Psi[0]^2 = 0.362476 + I0.000000
# Psi[1]^2 = 0.211956 + I0.000000
# Psi[2]^2 = 0.425568 + I0.000000
# phi0 = 3.046180 
# phi1 = -3.067452 
# phi2 = -0.531317 
# Psi = 
#	5.735699e-02+i(-5.993215e-01)
#	-3.410231e-02+i(-4.591225e-01)
#	-3.305285e-01+i(5.624220e-01)
#ProbSurv b 1-|Psi|^2 calls E tol dh dh(prev) dh(last)
0.318677158814	1	-4.77396e-14	9001	110000	0.0001	0.0001	0.0001	5e-05
