# a = 0.100000
# b = 1.000000
# E = 1200000.000000
# tol = 0.000100
# s12 = 0.554977
# s13 = 0.152971
# psi0 = 0.822075 + I0.000000	0.548446 + I0.000000	0.152971 + I0.000000
# dh = 0.000100
# out = data/E1.2e6.0_tol1e-4.log
# model = sun
# scan_steps = 100.000000
# H0 = 
#	 0.000000e+00 0.000000e+00 0.000000e+00
#	 0.000000e+00 1.108082e-01 0.000000e+00
#	 0.000000e+00 0.000000e+00 3.626633e+00
# W = 
#	 6.758072e-01 4.508635e-01 1.257533e-01
#	 4.508635e-01 3.007928e-01 8.389608e-02
#	 1.257533e-01 8.389608e-02 2.340000e-02
# H0W = 
#	 0.000000e+00 -4.995936e-02 -4.560611e-01
#	 4.995936e-02 0.000000e+00 -2.949639e-01
#	 4.560611e-01 2.949639e-01 0.000000e+00
# H0H0W = 
#	 0.000000e+00 5.535904e-03 1.653966e+00
#	 5.535904e-03 0.000000e+00 1.037042e+00
#	 1.653966e+00 1.037042e+00 0.000000e+00
# WH0W = 
#	 1.597521e-01 5.661894e-02 -4.263346e-01
#	 5.661894e-02 4.442926e-03 -2.937247e-01
#	 -4.263346e-01 -2.937247e-01 -1.641950e-01
#################################################
##            CALCULATION COMPLETED            ##
#################################################
# Psi[0]^2 = 0.653878 + I0.000000
# Psi[1]^2 = 0.298401 + I0.000000
# Psi[2]^2 = 0.047721 + I0.000000
# phi0 = 2.289540 
# phi1 = 2.304688 
# phi2 = 2.816693 
# Psi = 
#	6.086002e-01+i(-5.324320e-01)
#	4.056388e-01+i(-3.658659e-01)
#	6.973277e-02+i(-2.070230e-01)
#ProbSurv b 1-|Psi|^2 calls E tol dh dh(prev) dh(last)
0.532768994921	1	-9.74776e-14	9001	1.2e+06	0.0001	0.0001	0.0001	5e-05
