# a = 0.100000
# b = 1.000000
# E = 12000.000000
# tol = 0.000100
# s12 = 0.554977
# s13 = 0.152971
# psi0 = 0.822075 + I0.000000	0.548446 + I0.000000	0.152971 + I0.000000
# dh = 0.000100
# out = data/E1.2e4.0_tol1e-4.log
# model = sun
# scan_steps = 100.000000
# H0 = 
#	 0.000000e+00 0.000000e+00 0.000000e+00
#	 0.000000e+00 1.108082e+01 0.000000e+00
#	 0.000000e+00 0.000000e+00 3.626633e+02
# W = 
#	 6.758072e-01 4.508635e-01 1.257533e-01
#	 4.508635e-01 3.007928e-01 8.389608e-02
#	 1.257533e-01 8.389608e-02 2.340000e-02
# H0W = 
#	 0.000000e+00 -4.995936e+00 -4.560611e+01
#	 4.995936e+00 0.000000e+00 -2.949639e+01
#	 4.560611e+01 2.949639e+01 0.000000e+00
# H0H0W = 
#	 0.000000e+00 5.535904e+01 1.653966e+04
#	 5.535904e+01 0.000000e+00 1.037042e+04
#	 1.653966e+04 1.037042e+04 0.000000e+00
# WH0W = 
#	 1.597521e+01 5.661894e+00 -4.263346e+01
#	 5.661894e+00 4.442926e-01 -2.937247e+01
#	 -4.263346e+01 -2.937247e+01 -1.641950e+01
#################################################
##            CALCULATION COMPLETED            ##
#################################################
# Psi[0]^2 = 0.001036 + I0.000000
# Psi[1]^2 = 0.005866 + I0.000000
# Psi[2]^2 = 0.993098 + I0.000000
# phi0 = 1.914093 
# phi1 = -2.621431 
# phi2 = 3.057294 
# Psi = 
#	3.030959e-02+i(-1.083419e-02)
#	-3.806640e-02+i(-6.645944e-02)
#	8.390802e-02+i(-9.930043e-01)
#ProbSurv b 1-|Psi|^2 calls E tol dh dh(prev) dh(last)
0.0257030874276	1	-1.14131e-13	9001	12000	0.0001	0.0001	0.0001	5e-05
