# a = 0.100000
# b = 1.000000
# E = 1200.000000
# tol = 0.000100
# s12 = 0.554977
# s13 = 0.152971
# psi0 = 0.822075 + I0.000000	0.548446 + I0.000000	0.152971 + I0.000000
# dh = 0.000100
# out = data/E1.2e3.0_tol1e-4.log
# model = sun
# scan_steps = 100.000000
# H0 = 
#	 0.000000e+00 0.000000e+00 0.000000e+00
#	 0.000000e+00 1.108082e+02 0.000000e+00
#	 0.000000e+00 0.000000e+00 3.626633e+03
# W = 
#	 6.758072e-01 4.508635e-01 1.257533e-01
#	 4.508635e-01 3.007928e-01 8.389608e-02
#	 1.257533e-01 8.389608e-02 2.340000e-02
# H0W = 
#	 0.000000e+00 -4.995936e+01 -4.560611e+02
#	 4.995936e+01 0.000000e+00 -2.949639e+02
#	 4.560611e+02 2.949639e+02 0.000000e+00
# H0H0W = 
#	 0.000000e+00 5.535904e+03 1.653966e+06
#	 5.535904e+03 0.000000e+00 1.037042e+06
#	 1.653966e+06 1.037042e+06 0.000000e+00
# WH0W = 
#	 1.597521e+02 5.661894e+01 -4.263346e+02
#	 5.661894e+01 4.442926e+00 -2.937247e+02
#	 -4.263346e+02 -2.937247e+02 -1.641950e+02
#################################################
##            CALCULATION COMPLETED            ##
#################################################
# Psi[0]^2 = 0.000005 + I0.000000
# Psi[1]^2 = 0.000770 + I0.000000
# Psi[2]^2 = 0.999224 + I0.000000
# phi0 = -0.333534 
# phi1 = 1.013729 
# phi2 = 0.676366 
# Psi = 
#	-7.657559e-04+i(2.210115e-03)
#	2.355892e-02+i(1.467417e-02)
#	6.257202e-01+i(7.795502e-01)
#ProbSurv b 1-|Psi|^2 calls E tol dh dh(prev) dh(last)
0.0236172599715	1	-6.83897e-14	9001	1200	0.0001	0.0001	0.0001	5e-05
