# a = 0.100000
# b = 1.000000
# E = 0.379473
# tol = 0.000100
# s12 = 0.554977
# s13 = 0.152971
# psi0 = 0.822075 + I0.000000	0.548446 + I0.000000	0.152971 + I0.000000
# dh = 0.000100
# out = data/E1.2e-0.5_tol1e-4.log
# model = sun
# scan_steps = 100.000000
# H0 = 
#	 0.000000e+00 0.000000e+00 0.000000e+00
#	 0.000000e+00 3.504062e+05 0.000000e+00
#	 0.000000e+00 0.000000e+00 1.146842e+07
# W = 
#	 6.758072e-01 4.508635e-01 1.257533e-01
#	 4.508635e-01 3.007928e-01 8.389608e-02
#	 1.257533e-01 8.389608e-02 2.340000e-02
# H0W = 
#	 0.000000e+00 -1.579854e+05 -1.442192e+06
#	 1.579854e+05 0.000000e+00 -9.327579e+05
#	 1.442192e+06 9.327579e+05 0.000000e+00
# H0H0W = 
#	 0.000000e+00 5.535904e+10 1.653966e+13
#	 5.535904e+10 0.000000e+00 1.037042e+13
#	 1.653966e+13 1.037042e+13 0.000000e+00
# WH0W = 
#	 5.051804e+05 1.790448e+05 -1.348188e+06
#	 1.790448e+05 1.404977e+04 -9.288392e+05
#	 -1.348188e+06 -9.288392e+05 -5.192301e+05
#################################################
##            CALCULATION COMPLETED            ##
#################################################
# Psi[0]^2 = 0.648107 + I0.000000
# Psi[1]^2 = 0.328400 + I0.000000
# Psi[2]^2 = 0.023493 + I0.000000
# phi0 = 2.921687 
# phi1 = -0.069885 
# phi2 = -1.479957 
# Psi = 
#	1.756118e-01+i(-7.856637e-01)
#	-4.001601e-02+i(5.716633e-01)
#	-1.526416e-01+i(1.390416e-02)
#ProbSurv b 1-|Psi|^2 calls E tol dh dh(prev) dh(last)
0.537325531025	1	1.35867e-10	972537	0.379473	0.0001	0.0001	9.25416e-07	8.42918e-07
