# a = 0.100000
# b = 1.000000
# E = 379473.319220
# tol = 0.000100
# s12 = 0.554977
# s13 = 0.152971
# psi0 = 0.822075 + I0.000000	0.548446 + I0.000000	0.152971 + I0.000000
# dh = 0.000100
# out = data/E1.2e5.5_tol1e-4.log
# model = sun
# scan_steps = 100.000000
# H0 = 
#	 0.000000e+00 0.000000e+00 0.000000e+00
#	 0.000000e+00 3.504062e-01 0.000000e+00
#	 0.000000e+00 0.000000e+00 1.146842e+01
# W = 
#	 6.758072e-01 4.508635e-01 1.257533e-01
#	 4.508635e-01 3.007928e-01 8.389608e-02
#	 1.257533e-01 8.389608e-02 2.340000e-02
# H0W = 
#	 0.000000e+00 -1.579854e-01 -1.442192e+00
#	 1.579854e-01 0.000000e+00 -9.327579e-01
#	 1.442192e+00 9.327579e-01 0.000000e+00
# H0H0W = 
#	 0.000000e+00 5.535904e-02 1.653966e+01
#	 5.535904e-02 0.000000e+00 1.037042e+01
#	 1.653966e+01 1.037042e+01 0.000000e+00
# WH0W = 
#	 5.051804e-01 1.790448e-01 -1.348188e+00
#	 1.790448e-01 1.404977e-02 -9.288392e-01
#	 -1.348188e+00 -9.288392e-01 -5.192301e-01
#################################################
##            CALCULATION COMPLETED            ##
#################################################
# Psi[0]^2 = 0.580006 + I0.000000
# Psi[1]^2 = 0.279697 + I0.000000
# Psi[2]^2 = 0.140297 + I0.000000
# phi0 = 2.481301 
# phi1 = 2.529571 
# phi2 = -1.934361 
# Psi = 
#	4.671136e-01+i(-6.015070e-01)
#	3.038444e-01+i(-4.328688e-01)
#	-3.500798e-01+i(-1.331976e-01)
#ProbSurv b 1-|Psi|^2 calls E tol dh dh(prev) dh(last)
 0.47938579911	1	-1.21458e-13	9001	379473	0.0001	0.0001	0.0001	5e-05
