# a = 0.100000
# b = 1.000000
# E = 12.000000
# tol = 0.000100
# s12 = 0.554977
# s13 = 0.152971
# psi0 = 0.822075 + I0.000000	0.548446 + I0.000000	0.152971 + I0.000000
# dh = 0.000100
# out = data/E1.2e1.0_tol1e-4.log
# model = sun
# scan_steps = 100.000000
# H0 = 
#	 0.000000e+00 0.000000e+00 0.000000e+00
#	 0.000000e+00 1.108082e+04 0.000000e+00
#	 0.000000e+00 0.000000e+00 3.626633e+05
# W = 
#	 6.758072e-01 4.508635e-01 1.257533e-01
#	 4.508635e-01 3.007928e-01 8.389608e-02
#	 1.257533e-01 8.389608e-02 2.340000e-02
# H0W = 
#	 0.000000e+00 -4.995936e+03 -4.560611e+04
#	 4.995936e+03 0.000000e+00 -2.949639e+04
#	 4.560611e+04 2.949639e+04 0.000000e+00
# H0H0W = 
#	 0.000000e+00 5.535904e+07 1.653966e+10
#	 5.535904e+07 0.000000e+00 1.037042e+10
#	 1.653966e+10 1.037042e+10 0.000000e+00
# WH0W = 
#	 1.597521e+04 5.661894e+03 -4.263346e+04
#	 5.661894e+03 4.442926e+02 -2.937247e+04
#	 -4.263346e+04 -2.937247e+04 -1.641950e+04
#################################################
##            CALCULATION COMPLETED            ##
#################################################
# Psi[0]^2 = 0.062683 + I0.000000
# Psi[1]^2 = 0.910701 + I0.000000
# Psi[2]^2 = 0.026616 + I0.000000
# phi0 = 0.678905 
# phi1 = 1.979659 
# phi2 = 2.091004 
# Psi = 
#	1.572154e-01+i(1.948502e-01)
#	8.756466e-01+i(-3.793998e-01)
#	1.415617e-01+i(-8.109190e-02)
#ProbSurv b 1-|Psi|^2 calls E tol dh dh(prev) dh(last)
0.316916955954	1	-7.66254e-12	15799	12	0.0001	0.0001	5.69699e-05	5.19714e-05
