# a = 0.100000
# b = 1.000000
# E = 1.200000
# tol = 0.000100
# s12 = 0.554977
# s13 = 0.152971
# psi0 = 0.822075 + I0.000000	0.548446 + I0.000000	0.152971 + I0.000000
# dh = 0.000100
# out = data/E1.2e0.0_tol1e-4.log
# model = sun
# scan_steps = 100.000000
# H0 = 
#	 0.000000e+00 0.000000e+00 0.000000e+00
#	 0.000000e+00 1.108082e+05 0.000000e+00
#	 0.000000e+00 0.000000e+00 3.626633e+06
# W = 
#	 6.758072e-01 4.508635e-01 1.257533e-01
#	 4.508635e-01 3.007928e-01 8.389608e-02
#	 1.257533e-01 8.389608e-02 2.340000e-02
# H0W = 
#	 0.000000e+00 -4.995936e+04 -4.560611e+05
#	 4.995936e+04 0.000000e+00 -2.949639e+05
#	 4.560611e+05 2.949639e+05 0.000000e+00
# H0H0W = 
#	 0.000000e+00 5.535904e+09 1.653966e+12
#	 5.535904e+09 0.000000e+00 1.037042e+12
#	 1.653966e+12 1.037042e+12 0.000000e+00
# WH0W = 
#	 1.597521e+05 5.661894e+04 -4.263346e+05
#	 5.661894e+04 4.442926e+03 -2.937247e+05
#	 -4.263346e+05 -2.937247e+05 -1.641950e+05
#################################################
##            CALCULATION COMPLETED            ##
#################################################
# Psi[0]^2 = 0.582269 + I0.000000
# Psi[1]^2 = 0.394036 + I0.000000
# Psi[2]^2 = 0.023695 + I0.000000
# phi0 = 0.768270 
# phi1 = 2.695616 
# phi2 = 2.244538 
# Psi = 
#	5.302483e-01+i(5.487309e-01)
#	2.707613e-01+i(-5.663253e-01)
#	1.202971e-01+i(-9.604072e-02)
#ProbSurv b 1-|Psi|^2 calls E tol dh dh(prev) dh(last)
0.512579110399	1	-1.79174e-11	249692	1.2	0.0001	0.0001	3.60446e-06	3.10197e-06
