# a = 0.100000
# b = 1.000000
# E = 130.000000
# tol = 0.000100
# s12 = 0.554977
# s13 = 0.152971
# psi0 = 0.822075 + I0.000000	0.548446 + I0.000000	0.152971 + I0.000000
# dh = 0.000100
# out = data/E1.3e2.0_tol1e-4.log
# model = sun
# scan_steps = 100.000000
# H0 = 
#	 0.000000e+00 0.000000e+00 0.000000e+00
#	 0.000000e+00 1.022845e+03 0.000000e+00
#	 0.000000e+00 0.000000e+00 3.347662e+04
# W = 
#	 6.758072e-01 4.508635e-01 1.257533e-01
#	 4.508635e-01 3.007928e-01 8.389608e-02
#	 1.257533e-01 8.389608e-02 2.340000e-02
# H0W = 
#	 0.000000e+00 -4.611633e+02 -4.209794e+03
#	 4.611633e+02 0.000000e+00 -2.722744e+03
#	 4.209794e+03 2.722744e+03 0.000000e+00
# H0H0W = 
#	 0.000000e+00 4.716984e+05 1.409297e+08
#	 4.716984e+05 0.000000e+00 8.836331e+07
#	 1.409297e+08 8.836331e+07 0.000000e+00
# WH0W = 
#	 1.474634e+03 5.226363e+02 -3.935396e+03
#	 5.226363e+02 4.101163e+01 -2.711305e+03
#	 -3.935396e+03 -2.711305e+03 -1.515646e+03
#################################################
##            CALCULATION COMPLETED            ##
#################################################
# Psi[0]^2 = 0.000473 + I0.000000
# Psi[1]^2 = 0.825426 + I0.000000
# Psi[2]^2 = 0.174101 + I0.000000
# phi0 = 2.940650 
# phi1 = 2.451842 
# phi2 = -2.054204 
# Psi = 
#	4.343022e-03+i(-2.132153e-02)
#	5.781380e-01+i(-7.008438e-01)
#	-3.694435e-01+i(-1.939393e-01)
#ProbSurv b 1-|Psi|^2 calls E tol dh dh(prev) dh(last)
0.252676016596	1	1.66978e-12	9001	130	0.0001	0.0001	0.0001	5e-05
