# a = 0.100000
# b = 1.000000
# E = 0.130000
# tol = 0.000100
# s12 = 0.554977
# s13 = 0.152971
# psi0 = 0.822075 + I0.000000	0.548446 + I0.000000	0.152971 + I0.000000
# dh = 0.000100
# out = data/E1.3e-1.0_tol1e-4.log
# model = sun
# scan_steps = 100.000000
# H0 = 
#	 0.000000e+00 0.000000e+00 0.000000e+00
#	 0.000000e+00 1.022845e+06 0.000000e+00
#	 0.000000e+00 0.000000e+00 3.347662e+07
# W = 
#	 6.758072e-01 4.508635e-01 1.257533e-01
#	 4.508635e-01 3.007928e-01 8.389608e-02
#	 1.257533e-01 8.389608e-02 2.340000e-02
# H0W = 
#	 0.000000e+00 -4.611633e+05 -4.209794e+06
#	 4.611633e+05 0.000000e+00 -2.722744e+06
#	 4.209794e+06 2.722744e+06 0.000000e+00
# H0H0W = 
#	 0.000000e+00 4.716984e+11 1.409297e+14
#	 4.716984e+11 0.000000e+00 8.836331e+13
#	 1.409297e+14 8.836331e+13 0.000000e+00
# WH0W = 
#	 1.474634e+06 5.226363e+05 -3.935396e+06
#	 5.226363e+05 4.101163e+04 -2.711305e+06
#	 -3.935396e+06 -2.711305e+06 -1.515646e+06
#################################################
##            CALCULATION COMPLETED            ##
#################################################
# Psi[0]^2 = 0.666534 + I0.000000
# Psi[1]^2 = 0.310034 + I0.000000
# Psi[2]^2 = 0.023432 + I0.000000
# phi0 = 0.146684 
# phi1 = 0.848081 
# phi2 = 1.950393 
# Psi = 
#	1.193260e-01+i(8.076482e-01)
#	4.176122e-01+i(3.682853e-01)
#	1.421775e-01+i(-5.672103e-02)
#ProbSurv b 1-|Psi|^2 calls E tol dh dh(prev) dh(last)
  0.5442529465	1	9.433e-10	6949887	0.13	0.0001	0.0001	1.29499e-07	1.02854e-07
