# a = 0.100000
# b = 1.000000
# E = 13000.000000
# tol = 0.000100
# s12 = 0.554977
# s13 = 0.152971
# psi0 = 0.822075 + I0.000000	0.548446 + I0.000000	0.152971 + I0.000000
# dh = 0.000100
# out = data/E1.3e4.0_tol1e-4.log
# model = sun
# scan_steps = 100.000000
# H0 = 
#	 0.000000e+00 0.000000e+00 0.000000e+00
#	 0.000000e+00 1.022845e+01 0.000000e+00
#	 0.000000e+00 0.000000e+00 3.347662e+02
# W = 
#	 6.758072e-01 4.508635e-01 1.257533e-01
#	 4.508635e-01 3.007928e-01 8.389608e-02
#	 1.257533e-01 8.389608e-02 2.340000e-02
# H0W = 
#	 0.000000e+00 -4.611633e+00 -4.209794e+01
#	 4.611633e+00 0.000000e+00 -2.722744e+01
#	 4.209794e+01 2.722744e+01 0.000000e+00
# H0H0W = 
#	 0.000000e+00 4.716984e+01 1.409297e+04
#	 4.716984e+01 0.000000e+00 8.836331e+03
#	 1.409297e+04 8.836331e+03 0.000000e+00
# WH0W = 
#	 1.474634e+01 5.226363e+00 -3.935396e+01
#	 5.226363e+00 4.101163e-01 -2.711305e+01
#	 -3.935396e+01 -2.711305e+01 -1.515646e+01
#################################################
##            CALCULATION COMPLETED            ##
#################################################
# Psi[0]^2 = 0.001733 + I0.000000
# Psi[1]^2 = 0.007665 + I0.000000
# Psi[2]^2 = 0.990602 + I0.000000
# phi0 = 1.468630 
# phi1 = 3.074627 
# phi2 = 1.047011 
# Psi = 
#	4.140896e-02+i(4.245373e-03)
#	5.858581e-03+i(-8.735515e-02)
#	8.618533e-01+i(4.978062e-01)
#ProbSurv b 1-|Psi|^2 calls E tol dh dh(prev) dh(last)
0.0266567259867	1	-1.06803e-13	9001	13000	0.0001	0.0001	0.0001	5e-05
