# a = 0.100000
# b = 1.000000
# E = 13.000000
# tol = 0.000100
# s12 = 0.554977
# s13 = 0.152971
# psi0 = 0.822075 + I0.000000	0.548446 + I0.000000	0.152971 + I0.000000
# dh = 0.000100
# out = data/E1.3e1.0_tol1e-4.log
# model = sun
# scan_steps = 100.000000
# H0 = 
#	 0.000000e+00 0.000000e+00 0.000000e+00
#	 0.000000e+00 1.022845e+04 0.000000e+00
#	 0.000000e+00 0.000000e+00 3.347662e+05
# W = 
#	 6.758072e-01 4.508635e-01 1.257533e-01
#	 4.508635e-01 3.007928e-01 8.389608e-02
#	 1.257533e-01 8.389608e-02 2.340000e-02
# H0W = 
#	 0.000000e+00 -4.611633e+03 -4.209794e+04
#	 4.611633e+03 0.000000e+00 -2.722744e+04
#	 4.209794e+04 2.722744e+04 0.000000e+00
# H0H0W = 
#	 0.000000e+00 4.716984e+07 1.409297e+10
#	 4.716984e+07 0.000000e+00 8.836331e+09
#	 1.409297e+10 8.836331e+09 0.000000e+00
# WH0W = 
#	 1.474634e+04 5.226363e+03 -3.935396e+04
#	 5.226363e+03 4.101163e+02 -2.711305e+04
#	 -3.935396e+04 -2.711305e+04 -1.515646e+04
#################################################
##            CALCULATION COMPLETED            ##
#################################################
# Psi[0]^2 = 0.053303 + I0.000000
# Psi[1]^2 = 0.919785 + I0.000000
# Psi[2]^2 = 0.026912 + I0.000000
# phi0 = 1.495713 
# phi1 = 0.432486 
# phi2 = 2.382942 
# Psi = 
#	2.302236e-01+i(1.731854e-02)
#	4.019675e-01+i(8.707508e-01)
#	1.128571e-01+i(-1.190619e-01)
#ProbSurv b 1-|Psi|^2 calls E tol dh dh(prev) dh(last)
 0.31331680328	1	-6.64069e-12	14302	13	0.0001	0.0001	6.2934e-05	5.36405e-05
