# a = 0.100000
# b = 1.000000
# E = 4.110961
# tol = 0.000100
# s12 = 0.554977
# s13 = 0.152971
# psi0 = 0.822075 + I0.000000	0.548446 + I0.000000	0.152971 + I0.000000
# dh = 0.000100
# out = data/E1.3e0.5_tol1e-4.log
# model = sun
# scan_steps = 100.000000
# H0 = 
#	 0.000000e+00 0.000000e+00 0.000000e+00
#	 0.000000e+00 3.234518e+04 0.000000e+00
#	 0.000000e+00 0.000000e+00 1.058624e+06
# W = 
#	 6.758072e-01 4.508635e-01 1.257533e-01
#	 4.508635e-01 3.007928e-01 8.389608e-02
#	 1.257533e-01 8.389608e-02 2.340000e-02
# H0W = 
#	 0.000000e+00 -1.458326e+04 -1.331254e+05
#	 1.458326e+04 0.000000e+00 -8.610073e+04
#	 1.331254e+05 8.610073e+04 0.000000e+00
# H0H0W = 
#	 0.000000e+00 4.716984e+08 1.409297e+11
#	 4.716984e+08 0.000000e+00 8.836331e+10
#	 1.409297e+11 8.836331e+10 0.000000e+00
# WH0W = 
#	 4.663203e+04 1.652721e+04 -1.244482e+05
#	 1.652721e+04 1.296902e+03 -8.573900e+04
#	 -1.244482e+05 -8.573900e+04 -4.792893e+04
#################################################
##            CALCULATION COMPLETED            ##
#################################################
# Psi[0]^2 = 0.332677 + I0.000000
# Psi[1]^2 = 0.642888 + I0.000000
# Psi[2]^2 = 0.024434 + I0.000000
# phi0 = 1.943060 
# phi1 = 1.172272 
# phi2 = 0.698678 
# Psi = 
#	5.372759e-01+i(-2.097899e-01)
#	7.389696e-01+i(3.111468e-01)
#	1.005427e-01+i(1.196893e-01)
#ProbSurv b 1-|Psi|^2 calls E tol dh dh(prev) dh(last)
 0.41877362528	1	-1.52063e-11	34520	4.11096	0.0001	0.0001	2.60732e-05	1.6017e-05
