# a = 0.100000
# b = 1.000000
# E = 1300000.000000
# tol = 0.000100
# s12 = 0.554977
# s13 = 0.152971
# psi0 = 0.822075 + I0.000000	0.548446 + I0.000000	0.152971 + I0.000000
# dh = 0.000100
# out = data/E1.3e6.0_tol1e-4.log
# model = sun
# scan_steps = 100.000000
# H0 = 
#	 0.000000e+00 0.000000e+00 0.000000e+00
#	 0.000000e+00 1.022845e-01 0.000000e+00
#	 0.000000e+00 0.000000e+00 3.347662e+00
# W = 
#	 6.758072e-01 4.508635e-01 1.257533e-01
#	 4.508635e-01 3.007928e-01 8.389608e-02
#	 1.257533e-01 8.389608e-02 2.340000e-02
# H0W = 
#	 0.000000e+00 -4.611633e-02 -4.209794e-01
#	 4.611633e-02 0.000000e+00 -2.722744e-01
#	 4.209794e-01 2.722744e-01 0.000000e+00
# H0H0W = 
#	 0.000000e+00 4.716984e-03 1.409297e+00
#	 4.716984e-03 0.000000e+00 8.836331e-01
#	 1.409297e+00 8.836331e-01 0.000000e+00
# WH0W = 
#	 1.474634e-01 5.226363e-02 -3.935396e-01
#	 5.226363e-02 4.101163e-03 -2.711305e-01
#	 -3.935396e-01 -2.711305e-01 -1.515646e-01
#################################################
##            CALCULATION COMPLETED            ##
#################################################
# Psi[0]^2 = 0.655863 + I0.000000
# Psi[1]^2 = 0.298728 + I0.000000
# Psi[2]^2 = 0.045408 + I0.000000
# phi0 = 2.282496 
# phi1 = 2.296479 
# phi2 = 2.766983 
# Psi = 
#	6.132644e-01+i(-5.289330e-01)
#	4.088527e-01+i(-3.627229e-01)
#	7.797249e-02+i(-1.983144e-01)
#ProbSurv b 1-|Psi|^2 calls E tol dh dh(prev) dh(last)
0.534155034767	1	-1.5099e-13	9001	1.3e+06	0.0001	0.0001	0.0001	5e-05
