# a = 0.100000
# b = 1.000000
# E = 41.109610
# tol = 0.000100
# s12 = 0.554977
# s13 = 0.152971
# psi0 = 0.822075 + I0.000000	0.548446 + I0.000000	0.152971 + I0.000000
# dh = 0.000100
# out = data/E1.3e1.5_tol1e-4.log
# model = sun
# scan_steps = 100.000000
# H0 = 
#	 0.000000e+00 0.000000e+00 0.000000e+00
#	 0.000000e+00 3.234518e+03 0.000000e+00
#	 0.000000e+00 0.000000e+00 1.058624e+05
# W = 
#	 6.758072e-01 4.508635e-01 1.257533e-01
#	 4.508635e-01 3.007928e-01 8.389608e-02
#	 1.257533e-01 8.389608e-02 2.340000e-02
# H0W = 
#	 0.000000e+00 -1.458326e+03 -1.331254e+04
#	 1.458326e+03 0.000000e+00 -8.610073e+03
#	 1.331254e+04 8.610073e+03 0.000000e+00
# H0H0W = 
#	 0.000000e+00 4.716984e+06 1.409297e+09
#	 4.716984e+06 0.000000e+00 8.836331e+08
#	 1.409297e+09 8.836331e+08 0.000000e+00
# WH0W = 
#	 4.663203e+03 1.652721e+03 -1.244482e+04
#	 1.652721e+03 1.296902e+02 -8.573900e+03
#	 -1.244482e+04 -8.573900e+03 -4.792893e+03
#################################################
##            CALCULATION COMPLETED            ##
#################################################
# Psi[0]^2 = 0.004792 + I0.000000
# Psi[1]^2 = 0.957517 + I0.000000
# Psi[2]^2 = 0.037690 + I0.000000
# phi0 = 1.968419 
# phi1 = 2.907670 
# phi2 = 0.314891 
# Psi = 
#	6.382522e-02+i(-2.680619e-02)
#	2.268181e-01+i(-9.518776e-01)
#	6.012765e-02+i(1.845940e-01)
#ProbSurv b 1-|Psi|^2 calls E tol dh dh(prev) dh(last)
 0.29213494166	1	-1.69198e-13	9001	41.1096	0.0001	0.0001	0.0001	5e-05
