# a = 0.100000
# b = 1.000000
# E = 0.411096
# tol = 0.000100
# s12 = 0.554977
# s13 = 0.152971
# psi0 = 0.822075 + I0.000000	0.548446 + I0.000000	0.152971 + I0.000000
# dh = 0.000100
# out = data/E1.3e-0.5_tol1e-4.log
# model = sun
# scan_steps = 100.000000
# H0 = 
#	 0.000000e+00 0.000000e+00 0.000000e+00
#	 0.000000e+00 3.234518e+05 0.000000e+00
#	 0.000000e+00 0.000000e+00 1.058624e+07
# W = 
#	 6.758072e-01 4.508635e-01 1.257533e-01
#	 4.508635e-01 3.007928e-01 8.389608e-02
#	 1.257533e-01 8.389608e-02 2.340000e-02
# H0W = 
#	 0.000000e+00 -1.458326e+05 -1.331254e+06
#	 1.458326e+05 0.000000e+00 -8.610073e+05
#	 1.331254e+06 8.610073e+05 0.000000e+00
# H0H0W = 
#	 0.000000e+00 4.716984e+10 1.409297e+13
#	 4.716984e+10 0.000000e+00 8.836331e+12
#	 1.409297e+13 8.836331e+12 0.000000e+00
# WH0W = 
#	 4.663203e+05 1.652721e+05 -1.244482e+06
#	 1.652721e+05 1.296902e+04 -8.573900e+05
#	 -1.244482e+06 -8.573900e+05 -4.792893e+05
#################################################
##            CALCULATION COMPLETED            ##
#################################################
# Psi[0]^2 = 0.645718 + I0.000000
# Psi[1]^2 = 0.330781 + I0.000000
# Psi[2]^2 = 0.023501 + I0.000000
# phi0 = 1.666254 
# phi1 = 1.672326 
# phi2 = -0.694359 
# Psi = 
#	7.999077e-01+i(-7.658989e-02)
#	5.721740e-01+i(-5.829309e-02)
#	-9.809480e-02+i(1.178047e-01)
#ProbSurv b 1-|Psi|^2 calls E tol dh dh(prev) dh(last)
0.536427594411	1	1.2029e-11	1584199	0.411096	0.0001	0.0001	5.68111e-07	3.42033e-07
