# a = 0.100000
# b = 1.000000
# E = 1.300000
# tol = 0.000100
# s12 = 0.554977
# s13 = 0.152971
# psi0 = 0.822075 + I0.000000	0.548446 + I0.000000	0.152971 + I0.000000
# dh = 0.000100
# out = data/E1.3e0.0_tol1e-4.log
# model = sun
# scan_steps = 100.000000
# H0 = 
#	 0.000000e+00 0.000000e+00 0.000000e+00
#	 0.000000e+00 1.022845e+05 0.000000e+00
#	 0.000000e+00 0.000000e+00 3.347662e+06
# W = 
#	 6.758072e-01 4.508635e-01 1.257533e-01
#	 4.508635e-01 3.007928e-01 8.389608e-02
#	 1.257533e-01 8.389608e-02 2.340000e-02
# H0W = 
#	 0.000000e+00 -4.611633e+04 -4.209794e+05
#	 4.611633e+04 0.000000e+00 -2.722744e+05
#	 4.209794e+05 2.722744e+05 0.000000e+00
# H0H0W = 
#	 0.000000e+00 4.716984e+09 1.409297e+12
#	 4.716984e+09 0.000000e+00 8.836331e+11
#	 1.409297e+12 8.836331e+11 0.000000e+00
# WH0W = 
#	 1.474634e+05 5.226363e+04 -3.935396e+05
#	 5.226363e+04 4.101163e+03 -2.711305e+05
#	 -3.935396e+05 -2.711305e+05 -1.515646e+05
#################################################
##            CALCULATION COMPLETED            ##
#################################################
# Psi[0]^2 = 0.573782 + I0.000000
# Psi[1]^2 = 0.402498 + I0.000000
# Psi[2]^2 = 0.023720 + I0.000000
# phi0 = 2.825915 
# phi1 = 1.060003 
# phi2 = -2.555737 
# Psi = 
#	2.351690e-01+i(-7.200540e-01)
#	5.534469e-01+i(3.101519e-01)
#	-8.515588e-02+i(-1.283298e-01)
#ProbSurv b 1-|Psi|^2 calls E tol dh dh(prev) dh(last)
0.509389616496	1	-9.74398e-12	140943	1.3	0.0001	0.0001	6.38564e-06	3.89566e-06
