# a = 0.100000
# b = 1.000000
# E = 1400000.000000
# tol = 0.000100
# s12 = 0.554977
# s13 = 0.152971
# psi0 = 0.822075 + I0.000000	0.548446 + I0.000000	0.152971 + I0.000000
# dh = 0.000100
# out = data/E1.4e6.0_tol1e-4.log
# model = sun
# scan_steps = 100.000000
# H0 = 
#	 0.000000e+00 0.000000e+00 0.000000e+00
#	 0.000000e+00 9.497842e-02 0.000000e+00
#	 0.000000e+00 0.000000e+00 3.108543e+00
# W = 
#	 6.758072e-01 4.508635e-01 1.257533e-01
#	 4.508635e-01 3.007928e-01 8.389608e-02
#	 1.257533e-01 8.389608e-02 2.340000e-02
# H0W = 
#	 0.000000e+00 -4.282231e-02 -3.909095e-01
#	 4.282231e-02 0.000000e+00 -2.528262e-01
#	 3.909095e-01 2.528262e-01 0.000000e+00
# H0H0W = 
#	 0.000000e+00 4.067195e-03 1.215159e+00
#	 4.067195e-03 0.000000e+00 7.619081e-01
#	 1.215159e+00 7.619081e-01 0.000000e+00
# WH0W = 
#	 1.369303e-01 4.853052e-02 -3.654297e-01
#	 4.853052e-02 3.808223e-03 -2.517641e-01
#	 -3.654297e-01 -2.517641e-01 -1.407386e-01
#################################################
##            CALCULATION COMPLETED            ##
#################################################
# Psi[0]^2 = 0.657524 + I0.000000
# Psi[1]^2 = 0.298989 + I0.000000
# Psi[2]^2 = 0.043486 + I0.000000
# phi0 = 2.276459 
# phi1 = 2.289444 
# phi2 = 2.724651 
# Psi = 
#	6.172264e-01+i(-5.258857e-01)
#	4.115740e-01+i(-3.599948e-01)
#	8.444918e-02+i(-1.906694e-01)
#ProbSurv b 1-|Psi|^2 calls E tol dh dh(prev) dh(last)
0.535310983703	1	-8.74856e-14	9001	1.4e+06	0.0001	0.0001	0.0001	5e-05
