# a = 0.100000
# b = 1.000000
# E = 0.140000
# tol = 0.000100
# s12 = 0.554977
# s13 = 0.152971
# psi0 = 0.822075 + I0.000000	0.548446 + I0.000000	0.152971 + I0.000000
# dh = 0.000100
# out = data/E1.4e-1.0_tol1e-4.log
# model = sun
# scan_steps = 100.000000
# H0 = 
#	 0.000000e+00 0.000000e+00 0.000000e+00
#	 0.000000e+00 9.497842e+05 0.000000e+00
#	 0.000000e+00 0.000000e+00 3.108543e+07
# W = 
#	 6.758072e-01 4.508635e-01 1.257533e-01
#	 4.508635e-01 3.007928e-01 8.389608e-02
#	 1.257533e-01 8.389608e-02 2.340000e-02
# H0W = 
#	 0.000000e+00 -4.282231e+05 -3.909095e+06
#	 4.282231e+05 0.000000e+00 -2.528262e+06
#	 3.909095e+06 2.528262e+06 0.000000e+00
# H0H0W = 
#	 0.000000e+00 4.067195e+11 1.215159e+14
#	 4.067195e+11 0.000000e+00 7.619081e+13
#	 1.215159e+14 7.619081e+13 0.000000e+00
# WH0W = 
#	 1.369303e+06 4.853052e+05 -3.654297e+06
#	 4.853052e+05 3.808223e+04 -2.517641e+06
#	 -3.654297e+06 -2.517641e+06 -1.407386e+06
#################################################
##            CALCULATION COMPLETED            ##
#################################################
# Psi[0]^2 = 0.665812 + I0.000000
# Psi[1]^2 = 0.310754 + I0.000000
# Psi[2]^2 = 0.023434 + I0.000000
# phi0 = -0.241912 
# phi1 = 0.479730 
# phi2 = 0.180711 
# Psi = 
#	-1.954741e-01+i(7.922130e-01)
#	2.572869e-01+i(4.945278e-01)
#	2.751326e-02+i(1.505895e-01)
#ProbSurv b 1-|Psi|^2 calls E tol dh dh(prev) dh(last)
0.543981234116	1	9.64283e-10	6669020	0.14	0.0001	0.0001	1.34952e-07	1.05352e-07
