# a = 0.100000
# b = 1.000000
# E = 47434.164903
# tol = 0.000100
# s12 = 0.554977
# s13 = 0.152971
# psi0 = 0.822075 + I0.000000	0.548446 + I0.000000	0.152971 + I0.000000
# dh = 0.000100
# out = data/E1.5e4.5_tol1e-4.log
# model = sun
# scan_steps = 100.000000
# H0 = 
#	 0.000000e+00 0.000000e+00 0.000000e+00
#	 0.000000e+00 2.803249e+00 0.000000e+00
#	 0.000000e+00 0.000000e+00 9.174737e+01
# W = 
#	 6.758072e-01 4.508635e-01 1.257533e-01
#	 4.508635e-01 3.007928e-01 8.389608e-02
#	 1.257533e-01 8.389608e-02 2.340000e-02
# H0W = 
#	 0.000000e+00 -1.263883e+00 -1.153753e+01
#	 1.263883e+00 0.000000e+00 -7.462063e+00
#	 1.153753e+01 7.462063e+00 0.000000e+00
# H0H0W = 
#	 0.000000e+00 3.542979e+00 1.058538e+03
#	 3.542979e+00 0.000000e+00 6.637066e+02
#	 1.058538e+03 6.637066e+02 0.000000e+00
# WH0W = 
#	 4.041443e+00 1.432358e+00 -1.078551e+01
#	 1.432358e+00 1.123981e-01 -7.430713e+00
#	 -1.078551e+01 -7.430713e+00 -4.153841e+00
#################################################
##            CALCULATION COMPLETED            ##
#################################################
# Psi[0]^2 = 0.153604 + I0.000000
# Psi[1]^2 = 0.127655 + I0.000000
# Psi[2]^2 = 0.718740 + I0.000000
# phi0 = -2.291772 
# phi1 = -1.895033 
# phi2 = -0.374746 
# Psi = 
#	-2.943986e-01+i(-2.587160e-01)
#	-3.386721e-01+i(-1.138272e-01)
#	-3.103205e-01+i(7.889495e-01)
#ProbSurv b 1-|Psi|^2 calls E tol dh dh(prev) dh(last)
 0.15902335742	1	-1.32339e-13	9001	47434.2	0.0001	0.0001	0.0001	5e-05
