# a = 0.100000
# b = 1.000000
# E = 150000.000000
# tol = 0.000100
# s12 = 0.554977
# s13 = 0.152971
# psi0 = 0.822075 + I0.000000	0.548446 + I0.000000	0.152971 + I0.000000
# dh = 0.000100
# out = data/E1.5e5.0_tol1e-4.log
# model = sun
# scan_steps = 100.000000
# H0 = 
#	 0.000000e+00 0.000000e+00 0.000000e+00
#	 0.000000e+00 8.864652e-01 0.000000e+00
#	 0.000000e+00 0.000000e+00 2.901307e+01
# W = 
#	 6.758072e-01 4.508635e-01 1.257533e-01
#	 4.508635e-01 3.007928e-01 8.389608e-02
#	 1.257533e-01 8.389608e-02 2.340000e-02
# H0W = 
#	 0.000000e+00 -3.996749e-01 -3.648488e+00
#	 3.996749e-01 0.000000e+00 -2.359711e+00
#	 3.648488e+00 2.359711e+00 0.000000e+00
# H0H0W = 
#	 0.000000e+00 3.542979e-01 1.058538e+02
#	 3.542979e-01 0.000000e+00 6.637066e+01
#	 1.058538e+02 6.637066e+01 0.000000e+00
# WH0W = 
#	 1.278016e+00 4.529515e-01 -3.410677e+00
#	 4.529515e-01 3.554341e-02 -2.349798e+00
#	 -3.410677e+00 -2.349798e+00 -1.313560e+00
#################################################
##            CALCULATION COMPLETED            ##
#################################################
# Psi[0]^2 = 0.438392 + I0.000000
# Psi[1]^2 = 0.237703 + I0.000000
# Psi[2]^2 = 0.323905 + I0.000000
# phi0 = 2.833415 
# phi1 = 2.956953 
# phi2 = 2.508758 
# Psi = 
#	2.008337e-01+i(-6.309179e-01)
#	8.950982e-02+i(-4.792609e-01)
#	3.366003e-01+i(-4.589179e-01)
#ProbSurv b 1-|Psi|^2 calls E tol dh dh(prev) dh(last)
0.375346938033	1	-1.21014e-13	9001	150000	0.0001	0.0001	0.0001	5e-05
