# a = 0.100000
# b = 1.000000
# E = 474.341649
# tol = 0.000100
# s12 = 0.554977
# s13 = 0.152971
# psi0 = 0.822075 + I0.000000	0.548446 + I0.000000	0.152971 + I0.000000
# dh = 0.000100
# out = data/E1.5e2.5_tol1e-4.log
# model = sun
# scan_steps = 100.000000
# H0 = 
#	 0.000000e+00 0.000000e+00 0.000000e+00
#	 0.000000e+00 2.803249e+02 0.000000e+00
#	 0.000000e+00 0.000000e+00 9.174737e+03
# W = 
#	 6.758072e-01 4.508635e-01 1.257533e-01
#	 4.508635e-01 3.007928e-01 8.389608e-02
#	 1.257533e-01 8.389608e-02 2.340000e-02
# H0W = 
#	 0.000000e+00 -1.263883e+02 -1.153753e+03
#	 1.263883e+02 0.000000e+00 -7.462063e+02
#	 1.153753e+03 7.462063e+02 0.000000e+00
# H0H0W = 
#	 0.000000e+00 3.542979e+04 1.058538e+07
#	 3.542979e+04 0.000000e+00 6.637066e+06
#	 1.058538e+07 6.637066e+06 0.000000e+00
# WH0W = 
#	 4.041443e+02 1.432358e+02 -1.078551e+03
#	 1.432358e+02 1.123981e+01 -7.430713e+02
#	 -1.078551e+03 -7.430713e+02 -4.153841e+02
#################################################
##            CALCULATION COMPLETED            ##
#################################################
# Psi[0]^2 = 0.000030 + I0.000000
# Psi[1]^2 = 0.008947 + I0.000000
# Psi[2]^2 = 0.991023 + I0.000000
# phi0 = 2.950082 
# phi1 = 0.200221 
# phi2 = -1.981064 
# Psi = 
#	1.043234e-03+i(-5.380647e-03)
#	1.881203e-02+i(9.269767e-02)
#	-9.128890e-01+i(-3.970603e-01)
#ProbSurv b 1-|Psi|^2 calls E tol dh dh(prev) dh(last)
0.025901362214	1	-2.85549e-13	9001	474.342	0.0001	0.0001	0.0001	5e-05
