# a = 0.100000
# b = 1.000000
# E = 5059.644256
# tol = 0.000100
# s12 = 0.554977
# s13 = 0.152971
# psi0 = 0.822075 + I0.000000	0.548446 + I0.000000	0.152971 + I0.000000
# dh = 0.000100
# out = data/E1.6e3.5_tol1e-4.log
# model = sun
# scan_steps = 100.000000
# H0 = 
#	 0.000000e+00 0.000000e+00 0.000000e+00
#	 0.000000e+00 2.628046e+01 0.000000e+00
#	 0.000000e+00 0.000000e+00 8.601316e+02
# W = 
#	 6.758072e-01 4.508635e-01 1.257533e-01
#	 4.508635e-01 3.007928e-01 8.389608e-02
#	 1.257533e-01 8.389608e-02 2.340000e-02
# H0W = 
#	 0.000000e+00 -1.184890e+01 -1.081644e+02
#	 1.184890e+01 0.000000e+00 -6.995684e+01
#	 1.081644e+02 6.995684e+01 0.000000e+00
# H0H0W = 
#	 0.000000e+00 3.113946e+02 9.303560e+04
#	 3.113946e+02 0.000000e+00 5.833359e+04
#	 9.303560e+04 5.833359e+04 0.000000e+00
# WH0W = 
#	 3.788853e+01 1.342836e+01 -1.011141e+02
#	 1.342836e+01 1.053733e+00 -6.966294e+01
#	 -1.011141e+02 -6.966294e+01 -3.894226e+01
#################################################
##            CALCULATION COMPLETED            ##
#################################################
# Psi[0]^2 = 0.000001 + I0.000000
# Psi[1]^2 = 0.000037 + I0.000000
# Psi[2]^2 = 0.999963 + I0.000000
# phi0 = 0.114391 
# phi1 = -0.384515 
# phi2 = -1.621851 
# Psi = 
#	9.188897e-05+i(7.997835e-04)
#	-2.268148e-03+i(5.605106e-03)
#	-9.986784e-01+i(-5.103175e-02)
#ProbSurv b 1-|Psi|^2 calls E tol dh dh(prev) dh(last)
0.0234105647764	1	-6.39488e-14	9001	5059.64	0.0001	0.0001	0.0001	5e-05
