# a = 0.100000
# b = 1.000000
# E = 5.059644
# tol = 0.000100
# s12 = 0.554977
# s13 = 0.152971
# psi0 = 0.822075 + I0.000000	0.548446 + I0.000000	0.152971 + I0.000000
# dh = 0.000100
# out = data/E1.6e0.5_tol1e-4.log
# model = sun
# scan_steps = 100.000000
# H0 = 
#	 0.000000e+00 0.000000e+00 0.000000e+00
#	 0.000000e+00 2.628046e+04 0.000000e+00
#	 0.000000e+00 0.000000e+00 8.601316e+05
# W = 
#	 6.758072e-01 4.508635e-01 1.257533e-01
#	 4.508635e-01 3.007928e-01 8.389608e-02
#	 1.257533e-01 8.389608e-02 2.340000e-02
# H0W = 
#	 0.000000e+00 -1.184890e+04 -1.081644e+05
#	 1.184890e+04 0.000000e+00 -6.995684e+04
#	 1.081644e+05 6.995684e+04 0.000000e+00
# H0H0W = 
#	 0.000000e+00 3.113946e+08 9.303560e+10
#	 3.113946e+08 0.000000e+00 5.833359e+10
#	 9.303560e+10 5.833359e+10 0.000000e+00
# WH0W = 
#	 3.788853e+04 1.342836e+04 -1.011141e+05
#	 1.342836e+04 1.053733e+03 -6.966294e+04
#	 -1.011141e+05 -6.966294e+04 -3.894226e+04
#################################################
##            CALCULATION COMPLETED            ##
#################################################
# Psi[0]^2 = 0.266578 + I0.000000
# Psi[1]^2 = 0.708740 + I0.000000
# Psi[2]^2 = 0.024683 + I0.000000
# phi0 = 2.192072 
# phi1 = 2.631629 
# phi2 = 1.632814 
# Psi = 
#	4.198318e-01+i(-3.005312e-01)
#	4.109533e-01+i(-7.347496e-01)
#	1.568048e-01+i(-9.737197e-03)
#ProbSurv b 1-|Psi|^2 calls E tol dh dh(prev) dh(last)
0.393916534707	1	-4.34741e-12	34022	5.05964	0.0001	0.0001	2.64543e-05	2.61322e-05
