# a = 0.100000
# b = 1.000000
# E = 170.000000
# tol = 0.000100
# s12 = 0.554977
# s13 = 0.152971
# psi0 = 0.822075 + I0.000000	0.548446 + I0.000000	0.152971 + I0.000000
# dh = 0.000100
# out = data/E1.7e2.0_tol1e-4.log
# model = sun
# scan_steps = 100.000000
# H0 = 
#	 0.000000e+00 0.000000e+00 0.000000e+00
#	 0.000000e+00 7.821752e+02 0.000000e+00
#	 0.000000e+00 0.000000e+00 2.559976e+04
# W = 
#	 6.758072e-01 4.508635e-01 1.257533e-01
#	 4.508635e-01 3.007928e-01 8.389608e-02
#	 1.257533e-01 8.389608e-02 2.340000e-02
# H0W = 
#	 0.000000e+00 -3.526543e+02 -3.219254e+03
#	 3.526543e+02 0.000000e+00 -2.082098e+03
#	 3.219254e+03 2.082098e+03 0.000000e+00
# H0H0W = 
#	 0.000000e+00 2.758374e+05 8.241216e+07
#	 2.758374e+05 0.000000e+00 5.167266e+07
#	 8.241216e+07 5.167266e+07 0.000000e+00
# WH0W = 
#	 1.127662e+03 3.996631e+02 -3.009421e+03
#	 3.996631e+02 3.136183e+01 -2.073351e+03
#	 -3.009421e+03 -2.073351e+03 -1.159023e+03
#################################################
##            CALCULATION COMPLETED            ##
#################################################
# Psi[0]^2 = 0.000285 + I0.000000
# Psi[1]^2 = 0.575767 + I0.000000
# Psi[2]^2 = 0.423948 + I0.000000
# phi0 = -2.276455 
# phi1 = -2.266962 
# phi2 = -3.090238 
# Psi = 
#	-1.284598e-02+i(-1.094489e-02)
#	-5.822274e-01+i(-4.865991e-01)
#	-3.342306e-02+i(-6.502543e-01)
#ProbSurv b 1-|Psi|^2 calls E tol dh dh(prev) dh(last)
0.183299564249	1	1.03761e-12	9001	170	0.0001	0.0001	0.0001	5e-05
