# a = 0.100000
# b = 1.000000
# E = 5375.872022
# tol = 0.000100
# s12 = 0.554977
# s13 = 0.152971
# psi0 = 0.822075 + I0.000000	0.548446 + I0.000000	0.152971 + I0.000000
# dh = 0.000100
# out = data/E1.7e3.5_tol1e-4.log
# model = sun
# scan_steps = 100.000000
# H0 = 
#	 0.000000e+00 0.000000e+00 0.000000e+00
#	 0.000000e+00 2.473455e+01 0.000000e+00
#	 0.000000e+00 0.000000e+00 8.095356e+02
# W = 
#	 6.758072e-01 4.508635e-01 1.257533e-01
#	 4.508635e-01 3.007928e-01 8.389608e-02
#	 1.257533e-01 8.389608e-02 2.340000e-02
# H0W = 
#	 0.000000e+00 -1.115191e+01 -1.018018e+02
#	 1.115191e+01 0.000000e+00 -6.584173e+01
#	 1.018018e+02 6.584173e+01 0.000000e+00
# H0H0W = 
#	 0.000000e+00 2.758374e+02 8.241216e+04
#	 2.758374e+02 0.000000e+00 5.167266e+04
#	 8.241216e+04 5.167266e+04 0.000000e+00
# WH0W = 
#	 3.565979e+01 1.263846e+01 -9.516624e+01
#	 1.263846e+01 9.917483e-01 -6.556512e+01
#	 -9.516624e+01 -6.556512e+01 -3.665154e+01
#################################################
##            CALCULATION COMPLETED            ##
#################################################
# Psi[0]^2 = 0.000000 + I0.000000
# Psi[1]^2 = 0.000014 + I0.000000
# Psi[2]^2 = 0.999986 + I0.000000
# phi0 = 0.916700 
# phi1 = 1.495401 
# phi2 = -0.708538 
# Psi = 
#	5.263521e-04+i(4.035482e-04)
#	3.684976e-03+i(2.783592e-04)
#	-6.507198e-01+i(7.593087e-01)
#ProbSurv b 1-|Psi|^2 calls E tol dh dh(prev) dh(last)
0.0234040752161	1	-4.66294e-14	9001	5375.87	0.0001	0.0001	0.0001	5e-05
