# a = 0.100000
# b = 1.000000
# E = 170000.000000
# tol = 0.000100
# s12 = 0.554977
# s13 = 0.152971
# psi0 = 0.822075 + I0.000000	0.548446 + I0.000000	0.152971 + I0.000000
# dh = 0.000100
# out = data/E1.7e5.0_tol1e-4.log
# model = sun
# scan_steps = 100.000000
# H0 = 
#	 0.000000e+00 0.000000e+00 0.000000e+00
#	 0.000000e+00 7.821752e-01 0.000000e+00
#	 0.000000e+00 0.000000e+00 2.559976e+01
# W = 
#	 6.758072e-01 4.508635e-01 1.257533e-01
#	 4.508635e-01 3.007928e-01 8.389608e-02
#	 1.257533e-01 8.389608e-02 2.340000e-02
# H0W = 
#	 0.000000e+00 -3.526543e-01 -3.219254e+00
#	 3.526543e-01 0.000000e+00 -2.082098e+00
#	 3.219254e+00 2.082098e+00 0.000000e+00
# H0H0W = 
#	 0.000000e+00 2.758374e-01 8.241216e+01
#	 2.758374e-01 0.000000e+00 5.167266e+01
#	 8.241216e+01 5.167266e+01 0.000000e+00
# WH0W = 
#	 1.127662e+00 3.996631e-01 -3.009421e+00
#	 3.996631e-01 3.136183e-02 -2.073351e+00
#	 -3.009421e+00 -2.073351e+00 -1.159023e+00
#################################################
##            CALCULATION COMPLETED            ##
#################################################
# Psi[0]^2 = 0.458090 + I0.000000
# Psi[1]^2 = 0.242779 + I0.000000
# Psi[2]^2 = 0.299131 + I0.000000
# phi0 = 2.762947 
# phi1 = 2.872613 
# phi2 = 1.528150 
# Psi = 
#	2.501965e-01+i(-6.288814e-01)
#	1.309410e-01+i(-4.750091e-01)
#	5.464312e-01+i(2.331727e-02)
#ProbSurv b 1-|Psi|^2 calls E tol dh dh(prev) dh(last)
0.389606495567	1	-1.11244e-13	9001	170000	0.0001	0.0001	0.0001	5e-05
