# a = 0.100000
# b = 1.000000
# E = 1800.000000
# tol = 0.000100
# s12 = 0.554977
# s13 = 0.152971
# psi0 = 0.822075 + I0.000000	0.548446 + I0.000000	0.152971 + I0.000000
# dh = 0.000100
# out = data/E1.8e3.0_tol1e-4.log
# model = sun
# scan_steps = 100.000000
# H0 = 
#	 0.000000e+00 0.000000e+00 0.000000e+00
#	 0.000000e+00 7.387210e+01 0.000000e+00
#	 0.000000e+00 0.000000e+00 2.417756e+03
# W = 
#	 6.758072e-01 4.508635e-01 1.257533e-01
#	 4.508635e-01 3.007928e-01 8.389608e-02
#	 1.257533e-01 8.389608e-02 2.340000e-02
# H0W = 
#	 0.000000e+00 -3.330624e+01 -3.040407e+02
#	 3.330624e+01 0.000000e+00 -1.966426e+02
#	 3.040407e+02 1.966426e+02 0.000000e+00
# H0H0W = 
#	 0.000000e+00 2.460402e+03 7.350961e+05
#	 2.460402e+03 0.000000e+00 4.609074e+05
#	 7.350961e+05 4.609074e+05 0.000000e+00
# WH0W = 
#	 1.065014e+02 3.774596e+01 -2.842231e+02
#	 3.774596e+01 2.961951e+00 -1.958165e+02
#	 -2.842231e+02 -1.958165e+02 -1.094633e+02
#################################################
##            CALCULATION COMPLETED            ##
#################################################
# Psi[0]^2 = 0.000002 + I0.000000
# Psi[1]^2 = 0.000303 + I0.000000
# Psi[2]^2 = 0.999695 + I0.000000
# phi0 = 0.108871 
# phi1 = 0.929700 
# phi2 = -2.550440 
# Psi = 
#	1.689331e-04+i(1.545548e-03)
#	1.394747e-02+i(1.040830e-02)
#	-5.572335e-01+i(-8.301720e-01)
#ProbSurv b 1-|Psi|^2 calls E tol dh dh(prev) dh(last)
0.0234855895095	1	-6.15064e-14	9001	1800	0.0001	0.0001	0.0001	5e-05
