# a = 0.100000
# b = 1.000000
# E = 0.569210
# tol = 0.000100
# s12 = 0.554977
# s13 = 0.152971
# psi0 = 0.822075 + I0.000000	0.548446 + I0.000000	0.152971 + I0.000000
# dh = 0.000100
# out = data/E1.8e-0.5_tol1e-4.log
# model = sun
# scan_steps = 100.000000
# H0 = 
#	 0.000000e+00 0.000000e+00 0.000000e+00
#	 0.000000e+00 2.336041e+05 0.000000e+00
#	 0.000000e+00 0.000000e+00 7.645614e+06
# W = 
#	 6.758072e-01 4.508635e-01 1.257533e-01
#	 4.508635e-01 3.007928e-01 8.389608e-02
#	 1.257533e-01 8.389608e-02 2.340000e-02
# H0W = 
#	 0.000000e+00 -1.053236e+05 -9.614611e+05
#	 1.053236e+05 0.000000e+00 -6.218386e+05
#	 9.614611e+05 6.218386e+05 0.000000e+00
# H0H0W = 
#	 0.000000e+00 2.460402e+10 7.350961e+12
#	 2.460402e+10 0.000000e+00 4.609074e+12
#	 7.350961e+12 4.609074e+12 0.000000e+00
# WH0W = 
#	 3.367869e+05 1.193632e+05 -8.987923e+05
#	 1.193632e+05 9.366511e+03 -6.192261e+05
#	 -8.987923e+05 -6.192261e+05 -3.461534e+05
#################################################
##            CALCULATION COMPLETED            ##
#################################################
# Psi[0]^2 = 0.633564 + I0.000000
# Psi[1]^2 = 0.342897 + I0.000000
# Psi[2]^2 = 0.023539 + I0.000000
# phi0 = 1.624785 
# phi1 = -2.953882 
# phi2 = -0.164793 
# Psi = 
#	7.948074e-01+i(-4.295235e-02)
#	-1.092738e-01+i(-5.752879e-01)
#	-2.516919e-02+i(1.513469e-01)
#ProbSurv b 1-|Psi|^2 calls E tol dh dh(prev) dh(last)
0.531858664234	1	4.48055e-11	604184	0.56921	0.0001	0.0001	1.48962e-06	1.21885e-06
