# a = 0.100000
# b = 1.000000
# E = 5692.099788
# tol = 0.000100
# s12 = 0.554977
# s13 = 0.152971
# psi0 = 0.822075 + I0.000000	0.548446 + I0.000000	0.152971 + I0.000000
# dh = 0.000100
# out = data/E1.8e3.5_tol1e-4.log
# model = sun
# scan_steps = 100.000000
# H0 = 
#	 0.000000e+00 0.000000e+00 0.000000e+00
#	 0.000000e+00 2.336041e+01 0.000000e+00
#	 0.000000e+00 0.000000e+00 7.645614e+02
# W = 
#	 6.758072e-01 4.508635e-01 1.257533e-01
#	 4.508635e-01 3.007928e-01 8.389608e-02
#	 1.257533e-01 8.389608e-02 2.340000e-02
# H0W = 
#	 0.000000e+00 -1.053236e+01 -9.614611e+01
#	 1.053236e+01 0.000000e+00 -6.218386e+01
#	 9.614611e+01 6.218386e+01 0.000000e+00
# H0H0W = 
#	 0.000000e+00 2.460402e+02 7.350961e+04
#	 2.460402e+02 0.000000e+00 4.609074e+04
#	 7.350961e+04 4.609074e+04 0.000000e+00
# WH0W = 
#	 3.367869e+01 1.193632e+01 -8.987923e+01
#	 1.193632e+01 9.366511e-01 -6.192261e+01
#	 -8.987923e+01 -6.192261e+01 -3.461534e+01
#################################################
##            CALCULATION COMPLETED            ##
#################################################
# Psi[0]^2 = 0.000001 + I0.000000
# Psi[1]^2 = 0.000050 + I0.000000
# Psi[2]^2 = 0.999949 + I0.000000
# phi0 = 0.424151 
# phi1 = -0.217084 
# phi2 = -2.446073 
# Psi = 
#	4.153555e-04+i(9.198225e-04)
#	-1.526165e-03+i(6.919513e-03)
#	-6.407680e-01+i(-7.677012e-01)
#ProbSurv b 1-|Psi|^2 calls E tol dh dh(prev) dh(last)
0.0234145921084	1	-6.57252e-14	9001	5692.1	0.0001	0.0001	0.0001	5e-05
