# a = 0.100000
# b = 1.000000
# E = 0.180000
# tol = 0.000100
# s12 = 0.554977
# s13 = 0.152971
# psi0 = 0.822075 + I0.000000	0.548446 + I0.000000	0.152971 + I0.000000
# dh = 0.000100
# out = data/E1.8e-1.0_tol1e-4.log
# model = sun
# scan_steps = 100.000000
# H0 = 
#	 0.000000e+00 0.000000e+00 0.000000e+00
#	 0.000000e+00 7.387210e+05 0.000000e+00
#	 0.000000e+00 0.000000e+00 2.417756e+07
# W = 
#	 6.758072e-01 4.508635e-01 1.257533e-01
#	 4.508635e-01 3.007928e-01 8.389608e-02
#	 1.257533e-01 8.389608e-02 2.340000e-02
# H0W = 
#	 0.000000e+00 -3.330624e+05 -3.040407e+06
#	 3.330624e+05 0.000000e+00 -1.966426e+06
#	 3.040407e+06 1.966426e+06 0.000000e+00
# H0H0W = 
#	 0.000000e+00 2.460402e+11 7.350961e+13
#	 2.460402e+11 0.000000e+00 4.609074e+13
#	 7.350961e+13 4.609074e+13 0.000000e+00
# WH0W = 
#	 1.065014e+06 3.774596e+05 -2.842231e+06
#	 3.774596e+05 2.961951e+04 -1.958165e+06
#	 -2.842231e+06 -1.958165e+06 -1.094633e+06
#################################################
##            CALCULATION COMPLETED            ##
#################################################
# Psi[0]^2 = 0.662907 + I0.000000
# Psi[1]^2 = 0.313649 + I0.000000
# Psi[2]^2 = 0.023444 + I0.000000
# phi0 = -1.799561 
# phi1 = -1.546588 
# phi2 = 0.671569 
# Psi = 
#	-7.929794e-01+i(-1.846379e-01)
#	-5.598793e-01+i(1.355614e-02)
#	9.526992e-02+i(1.198649e-01)
#ProbSurv b 1-|Psi|^2 calls E tol dh dh(prev) dh(last)
0.542889467723	1	-4.32916e-11	3156182	0.18	0.0001	0.0001	2.85155e-07	2.00536e-07
