# a = 0.100000
# b = 1.000000
# E = 180000.000000
# tol = 0.000100
# s12 = 0.554977
# s13 = 0.152971
# psi0 = 0.822075 + I0.000000	0.548446 + I0.000000	0.152971 + I0.000000
# dh = 0.000100
# out = data/E1.8e5.0_tol1e-4.log
# model = sun
# scan_steps = 100.000000
# H0 = 
#	 0.000000e+00 0.000000e+00 0.000000e+00
#	 0.000000e+00 7.387210e-01 0.000000e+00
#	 0.000000e+00 0.000000e+00 2.417756e+01
# W = 
#	 6.758072e-01 4.508635e-01 1.257533e-01
#	 4.508635e-01 3.007928e-01 8.389608e-02
#	 1.257533e-01 8.389608e-02 2.340000e-02
# H0W = 
#	 0.000000e+00 -3.330624e-01 -3.040407e+00
#	 3.330624e-01 0.000000e+00 -1.966426e+00
#	 3.040407e+00 1.966426e+00 0.000000e+00
# H0H0W = 
#	 0.000000e+00 2.460402e-01 7.350961e+01
#	 2.460402e-01 0.000000e+00 4.609074e+01
#	 7.350961e+01 4.609074e+01 0.000000e+00
# WH0W = 
#	 1.065014e+00 3.774596e-01 -2.842231e+00
#	 3.774596e-01 2.961951e-02 -1.958165e+00
#	 -2.842231e+00 -1.958165e+00 -1.094633e+00
#################################################
##            CALCULATION COMPLETED            ##
#################################################
# Psi[0]^2 = 0.466373 + I0.000000
# Psi[1]^2 = 0.244912 + I0.000000
# Psi[2]^2 = 0.288715 + I0.000000
# phi0 = 2.735032 
# phi1 = 2.838798 
# phi2 = 1.134742 
# Psi = 
#	2.700604e-01+i(-6.272482e-01)
#	1.475694e-01+i(-4.723725e-01)
#	4.870419e-01+i(2.269468e-01)
#ProbSurv b 1-|Psi|^2 calls E tol dh dh(prev) dh(last)
0.395601967447	1	-1.1724e-13	9001	180000	0.0001	0.0001	0.0001	5e-05
