# a = 0.100000
# b = 1.000000
# E = 569209.978830
# tol = 0.000100
# s12 = 0.554977
# s13 = 0.152971
# psi0 = 0.822075 + I0.000000	0.548446 + I0.000000	0.152971 + I0.000000
# dh = 0.000100
# out = data/E1.8e5.5_tol1e-4.log
# model = sun
# scan_steps = 100.000000
# H0 = 
#	 0.000000e+00 0.000000e+00 0.000000e+00
#	 0.000000e+00 2.336041e-01 0.000000e+00
#	 0.000000e+00 0.000000e+00 7.645614e+00
# W = 
#	 6.758072e-01 4.508635e-01 1.257533e-01
#	 4.508635e-01 3.007928e-01 8.389608e-02
#	 1.257533e-01 8.389608e-02 2.340000e-02
# H0W = 
#	 0.000000e+00 -1.053236e-01 -9.614611e-01
#	 1.053236e-01 0.000000e+00 -6.218386e-01
#	 9.614611e-01 6.218386e-01 0.000000e+00
# H0H0W = 
#	 0.000000e+00 2.460402e-02 7.350961e+00
#	 2.460402e-02 0.000000e+00 4.609074e+00
#	 7.350961e+00 4.609074e+00 0.000000e+00
# WH0W = 
#	 3.367869e-01 1.193632e-01 -8.987923e-01
#	 1.193632e-01 9.366511e-03 -6.192261e-01
#	 -8.987923e-01 -6.192261e-01 -3.461534e-01
#################################################
##            CALCULATION COMPLETED            ##
#################################################
# Psi[0]^2 = 0.619815 + I0.000000
# Psi[1]^2 = 0.290918 + I0.000000
# Psi[2]^2 = 0.089266 + I0.000000
# phi0 = 2.390167 
# phi1 = 2.422152 
# phi2 = -2.713122 
# Psi = 
#	5.374634e-01+i(-5.752812e-01)
#	3.554243e-01+i(-4.056990e-01)
#	-1.241350e-01+i(-2.717663e-01)
#ProbSurv b 1-|Psi|^2 calls E tol dh dh(prev) dh(last)
0.508470640545	1	-1.15019e-13	9001	569210	0.0001	0.0001	0.0001	5e-05
