# a = 0.100000
# b = 1.000000
# E = 1.800000
# tol = 0.000100
# s12 = 0.554977
# s13 = 0.152971
# psi0 = 0.822075 + I0.000000	0.548446 + I0.000000	0.152971 + I0.000000
# dh = 0.000100
# out = data/E1.8e0.0_tol1e-4.log
# model = sun
# scan_steps = 100.000000
# H0 = 
#	 0.000000e+00 0.000000e+00 0.000000e+00
#	 0.000000e+00 7.387210e+04 0.000000e+00
#	 0.000000e+00 0.000000e+00 2.417756e+06
# W = 
#	 6.758072e-01 4.508635e-01 1.257533e-01
#	 4.508635e-01 3.007928e-01 8.389608e-02
#	 1.257533e-01 8.389608e-02 2.340000e-02
# H0W = 
#	 0.000000e+00 -3.330624e+04 -3.040407e+05
#	 3.330624e+04 0.000000e+00 -1.966426e+05
#	 3.040407e+05 1.966426e+05 0.000000e+00
# H0H0W = 
#	 0.000000e+00 2.460402e+09 7.350961e+11
#	 2.460402e+09 0.000000e+00 4.609074e+11
#	 7.350961e+11 4.609074e+11 0.000000e+00
# WH0W = 
#	 1.065014e+05 3.774596e+04 -2.842231e+05
#	 3.774596e+04 2.961951e+03 -1.958165e+05
#	 -2.842231e+05 -1.958165e+05 -1.094633e+05
#################################################
##            CALCULATION COMPLETED            ##
#################################################
# Psi[0]^2 = 0.530297 + I0.000000
# Psi[1]^2 = 0.445858 + I0.000000
# Psi[2]^2 = 0.023845 + I0.000000
# phi0 = 0.155969 
# phi1 = -1.168842 
# phi2 = 2.409717 
# Psi = 
#	1.131188e-01+i(7.193756e-01)
#	-6.145070e-01+i(2.612261e-01)
#	1.031923e-01+i(-1.148749e-01)
#ProbSurv b 1-|Psi|^2 calls E tol dh dh(prev) dh(last)
0.493047458985	1	2.83574e-11	214814	1.8	0.0001	0.0001	4.1897e-06	2.75984e-06
