# a = 0.100000
# b = 1.000000
# E = 5.692100
# tol = 0.000100
# s12 = 0.554977
# s13 = 0.152971
# psi0 = 0.822075 + I0.000000	0.548446 + I0.000000	0.152971 + I0.000000
# dh = 0.000100
# out = data/E1.8e0.5_tol1e-4.log
# model = sun
# scan_steps = 100.000000
# H0 = 
#	 0.000000e+00 0.000000e+00 0.000000e+00
#	 0.000000e+00 2.336041e+04 0.000000e+00
#	 0.000000e+00 0.000000e+00 7.645614e+05
# W = 
#	 6.758072e-01 4.508635e-01 1.257533e-01
#	 4.508635e-01 3.007928e-01 8.389608e-02
#	 1.257533e-01 8.389608e-02 2.340000e-02
# H0W = 
#	 0.000000e+00 -1.053236e+04 -9.614611e+04
#	 1.053236e+04 0.000000e+00 -6.218386e+04
#	 9.614611e+04 6.218386e+04 0.000000e+00
# H0H0W = 
#	 0.000000e+00 2.460402e+08 7.350961e+10
#	 2.460402e+08 0.000000e+00 4.609074e+10
#	 7.350961e+10 4.609074e+10 0.000000e+00
# WH0W = 
#	 3.367869e+04 1.193632e+04 -8.987923e+04
#	 1.193632e+04 9.366511e+02 -6.192261e+04
#	 -8.987923e+04 -6.192261e+04 -3.461534e+04
#################################################
##            CALCULATION COMPLETED            ##
#################################################
# Psi[0]^2 = 0.229431 + I0.000000
# Psi[1]^2 = 0.745719 + I0.000000
# Psi[2]^2 = 0.024850 + I0.000000
# phi0 = -1.393230 
# phi1 = -1.828179 
# phi2 = -0.918071 
# Psi = 
#	-4.714585e-01+i(8.460601e-02)
#	-8.351043e-01+i(-2.198167e-01)
#	-1.252334e-01+i(9.574265e-02)
#ProbSurv b 1-|Psi|^2 calls E tol dh dh(prev) dh(last)
0.379939622789	1	-1.22968e-11	32584	5.6921	0.0001	0.0001	2.76221e-05	2.17388e-05
