# a = 0.100000
# b = 1.000000
# E = 6.008328
# tol = 0.000100
# s12 = 0.554977
# s13 = 0.152971
# psi0 = 0.822075 + I0.000000	0.548446 + I0.000000	0.152971 + I0.000000
# dh = 0.000100
# out = data/E1.9e0.5_tol1e-4.log
# model = sun
# scan_steps = 100.000000
# H0 = 
#	 0.000000e+00 0.000000e+00 0.000000e+00
#	 0.000000e+00 2.213091e+04 0.000000e+00
#	 0.000000e+00 0.000000e+00 7.243214e+05
# W = 
#	 6.758072e-01 4.508635e-01 1.257533e-01
#	 4.508635e-01 3.007928e-01 8.389608e-02
#	 1.257533e-01 8.389608e-02 2.340000e-02
# H0W = 
#	 0.000000e+00 -9.978023e+03 -9.108579e+04
#	 9.978023e+03 0.000000e+00 -5.891102e+04
#	 9.108579e+04 5.891102e+04 0.000000e+00
# H0H0W = 
#	 0.000000e+00 2.208228e+08 6.597538e+10
#	 2.208228e+08 0.000000e+00 4.136676e+10
#	 6.597538e+10 4.136676e+10 0.000000e+00
# WH0W = 
#	 3.190613e+04 1.130809e+04 -8.514874e+04
#	 1.130809e+04 8.873537e+02 -5.866353e+04
#	 -8.514874e+04 -5.866353e+04 -3.279348e+04
#################################################
##            CALCULATION COMPLETED            ##
#################################################
# Psi[0]^2 = 0.212851 + I0.000000
# Psi[1]^2 = 0.762215 + I0.000000
# Psi[2]^2 = 0.024935 + I0.000000
# phi0 = -2.982011 
# phi1 = -0.988152 
# phi2 = -0.662320 
# Psi = 
#	-7.331207e-02+i(-4.554953e-01)
#	-7.290054e-01+i(4.803811e-01)
#	-9.710437e-02+i(1.245201e-01)
#ProbSurv b 1-|Psi|^2 calls E tol dh dh(prev) dh(last)
0.373698194182	1	-1.07743e-11	31619	6.00833	0.0001	0.0001	2.84649e-05	2.75293e-05
