# a = 0.100000
# b = 1.000000
# E = 0.600833
# tol = 0.000100
# s12 = 0.554977
# s13 = 0.152971
# psi0 = 0.822075 + I0.000000	0.548446 + I0.000000	0.152971 + I0.000000
# dh = 0.000100
# out = data/E1.9e-0.5_tol1e-4.log
# model = sun
# scan_steps = 100.000000
# H0 = 
#	 0.000000e+00 0.000000e+00 0.000000e+00
#	 0.000000e+00 2.213091e+05 0.000000e+00
#	 0.000000e+00 0.000000e+00 7.243214e+06
# W = 
#	 6.758072e-01 4.508635e-01 1.257533e-01
#	 4.508635e-01 3.007928e-01 8.389608e-02
#	 1.257533e-01 8.389608e-02 2.340000e-02
# H0W = 
#	 0.000000e+00 -9.978023e+04 -9.108579e+05
#	 9.978023e+04 0.000000e+00 -5.891102e+05
#	 9.108579e+05 5.891102e+05 0.000000e+00
# H0H0W = 
#	 0.000000e+00 2.208228e+10 6.597538e+12
#	 2.208228e+10 0.000000e+00 4.136676e+12
#	 6.597538e+12 4.136676e+12 0.000000e+00
# WH0W = 
#	 3.190613e+05 1.130809e+05 -8.514874e+05
#	 1.130809e+05 8.873537e+03 -5.866353e+05
#	 -8.514874e+05 -5.866353e+05 -3.279348e+05
#################################################
##            CALCULATION COMPLETED            ##
#################################################
# Psi[0]^2 = 0.631094 + I0.000000
# Psi[1]^2 = 0.345359 + I0.000000
# Psi[2]^2 = 0.023547 + I0.000000
# phi0 = 0.350439 
# phi1 = -2.451895 
# phi2 = 1.959265 
# Psi = 
#	2.727307e-01+i(7.461313e-01)
#	-3.739382e-01+i(-4.533532e-01)
#	1.420172e-01+i(-5.812280e-02)
#ProbSurv b 1-|Psi|^2 calls E tol dh dh(prev) dh(last)
0.530930323389	1	3.4641e-11	563964	0.600833	0.0001	0.0001	1.59585e-06	1.13227e-06
