# a = 0.100000
# b = 1.000000
# E = 19.000000
# tol = 0.000100
# s12 = 0.554977
# s13 = 0.152971
# psi0 = 0.822075 + I0.000000	0.548446 + I0.000000	0.152971 + I0.000000
# dh = 0.000100
# out = data/E1.9e1.0_tol1e-4.log
# model = sun
# scan_steps = 100.000000
# H0 = 
#	 0.000000e+00 0.000000e+00 0.000000e+00
#	 0.000000e+00 6.998410e+03 0.000000e+00
#	 0.000000e+00 0.000000e+00 2.290505e+05
# W = 
#	 6.758072e-01 4.508635e-01 1.257533e-01
#	 4.508635e-01 3.007928e-01 8.389608e-02
#	 1.257533e-01 8.389608e-02 2.340000e-02
# H0W = 
#	 0.000000e+00 -3.155328e+03 -2.880386e+04
#	 3.155328e+03 0.000000e+00 -1.862930e+04
#	 2.880386e+04 1.862930e+04 0.000000e+00
# H0H0W = 
#	 0.000000e+00 2.208228e+07 6.597538e+09
#	 2.208228e+07 0.000000e+00 4.136676e+09
#	 6.597538e+09 4.136676e+09 0.000000e+00
# WH0W = 
#	 1.008960e+04 3.575933e+03 -2.692640e+04
#	 3.575933e+03 2.806059e+02 -1.855104e+04
#	 -2.692640e+04 -1.855104e+04 -1.037021e+04
#################################################
##            CALCULATION COMPLETED            ##
#################################################
# Psi[0]^2 = 0.024196 + I0.000000
# Psi[1]^2 = 0.947007 + I0.000000
# Psi[2]^2 = 0.028798 + I0.000000
# phi0 = -2.210785 
# phi1 = -0.952727 
# phi2 = -0.797279 
# Psi = 
#	-1.247666e-01+i(-9.289207e-02)
#	-7.931102e-01+i(5.638998e-01)
#	-1.214120e-01+i(1.185609e-01)
#ProbSurv b 1-|Psi|^2 calls E tol dh dh(prev) dh(last)
0.301878283746	1	-5.55334e-12	9001	19	0.0001	0.0001	0.0001	5e-05
