# a = 0.100000
# b = 1.000000
# E = 60.083276
# tol = 0.000100
# s12 = 0.554977
# s13 = 0.152971
# psi0 = 0.822075 + I0.000000	0.548446 + I0.000000	0.152971 + I0.000000
# dh = 0.000100
# out = data/E1.9e1.5_tol1e-4.log
# model = sun
# scan_steps = 100.000000
# H0 = 
#	 0.000000e+00 0.000000e+00 0.000000e+00
#	 0.000000e+00 2.213091e+03 0.000000e+00
#	 0.000000e+00 0.000000e+00 7.243214e+04
# W = 
#	 6.758072e-01 4.508635e-01 1.257533e-01
#	 4.508635e-01 3.007928e-01 8.389608e-02
#	 1.257533e-01 8.389608e-02 2.340000e-02
# H0W = 
#	 0.000000e+00 -9.978023e+02 -9.108579e+03
#	 9.978023e+02 0.000000e+00 -5.891102e+03
#	 9.108579e+03 5.891102e+03 0.000000e+00
# H0H0W = 
#	 0.000000e+00 2.208228e+06 6.597538e+08
#	 2.208228e+06 0.000000e+00 4.136676e+08
#	 6.597538e+08 4.136676e+08 0.000000e+00
# WH0W = 
#	 3.190613e+03 1.130809e+03 -8.514874e+03
#	 1.130809e+03 8.873537e+01 -5.866353e+03
#	 -8.514874e+03 -5.866353e+03 -3.279348e+03
#################################################
##            CALCULATION COMPLETED            ##
#################################################
# Psi[0]^2 = 0.002191 + I0.000000
# Psi[1]^2 = 0.948298 + I0.000000
# Psi[2]^2 = 0.049511 + I0.000000
# phi0 = -3.074380 
# phi1 = 2.280586 
# phi2 = 0.725175 
# Psi = 
#	-3.143440e-03+i(-4.669788e-02)
#	7.386311e-01+i(-6.346042e-01)
#	1.475839e-01+i(1.665233e-01)
#ProbSurv b 1-|Psi|^2 calls E tol dh dh(prev) dh(last)
0.287880296708	1	-1.1855e-12	9001	60.0833	0.0001	0.0001	0.0001	5e-05
