# a = 0.100000
# b = 1.000000
# E = 190.000000
# tol = 0.000100
# s12 = 0.554977
# s13 = 0.152971
# psi0 = 0.822075 + I0.000000	0.548446 + I0.000000	0.152971 + I0.000000
# dh = 0.000100
# out = data/E1.9e2.0_tol1e-4.log
# model = sun
# scan_steps = 100.000000
# H0 = 
#	 0.000000e+00 0.000000e+00 0.000000e+00
#	 0.000000e+00 6.998410e+02 0.000000e+00
#	 0.000000e+00 0.000000e+00 2.290505e+04
# W = 
#	 6.758072e-01 4.508635e-01 1.257533e-01
#	 4.508635e-01 3.007928e-01 8.389608e-02
#	 1.257533e-01 8.389608e-02 2.340000e-02
# H0W = 
#	 0.000000e+00 -3.155328e+02 -2.880386e+03
#	 3.155328e+02 0.000000e+00 -1.862930e+03
#	 2.880386e+03 1.862930e+03 0.000000e+00
# H0H0W = 
#	 0.000000e+00 2.208228e+05 6.597538e+07
#	 2.208228e+05 0.000000e+00 4.136676e+07
#	 6.597538e+07 4.136676e+07 0.000000e+00
# WH0W = 
#	 1.008960e+03 3.575933e+02 -2.692640e+03
#	 3.575933e+02 2.806059e+01 -1.855104e+03
#	 -2.692640e+03 -1.855104e+03 -1.037021e+03
#################################################
##            CALCULATION COMPLETED            ##
#################################################
# Psi[0]^2 = 0.000228 + I0.000000
# Psi[1]^2 = 0.402242 + I0.000000
# Psi[2]^2 = 0.597530 + I0.000000
# phi0 = 0.865931 
# phi1 = 1.033813 
# phi2 = -1.875415 
# Psi = 
#	1.149535e-02+i(9.778398e-03)
#	5.449618e-01+i(3.244357e-01)
#	-7.374129e-01+i(-2.318458e-01)
#ProbSurv b 1-|Psi|^2 calls E tol dh dh(prev) dh(last)
0.135127604694	1	5.29576e-13	9001	190	0.0001	0.0001	0.0001	5e-05
