# a = 0.100000
# b = 1.000000
# E = 0.632456
# tol = 0.000100
# s12 = 0.554977
# s13 = 0.152971
# psi0 = 0.822075 + I0.000000	0.548446 + I0.000000	0.152971 + I0.000000
# dh = 0.000100
# out = data/E2.0e-0.5_tol1e-4.log
# model = sun
# scan_steps = 100.000000
# H0 = 
#	 0.000000e+00 0.000000e+00 0.000000e+00
#	 0.000000e+00 2.102437e+05 0.000000e+00
#	 0.000000e+00 0.000000e+00 6.881053e+06
# W = 
#	 6.758072e-01 4.508635e-01 1.257533e-01
#	 4.508635e-01 3.007928e-01 8.389608e-02
#	 1.257533e-01 8.389608e-02 2.340000e-02
# H0W = 
#	 0.000000e+00 -9.479122e+04 -8.653150e+05
#	 9.479122e+04 0.000000e+00 -5.596547e+05
#	 8.653150e+05 5.596547e+05 0.000000e+00
# H0H0W = 
#	 0.000000e+00 1.992926e+10 5.954278e+12
#	 1.992926e+10 0.000000e+00 3.733350e+12
#	 5.954278e+12 3.733350e+12 0.000000e+00
# WH0W = 
#	 3.031082e+05 1.074269e+05 -8.089130e+05
#	 1.074269e+05 8.429860e+03 -5.573035e+05
#	 -8.089130e+05 -5.573035e+05 -3.115381e+05
#################################################
##            CALCULATION COMPLETED            ##
#################################################
# Psi[0]^2 = 0.628621 + I0.000000
# Psi[1]^2 = 0.347824 + I0.000000
# Psi[2]^2 = 0.023555 + I0.000000
# phi0 = -0.927009 
# phi1 = -1.241663 
# phi2 = -2.411791 
# Psi = 
#	-6.341493e-01+i(4.758952e-01)
#	-5.581088e-01+i(1.906258e-01)
#	-1.023259e-01+i(-1.143867e-01)
#ProbSurv b 1-|Psi|^2 calls E tol dh dh(prev) dh(last)
0.530000949512	1	4.18251e-11	763812	0.632456	0.0001	0.0001	1.1783e-06	1.07591e-06
