# a = 0.100000
# b = 1.000000
# E = 6324.555320
# tol = 0.000100
# s12 = 0.554977
# s13 = 0.152971
# psi0 = 0.822075 + I0.000000	0.548446 + I0.000000	0.152971 + I0.000000
# dh = 0.000100
# out = data/E2.0e3.5_tol1e-4.log
# model = sun
# scan_steps = 100.000000
# H0 = 
#	 0.000000e+00 0.000000e+00 0.000000e+00
#	 0.000000e+00 2.102437e+01 0.000000e+00
#	 0.000000e+00 0.000000e+00 6.881053e+02
# W = 
#	 6.758072e-01 4.508635e-01 1.257533e-01
#	 4.508635e-01 3.007928e-01 8.389608e-02
#	 1.257533e-01 8.389608e-02 2.340000e-02
# H0W = 
#	 0.000000e+00 -9.479122e+00 -8.653150e+01
#	 9.479122e+00 0.000000e+00 -5.596547e+01
#	 8.653150e+01 5.596547e+01 0.000000e+00
# H0H0W = 
#	 0.000000e+00 1.992926e+02 5.954278e+04
#	 1.992926e+02 0.000000e+00 3.733350e+04
#	 5.954278e+04 3.733350e+04 0.000000e+00
# WH0W = 
#	 3.031082e+01 1.074269e+01 -8.089130e+01
#	 1.074269e+01 8.429860e-01 -5.573035e+01
#	 -8.089130e+01 -5.573035e+01 -3.115381e+01
#################################################
##            CALCULATION COMPLETED            ##
#################################################
# Psi[0]^2 = 0.000001 + I0.000000
# Psi[1]^2 = 0.000019 + I0.000000
# Psi[2]^2 = 0.999980 + I0.000000
# phi0 = -1.277089 
# phi1 = -2.802516 
# phi2 = 2.705640 
# Psi = 
#	-6.791115e-04+i(2.054005e-04)
#	-1.454990e-03+i(-4.125307e-03)
#	4.222700e-01+i(-9.064593e-01)
#ProbSurv b 1-|Psi|^2 calls E tol dh dh(prev) dh(last)
0.023405636363	1	-7.54952e-14	9001	6324.56	0.0001	0.0001	0.0001	5e-05
