# a = 0.100000
# b = 1.000000
# E = 2000000.000000
# tol = 0.000100
# s12 = 0.554977
# s13 = 0.152971
# psi0 = 0.822075 + I0.000000	0.548446 + I0.000000	0.152971 + I0.000000
# dh = 0.000100
# out = data/E2.0e6.0_tol1e-4.log
# model = sun
# scan_steps = 100.000000
# H0 = 
#	 0.000000e+00 0.000000e+00 0.000000e+00
#	 0.000000e+00 6.648489e-02 0.000000e+00
#	 0.000000e+00 0.000000e+00 2.175980e+00
# W = 
#	 6.758072e-01 4.508635e-01 1.257533e-01
#	 4.508635e-01 3.007928e-01 8.389608e-02
#	 1.257533e-01 8.389608e-02 2.340000e-02
# H0W = 
#	 0.000000e+00 -2.997561e-02 -2.736366e-01
#	 2.997561e-02 0.000000e+00 -1.769784e-01
#	 2.736366e-01 1.769784e-01 0.000000e+00
# H0H0W = 
#	 0.000000e+00 1.992926e-03 5.954278e-01
#	 1.992926e-03 0.000000e+00 3.733350e-01
#	 5.954278e-01 3.733350e-01 0.000000e+00
# WH0W = 
#	 9.585123e-02 3.397136e-02 -2.558008e-01
#	 3.397136e-02 2.665756e-03 -1.762348e-01
#	 -2.558008e-01 -1.762348e-01 -9.851699e-02
#################################################
##            CALCULATION COMPLETED            ##
#################################################
# Psi[0]^2 = 0.663645 + I0.000000
# Psi[1]^2 = 0.299834 + I0.000000
# Psi[2]^2 = 0.036521 + I0.000000
# phi0 = 2.252939 
# phi1 = 2.262032 
# phi2 = 2.562035 
# Psi = 
#	6.323457e-01+i(-5.135988e-01)
#	4.218810e-01+i(-3.490709e-01)
#	1.046593e-01+i(-1.598985e-01)
#ProbSurv b 1-|Psi|^2 calls E tol dh dh(prev) dh(last)
0.539538471497	1	-9.21485e-14	9001	2e+06	0.0001	0.0001	0.0001	5e-05
