# a = 0.100000
# b = 1.000000
# E = 2100.000000
# tol = 0.000100
# s12 = 0.554977
# s13 = 0.152971
# psi0 = 0.822075 + I0.000000	0.548446 + I0.000000	0.152971 + I0.000000
# dh = 0.000100
# out = data/E2.1e3.0_tol1e-4.log
# model = sun
# scan_steps = 100.000000
# H0 = 
#	 0.000000e+00 0.000000e+00 0.000000e+00
#	 0.000000e+00 6.331895e+01 0.000000e+00
#	 0.000000e+00 0.000000e+00 2.072362e+03
# W = 
#	 6.758072e-01 4.508635e-01 1.257533e-01
#	 4.508635e-01 3.007928e-01 8.389608e-02
#	 1.257533e-01 8.389608e-02 2.340000e-02
# H0W = 
#	 0.000000e+00 -2.854820e+01 -2.606063e+02
#	 2.854820e+01 0.000000e+00 -1.685508e+02
#	 2.606063e+02 1.685508e+02 0.000000e+00
# H0H0W = 
#	 0.000000e+00 1.807642e+03 5.400706e+05
#	 1.807642e+03 0.000000e+00 3.386258e+05
#	 5.400706e+05 3.386258e+05 0.000000e+00
# WH0W = 
#	 9.128689e+01 3.235368e+01 -2.436198e+02
#	 3.235368e+01 2.538815e+00 -1.678427e+02
#	 -2.436198e+02 -1.678427e+02 -9.382570e+01
#################################################
##            CALCULATION COMPLETED            ##
#################################################
# Psi[0]^2 = 0.000002 + I0.000000
# Psi[1]^2 = 0.000216 + I0.000000
# Psi[2]^2 = 0.999782 + I0.000000
# phi0 = 2.820761 
# phi1 = -0.897115 
# phi2 = 3.016929 
# Psi = 
#	3.880380e-04+i(-1.167688e-03)
#	-1.149509e-02+i(9.176110e-03)
#	1.243274e-01+i(-9.921315e-01)
#ProbSurv b 1-|Psi|^2 calls E tol dh dh(prev) dh(last)
0.0234609984096	1	-4.55191e-14	9001	2100	0.0001	0.0001	0.0001	5e-05
