# a = 0.100000
# b = 1.000000
# E = 695.701085
# tol = 0.000100
# s12 = 0.554977
# s13 = 0.152971
# psi0 = 0.822075 + I0.000000	0.548446 + I0.000000	0.152971 + I0.000000
# dh = 0.000100
# out = data/E2.2e2.5_tol1e-4.log
# model = sun
# scan_steps = 100.000000
# H0 = 
#	 0.000000e+00 0.000000e+00 0.000000e+00
#	 0.000000e+00 1.911306e+02 0.000000e+00
#	 0.000000e+00 0.000000e+00 6.255503e+03
# W = 
#	 6.758072e-01 4.508635e-01 1.257533e-01
#	 4.508635e-01 3.007928e-01 8.389608e-02
#	 1.257533e-01 8.389608e-02 2.340000e-02
# H0W = 
#	 0.000000e+00 -8.617383e+01 -7.866500e+02
#	 8.617383e+01 0.000000e+00 -5.087770e+02
#	 7.866500e+02 5.087770e+02 0.000000e+00
# H0H0W = 
#	 0.000000e+00 1.647046e+04 4.920891e+06
#	 1.647046e+04 0.000000e+00 3.085413e+06
#	 4.920891e+06 3.085413e+06 0.000000e+00
# WH0W = 
#	 2.755529e+02 9.766080e+01 -7.353755e+02
#	 9.766080e+01 7.663509e+00 -5.066395e+02
#	 -7.353755e+02 -5.066395e+02 -2.832164e+02
#################################################
##            CALCULATION COMPLETED            ##
#################################################
# Psi[0]^2 = 0.000017 + I0.000000
# Psi[1]^2 = 0.002980 + I0.000000
# Psi[2]^2 = 0.997003 + I0.000000
# phi0 = -1.850354 
# phi1 = -1.519248 
# phi2 = -1.244524 
# Psi = 
#	-3.981587e-03+i(-1.143014e-03)
#	-5.451276e-02+i(2.812533e-03)
#	-9.458232e-01+i(3.200339e-01)
#ProbSurv b 1-|Psi|^2 calls E tol dh dh(prev) dh(last)
0.0242377010144	1	-1.50768e-13	9001	695.701	0.0001	0.0001	0.0001	5e-05
