# a = 0.100000
# b = 1.000000
# E = 0.695701
# tol = 0.000100
# s12 = 0.554977
# s13 = 0.152971
# psi0 = 0.822075 + I0.000000	0.548446 + I0.000000	0.152971 + I0.000000
# dh = 0.000100
# out = data/E2.2e-0.5_tol1e-4.log
# model = sun
# scan_steps = 100.000000
# H0 = 
#	 0.000000e+00 0.000000e+00 0.000000e+00
#	 0.000000e+00 1.911306e+05 0.000000e+00
#	 0.000000e+00 0.000000e+00 6.255503e+06
# W = 
#	 6.758072e-01 4.508635e-01 1.257533e-01
#	 4.508635e-01 3.007928e-01 8.389608e-02
#	 1.257533e-01 8.389608e-02 2.340000e-02
# H0W = 
#	 0.000000e+00 -8.617383e+04 -7.866500e+05
#	 8.617383e+04 0.000000e+00 -5.087770e+05
#	 7.866500e+05 5.087770e+05 0.000000e+00
# H0H0W = 
#	 0.000000e+00 1.647046e+10 4.920891e+12
#	 1.647046e+10 0.000000e+00 3.085413e+12
#	 4.920891e+12 3.085413e+12 0.000000e+00
# WH0W = 
#	 2.755529e+05 9.766080e+04 -7.353755e+05
#	 9.766080e+04 7.663509e+03 -5.066395e+05
#	 -7.353755e+05 -5.066395e+05 -2.832164e+05
#################################################
##            CALCULATION COMPLETED            ##
#################################################
# Psi[0]^2 = 0.623629 + I0.000000
# Psi[1]^2 = 0.352801 + I0.000000
# Psi[2]^2 = 0.023570 + I0.000000
# phi0 = 2.792016 
# phi1 = 2.918841 
# phi2 = 0.892132 
# Psi = 
#	2.704727e-01+i(-7.419389e-01)
#	1.312165e-01+i(-5.792951e-01)
#	1.195072e-01+i(9.637704e-02)
#ProbSurv b 1-|Psi|^2 calls E tol dh dh(prev) dh(last)
0.528124325788	1	-4.73266e-12	772276	0.695701	0.0001	0.0001	1.16539e-06	8.60004e-07
