# a = 0.100000
# b = 1.000000
# E = 695701.085237
# tol = 0.000100
# s12 = 0.554977
# s13 = 0.152971
# psi0 = 0.822075 + I0.000000	0.548446 + I0.000000	0.152971 + I0.000000
# dh = 0.000100
# out = data/E2.2e5.5_tol1e-4.log
# model = sun
# scan_steps = 100.000000
# H0 = 
#	 0.000000e+00 0.000000e+00 0.000000e+00
#	 0.000000e+00 1.911306e-01 0.000000e+00
#	 0.000000e+00 0.000000e+00 6.255503e+00
# W = 
#	 6.758072e-01 4.508635e-01 1.257533e-01
#	 4.508635e-01 3.007928e-01 8.389608e-02
#	 1.257533e-01 8.389608e-02 2.340000e-02
# H0W = 
#	 0.000000e+00 -8.617383e-02 -7.866500e-01
#	 8.617383e-02 0.000000e+00 -5.087770e-01
#	 7.866500e-01 5.087770e-01 0.000000e+00
# H0H0W = 
#	 0.000000e+00 1.647046e-02 4.920891e+00
#	 1.647046e-02 0.000000e+00 3.085413e+00
#	 4.920891e+00 3.085413e+00 0.000000e+00
# WH0W = 
#	 2.755529e-01 9.766080e-02 -7.353755e-01
#	 9.766080e-02 7.663509e-03 -5.066395e-01
#	 -7.353755e-01 -5.066395e-01 -2.832164e-01
#################################################
##            CALCULATION COMPLETED            ##
#################################################
# Psi[0]^2 = 0.632699 + I0.000000
# Psi[1]^2 = 0.294077 + I0.000000
# Psi[2]^2 = 0.073224 + I0.000000
# phi0 = 2.355676 
# phi1 = 2.381817 
# phi2 = -2.981385 
# Psi = 
#	5.627411e-01+i(-5.621581e-01)
#	3.735060e-01+i(-3.931545e-01)
#	-4.316676e-02+i(-2.671332e-01)
#ProbSurv b 1-|Psi|^2 calls E tol dh dh(prev) dh(last)
0.517752463292	1	-1.4766e-13	9001	695701	0.0001	0.0001	0.0001	5e-05
