# a = 0.100000
# b = 1.000000
# E = 69.570109
# tol = 0.000100
# s12 = 0.554977
# s13 = 0.152971
# psi0 = 0.822075 + I0.000000	0.548446 + I0.000000	0.152971 + I0.000000
# dh = 0.000100
# out = data/E2.2e1.5_tol1e-4.log
# model = sun
# scan_steps = 100.000000
# H0 = 
#	 0.000000e+00 0.000000e+00 0.000000e+00
#	 0.000000e+00 1.911306e+03 0.000000e+00
#	 0.000000e+00 0.000000e+00 6.255503e+04
# W = 
#	 6.758072e-01 4.508635e-01 1.257533e-01
#	 4.508635e-01 3.007928e-01 8.389608e-02
#	 1.257533e-01 8.389608e-02 2.340000e-02
# H0W = 
#	 0.000000e+00 -8.617383e+02 -7.866500e+03
#	 8.617383e+02 0.000000e+00 -5.087770e+03
#	 7.866500e+03 5.087770e+03 0.000000e+00
# H0H0W = 
#	 0.000000e+00 1.647046e+06 4.920891e+08
#	 1.647046e+06 0.000000e+00 3.085413e+08
#	 4.920891e+08 3.085413e+08 0.000000e+00
# WH0W = 
#	 2.755529e+03 9.766080e+02 -7.353755e+03
#	 9.766080e+02 7.663509e+01 -5.066395e+03
#	 -7.353755e+03 -5.066395e+03 -2.832164e+03
#################################################
##            CALCULATION COMPLETED            ##
#################################################
# Psi[0]^2 = 0.001579 + I0.000000
# Psi[1]^2 = 0.942147 + I0.000000
# Psi[2]^2 = 0.056274 + I0.000000
# phi0 = 2.842334 
# phi1 = -0.884196 
# phi2 = -2.128873 
# Psi = 
#	1.171370e-02+i(-3.796685e-02)
#	-7.507002e-01+i(6.153016e-01)
#	-2.012298e-01+i(-1.256224e-01)
#ProbSurv b 1-|Psi|^2 calls E tol dh dh(prev) dh(last)
0.285774712981	1	-6.06404e-13	9001	69.5701	0.0001	0.0001	0.0001	5e-05
