# a = 0.100000
# b = 1.000000
# E = 2300.000000
# tol = 0.000100
# s12 = 0.554977
# s13 = 0.152971
# psi0 = 0.822075 + I0.000000	0.548446 + I0.000000	0.152971 + I0.000000
# dh = 0.000100
# out = data/E2.3e3.0_tol1e-4.log
# model = sun
# scan_steps = 100.000000
# H0 = 
#	 0.000000e+00 0.000000e+00 0.000000e+00
#	 0.000000e+00 5.781295e+01 0.000000e+00
#	 0.000000e+00 0.000000e+00 1.892157e+03
# W = 
#	 6.758072e-01 4.508635e-01 1.257533e-01
#	 4.508635e-01 3.007928e-01 8.389608e-02
#	 1.257533e-01 8.389608e-02 2.340000e-02
# H0W = 
#	 0.000000e+00 -2.606575e+01 -2.379449e+02
#	 2.606575e+01 0.000000e+00 -1.538942e+02
#	 2.379449e+02 1.538942e+02 0.000000e+00
# H0H0W = 
#	 0.000000e+00 1.506938e+03 4.502290e+05
#	 1.506938e+03 0.000000e+00 2.822949e+05
#	 4.502290e+05 2.822949e+05 0.000000e+00
# WH0W = 
#	 8.334890e+01 2.954032e+01 -2.224354e+02
#	 2.954032e+01 2.318049e+00 -1.532477e+02
#	 -2.224354e+02 -1.532477e+02 -8.566695e+01
#################################################
##            CALCULATION COMPLETED            ##
#################################################
# Psi[0]^2 = 0.000002 + I0.000000
# Psi[1]^2 = 0.000179 + I0.000000
# Psi[2]^2 = 0.999820 + I0.000000
# phi0 = 0.679875 
# phi1 = 0.799980 
# phi2 = -0.508254 
# Psi = 
#	8.761466e-04+i(1.083729e-03)
#	9.584198e-03+i(9.308686e-03)
#	-4.866085e-01+i(8.735169e-01)
#ProbSurv b 1-|Psi|^2 calls E tol dh dh(prev) dh(last)
0.0234507840126	1	-2.53131e-14	9001	2300	0.0001	0.0001	0.0001	5e-05
