# a = 0.100000
# b = 1.000000
# E = 72.732386
# tol = 0.000100
# s12 = 0.554977
# s13 = 0.152971
# psi0 = 0.822075 + I0.000000	0.548446 + I0.000000	0.152971 + I0.000000
# dh = 0.000100
# out = data/E2.3e1.5_tol1e-4.log
# model = sun
# scan_steps = 100.000000
# H0 = 
#	 0.000000e+00 0.000000e+00 0.000000e+00
#	 0.000000e+00 1.828206e+03 0.000000e+00
#	 0.000000e+00 0.000000e+00 5.983524e+04
# W = 
#	 6.758072e-01 4.508635e-01 1.257533e-01
#	 4.508635e-01 3.007928e-01 8.389608e-02
#	 1.257533e-01 8.389608e-02 2.340000e-02
# H0W = 
#	 0.000000e+00 -8.242715e+02 -7.524478e+03
#	 8.242715e+02 0.000000e+00 -4.866563e+03
#	 7.524478e+03 4.866563e+03 0.000000e+00
# H0H0W = 
#	 0.000000e+00 1.506938e+06 4.502290e+08
#	 1.506938e+06 0.000000e+00 2.822949e+08
#	 4.502290e+08 2.822949e+08 0.000000e+00
# WH0W = 
#	 2.635724e+03 9.341468e+02 -7.034026e+03
#	 9.341468e+02 7.330313e+01 -4.846117e+03
#	 -7.034026e+03 -4.846117e+03 -2.709027e+03
#################################################
##            CALCULATION COMPLETED            ##
#################################################
# Psi[0]^2 = 0.001489 + I0.000000
# Psi[1]^2 = 0.939409 + I0.000000
# Psi[2]^2 = 0.059103 + I0.000000
# phi0 = -1.871791 
# phi1 = -2.605990 
# phi2 = 1.256046 
# Psi = 
#	-3.684666e-02+i(-1.143819e-02)
#	-4.946561e-01+i(-8.335010e-01)
#	2.311679e-01+i(7.526196e-02)
#ProbSurv b 1-|Psi|^2 calls E tol dh dh(prev) dh(last)
 0.28495628116	1	-3.8991e-13	9001	72.7324	0.0001	0.0001	0.0001	5e-05
