# a = 0.100000
# b = 1.000000
# E = 0.230000
# tol = 0.000100
# s12 = 0.554977
# s13 = 0.152971
# psi0 = 0.822075 + I0.000000	0.548446 + I0.000000	0.152971 + I0.000000
# dh = 0.000100
# out = data/E2.3e-1.0_tol1e-4.log
# model = sun
# scan_steps = 100.000000
# H0 = 
#	 0.000000e+00 0.000000e+00 0.000000e+00
#	 0.000000e+00 5.781295e+05 0.000000e+00
#	 0.000000e+00 0.000000e+00 1.892157e+07
# W = 
#	 6.758072e-01 4.508635e-01 1.257533e-01
#	 4.508635e-01 3.007928e-01 8.389608e-02
#	 1.257533e-01 8.389608e-02 2.340000e-02
# H0W = 
#	 0.000000e+00 -2.606575e+05 -2.379449e+06
#	 2.606575e+05 0.000000e+00 -1.538942e+06
#	 2.379449e+06 1.538942e+06 0.000000e+00
# H0H0W = 
#	 0.000000e+00 1.506938e+11 4.502290e+13
#	 1.506938e+11 0.000000e+00 2.822949e+13
#	 4.502290e+13 2.822949e+13 0.000000e+00
# WH0W = 
#	 8.334890e+05 2.954032e+05 -2.224354e+06
#	 2.954032e+05 2.318049e+04 -1.532477e+06
#	 -2.224354e+06 -1.532477e+06 -8.566695e+05
#################################################
##            CALCULATION COMPLETED            ##
#################################################
# Psi[0]^2 = 0.659245 + I0.000000
# Psi[1]^2 = 0.317299 + I0.000000
# Psi[2]^2 = 0.023456 + I0.000000
# phi0 = 2.529239 
# phi1 = 0.136772 
# phi2 = -0.322299 
# Psi = 
#	4.666986e-01+i(-6.644077e-01)
#	7.680274e-02+i(5.580322e-01)
#	-4.851129e-02+i(1.452681e-01)
#ProbSurv b 1-|Psi|^2 calls E tol dh dh(prev) dh(last)
 0.54151270075	1	2.7203e-10	3397078	0.23	0.0001	0.0001	2.64934e-07	2.2065e-07
