# a = 0.100000
# b = 1.000000
# E = 7273.238618
# tol = 0.000100
# s12 = 0.554977
# s13 = 0.152971
# psi0 = 0.822075 + I0.000000	0.548446 + I0.000000	0.152971 + I0.000000
# dh = 0.000100
# out = data/E2.3e3.5_tol1e-4.log
# model = sun
# scan_steps = 100.000000
# H0 = 
#	 0.000000e+00 0.000000e+00 0.000000e+00
#	 0.000000e+00 1.828206e+01 0.000000e+00
#	 0.000000e+00 0.000000e+00 5.983524e+02
# W = 
#	 6.758072e-01 4.508635e-01 1.257533e-01
#	 4.508635e-01 3.007928e-01 8.389608e-02
#	 1.257533e-01 8.389608e-02 2.340000e-02
# H0W = 
#	 0.000000e+00 -8.242715e+00 -7.524478e+01
#	 8.242715e+00 0.000000e+00 -4.866563e+01
#	 7.524478e+01 4.866563e+01 0.000000e+00
# H0H0W = 
#	 0.000000e+00 1.506938e+02 4.502290e+04
#	 1.506938e+02 0.000000e+00 2.822949e+04
#	 4.502290e+04 2.822949e+04 0.000000e+00
# WH0W = 
#	 2.635724e+01 9.341468e+00 -7.034026e+01
#	 9.341468e+00 7.330313e-01 -4.846117e+01
#	 -7.034026e+01 -4.846117e+01 -2.709027e+01
#################################################
##            CALCULATION COMPLETED            ##
#################################################
# Psi[0]^2 = 0.000009 + I0.000000
# Psi[1]^2 = 0.000393 + I0.000000
# Psi[2]^2 = 0.999598 + I0.000000
# phi0 = -1.598368 
# phi1 = 2.041431 
# phi2 = 1.015818 
# Psi = 
#	-2.980764e-03+i(-8.220662e-05)
#	1.766051e-02+i(-8.985046e-03)
#	8.497410e-01+i(5.268194e-01)
#ProbSurv b 1-|Psi|^2 calls E tol dh dh(prev) dh(last)
0.0235147122752	1	-9.08162e-14	9001	7273.24	0.0001	0.0001	0.0001	5e-05
