# a = 0.100000
# b = 1.000000
# E = 75.894664
# tol = 0.000100
# s12 = 0.554977
# s13 = 0.152971
# psi0 = 0.822075 + I0.000000	0.548446 + I0.000000	0.152971 + I0.000000
# dh = 0.000100
# out = data/E2.4e1.5_tol1e-4.log
# model = sun
# scan_steps = 100.000000
# H0 = 
#	 0.000000e+00 0.000000e+00 0.000000e+00
#	 0.000000e+00 1.752031e+03 0.000000e+00
#	 0.000000e+00 0.000000e+00 5.734211e+04
# W = 
#	 6.758072e-01 4.508635e-01 1.257533e-01
#	 4.508635e-01 3.007928e-01 8.389608e-02
#	 1.257533e-01 8.389608e-02 2.340000e-02
# H0W = 
#	 0.000000e+00 -7.899268e+02 -7.210958e+03
#	 7.899268e+02 0.000000e+00 -4.663789e+03
#	 7.210958e+03 4.663789e+03 0.000000e+00
# H0H0W = 
#	 0.000000e+00 1.383976e+06 4.134916e+08
#	 1.383976e+06 0.000000e+00 2.592604e+08
#	 4.134916e+08 2.592604e+08 0.000000e+00
# WH0W = 
#	 2.525902e+03 8.952240e+02 -6.740942e+03
#	 8.952240e+02 7.024883e+01 -4.644196e+03
#	 -6.740942e+03 -4.644196e+03 -2.596151e+03
#################################################
##            CALCULATION COMPLETED            ##
#################################################
# Psi[0]^2 = 0.001366 + I0.000000
# Psi[1]^2 = 0.936502 + I0.000000
# Psi[2]^2 = 0.062132 + I0.000000
# phi0 = 0.434499 
# phi1 = 1.171917 
# phi2 = 1.303281 
# Psi = 
#	1.555890e-02+i(3.352653e-02)
#	8.917605e-01+i(3.758529e-01)
#	2.403961e-01+i(6.588901e-02)
#ProbSurv b 1-|Psi|^2 calls E tol dh dh(prev) dh(last)
0.284070241964	1	-7.06102e-14	9001	75.8947	0.0001	0.0001	0.0001	5e-05
