# a = 0.100000
# b = 1.000000
# E = 24000.000000
# tol = 0.000100
# s12 = 0.554977
# s13 = 0.152971
# psi0 = 0.822075 + I0.000000	0.548446 + I0.000000	0.152971 + I0.000000
# dh = 0.000100
# out = data/E2.4e4.0_tol1e-4.log
# model = sun
# scan_steps = 100.000000
# H0 = 
#	 0.000000e+00 0.000000e+00 0.000000e+00
#	 0.000000e+00 5.540408e+00 0.000000e+00
#	 0.000000e+00 0.000000e+00 1.813317e+02
# W = 
#	 6.758072e-01 4.508635e-01 1.257533e-01
#	 4.508635e-01 3.007928e-01 8.389608e-02
#	 1.257533e-01 8.389608e-02 2.340000e-02
# H0W = 
#	 0.000000e+00 -2.497968e+00 -2.280305e+01
#	 2.497968e+00 0.000000e+00 -1.474820e+01
#	 2.280305e+01 1.474820e+01 0.000000e+00
# H0H0W = 
#	 0.000000e+00 1.383976e+01 4.134916e+03
#	 1.383976e+01 0.000000e+00 2.592604e+03
#	 4.134916e+03 2.592604e+03 0.000000e+00
# WH0W = 
#	 7.987603e+00 2.830947e+00 -2.131673e+01
#	 2.830947e+00 2.221463e-01 -1.468624e+01
#	 -2.131673e+01 -1.468624e+01 -8.209749e+00
#################################################
##            CALCULATION COMPLETED            ##
#################################################
# Psi[0]^2 = 0.032609 + I0.000000
# Psi[1]^2 = 0.049517 + I0.000000
# Psi[2]^2 = 0.917874 + I0.000000
# phi0 = -0.816779 
# phi1 = -0.011935 
# phi2 = 0.768280 
# Psi = 
#	-1.316319e-01+i(1.236192e-01)
#	-2.655663e-03+i(2.225087e-01)
#	6.657534e-01+i(6.889460e-01)
#ProbSurv b 1-|Psi|^2 calls E tol dh dh(prev) dh(last)
0.0584098408073	1	-9.50351e-14	9001	24000	0.0001	0.0001	0.0001	5e-05
