# a = 0.100000
# b = 1.000000
# E = 240000.000000
# tol = 0.000100
# s12 = 0.554977
# s13 = 0.152971
# psi0 = 0.822075 + I0.000000	0.548446 + I0.000000	0.152971 + I0.000000
# dh = 0.000100
# out = data/E2.4e5.0_tol1e-4.log
# model = sun
# scan_steps = 100.000000
# H0 = 
#	 0.000000e+00 0.000000e+00 0.000000e+00
#	 0.000000e+00 5.540408e-01 0.000000e+00
#	 0.000000e+00 0.000000e+00 1.813317e+01
# W = 
#	 6.758072e-01 4.508635e-01 1.257533e-01
#	 4.508635e-01 3.007928e-01 8.389608e-02
#	 1.257533e-01 8.389608e-02 2.340000e-02
# H0W = 
#	 0.000000e+00 -2.497968e-01 -2.280305e+00
#	 2.497968e-01 0.000000e+00 -1.474820e+00
#	 2.280305e+00 1.474820e+00 0.000000e+00
# H0H0W = 
#	 0.000000e+00 1.383976e-01 4.134916e+01
#	 1.383976e-01 0.000000e+00 2.592604e+01
#	 4.134916e+01 2.592604e+01 0.000000e+00
# WH0W = 
#	 7.987603e-01 2.830947e-01 -2.131673e+00
#	 2.830947e-01 2.221463e-02 -1.468624e+00
#	 -2.131673e+00 -1.468624e+00 -8.209749e-01
#################################################
##            CALCULATION COMPLETED            ##
#################################################
# Psi[0]^2 = 0.510867 + I0.000000
# Psi[1]^2 = 0.257985 + I0.000000
# Psi[2]^2 = 0.231148 + I0.000000
# phi0 = 2.620515 
# phi1 = 2.698088 
# phi2 = -0.422666 
# Psi = 
#	3.558128e-01+i(-6.198905e-01)
#	2.179533e-01+i(-4.587827e-01)
#	-1.972122e-01+i(4.384691e-01)
#ProbSurv b 1-|Psi|^2 calls E tol dh dh(prev) dh(last)
0.428256542336	1	-1.09246e-13	9001	240000	0.0001	0.0001	0.0001	5e-05
