# a = 0.100000
# b = 1.000000
# E = 2400000.000000
# tol = 0.000100
# s12 = 0.554977
# s13 = 0.152971
# psi0 = 0.822075 + I0.000000	0.548446 + I0.000000	0.152971 + I0.000000
# dh = 0.000100
# out = data/E2.4e6.0_tol1e-4.log
# model = sun
# scan_steps = 100.000000
# H0 = 
#	 0.000000e+00 0.000000e+00 0.000000e+00
#	 0.000000e+00 5.540408e-02 0.000000e+00
#	 0.000000e+00 0.000000e+00 1.813317e+00
# W = 
#	 6.758072e-01 4.508635e-01 1.257533e-01
#	 4.508635e-01 3.007928e-01 8.389608e-02
#	 1.257533e-01 8.389608e-02 2.340000e-02
# H0W = 
#	 0.000000e+00 -2.497968e-02 -2.280305e-01
#	 2.497968e-02 0.000000e+00 -1.474820e-01
#	 2.280305e-01 1.474820e-01 0.000000e+00
# H0H0W = 
#	 0.000000e+00 1.383976e-03 4.134916e-01
#	 1.383976e-03 0.000000e+00 2.592604e-01
#	 4.134916e-01 2.592604e-01 0.000000e+00
# WH0W = 
#	 7.987603e-02 2.830947e-02 -2.131673e-01
#	 2.830947e-02 2.221463e-03 -1.468624e-01
#	 -2.131673e-01 -1.468624e-01 -8.209749e-02
#################################################
##            CALCULATION COMPLETED            ##
#################################################
# Psi[0]^2 = 0.665874 + I0.000000
# Psi[1]^2 = 0.300090 + I0.000000
# Psi[2]^2 = 0.034036 + I0.000000
# phi0 = 2.243811 
# phi1 = 2.251390 
# phi2 = 2.499874 
# Psi = 
#	6.380763e-01+i(-5.086575e-01)
#	4.257533e-01+i(-3.447083e-01)
#	1.104306e-01+i(-1.477890e-01)
#ProbSurv b 1-|Psi|^2 calls E tol dh dh(prev) dh(last)
0.541063580412	1	-1.01252e-13	9001	2.4e+06	0.0001	0.0001	0.0001	5e-05
