# a = 0.100000
# b = 1.000000
# E = 240.000000
# tol = 0.000100
# s12 = 0.554977
# s13 = 0.152971
# psi0 = 0.822075 + I0.000000	0.548446 + I0.000000	0.152971 + I0.000000
# dh = 0.000100
# out = data/E2.4e2.0_tol1e-4.log
# model = sun
# scan_steps = 100.000000
# H0 = 
#	 0.000000e+00 0.000000e+00 0.000000e+00
#	 0.000000e+00 5.540408e+02 0.000000e+00
#	 0.000000e+00 0.000000e+00 1.813317e+04
# W = 
#	 6.758072e-01 4.508635e-01 1.257533e-01
#	 4.508635e-01 3.007928e-01 8.389608e-02
#	 1.257533e-01 8.389608e-02 2.340000e-02
# H0W = 
#	 0.000000e+00 -2.497968e+02 -2.280305e+03
#	 2.497968e+02 0.000000e+00 -1.474820e+03
#	 2.280305e+03 1.474820e+03 0.000000e+00
# H0H0W = 
#	 0.000000e+00 1.383976e+05 4.134916e+07
#	 1.383976e+05 0.000000e+00 2.592604e+07
#	 4.134916e+07 2.592604e+07 0.000000e+00
# WH0W = 
#	 7.987603e+02 2.830947e+02 -2.131673e+03
#	 2.830947e+02 2.221463e+01 -1.468624e+03
#	 -2.131673e+03 -1.468624e+03 -8.209749e+02
#################################################
##            CALCULATION COMPLETED            ##
#################################################
# Psi[0]^2 = 0.000135 + I0.000000
# Psi[1]^2 = 0.132912 + I0.000000
# Psi[2]^2 = 0.866953 + I0.000000
# phi0 = 2.821183 
# phi1 = 1.808948 
# phi2 = -0.924833 
# Psi = 
#	3.658580e-03+i(-1.102501e-02)
#	3.542807e-01+i(-8.600466e-02)
#	-7.435048e-01+i(5.604945e-01)
#ProbSurv b 1-|Psi|^2 calls E tol dh dh(prev) dh(last)
0.0603567571932	1	-1.91402e-13	9001	240	0.0001	0.0001	0.0001	5e-05
