# a = 0.100000
# b = 1.000000
# E = 2400.000000
# tol = 0.000100
# s12 = 0.554977
# s13 = 0.152971
# psi0 = 0.822075 + I0.000000	0.548446 + I0.000000	0.152971 + I0.000000
# dh = 0.000100
# out = data/E2.4e3.0_tol1e-4.log
# model = sun
# scan_steps = 100.000000
# H0 = 
#	 0.000000e+00 0.000000e+00 0.000000e+00
#	 0.000000e+00 5.540408e+01 0.000000e+00
#	 0.000000e+00 0.000000e+00 1.813317e+03
# W = 
#	 6.758072e-01 4.508635e-01 1.257533e-01
#	 4.508635e-01 3.007928e-01 8.389608e-02
#	 1.257533e-01 8.389608e-02 2.340000e-02
# H0W = 
#	 0.000000e+00 -2.497968e+01 -2.280305e+02
#	 2.497968e+01 0.000000e+00 -1.474820e+02
#	 2.280305e+02 1.474820e+02 0.000000e+00
# H0H0W = 
#	 0.000000e+00 1.383976e+03 4.134916e+05
#	 1.383976e+03 0.000000e+00 2.592604e+05
#	 4.134916e+05 2.592604e+05 0.000000e+00
# WH0W = 
#	 7.987603e+01 2.830947e+01 -2.131673e+02
#	 2.830947e+01 2.221463e+00 -1.468624e+02
#	 -2.131673e+02 -1.468624e+02 -8.209749e+01
#################################################
##            CALCULATION COMPLETED            ##
#################################################
# Psi[0]^2 = 0.000001 + I0.000000
# Psi[1]^2 = 0.000162 + I0.000000
# Psi[2]^2 = 0.999837 + I0.000000
# phi0 = -0.024065 
# phi1 = 0.688670 
# phi2 = 2.754156 
# Psi = 
#	-2.609765e-05+i(1.084256e-03)
#	8.080105e-03+i(9.816634e-03)
#	3.777858e-01+i(-9.258051e-01)
#ProbSurv b 1-|Psi|^2 calls E tol dh dh(prev) dh(last)
0.0234456091848	1	-1.06581e-14	9001	2400	0.0001	0.0001	0.0001	5e-05
