# a = 0.100000
# b = 1.000000
# E = 2.600000
# tol = 0.000100
# s12 = 0.554977
# s13 = 0.152971
# psi0 = 0.822075 + I0.000000	0.548446 + I0.000000	0.152971 + I0.000000
# dh = 0.000100
# out = data/E2.6e0.0_tol1e-4.log
# model = sun
# scan_steps = 100.000000
# H0 = 
#	 0.000000e+00 0.000000e+00 0.000000e+00
#	 0.000000e+00 5.114223e+04 0.000000e+00
#	 0.000000e+00 0.000000e+00 1.673831e+06
# W = 
#	 6.758072e-01 4.508635e-01 1.257533e-01
#	 4.508635e-01 3.007928e-01 8.389608e-02
#	 1.257533e-01 8.389608e-02 2.340000e-02
# H0W = 
#	 0.000000e+00 -2.305817e+04 -2.104897e+05
#	 2.305817e+04 0.000000e+00 -1.361372e+05
#	 2.104897e+05 1.361372e+05 0.000000e+00
# H0H0W = 
#	 0.000000e+00 1.179246e+09 3.523242e+11
#	 1.179246e+09 0.000000e+00 2.209083e+11
#	 3.523242e+11 2.209083e+11 0.000000e+00
# WH0W = 
#	 7.373172e+04 2.613182e+04 -1.967698e+05
#	 2.613182e+04 2.050581e+03 -1.355653e+05
#	 -1.967698e+05 -1.355653e+05 -7.578230e+04
#################################################
##            CALCULATION COMPLETED            ##
#################################################
# Psi[0]^2 = 0.459049 + I0.000000
# Psi[1]^2 = 0.516905 + I0.000000
# Psi[2]^2 = 0.024047 + I0.000000
# phi0 = 2.268992 
# phi1 = -2.228469 
# phi2 = 0.153123 
# Psi = 
#	5.189912e-01+i(-4.355418e-01)
#	-5.689978e-01+i(-4.394841e-01)
#	2.365212e-02+i(1.532553e-01)
#ProbSurv b 1-|Psi|^2 calls E tol dh dh(prev) dh(last)
0.466272261016	1	-7.95852e-12	108279	2.6	0.0001	0.0001	8.31196e-06	7.16805e-06
