# a = 0.100000
# b = 1.000000
# E = 260.000000
# tol = 0.000100
# s12 = 0.554977
# s13 = 0.152971
# psi0 = 0.822075 + I0.000000	0.548446 + I0.000000	0.152971 + I0.000000
# dh = 0.000100
# out = data/E2.6e2.0_tol1e-4.log
# model = sun
# scan_steps = 100.000000
# H0 = 
#	 0.000000e+00 0.000000e+00 0.000000e+00
#	 0.000000e+00 5.114223e+02 0.000000e+00
#	 0.000000e+00 0.000000e+00 1.673831e+04
# W = 
#	 6.758072e-01 4.508635e-01 1.257533e-01
#	 4.508635e-01 3.007928e-01 8.389608e-02
#	 1.257533e-01 8.389608e-02 2.340000e-02
# H0W = 
#	 0.000000e+00 -2.305817e+02 -2.104897e+03
#	 2.305817e+02 0.000000e+00 -1.361372e+03
#	 2.104897e+03 1.361372e+03 0.000000e+00
# H0H0W = 
#	 0.000000e+00 1.179246e+05 3.523242e+07
#	 1.179246e+05 0.000000e+00 2.209083e+07
#	 3.523242e+07 2.209083e+07 0.000000e+00
# WH0W = 
#	 7.373172e+02 2.613182e+02 -1.967698e+03
#	 2.613182e+02 2.050581e+01 -1.355653e+03
#	 -1.967698e+03 -1.355653e+03 -7.578230e+02
#################################################
##            CALCULATION COMPLETED            ##
#################################################
# Psi[0]^2 = 0.000117 + I0.000000
# Psi[1]^2 = 0.089865 + I0.000000
# Psi[2]^2 = 0.910018 + I0.000000
# phi0 = 0.072621 
# phi1 = -0.604146 
# phi2 = -1.431490 
# Psi = 
#	7.862282e-04+i(1.080743e-02)
#	-1.702895e-01+i(2.467105e-01)
#	-9.447074e-01+i(1.324613e-01)
#ProbSurv b 1-|Psi|^2 calls E tol dh dh(prev) dh(last)
0.0484043910465	1	-3.32623e-13	9001	260	0.0001	0.0001	0.0001	5e-05
