# a = 0.100000
# b = 1.000000
# E = 2600000.000000
# tol = 0.000100
# s12 = 0.554977
# s13 = 0.152971
# psi0 = 0.822075 + I0.000000	0.548446 + I0.000000	0.152971 + I0.000000
# dh = 0.000100
# out = data/E2.6e6.0_tol1e-4.log
# model = sun
# scan_steps = 100.000000
# H0 = 
#	 0.000000e+00 0.000000e+00 0.000000e+00
#	 0.000000e+00 5.114223e-02 0.000000e+00
#	 0.000000e+00 0.000000e+00 1.673831e+00
# W = 
#	 6.758072e-01 4.508635e-01 1.257533e-01
#	 4.508635e-01 3.007928e-01 8.389608e-02
#	 1.257533e-01 8.389608e-02 2.340000e-02
# H0W = 
#	 0.000000e+00 -2.305817e-02 -2.104897e-01
#	 2.305817e-02 0.000000e+00 -1.361372e-01
#	 2.104897e-01 1.361372e-01 0.000000e+00
# H0H0W = 
#	 0.000000e+00 1.179246e-03 3.523242e-01
#	 1.179246e-03 0.000000e+00 2.209083e-01
#	 3.523242e-01 2.209083e-01 0.000000e+00
# WH0W = 
#	 7.373172e-02 2.613182e-02 -1.967698e-01
#	 2.613182e-02 2.050581e-03 -1.355653e-01
#	 -1.967698e-01 -1.355653e-01 -7.578230e-02
#################################################
##            CALCULATION COMPLETED            ##
#################################################
# Psi[0]^2 = 0.666709 + I0.000000
# Psi[1]^2 = 0.300177 + I0.000000
# Psi[2]^2 = 0.033114 + I0.000000
# phi0 = 2.240304 
# phi1 = 2.247300 
# phi2 = 2.476129 
# Psi = 
#	6.402573e-01+i(-5.067341e-01)
#	4.272219e-01+i(-3.430145e-01)
#	1.123535e-01+i(-1.431444e-01)
#ProbSurv b 1-|Psi|^2 calls E tol dh dh(prev) dh(last)
0.541632760982	1	-1.06137e-13	9001	2.6e+06	0.0001	0.0001	0.0001	5e-05
