# a = 0.100000
# b = 1.000000
# E = 8.221922
# tol = 0.000100
# s12 = 0.554977
# s13 = 0.152971
# psi0 = 0.822075 + I0.000000	0.548446 + I0.000000	0.152971 + I0.000000
# dh = 0.000100
# out = data/E2.6e0.5_tol1e-4.log
# model = sun
# scan_steps = 100.000000
# H0 = 
#	 0.000000e+00 0.000000e+00 0.000000e+00
#	 0.000000e+00 1.617259e+04 0.000000e+00
#	 0.000000e+00 0.000000e+00 5.293118e+05
# W = 
#	 6.758072e-01 4.508635e-01 1.257533e-01
#	 4.508635e-01 3.007928e-01 8.389608e-02
#	 1.257533e-01 8.389608e-02 2.340000e-02
# H0W = 
#	 0.000000e+00 -7.291632e+03 -6.656269e+04
#	 7.291632e+03 0.000000e+00 -4.305036e+04
#	 6.656269e+04 4.305036e+04 0.000000e+00
# H0H0W = 
#	 0.000000e+00 1.179246e+08 3.523242e+10
#	 1.179246e+08 0.000000e+00 2.209083e+10
#	 3.523242e+10 2.209083e+10 0.000000e+00
# WH0W = 
#	 2.331602e+04 8.263606e+03 -6.222408e+04
#	 8.263606e+03 6.484508e+02 -4.286950e+04
#	 -6.222408e+04 -4.286950e+04 -2.396447e+04
#################################################
##            CALCULATION COMPLETED            ##
#################################################
# Psi[0]^2 = 0.128806 + I0.000000
# Psi[1]^2 = 0.845582 + I0.000000
# Psi[2]^2 = 0.025612 + I0.000000
# phi0 = -2.561998 
# phi1 = 1.632065 
# phi2 = -0.775589 
# Psi = 
#	-1.965617e-01+i(-3.002825e-01)
#	9.178299e-01+i(-5.630491e-02)
#	-1.120481e-01+i(1.142682e-01)
#ProbSurv b 1-|Psi|^2 calls E tol dh dh(prev) dh(last)
0.341992350189	1	-1.09734e-11	24281	8.22192	0.0001	0.0001	3.70682e-05	2.89775e-05
