# a = 0.100000
# b = 1.000000
# E = 270000.000000
# tol = 0.000100
# s12 = 0.554977
# s13 = 0.152971
# psi0 = 0.822075 + I0.000000	0.548446 + I0.000000	0.152971 + I0.000000
# dh = 0.000100
# out = data/E2.7e5.0_tol1e-4.log
# model = sun
# scan_steps = 100.000000
# H0 = 
#	 0.000000e+00 0.000000e+00 0.000000e+00
#	 0.000000e+00 4.924807e-01 0.000000e+00
#	 0.000000e+00 0.000000e+00 1.611837e+01
# W = 
#	 6.758072e-01 4.508635e-01 1.257533e-01
#	 4.508635e-01 3.007928e-01 8.389608e-02
#	 1.257533e-01 8.389608e-02 2.340000e-02
# H0W = 
#	 0.000000e+00 -2.220416e-01 -2.026938e+00
#	 2.220416e-01 0.000000e+00 -1.310951e+00
#	 2.026938e+00 1.310951e+00 0.000000e+00
# H0H0W = 
#	 0.000000e+00 1.093512e-01 3.267094e+01
#	 1.093512e-01 0.000000e+00 2.048477e+01
#	 3.267094e+01 2.048477e+01 0.000000e+00
# WH0W = 
#	 7.100091e-01 2.516397e-01 -1.894820e+00
#	 2.516397e-01 1.974634e-02 -1.305443e+00
#	 -1.894820e+00 -1.305443e+00 -7.297555e-01
#################################################
##            CALCULATION COMPLETED            ##
#################################################
# Psi[0]^2 = 0.530091 + I0.000000
# Psi[1]^2 = 0.264072 + I0.000000
# Psi[2]^2 = 0.205837 + I0.000000
# phi0 = 2.581012 
# phi1 = 2.649648 
# phi2 = -0.901226 
# Psi = 
#	3.871006e-01+i(-6.166396e-01)
#	2.427263e-01+i(-4.529414e-01)
#	-3.557350e-01+i(2.815839e-01)
#ProbSurv b 1-|Psi|^2 calls E tol dh dh(prev) dh(last)
0.442486984049	1	-8.99281e-14	9001	270000	0.0001	0.0001	0.0001	5e-05
