# a = 0.100000
# b = 1.000000
# E = 27.000000
# tol = 0.000100
# s12 = 0.554977
# s13 = 0.152971
# psi0 = 0.822075 + I0.000000	0.548446 + I0.000000	0.152971 + I0.000000
# dh = 0.000100
# out = data/E2.7e1.0_tol1e-4.log
# model = sun
# scan_steps = 100.000000
# H0 = 
#	 0.000000e+00 0.000000e+00 0.000000e+00
#	 0.000000e+00 4.924807e+03 0.000000e+00
#	 0.000000e+00 0.000000e+00 1.611837e+05
# W = 
#	 6.758072e-01 4.508635e-01 1.257533e-01
#	 4.508635e-01 3.007928e-01 8.389608e-02
#	 1.257533e-01 8.389608e-02 2.340000e-02
# H0W = 
#	 0.000000e+00 -2.220416e+03 -2.026938e+04
#	 2.220416e+03 0.000000e+00 -1.310951e+04
#	 2.026938e+04 1.310951e+04 0.000000e+00
# H0H0W = 
#	 0.000000e+00 1.093512e+07 3.267094e+09
#	 1.093512e+07 0.000000e+00 2.048477e+09
#	 3.267094e+09 2.048477e+09 0.000000e+00
# WH0W = 
#	 7.100091e+03 2.516397e+03 -1.894820e+04
#	 2.516397e+03 1.974634e+02 -1.305443e+04
#	 -1.894820e+04 -1.305443e+04 -7.297555e+03
#################################################
##            CALCULATION COMPLETED            ##
#################################################
# Psi[0]^2 = 0.011494 + I0.000000
# Psi[1]^2 = 0.956882 + I0.000000
# Psi[2]^2 = 0.031625 + I0.000000
# phi0 = 2.342182 
# phi1 = -0.613586 
# phi2 = -0.839654 
# Psi = 
#	7.686252e-02+i(-7.473810e-02)
#	-5.632528e-01+i(7.997674e-01)
#	-1.323814e-01+i(1.187431e-01)
#ProbSurv b 1-|Psi|^2 calls E tol dh dh(prev) dh(last)
0.296330594032	1	-1.67488e-12	9001	27	0.0001	0.0001	0.0001	5e-05
