# a = 0.100000
# b = 1.000000
# E = 85381.496825
# tol = 0.000100
# s12 = 0.554977
# s13 = 0.152971
# psi0 = 0.822075 + I0.000000	0.548446 + I0.000000	0.152971 + I0.000000
# dh = 0.000100
# out = data/E2.7e4.5_tol1e-4.log
# model = sun
# scan_steps = 100.000000
# H0 = 
#	 0.000000e+00 0.000000e+00 0.000000e+00
#	 0.000000e+00 1.557361e+00 0.000000e+00
#	 0.000000e+00 0.000000e+00 5.097076e+01
# W = 
#	 6.758072e-01 4.508635e-01 1.257533e-01
#	 4.508635e-01 3.007928e-01 8.389608e-02
#	 1.257533e-01 8.389608e-02 2.340000e-02
# H0W = 
#	 0.000000e+00 -7.021572e-01 -6.409741e+00
#	 7.021572e-01 0.000000e+00 -4.145591e+00
#	 6.409741e+00 4.145591e+00 0.000000e+00
# H0H0W = 
#	 0.000000e+00 1.093512e+00 3.267094e+02
#	 1.093512e+00 0.000000e+00 2.048477e+02
#	 3.267094e+02 2.048477e+02 0.000000e+00
# WH0W = 
#	 2.245246e+00 7.957547e-01 -5.991948e+00
#	 7.957547e-01 6.244341e-02 -4.128174e+00
#	 -5.991948e+00 -4.128174e+00 -2.307689e+00
#################################################
##            CALCULATION COMPLETED            ##
#################################################
# Psi[0]^2 = 0.306868 + I0.000000
# Psi[1]^2 = 0.192928 + I0.000000
# Psi[2]^2 = 0.500204 + I0.000000
# phi0 = -3.027639 
# phi1 = -2.809771 
# phi2 = -3.035033 
# Psi = 
#	-6.298893e-02+i(-5.503638e-01)
#	-1.430881e-01+i(-4.152756e-01)
#	-7.522180e-02+i(-7.032395e-01)
#ProbSurv b 1-|Psi|^2 calls E tol dh dh(prev) dh(last)
0.277119697408	1	-6.35048e-14	9001	85381.5	0.0001	0.0001	0.0001	5e-05
