# a = 0.100000
# b = 1.000000
# E = 0.280000
# tol = 0.000100
# s12 = 0.554977
# s13 = 0.152971
# psi0 = 0.822075 + I0.000000	0.548446 + I0.000000	0.152971 + I0.000000
# dh = 0.000100
# out = data/E2.8e-1.0_tol1e-4.log
# model = sun
# scan_steps = 100.000000
# H0 = 
#	 0.000000e+00 0.000000e+00 0.000000e+00
#	 0.000000e+00 4.748921e+05 0.000000e+00
#	 0.000000e+00 0.000000e+00 1.554271e+07
# W = 
#	 6.758072e-01 4.508635e-01 1.257533e-01
#	 4.508635e-01 3.007928e-01 8.389608e-02
#	 1.257533e-01 8.389608e-02 2.340000e-02
# H0W = 
#	 0.000000e+00 -2.141115e+05 -1.954547e+06
#	 2.141115e+05 0.000000e+00 -1.264131e+06
#	 1.954547e+06 1.264131e+06 0.000000e+00
# H0H0W = 
#	 0.000000e+00 1.016799e+11 3.037897e+13
#	 1.016799e+11 0.000000e+00 1.904770e+13
#	 3.037897e+13 1.904770e+13 0.000000e+00
# WH0W = 
#	 6.846517e+05 2.426526e+05 -1.827148e+06
#	 2.426526e+05 1.904111e+04 -1.258820e+06
#	 -1.827148e+06 -1.258820e+06 -7.036928e+05
#################################################
##            CALCULATION COMPLETED            ##
#################################################
# Psi[0]^2 = 0.655552 + I0.000000
# Psi[1]^2 = 0.320980 + I0.000000
# Psi[2]^2 = 0.023468 + I0.000000
# phi0 = 0.566751 
# phi1 = -2.116459 
# phi2 = 1.287710 
# Psi = 
#	4.347021e-01+i(6.830708e-01)
#	-4.842783e-01+i(-2.940315e-01)
#	1.470965e-01+i(4.279028e-02)
#ProbSurv b 1-|Psi|^2 calls E tol dh dh(prev) dh(last)
0.540124133224	1	1.90208e-10	1545609	0.28	0.0001	0.0001	5.82295e-07	3.98788e-07
