# a = 0.100000
# b = 1.000000
# E = 280000.000000
# tol = 0.000100
# s12 = 0.554977
# s13 = 0.152971
# psi0 = 0.822075 + I0.000000	0.548446 + I0.000000	0.152971 + I0.000000
# dh = 0.000100
# out = data/E2.8e5.0_tol1e-4.log
# model = sun
# scan_steps = 100.000000
# H0 = 
#	 0.000000e+00 0.000000e+00 0.000000e+00
#	 0.000000e+00 4.748921e-01 0.000000e+00
#	 0.000000e+00 0.000000e+00 1.554271e+01
# W = 
#	 6.758072e-01 4.508635e-01 1.257533e-01
#	 4.508635e-01 3.007928e-01 8.389608e-02
#	 1.257533e-01 8.389608e-02 2.340000e-02
# H0W = 
#	 0.000000e+00 -2.141115e-01 -1.954547e+00
#	 2.141115e-01 0.000000e+00 -1.264131e+00
#	 1.954547e+00 1.264131e+00 0.000000e+00
# H0H0W = 
#	 0.000000e+00 1.016799e-01 3.037897e+01
#	 1.016799e-01 0.000000e+00 1.904770e+01
#	 3.037897e+01 1.904770e+01 0.000000e+00
# WH0W = 
#	 6.846517e-01 2.426526e-01 -1.827148e+00
#	 2.426526e-01 1.904111e-02 -1.258820e+00
#	 -1.827148e+00 -1.258820e+00 -7.036928e-01
#################################################
##            CALCULATION COMPLETED            ##
#################################################
# Psi[0]^2 = 0.535953 + I0.000000
# Psi[1]^2 = 0.265938 + I0.000000
# Psi[2]^2 = 0.198108 + I0.000000
# phi0 = 2.569376 
# phi1 = 2.635463 
# phi2 = -1.034460 
# Psi = 
#	3.964236e-01+i(-6.154685e-01)
#	2.500055e-01+i(-4.510383e-01)
#	-3.825966e-01+i(2.274386e-01)
#ProbSurv b 1-|Psi|^2 calls E tol dh dh(prev) dh(last)
0.446829112288	1	-1.5743e-13	9001	280000	0.0001	0.0001	0.0001	5e-05
