# a = 0.100000
# b = 1.000000
# E = 2800000.000000
# tol = 0.000100
# s12 = 0.554977
# s13 = 0.152971
# psi0 = 0.822075 + I0.000000	0.548446 + I0.000000	0.152971 + I0.000000
# dh = 0.000100
# out = data/E2.8e6.0_tol1e-4.log
# model = sun
# scan_steps = 100.000000
# H0 = 
#	 0.000000e+00 0.000000e+00 0.000000e+00
#	 0.000000e+00 4.748921e-02 0.000000e+00
#	 0.000000e+00 0.000000e+00 1.554271e+00
# W = 
#	 6.758072e-01 4.508635e-01 1.257533e-01
#	 4.508635e-01 3.007928e-01 8.389608e-02
#	 1.257533e-01 8.389608e-02 2.340000e-02
# H0W = 
#	 0.000000e+00 -2.141115e-02 -1.954547e-01
#	 2.141115e-02 0.000000e+00 -1.264131e-01
#	 1.954547e-01 1.264131e-01 0.000000e+00
# H0H0W = 
#	 0.000000e+00 1.016799e-03 3.037897e-01
#	 1.016799e-03 0.000000e+00 1.904770e-01
#	 3.037897e-01 1.904770e-01 0.000000e+00
# WH0W = 
#	 6.846517e-02 2.426526e-02 -1.827148e-01
#	 2.426526e-02 1.904111e-03 -1.258820e-01
#	 -1.827148e-01 -1.258820e-01 -7.036928e-02
#################################################
##            CALCULATION COMPLETED            ##
#################################################
# Psi[0]^2 = 0.667415 + I0.000000
# Psi[1]^2 = 0.300248 + I0.000000
# Psi[2]^2 = 0.032337 + I0.000000
# phi0 = 2.237300 
# phi1 = 2.243797 
# phi2 = 2.455849 
# Psi = 
#	6.421166e-01+i(-5.050756e-01)
#	4.284714e-01+i(-3.415557e-01)
#	1.138738e-01+i(-1.391750e-01)
#ProbSurv b 1-|Psi|^2 calls E tol dh dh(prev) dh(last)
0.542113013673	1	-8.26006e-14	9001	2.8e+06	0.0001	0.0001	0.0001	5e-05
