# a = 0.100000
# b = 1.000000
# E = 0.917061
# tol = 0.000100
# s12 = 0.554977
# s13 = 0.152971
# psi0 = 0.822075 + I0.000000	0.548446 + I0.000000	0.152971 + I0.000000
# dh = 0.000100
# out = data/E2.9e-0.5_tol1e-4.log
# model = sun
# scan_steps = 100.000000
# H0 = 
#	 0.000000e+00 0.000000e+00 0.000000e+00
#	 0.000000e+00 1.449956e+05 0.000000e+00
#	 0.000000e+00 0.000000e+00 4.745554e+06
# W = 
#	 6.758072e-01 4.508635e-01 1.257533e-01
#	 4.508635e-01 3.007928e-01 8.389608e-02
#	 1.257533e-01 8.389608e-02 2.340000e-02
# H0W = 
#	 0.000000e+00 -6.537325e+04 -5.967690e+05
#	 6.537325e+04 0.000000e+00 -3.859688e+05
#	 5.967690e+05 3.859688e+05 0.000000e+00
# H0H0W = 
#	 0.000000e+00 9.478837e+09 2.831999e+12
#	 9.478837e+09 0.000000e+00 1.775672e+12
#	 2.831999e+12 1.775672e+12 0.000000e+00
# WH0W = 
#	 2.090401e+05 7.408750e+04 -5.578711e+05
#	 7.408750e+04 5.813697e+03 -3.843472e+05
#	 -5.578711e+05 -3.843472e+05 -2.148538e+05
#################################################
##            CALCULATION COMPLETED            ##
#################################################
# Psi[0]^2 = 0.605790 + I0.000000
# Psi[1]^2 = 0.370585 + I0.000000
# Psi[2]^2 = 0.023625 + I0.000000
# phi0 = 0.004948 
# phi1 = -2.799769 
# phi2 = -0.656832 
# Psi = 
#	3.851432e-03+i(7.783154e-01)
#	-2.040590e-01+i(-5.735374e-01)
#	-9.385380e-02+i(1.217234e-01)
#ProbSurv b 1-|Psi|^2 calls E tol dh dh(prev) dh(last)
0.521419208852	1	5.06909e-11	482268	0.917061	0.0001	0.0001	1.86619e-06	1.69055e-06
