# a = 0.100000
# b = 1.000000
# E = 2900.000000
# tol = 0.000100
# s12 = 0.554977
# s13 = 0.152971
# psi0 = 0.822075 + I0.000000	0.548446 + I0.000000	0.152971 + I0.000000
# dh = 0.000100
# out = data/E2.9e3.0_tol1e-4.log
# model = sun
# scan_steps = 100.000000
# H0 = 
#	 0.000000e+00 0.000000e+00 0.000000e+00
#	 0.000000e+00 4.585165e+01 0.000000e+00
#	 0.000000e+00 0.000000e+00 1.500676e+03
# W = 
#	 6.758072e-01 4.508635e-01 1.257533e-01
#	 4.508635e-01 3.007928e-01 8.389608e-02
#	 1.257533e-01 8.389608e-02 2.340000e-02
# H0W = 
#	 0.000000e+00 -2.067284e+01 -1.887149e+02
#	 2.067284e+01 0.000000e+00 -1.220540e+02
#	 1.887149e+02 1.220540e+02 0.000000e+00
# H0H0W = 
#	 0.000000e+00 9.478837e+02 2.831999e+05
#	 9.478837e+02 0.000000e+00 1.775672e+05
#	 2.831999e+05 1.775672e+05 0.000000e+00
# WH0W = 
#	 6.610430e+01 2.342853e+01 -1.764143e+02
#	 2.342853e+01 1.838452e+00 -1.215413e+02
#	 -1.764143e+02 -1.215413e+02 -6.794275e+01
#################################################
##            CALCULATION COMPLETED            ##
#################################################
# Psi[0]^2 = 0.000001 + I0.000000
# Psi[1]^2 = 0.000107 + I0.000000
# Psi[2]^2 = 0.999892 + I0.000000
# phi0 = 2.813097 
# phi1 = -2.323222 
# phi2 = 2.024406 
# Psi = 
#	3.926132e-04+i(-1.151881e-03)
#	-7.539080e-03+i(-7.057615e-03)
#	8.988224e-01+i(-4.381897e-01)
#ProbSurv b 1-|Psi|^2 calls E tol dh dh(prev) dh(last)
0.0234305494908	1	-5.66214e-14	9001	2900	0.0001	0.0001	0.0001	5e-05
