# a = 0.100000
# b = 1.000000
# E = 29.000000
# tol = 0.000100
# s12 = 0.554977
# s13 = 0.152971
# psi0 = 0.822075 + I0.000000	0.548446 + I0.000000	0.152971 + I0.000000
# dh = 0.000100
# out = data/E2.9e1.0_tol1e-4.log
# model = sun
# scan_steps = 100.000000
# H0 = 
#	 0.000000e+00 0.000000e+00 0.000000e+00
#	 0.000000e+00 4.585165e+03 0.000000e+00
#	 0.000000e+00 0.000000e+00 1.500676e+05
# W = 
#	 6.758072e-01 4.508635e-01 1.257533e-01
#	 4.508635e-01 3.007928e-01 8.389608e-02
#	 1.257533e-01 8.389608e-02 2.340000e-02
# H0W = 
#	 0.000000e+00 -2.067284e+03 -1.887149e+04
#	 2.067284e+03 0.000000e+00 -1.220540e+04
#	 1.887149e+04 1.220540e+04 0.000000e+00
# H0H0W = 
#	 0.000000e+00 9.478837e+06 2.831999e+09
#	 9.478837e+06 0.000000e+00 1.775672e+09
#	 2.831999e+09 1.775672e+09 0.000000e+00
# WH0W = 
#	 6.610430e+03 2.342853e+03 -1.764143e+04
#	 2.342853e+03 1.838452e+02 -1.215413e+04
#	 -1.764143e+04 -1.215413e+04 -6.794275e+03
#################################################
##            CALCULATION COMPLETED            ##
#################################################
# Psi[0]^2 = 0.009943 + I0.000000
# Psi[1]^2 = 0.957680 + I0.000000
# Psi[2]^2 = 0.032377 + I0.000000
# phi0 = 1.479173 
# phi1 = 2.123685 
# phi2 = -2.187411 
# Psi = 
#	9.929703e-02+i(9.123495e-03)
#	8.328091e-01+i(-5.139152e-01)
#	-1.467991e-01+i(-1.040528e-01)
#ProbSurv b 1-|Psi|^2 calls E tol dh dh(prev) dh(last)
0.295540488758	1	-3.09597e-12	9001	29	0.0001	0.0001	0.0001	5e-05
