# a = 0.100000
# b = 1.000000
# E = 91706.052145
# tol = 0.000100
# s12 = 0.554977
# s13 = 0.152971
# psi0 = 0.822075 + I0.000000	0.548446 + I0.000000	0.152971 + I0.000000
# dh = 0.000100
# out = data/E2.9e4.5_tol1e-4.log
# model = sun
# scan_steps = 100.000000
# H0 = 
#	 0.000000e+00 0.000000e+00 0.000000e+00
#	 0.000000e+00 1.449956e+00 0.000000e+00
#	 0.000000e+00 0.000000e+00 4.745554e+01
# W = 
#	 6.758072e-01 4.508635e-01 1.257533e-01
#	 4.508635e-01 3.007928e-01 8.389608e-02
#	 1.257533e-01 8.389608e-02 2.340000e-02
# H0W = 
#	 0.000000e+00 -6.537325e-01 -5.967690e+00
#	 6.537325e-01 0.000000e+00 -3.859688e+00
#	 5.967690e+00 3.859688e+00 0.000000e+00
# H0H0W = 
#	 0.000000e+00 9.478837e-01 2.831999e+02
#	 9.478837e-01 0.000000e+00 1.775672e+02
#	 2.831999e+02 1.775672e+02 0.000000e+00
# WH0W = 
#	 2.090401e+00 7.408750e-01 -5.578711e+00
#	 7.408750e-01 5.813697e-02 -3.843472e+00
#	 -5.578711e+00 -3.843472e+00 -2.148538e+00
#################################################
##            CALCULATION COMPLETED            ##
#################################################
# Psi[0]^2 = 0.321968 + I0.000000
# Psi[1]^2 = 0.197646 + I0.000000
# Psi[2]^2 = 0.480386 + I0.000000
# phi0 = -3.097488 
# phi1 = -2.893440 
# phi2 = 2.049037 
# Psi = 
#	-2.501759e-02+i(-5.668706e-01)
#	-1.091934e-01+i(-4.309557e-01)
#	6.153371e-01+i(-3.189767e-01)
#ProbSurv b 1-|Psi|^2 calls E tol dh dh(prev) dh(last)
0.288279911408	1	-9.9476e-14	9001	91706.1	0.0001	0.0001	0.0001	5e-05
