# a = 0.100000
# b = 1.000000
# E = 3.000000
# tol = 0.000100
# s12 = 0.554977
# s13 = 0.152971
# psi0 = 0.822075 + I0.000000	0.548446 + I0.000000	0.152971 + I0.000000
# dh = 0.000100
# out = data/E3.0e0.0_tol1e-4.log
# model = sun
# scan_steps = 100.000000
# H0 = 
#	 0.000000e+00 0.000000e+00 0.000000e+00
#	 0.000000e+00 4.432326e+04 0.000000e+00
#	 0.000000e+00 0.000000e+00 1.450653e+06
# W = 
#	 6.758072e-01 4.508635e-01 1.257533e-01
#	 4.508635e-01 3.007928e-01 8.389608e-02
#	 1.257533e-01 8.389608e-02 2.340000e-02
# H0W = 
#	 0.000000e+00 -1.998374e+04 -1.824244e+05
#	 1.998374e+04 0.000000e+00 -1.179856e+05
#	 1.824244e+05 1.179856e+05 0.000000e+00
# H0H0W = 
#	 0.000000e+00 8.857447e+08 2.646346e+11
#	 8.857447e+08 0.000000e+00 1.659267e+11
#	 2.646346e+11 1.659267e+11 0.000000e+00
# WH0W = 
#	 6.390082e+04 2.264757e+04 -1.705338e+05
#	 2.264757e+04 1.777171e+03 -1.174899e+05
#	 -1.705338e+05 -1.174899e+05 -6.567799e+04
#################################################
##            CALCULATION COMPLETED            ##
#################################################
# Psi[0]^2 = 0.423843 + I0.000000
# Psi[1]^2 = 0.552009 + I0.000000
# Psi[2]^2 = 0.024148 + I0.000000
# phi0 = 2.923477 
# phi1 = -1.332107 
# phi2 = 1.382901 
# Psi = 
#	1.408768e-01+i(-6.356073e-01)
#	-7.219085e-01+i(1.756609e-01)
#	1.526625e-01+i(2.902696e-02)
#ProbSurv b 1-|Psi|^2 calls E tol dh dh(prev) dh(last)
0.453041399296	1	-1.13449e-11	70110	3	0.0001	0.0001	1.28372e-05	1.04811e-05
