# a = 0.100000
# b = 1.000000
# E = 948683.298051
# tol = 0.000100
# s12 = 0.554977
# s13 = 0.152971
# psi0 = 0.822075 + I0.000000	0.548446 + I0.000000	0.152971 + I0.000000
# dh = 0.000100
# out = data/E3.0e5.5_tol1e-4.log
# model = sun
# scan_steps = 100.000000
# H0 = 
#	 0.000000e+00 0.000000e+00 0.000000e+00
#	 0.000000e+00 1.401625e-01 0.000000e+00
#	 0.000000e+00 0.000000e+00 4.587369e+00
# W = 
#	 6.758072e-01 4.508635e-01 1.257533e-01
#	 4.508635e-01 3.007928e-01 8.389608e-02
#	 1.257533e-01 8.389608e-02 2.340000e-02
# H0W = 
#	 0.000000e+00 -6.319414e-02 -5.768767e-01
#	 6.319414e-02 0.000000e+00 -3.731031e-01
#	 5.768767e-01 3.731031e-01 0.000000e+00
# H0H0W = 
#	 0.000000e+00 8.857447e-03 2.646346e+00
#	 8.857447e-03 0.000000e+00 1.659267e+00
#	 2.646346e+00 1.659267e+00 0.000000e+00
# WH0W = 
#	 2.020721e-01 7.161792e-02 -5.392754e-01
#	 7.161792e-02 5.619907e-03 -3.715357e-01
#	 -5.392754e-01 -3.715357e-01 -2.076921e-01
#################################################
##            CALCULATION COMPLETED            ##
#################################################
# Psi[0]^2 = 0.646651 + I0.000000
# Psi[1]^2 = 0.297079 + I0.000000
# Psi[2]^2 = 0.056270 + I0.000000
# phi0 = 2.313785 
# phi1 = 2.332946 
# phi2 = 2.990523 
# Psi = 
#	5.922133e-01+i(-5.439983e-01)
#	3.942637e-01+i(-3.763446e-01)
#	3.569952e-02+i(-2.345115e-01)
#ProbSurv b 1-|Psi|^2 calls E tol dh dh(prev) dh(last)
0.527687231839	1	-1.14575e-13	9001	948683	0.0001	0.0001	0.0001	5e-05
