# a = 0.100000
# b = 1.000000
# E = 30.000000
# tol = 0.000100
# s12 = 0.554977
# s13 = 0.152971
# psi0 = 0.822075 + I0.000000	0.548446 + I0.000000	0.152971 + I0.000000
# dh = 0.000100
# out = data/E3.0e1.0_tol1e-4.log
# model = sun
# scan_steps = 100.000000
# H0 = 
#	 0.000000e+00 0.000000e+00 0.000000e+00
#	 0.000000e+00 4.432326e+03 0.000000e+00
#	 0.000000e+00 0.000000e+00 1.450653e+05
# W = 
#	 6.758072e-01 4.508635e-01 1.257533e-01
#	 4.508635e-01 3.007928e-01 8.389608e-02
#	 1.257533e-01 8.389608e-02 2.340000e-02
# H0W = 
#	 0.000000e+00 -1.998374e+03 -1.824244e+04
#	 1.998374e+03 0.000000e+00 -1.179856e+04
#	 1.824244e+04 1.179856e+04 0.000000e+00
# H0H0W = 
#	 0.000000e+00 8.857447e+06 2.646346e+09
#	 8.857447e+06 0.000000e+00 1.659267e+09
#	 2.646346e+09 1.659267e+09 0.000000e+00
# WH0W = 
#	 6.390082e+03 2.264757e+03 -1.705338e+04
#	 2.264757e+03 1.777171e+02 -1.174899e+04
#	 -1.705338e+04 -1.174899e+04 -6.567799e+03
#################################################
##            CALCULATION COMPLETED            ##
#################################################
# Psi[0]^2 = 0.009265 + I0.000000
# Psi[1]^2 = 0.957439 + I0.000000
# Psi[2]^2 = 0.033295 + I0.000000
# phi0 = 1.889869 
# phi1 = 2.223097 
# phi2 = 0.995156 
# Psi = 
#	9.139882e-02+i(-3.019456e-02)
#	7.775942e-01+i(-5.939583e-01)
#	1.530638e-01+i(9.933147e-02)
#ProbSurv b 1-|Psi|^2 calls E tol dh dh(prev) dh(last)
0.295031610807	1	-3.35842e-12	9001	30	0.0001	0.0001	0.0001	5e-05
