# a = 0.100000
# b = 1.000000
# E = 948.683298
# tol = 0.000100
# s12 = 0.554977
# s13 = 0.152971
# psi0 = 0.822075 + I0.000000	0.548446 + I0.000000	0.152971 + I0.000000
# dh = 0.000100
# out = data/E3.0e2.5_tol1e-4.log
# model = sun
# scan_steps = 100.000000
# H0 = 
#	 0.000000e+00 0.000000e+00 0.000000e+00
#	 0.000000e+00 1.401625e+02 0.000000e+00
#	 0.000000e+00 0.000000e+00 4.587369e+03
# W = 
#	 6.758072e-01 4.508635e-01 1.257533e-01
#	 4.508635e-01 3.007928e-01 8.389608e-02
#	 1.257533e-01 8.389608e-02 2.340000e-02
# H0W = 
#	 0.000000e+00 -6.319414e+01 -5.768767e+02
#	 6.319414e+01 0.000000e+00 -3.731031e+02
#	 5.768767e+02 3.731031e+02 0.000000e+00
# H0H0W = 
#	 0.000000e+00 8.857447e+03 2.646346e+06
#	 8.857447e+03 0.000000e+00 1.659267e+06
#	 2.646346e+06 1.659267e+06 0.000000e+00
# WH0W = 
#	 2.020721e+02 7.161792e+01 -5.392754e+02
#	 7.161792e+01 5.619907e+00 -3.715357e+02
#	 -5.392754e+02 -3.715357e+02 -2.076921e+02
#################################################
##            CALCULATION COMPLETED            ##
#################################################
# Psi[0]^2 = 0.000008 + I0.000000
# Psi[1]^2 = 0.001348 + I0.000000
# Psi[2]^2 = 0.998644 + I0.000000
# phi0 = 2.219303 
# phi1 = 0.877326 
# phi2 = -3.034080 
# Psi = 
#	2.317189e-03+i(-1.756084e-03)
#	2.823131e-02+i(2.346548e-02)
#	-1.072326e-01+i(-9.935518e-01)
#ProbSurv b 1-|Psi|^2 calls E tol dh dh(prev) dh(last)
0.0237793393158	1	-8.79297e-14	9001	948.683	0.0001	0.0001	0.0001	5e-05
