# a = 0.100000
# b = 1.000000
# E = 980.306075
# tol = 0.000100
# s12 = 0.554977
# s13 = 0.152971
# psi0 = 0.822075 + I0.000000	0.548446 + I0.000000	0.152971 + I0.000000
# dh = 0.000100
# out = data/E3.1e2.5_tol1e-4.log
# model = sun
# scan_steps = 100.000000
# H0 = 
#	 0.000000e+00 0.000000e+00 0.000000e+00
#	 0.000000e+00 1.356411e+02 0.000000e+00
#	 0.000000e+00 0.000000e+00 4.439389e+03
# W = 
#	 6.758072e-01 4.508635e-01 1.257533e-01
#	 4.508635e-01 3.007928e-01 8.389608e-02
#	 1.257533e-01 8.389608e-02 2.340000e-02
# H0W = 
#	 0.000000e+00 -6.115562e+01 -5.582677e+02
#	 6.115562e+01 0.000000e+00 -3.610676e+02
#	 5.582677e+02 3.610676e+02 0.000000e+00
# H0H0W = 
#	 0.000000e+00 8.295216e+03 2.478368e+06
#	 8.295216e+03 0.000000e+00 1.553944e+06
#	 2.478368e+06 1.553944e+06 0.000000e+00
# WH0W = 
#	 1.955537e+02 6.930766e+01 -5.218794e+02
#	 6.930766e+01 5.438619e+00 -3.595506e+02
#	 -5.218794e+02 -3.595506e+02 -2.009923e+02
#################################################
##            CALCULATION COMPLETED            ##
#################################################
# Psi[0]^2 = 0.000008 + I0.000000
# Psi[1]^2 = 0.001244 + I0.000000
# Psi[2]^2 = 0.998748 + I0.000000
# phi0 = 0.980925 
# phi1 = 2.138209 
# phi2 = -1.957436 
# Psi = 
#	2.332694e-03+i(1.561434e-03)
#	2.973895e-02+i(-1.895337e-02)
#	-9.256015e-01+i(-3.768427e-01)
#ProbSurv b 1-|Psi|^2 calls E tol dh dh(prev) dh(last)
0.0237501162504	1	-7.81597e-14	9001	980.306	0.0001	0.0001	0.0001	5e-05
