# a = 0.100000
# b = 1.000000
# E = 3100000.000000
# tol = 0.000100
# s12 = 0.554977
# s13 = 0.152971
# psi0 = 0.822075 + I0.000000	0.548446 + I0.000000	0.152971 + I0.000000
# dh = 0.000100
# out = data/E3.1e6.0_tol1e-4.log
# model = sun
# scan_steps = 100.000000
# H0 = 
#	 0.000000e+00 0.000000e+00 0.000000e+00
#	 0.000000e+00 4.289348e-02 0.000000e+00
#	 0.000000e+00 0.000000e+00 1.403858e+00
# W = 
#	 6.758072e-01 4.508635e-01 1.257533e-01
#	 4.508635e-01 3.007928e-01 8.389608e-02
#	 1.257533e-01 8.389608e-02 2.340000e-02
# H0W = 
#	 0.000000e+00 -1.933911e-02 -1.765398e-01
#	 1.933911e-02 0.000000e+00 -1.141796e-01
#	 1.765398e-01 1.141796e-01 0.000000e+00
# H0H0W = 
#	 0.000000e+00 8.295216e-04 2.478368e-01
#	 8.295216e-04 0.000000e+00 1.553944e-01
#	 2.478368e-01 1.553944e-01 0.000000e+00
# WH0W = 
#	 6.183951e-02 2.191701e-02 -1.650328e-01
#	 2.191701e-02 1.719842e-03 -1.136999e-01
#	 -1.650328e-01 -1.136999e-01 -6.355935e-02
#################################################
##            CALCULATION COMPLETED            ##
#################################################
# Psi[0]^2 = 0.668291 + I0.000000
# Psi[1]^2 = 0.300331 + I0.000000
# Psi[2]^2 = 0.031378 + I0.000000
# phi0 = 2.233523 
# phi1 = 2.239391 
# phi2 = 2.430430 
# Psi = 
#	6.444420e-01+i(-5.029764e-01)
#	4.300311e-01+i(-3.397117e-01)
#	1.156217e-01+i(-1.342017e-01)
#ProbSurv b 1-|Psi|^2 calls E tol dh dh(prev) dh(last)
0.542707288578	1	-1.05915e-13	9001	3.1e+06	0.0001	0.0001	0.0001	5e-05
