# a = 0.100000
# b = 1.000000
# E = 320000.000000
# tol = 0.000100
# s12 = 0.554977
# s13 = 0.152971
# psi0 = 0.822075 + I0.000000	0.548446 + I0.000000	0.152971 + I0.000000
# dh = 0.000100
# out = data/E3.2e5.0_tol1e-4.log
# model = sun
# scan_steps = 100.000000
# H0 = 
#	 0.000000e+00 0.000000e+00 0.000000e+00
#	 0.000000e+00 4.155306e-01 0.000000e+00
#	 0.000000e+00 0.000000e+00 1.359987e+01
# W = 
#	 6.758072e-01 4.508635e-01 1.257533e-01
#	 4.508635e-01 3.007928e-01 8.389608e-02
#	 1.257533e-01 8.389608e-02 2.340000e-02
# H0W = 
#	 0.000000e+00 -1.873476e-01 -1.710229e+00
#	 1.873476e-01 0.000000e+00 -1.106115e+00
#	 1.710229e+00 1.106115e+00 0.000000e+00
# H0H0W = 
#	 0.000000e+00 7.784865e-02 2.325890e+01
#	 7.784865e-02 0.000000e+00 1.458340e+01
#	 2.325890e+01 1.458340e+01 0.000000e+00
# WH0W = 
#	 5.990702e-01 2.123210e-01 -1.598755e+00
#	 2.123210e-01 1.666097e-02 -1.101468e+00
#	 -1.598755e+00 -1.101468e+00 -6.157312e-01
#################################################
##            CALCULATION COMPLETED            ##
#################################################
# Psi[0]^2 = 0.556622 + I0.000000
# Psi[1]^2 = 0.272486 + I0.000000
# Psi[2]^2 = 0.170892 + I0.000000
# phi0 = 2.528675 
# phi1 = 2.586209 
# phi2 = -1.472907 
# Psi = 
#	4.291823e-01+i(-6.102663e-01)
#	2.752356e-01+i(-4.435438e-01)
#	-4.114117e-01+i(4.040203e-02)
#ProbSurv b 1-|Psi|^2 calls E tol dh dh(prev) dh(last)
0.462130028685	1	-1.11688e-13	9001	320000	0.0001	0.0001	0.0001	5e-05
