# a = 0.100000
# b = 1.000000
# E = 1.011929
# tol = 0.000100
# s12 = 0.554977
# s13 = 0.152971
# psi0 = 0.822075 + I0.000000	0.548446 + I0.000000	0.152971 + I0.000000
# dh = 0.000100
# out = data/E3.2e-0.5_tol1e-4.log
# model = sun
# scan_steps = 100.000000
# H0 = 
#	 0.000000e+00 0.000000e+00 0.000000e+00
#	 0.000000e+00 1.314023e+05 0.000000e+00
#	 0.000000e+00 0.000000e+00 4.300658e+06
# W = 
#	 6.758072e-01 4.508635e-01 1.257533e-01
#	 4.508635e-01 3.007928e-01 8.389608e-02
#	 1.257533e-01 8.389608e-02 2.340000e-02
# H0W = 
#	 0.000000e+00 -5.924451e+04 -5.408219e+05
#	 5.924451e+04 0.000000e+00 -3.497842e+05
#	 5.408219e+05 3.497842e+05 0.000000e+00
# H0H0W = 
#	 0.000000e+00 7.784865e+09 2.325890e+12
#	 7.784865e+09 0.000000e+00 1.458340e+12
#	 2.325890e+12 1.458340e+12 0.000000e+00
# WH0W = 
#	 1.894426e+05 6.714180e+04 -5.055707e+05
#	 6.714180e+04 5.268663e+03 -3.483147e+05
#	 -5.055707e+05 -3.483147e+05 -1.947113e+05
#################################################
##            CALCULATION COMPLETED            ##
#################################################
# Psi[0]^2 = 0.597992 + I0.000000
# Psi[1]^2 = 0.378360 + I0.000000
# Psi[2]^2 = 0.023649 + I0.000000
# phi0 = 2.356288 
# phi1 = 0.473254 
# phi2 = 1.807963 
# Psi = 
#	5.467538e-01+i(-5.468565e-01)
#	2.803578e-01+i(5.475026e-01)
#	1.494763e-01+i(-3.613070e-02)
#ProbSurv b 1-|Psi|^2 calls E tol dh dh(prev) dh(last)
0.518488384083	1	2.46964e-11	475844	1.01193	0.0001	0.0001	1.89138e-06	1.05959e-06
