# a = 0.100000
# b = 1.000000
# E = 1011928.851254
# tol = 0.000100
# s12 = 0.554977
# s13 = 0.152971
# psi0 = 0.822075 + I0.000000	0.548446 + I0.000000	0.152971 + I0.000000
# dh = 0.000100
# out = data/E3.2e5.5_tol1e-4.log
# model = sun
# scan_steps = 100.000000
# H0 = 
#	 0.000000e+00 0.000000e+00 0.000000e+00
#	 0.000000e+00 1.314023e-01 0.000000e+00
#	 0.000000e+00 0.000000e+00 4.300658e+00
# W = 
#	 6.758072e-01 4.508635e-01 1.257533e-01
#	 4.508635e-01 3.007928e-01 8.389608e-02
#	 1.257533e-01 8.389608e-02 2.340000e-02
# H0W = 
#	 0.000000e+00 -5.924451e-02 -5.408219e-01
#	 5.924451e-02 0.000000e+00 -3.497842e-01
#	 5.408219e-01 3.497842e-01 0.000000e+00
# H0H0W = 
#	 0.000000e+00 7.784865e-03 2.325890e+00
#	 7.784865e-03 0.000000e+00 1.458340e+00
#	 2.325890e+00 1.458340e+00 0.000000e+00
# WH0W = 
#	 1.894426e-01 6.714180e-02 -5.055707e-01
#	 6.714180e-02 5.268663e-03 -3.483147e-01
#	 -5.055707e-01 -3.483147e-01 -1.947113e-01
#################################################
##            CALCULATION COMPLETED            ##
#################################################
# Psi[0]^2 = 0.648871 + I0.000000
# Psi[1]^2 = 0.297505 + I0.000000
# Psi[2]^2 = 0.053624 + I0.000000
# phi0 = 2.306554 
# phi1 = 2.324517 
# phi2 = 2.938223 
# Psi = 
#	5.971539e-01+i(-5.406274e-01)
#	3.977065e-01+i(-3.732752e-01)
#	4.677011e-02+i(-2.267970e-01)
#ProbSurv b 1-|Psi|^2 calls E tol dh dh(prev) dh(last)
0.529253686254	1	-1.05693e-13	9001	1.01193e+06	0.0001	0.0001	0.0001	5e-05
