# a = 0.100000
# b = 1.000000
# E = 33.000000
# tol = 0.000100
# s12 = 0.554977
# s13 = 0.152971
# psi0 = 0.822075 + I0.000000	0.548446 + I0.000000	0.152971 + I0.000000
# dh = 0.000100
# out = data/E3.3e1.0_tol1e-4.log
# model = sun
# scan_steps = 100.000000
# H0 = 
#	 0.000000e+00 0.000000e+00 0.000000e+00
#	 0.000000e+00 4.029387e+03 0.000000e+00
#	 0.000000e+00 0.000000e+00 1.318776e+05
# W = 
#	 6.758072e-01 4.508635e-01 1.257533e-01
#	 4.508635e-01 3.007928e-01 8.389608e-02
#	 1.257533e-01 8.389608e-02 2.340000e-02
# H0W = 
#	 0.000000e+00 -1.816704e+03 -1.658404e+04
#	 1.816704e+03 0.000000e+00 -1.072596e+04
#	 1.658404e+04 1.072596e+04 0.000000e+00
# H0H0W = 
#	 0.000000e+00 7.320204e+06 2.187063e+09
#	 7.320204e+06 0.000000e+00 1.371295e+09
#	 2.187063e+09 1.371295e+09 0.000000e+00
# WH0W = 
#	 5.809166e+03 2.058870e+03 -1.550308e+04
#	 2.058870e+03 1.615610e+02 -1.068090e+04
#	 -1.550308e+04 -1.068090e+04 -5.970727e+03
#################################################
##            CALCULATION COMPLETED            ##
#################################################
# Psi[0]^2 = 0.007588 + I0.000000
# Psi[1]^2 = 0.958610 + I0.000000
# Psi[2]^2 = 0.033802 + I0.000000
# phi0 = -0.210123 
# phi1 = -0.683720 
# phi2 = 1.447150 
# Psi = 
#	-1.816921e-02+i(8.519316e-02)
#	-6.184705e-01+i(7.590157e-01)
#	1.824483e-01+i(2.267481e-02)
#ProbSurv b 1-|Psi|^2 calls E tol dh dh(prev) dh(last)
0.294262108792	1	-2.58549e-12	9001	33	0.0001	0.0001	0.0001	5e-05
