# a = 0.100000
# b = 1.000000
# E = 1.043552
# tol = 0.000100
# s12 = 0.554977
# s13 = 0.152971
# psi0 = 0.822075 + I0.000000	0.548446 + I0.000000	0.152971 + I0.000000
# dh = 0.000100
# out = data/E3.3e-0.5_tol1e-4.log
# model = sun
# scan_steps = 100.000000
# H0 = 
#	 0.000000e+00 0.000000e+00 0.000000e+00
#	 0.000000e+00 1.274204e+05 0.000000e+00
#	 0.000000e+00 0.000000e+00 4.170335e+06
# W = 
#	 6.758072e-01 4.508635e-01 1.257533e-01
#	 4.508635e-01 3.007928e-01 8.389608e-02
#	 1.257533e-01 8.389608e-02 2.340000e-02
# H0W = 
#	 0.000000e+00 -5.744922e+04 -5.244333e+05
#	 5.744922e+04 0.000000e+00 -3.391847e+05
#	 5.244333e+05 3.391847e+05 0.000000e+00
# H0H0W = 
#	 0.000000e+00 7.320204e+09 2.187063e+12
#	 7.320204e+09 0.000000e+00 1.371295e+12
#	 2.187063e+12 1.371295e+12 0.000000e+00
# WH0W = 
#	 1.837019e+05 6.510720e+04 -4.902503e+05
#	 6.510720e+04 5.109006e+03 -3.377597e+05
#	 -4.902503e+05 -3.377597e+05 -1.888110e+05
#################################################
##            CALCULATION COMPLETED            ##
#################################################
# Psi[0]^2 = 0.595373 + I0.000000
# Psi[1]^2 = 0.380970 + I0.000000
# Psi[2]^2 = 0.023656 + I0.000000
# phi0 = 1.039857 
# phi1 = -0.498213 
# phi2 = -0.642914 
# Psi = 
#	6.653789e-01+i(3.906972e-01)
#	-2.949462e-01+i(5.421964e-01)
#	-9.221164e-02+i(1.230993e-01)
#ProbSurv b 1-|Psi|^2 calls E tol dh dh(prev) dh(last)
0.517504284716	1	3.22247e-11	448205	1.04355	0.0001	0.0001	2.00802e-06	1.08586e-06
