# a = 0.100000
# b = 1.000000
# E = 0.330000
# tol = 0.000100
# s12 = 0.554977
# s13 = 0.152971
# psi0 = 0.822075 + I0.000000	0.548446 + I0.000000	0.152971 + I0.000000
# dh = 0.000100
# out = data/E3.3e-1.0_tol1e-4.log
# model = sun
# scan_steps = 100.000000
# H0 = 
#	 0.000000e+00 0.000000e+00 0.000000e+00
#	 0.000000e+00 4.029387e+05 0.000000e+00
#	 0.000000e+00 0.000000e+00 1.318776e+07
# W = 
#	 6.758072e-01 4.508635e-01 1.257533e-01
#	 4.508635e-01 3.007928e-01 8.389608e-02
#	 1.257533e-01 8.389608e-02 2.340000e-02
# H0W = 
#	 0.000000e+00 -1.816704e+05 -1.658404e+06
#	 1.816704e+05 0.000000e+00 -1.072596e+06
#	 1.658404e+06 1.072596e+06 0.000000e+00
# H0H0W = 
#	 0.000000e+00 7.320204e+10 2.187063e+13
#	 7.320204e+10 0.000000e+00 1.371295e+13
#	 2.187063e+13 1.371295e+13 0.000000e+00
# WH0W = 
#	 5.809166e+05 2.058870e+05 -1.550308e+06
#	 2.058870e+05 1.615610e+04 -1.068090e+06
#	 -1.550308e+06 -1.068090e+06 -5.970727e+05
#################################################
##            CALCULATION COMPLETED            ##
#################################################
# Psi[0]^2 = 0.651826 + I0.000000
# Psi[1]^2 = 0.324693 + I0.000000
# Psi[2]^2 = 0.023481 + I0.000000
# phi0 = -1.403804 
# phi1 = 2.625823 
# phi2 = -3.109993 
# Psi = 
#	-7.961264e-01+i(1.341971e-01)
#	2.810370e-01+i(-4.956929e-01)
#	-4.841390e-03+i(-1.531575e-01)
#ProbSurv b 1-|Psi|^2 calls E tol dh dh(prev) dh(last)
0.538723611595	1	-2.11164e-12	1669816	0.33	0.0001	0.0001	5.38982e-07	4.35804e-07
