# a = 0.100000
# b = 1.000000
# E = 104355.162786
# tol = 0.000100
# s12 = 0.554977
# s13 = 0.152971
# psi0 = 0.822075 + I0.000000	0.548446 + I0.000000	0.152971 + I0.000000
# dh = 0.000100
# out = data/E3.3e4.5_tol1e-4.log
# model = sun
# scan_steps = 100.000000
# H0 = 
#	 0.000000e+00 0.000000e+00 0.000000e+00
#	 0.000000e+00 1.274204e+00 0.000000e+00
#	 0.000000e+00 0.000000e+00 4.170335e+01
# W = 
#	 6.758072e-01 4.508635e-01 1.257533e-01
#	 4.508635e-01 3.007928e-01 8.389608e-02
#	 1.257533e-01 8.389608e-02 2.340000e-02
# H0W = 
#	 0.000000e+00 -5.744922e-01 -5.244333e+00
#	 5.744922e-01 0.000000e+00 -3.391847e+00
#	 5.244333e+00 3.391847e+00 0.000000e+00
# H0H0W = 
#	 0.000000e+00 7.320204e-01 2.187063e+02
#	 7.320204e-01 0.000000e+00 1.371295e+02
#	 2.187063e+02 1.371295e+02 0.000000e+00
# WH0W = 
#	 1.837019e+00 6.510720e-01 -4.902503e+00
#	 6.510720e-01 5.109006e-02 -3.377597e+00
#	 -4.902503e+00 -3.377597e+00 -1.888110e+00
#################################################
##            CALCULATION COMPLETED            ##
#################################################
# Psi[0]^2 = 0.349069 + I0.000000
# Psi[1]^2 = 0.206938 + I0.000000
# Psi[2]^2 = 0.443992 + I0.000000
# phi0 = 3.083578 
# phi1 = -3.020127 
# phi2 = 0.153081 
# Psi = 
#	3.425710e-02+i(-5.898270e-01)
#	-5.511974e-02+i(-4.515532e-01)
#	1.016042e-01+i(6.585352e-01)
#ProbSurv b 1-|Psi|^2 calls E tol dh dh(prev) dh(last)
0.308538692144	1	-9.50351e-14	9001	104355	0.0001	0.0001	0.0001	5e-05
