# a = 0.100000
# b = 1.000000
# E = 340000.000000
# tol = 0.000100
# s12 = 0.554977
# s13 = 0.152971
# psi0 = 0.822075 + I0.000000	0.548446 + I0.000000	0.152971 + I0.000000
# dh = 0.000100
# out = data/E3.4e5.0_tol1e-4.log
# model = sun
# scan_steps = 100.000000
# H0 = 
#	 0.000000e+00 0.000000e+00 0.000000e+00
#	 0.000000e+00 3.910876e-01 0.000000e+00
#	 0.000000e+00 0.000000e+00 1.279988e+01
# W = 
#	 6.758072e-01 4.508635e-01 1.257533e-01
#	 4.508635e-01 3.007928e-01 8.389608e-02
#	 1.257533e-01 8.389608e-02 2.340000e-02
# H0W = 
#	 0.000000e+00 -1.763271e-01 -1.609627e+00
#	 1.763271e-01 0.000000e+00 -1.041049e+00
#	 1.609627e+00 1.041049e+00 0.000000e+00
# H0H0W = 
#	 0.000000e+00 6.895936e-02 2.060304e+01
#	 6.895936e-02 0.000000e+00 1.291817e+01
#	 2.060304e+01 1.291817e+01 0.000000e+00
# WH0W = 
#	 5.638308e-01 1.998315e-01 -1.504710e+00
#	 1.998315e-01 1.568092e-02 -1.036676e+00
#	 -1.504710e+00 -1.036676e+00 -5.795117e-01
#################################################
##            CALCULATION COMPLETED            ##
#################################################
# Psi[0]^2 = 0.565380 + I0.000000
# Psi[1]^2 = 0.275220 + I0.000000
# Psi[2]^2 = 0.159400 + I0.000000
# phi0 = 2.511228 
# phi1 = 2.565269 
# phi2 = -1.648473 
# Psi = 
#	4.432095e-01+i(-6.074087e-01)
#	2.858861e-01+i(-4.398745e-01)
#	-3.980448e-01+i(-3.098123e-02)
#ProbSurv b 1-|Psi|^2 calls E tol dh dh(prev) dh(last)
0.468602154298	1	-1.16573e-13	9001	340000	0.0001	0.0001	0.0001	5e-05
