# a = 0.100000
# b = 1.000000
# E = 10.751744
# tol = 0.000100
# s12 = 0.554977
# s13 = 0.152971
# psi0 = 0.822075 + I0.000000	0.548446 + I0.000000	0.152971 + I0.000000
# dh = 0.000100
# out = data/E3.4e0.5_tol1e-4.log
# model = sun
# scan_steps = 100.000000
# H0 = 
#	 0.000000e+00 0.000000e+00 0.000000e+00
#	 0.000000e+00 1.236728e+04 0.000000e+00
#	 0.000000e+00 0.000000e+00 4.047678e+05
# W = 
#	 6.758072e-01 4.508635e-01 1.257533e-01
#	 4.508635e-01 3.007928e-01 8.389608e-02
#	 1.257533e-01 8.389608e-02 2.340000e-02
# H0W = 
#	 0.000000e+00 -5.575954e+03 -5.090088e+04
#	 5.575954e+03 0.000000e+00 -3.292087e+04
#	 5.090088e+04 3.292087e+04 0.000000e+00
# H0H0W = 
#	 0.000000e+00 6.895936e+07 2.060304e+10
#	 6.895936e+07 0.000000e+00 1.291817e+10
#	 2.060304e+10 1.291817e+10 0.000000e+00
# WH0W = 
#	 1.782990e+04 6.319228e+03 -4.758312e+04
#	 6.319228e+03 4.958741e+02 -3.278256e+04
#	 -4.758312e+04 -3.278256e+04 -1.832577e+04
#################################################
##            CALCULATION COMPLETED            ##
#################################################
# Psi[0]^2 = 0.077936 + I0.000000
# Psi[1]^2 = 0.895916 + I0.000000
# Psi[2]^2 = 0.026148 + I0.000000
# phi0 = -2.221669 
# phi1 = 0.484798 
# phi2 = 2.059659 
# Psi = 
#	-2.220952e-01+i(-1.691440e-01)
#	4.411105e-01+i(8.374589e-01)
#	1.427632e-01+i(-7.593980e-02)
#ProbSurv b 1-|Psi|^2 calls E tol dh dh(prev) dh(last)
 0.32276659999	1	-6.91114e-12	18035	10.7517	0.0001	0.0001	4.99074e-05	3.47876e-05
