# a = 0.100000
# b = 1.000000
# E = 1075174.404457
# tol = 0.000100
# s12 = 0.554977
# s13 = 0.152971
# psi0 = 0.822075 + I0.000000	0.548446 + I0.000000	0.152971 + I0.000000
# dh = 0.000100
# out = data/E3.4e5.5_tol1e-4.log
# model = sun
# scan_steps = 100.000000
# H0 = 
#	 0.000000e+00 0.000000e+00 0.000000e+00
#	 0.000000e+00 1.236728e-01 0.000000e+00
#	 0.000000e+00 0.000000e+00 4.047678e+00
# W = 
#	 6.758072e-01 4.508635e-01 1.257533e-01
#	 4.508635e-01 3.007928e-01 8.389608e-02
#	 1.257533e-01 8.389608e-02 2.340000e-02
# H0W = 
#	 0.000000e+00 -5.575954e-02 -5.090088e-01
#	 5.575954e-02 0.000000e+00 -3.292087e-01
#	 5.090088e-01 3.292087e-01 0.000000e+00
# H0H0W = 
#	 0.000000e+00 6.895936e-03 2.060304e+00
#	 6.895936e-03 0.000000e+00 1.291817e+00
#	 2.060304e+00 1.291817e+00 0.000000e+00
# WH0W = 
#	 1.782990e-01 6.319228e-02 -4.758312e-01
#	 6.319228e-02 4.958741e-03 -3.278256e-01
#	 -4.758312e-01 -3.278256e-01 -1.832577e-01
#################################################
##            CALCULATION COMPLETED            ##
#################################################
# Psi[0]^2 = 0.650785 + I0.000000
# Psi[1]^2 = 0.297858 + I0.000000
# Psi[2]^2 = 0.051357 + I0.000000
# phi0 = 2.300170 
# phi1 = 2.317076 
# phi2 = 2.892375 
# Psi = 
#	6.014785e-01+i(-5.375953e-01)
#	4.007108e-01+i(-3.705256e-01)
#	5.589483e-02+i(-2.196185e-01)
#ProbSurv b 1-|Psi|^2 calls E tol dh dh(prev) dh(last)
0.530600655838	1	-1.06137e-13	9001	1.07517e+06	0.0001	0.0001	0.0001	5e-05
