# a = 0.100000
# b = 1.000000
# E = 35.000000
# tol = 0.000100
# s12 = 0.554977
# s13 = 0.152971
# psi0 = 0.822075 + I0.000000	0.548446 + I0.000000	0.152971 + I0.000000
# dh = 0.000100
# out = data/E3.5e1.0_tol1e-4.log
# model = sun
# scan_steps = 100.000000
# H0 = 
#	 0.000000e+00 0.000000e+00 0.000000e+00
#	 0.000000e+00 3.799137e+03 0.000000e+00
#	 0.000000e+00 0.000000e+00 1.243417e+05
# W = 
#	 6.758072e-01 4.508635e-01 1.257533e-01
#	 4.508635e-01 3.007928e-01 8.389608e-02
#	 1.257533e-01 8.389608e-02 2.340000e-02
# H0W = 
#	 0.000000e+00 -1.712892e+03 -1.563638e+04
#	 1.712892e+03 0.000000e+00 -1.011305e+04
#	 1.563638e+04 1.011305e+04 0.000000e+00
# H0H0W = 
#	 0.000000e+00 6.507512e+06 1.944254e+09
#	 6.507512e+06 0.000000e+00 1.219053e+09
#	 1.944254e+09 1.219053e+09 0.000000e+00
# WH0W = 
#	 5.477213e+03 1.941221e+03 -1.461719e+04
#	 1.941221e+03 1.523289e+02 -1.007056e+04
#	 -1.461719e+04 -1.007056e+04 -5.629542e+03
#################################################
##            CALCULATION COMPLETED            ##
#################################################
# Psi[0]^2 = 0.006669 + I0.000000
# Psi[1]^2 = 0.958458 + I0.000000
# Psi[2]^2 = 0.034874 + I0.000000
# phi0 = -1.536136 
# phi1 = 0.423960 
# phi2 = -0.928415 
# Psi = 
#	-8.161297e-02+i(2.829837e-03)
#	4.027380e-01+i(8.923340e-01)
#	-1.495210e-01+i(1.118793e-01)
#ProbSurv b 1-|Psi|^2 calls E tol dh dh(prev) dh(last)
0.293619990365	1	-2.16982e-12	9001	35	0.0001	0.0001	0.0001	5e-05
