# a = 0.100000
# b = 1.000000
# E = 11.067972
# tol = 0.000100
# s12 = 0.554977
# s13 = 0.152971
# psi0 = 0.822075 + I0.000000	0.548446 + I0.000000	0.152971 + I0.000000
# dh = 0.000100
# out = data/E3.5e0.5_tol1e-4.log
# model = sun
# scan_steps = 100.000000
# H0 = 
#	 0.000000e+00 0.000000e+00 0.000000e+00
#	 0.000000e+00 1.201393e+04 0.000000e+00
#	 0.000000e+00 0.000000e+00 3.932030e+05
# W = 
#	 6.758072e-01 4.508635e-01 1.257533e-01
#	 4.508635e-01 3.007928e-01 8.389608e-02
#	 1.257533e-01 8.389608e-02 2.340000e-02
# H0W = 
#	 0.000000e+00 -5.416641e+03 -4.944657e+04
#	 5.416641e+03 0.000000e+00 -3.198027e+04
#	 4.944657e+04 3.198027e+04 0.000000e+00
# H0H0W = 
#	 0.000000e+00 6.507512e+07 1.944254e+10
#	 6.507512e+07 0.000000e+00 1.219053e+10
#	 1.944254e+10 1.219053e+10 0.000000e+00
# WH0W = 
#	 1.732047e+04 6.138679e+03 -4.622360e+04
#	 6.138679e+03 4.817063e+02 -3.184591e+04
#	 -4.622360e+04 -3.184591e+04 -1.780218e+04
#################################################
##            CALCULATION COMPLETED            ##
#################################################
# Psi[0]^2 = 0.073648 + I0.000000
# Psi[1]^2 = 0.900011 + I0.000000
# Psi[2]^2 = 0.026340 + I0.000000
# phi0 = -0.378148 
# phi1 = 1.022856 
# phi2 = -1.255841 
# Psi = 
#	-1.001942e-01+i(2.522090e-01)
#	8.098005e-01+i(4.942009e-01)
#	-1.543139e-01+i(5.027551e-02)
#ProbSurv b 1-|Psi|^2 calls E tol dh dh(prev) dh(last)
 0.32110532612	1	-9.3654e-12	17422	11.068	0.0001	0.0001	5.1664e-05	3.22432e-05
