# a = 0.100000
# b = 1.000000
# E = 11067.971811
# tol = 0.000100
# s12 = 0.554977
# s13 = 0.152971
# psi0 = 0.822075 + I0.000000	0.548446 + I0.000000	0.152971 + I0.000000
# dh = 0.000100
# out = data/E3.5e3.5_tol1e-4.log
# model = sun
# scan_steps = 100.000000
# H0 = 
#	 0.000000e+00 0.000000e+00 0.000000e+00
#	 0.000000e+00 1.201393e+01 0.000000e+00
#	 0.000000e+00 0.000000e+00 3.932030e+02
# W = 
#	 6.758072e-01 4.508635e-01 1.257533e-01
#	 4.508635e-01 3.007928e-01 8.389608e-02
#	 1.257533e-01 8.389608e-02 2.340000e-02
# H0W = 
#	 0.000000e+00 -5.416641e+00 -4.944657e+01
#	 5.416641e+00 0.000000e+00 -3.198027e+01
#	 4.944657e+01 3.198027e+01 0.000000e+00
# H0H0W = 
#	 0.000000e+00 6.507512e+01 1.944254e+04
#	 6.507512e+01 0.000000e+00 1.219053e+04
#	 1.944254e+04 1.219053e+04 0.000000e+00
# WH0W = 
#	 1.732047e+01 6.138679e+00 -4.622360e+01
#	 6.138679e+00 4.817063e-01 -3.184591e+01
#	 -4.622360e+01 -3.184591e+01 -1.780218e+01
#################################################
##            CALCULATION COMPLETED            ##
#################################################
# Psi[0]^2 = 0.000557 + I0.000000
# Psi[1]^2 = 0.004103 + I0.000000
# Psi[2]^2 = 0.995339 + I0.000000
# phi0 = 2.251127 
# phi1 = -2.047620 
# phi2 = 0.392619 
# Psi = 
#	1.835124e-02+i(-1.484997e-02)
#	-5.691306e-02+i(-2.940017e-02)
#	3.817169e-01+i(9.217546e-01)
#ProbSurv b 1-|Psi|^2 calls E tol dh dh(prev) dh(last)
0.0249018519328	1	-9.57012e-14	9001	11068	0.0001	0.0001	0.0001	5e-05
