# a = 0.100000
# b = 1.000000
# E = 3500.000000
# tol = 0.000100
# s12 = 0.554977
# s13 = 0.152971
# psi0 = 0.822075 + I0.000000	0.548446 + I0.000000	0.152971 + I0.000000
# dh = 0.000100
# out = data/E3.5e3.0_tol1e-4.log
# model = sun
# scan_steps = 100.000000
# H0 = 
#	 0.000000e+00 0.000000e+00 0.000000e+00
#	 0.000000e+00 3.799137e+01 0.000000e+00
#	 0.000000e+00 0.000000e+00 1.243417e+03
# W = 
#	 6.758072e-01 4.508635e-01 1.257533e-01
#	 4.508635e-01 3.007928e-01 8.389608e-02
#	 1.257533e-01 8.389608e-02 2.340000e-02
# H0W = 
#	 0.000000e+00 -1.712892e+01 -1.563638e+02
#	 1.712892e+01 0.000000e+00 -1.011305e+02
#	 1.563638e+02 1.011305e+02 0.000000e+00
# H0H0W = 
#	 0.000000e+00 6.507512e+02 1.944254e+05
#	 6.507512e+02 0.000000e+00 1.219053e+05
#	 1.944254e+05 1.219053e+05 0.000000e+00
# WH0W = 
#	 5.477213e+01 1.941221e+01 -1.461719e+02
#	 1.941221e+01 1.523289e+00 -1.007056e+02
#	 -1.461719e+02 -1.007056e+02 -5.629542e+01
#################################################
##            CALCULATION COMPLETED            ##
#################################################
# Psi[0]^2 = 0.000001 + I0.000000
# Psi[1]^2 = 0.000073 + I0.000000
# Psi[2]^2 = 0.999926 + I0.000000
# phi0 = -0.453761 
# phi1 = -2.062194 
# phi2 = -1.386802 
# Psi = 
#	-4.183079e-04+i(8.577117e-04)
#	-7.529877e-03+i(-4.029876e-03)
#	-9.830844e-01+i(1.829515e-01)
#ProbSurv b 1-|Psi|^2 calls E tol dh dh(prev) dh(last)
0.0234208268553	1	-4.50751e-14	9001	3500	0.0001	0.0001	0.0001	5e-05
