# a = 0.100000
# b = 1.000000
# E = 11.384200
# tol = 0.000100
# s12 = 0.554977
# s13 = 0.152971
# psi0 = 0.822075 + I0.000000	0.548446 + I0.000000	0.152971 + I0.000000
# dh = 0.000100
# out = data/E3.6e0.5_tol1e-4.log
# model = sun
# scan_steps = 100.000000
# H0 = 
#	 0.000000e+00 0.000000e+00 0.000000e+00
#	 0.000000e+00 1.168021e+04 0.000000e+00
#	 0.000000e+00 0.000000e+00 3.822807e+05
# W = 
#	 6.758072e-01 4.508635e-01 1.257533e-01
#	 4.508635e-01 3.007928e-01 8.389608e-02
#	 1.257533e-01 8.389608e-02 2.340000e-02
# H0W = 
#	 0.000000e+00 -5.266179e+03 -4.807306e+04
#	 5.266179e+03 0.000000e+00 -3.109193e+04
#	 4.807306e+04 3.109193e+04 0.000000e+00
# H0H0W = 
#	 0.000000e+00 6.151005e+07 1.837740e+10
#	 6.151005e+07 0.000000e+00 1.152268e+10
#	 1.837740e+10 1.152268e+10 0.000000e+00
# WH0W = 
#	 1.683935e+04 5.968160e+03 -4.493961e+04
#	 5.968160e+03 4.683256e+02 -3.096131e+04
#	 -4.493961e+04 -3.096131e+04 -1.730767e+04
#################################################
##            CALCULATION COMPLETED            ##
#################################################
# Psi[0]^2 = 0.069644 + I0.000000
# Psi[1]^2 = 0.903921 + I0.000000
# Psi[2]^2 = 0.026435 + I0.000000
# phi0 = 1.681353 
# phi1 = 0.162166 
# phi2 = 1.898753 
# Psi = 
#	2.622901e-01+i(-2.911672e-02)
#	1.535041e-01+i(9.382737e-01)
#	1.539230e-01+i(-5.237123e-02)
#ProbSurv b 1-|Psi|^2 calls E tol dh dh(prev) dh(last)
 0.31957736388	1	-9.60743e-12	16842	11.3842	0.0001	0.0001	5.3441e-05	5.32916e-05
