# a = 0.100000
# b = 1.000000
# E = 3.600000
# tol = 0.000100
# s12 = 0.554977
# s13 = 0.152971
# psi0 = 0.822075 + I0.000000	0.548446 + I0.000000	0.152971 + I0.000000
# dh = 0.000100
# out = data/E3.6e0.0_tol1e-4.log
# model = sun
# scan_steps = 100.000000
# H0 = 
#	 0.000000e+00 0.000000e+00 0.000000e+00
#	 0.000000e+00 3.693605e+04 0.000000e+00
#	 0.000000e+00 0.000000e+00 1.208878e+06
# W = 
#	 6.758072e-01 4.508635e-01 1.257533e-01
#	 4.508635e-01 3.007928e-01 8.389608e-02
#	 1.257533e-01 8.389608e-02 2.340000e-02
# H0W = 
#	 0.000000e+00 -1.665312e+04 -1.520204e+05
#	 1.665312e+04 0.000000e+00 -9.832131e+04
#	 1.520204e+05 9.832131e+04 0.000000e+00
# H0H0W = 
#	 0.000000e+00 6.151005e+08 1.837740e+11
#	 6.151005e+08 0.000000e+00 1.152268e+11
#	 1.837740e+11 1.152268e+11 0.000000e+00
# WH0W = 
#	 5.325069e+04 1.887298e+04 -1.421115e+05
#	 1.887298e+04 1.480975e+03 -9.790824e+04
#	 -1.421115e+05 -9.790824e+04 -5.473166e+04
#################################################
##            CALCULATION COMPLETED            ##
#################################################
# Psi[0]^2 = 0.373081 + I0.000000
# Psi[1]^2 = 0.602616 + I0.000000
# Psi[2]^2 = 0.024302 + I0.000000
# phi0 = 0.453340 
# phi1 = 0.177234 
# phi2 = 2.738043 
# Psi = 
#	2.675142e-01+i(5.491060e-01)
#	1.368649e-01+i(7.641233e-01)
#	6.121644e-02+i(-1.433696e-01)
#ProbSurv b 1-|Psi|^2 calls E tol dh dh(prev) dh(last)
0.433962378171	1	-1.86595e-11	39933	3.6	0.0001	0.0001	2.25385e-05	1.96472e-05
