# a = 0.100000
# b = 1.000000
# E = 113841.995766
# tol = 0.000100
# s12 = 0.554977
# s13 = 0.152971
# psi0 = 0.822075 + I0.000000	0.548446 + I0.000000	0.152971 + I0.000000
# dh = 0.000100
# out = data/E3.6e4.5_tol1e-4.log
# model = sun
# scan_steps = 100.000000
# H0 = 
#	 0.000000e+00 0.000000e+00 0.000000e+00
#	 0.000000e+00 1.168021e+00 0.000000e+00
#	 0.000000e+00 0.000000e+00 3.822807e+01
# W = 
#	 6.758072e-01 4.508635e-01 1.257533e-01
#	 4.508635e-01 3.007928e-01 8.389608e-02
#	 1.257533e-01 8.389608e-02 2.340000e-02
# H0W = 
#	 0.000000e+00 -5.266179e-01 -4.807306e+00
#	 5.266179e-01 0.000000e+00 -3.109193e+00
#	 4.807306e+00 3.109193e+00 0.000000e+00
# H0H0W = 
#	 0.000000e+00 6.151005e-01 1.837740e+02
#	 6.151005e-01 0.000000e+00 1.152268e+02
#	 1.837740e+02 1.152268e+02 0.000000e+00
# WH0W = 
#	 1.683935e+00 5.968160e-01 -4.493961e+00
#	 5.968160e-01 4.683256e-02 -3.096131e+00
#	 -4.493961e+00 -3.096131e+00 -1.730767e+00
#################################################
##            CALCULATION COMPLETED            ##
#################################################
# Psi[0]^2 = 0.371767 + I0.000000
# Psi[1]^2 = 0.215428 + I0.000000
# Psi[2]^2 = 0.412804 + I0.000000
# phi0 = 3.022057 
# phi1 = -3.097804 
# phi2 = -0.953701 
# Psi = 
#	7.271079e-02+i(-6.053764e-01)
#	-2.031762e-02+i(-4.636976e-01)
#	-5.239978e-01+i(3.717937e-01)
#ProbSurv b 1-|Psi|^2 calls E tol dh dh(prev) dh(last)
0.325702000927	1	-8.52651e-14	9001	113842	0.0001	0.0001	0.0001	5e-05
