# a = 0.100000
# b = 1.000000
# E = 11700.427343
# tol = 0.000100
# s12 = 0.554977
# s13 = 0.152971
# psi0 = 0.822075 + I0.000000	0.548446 + I0.000000	0.152971 + I0.000000
# dh = 0.000100
# out = data/E3.7e3.5_tol1e-4.log
# model = sun
# scan_steps = 100.000000
# H0 = 
#	 0.000000e+00 0.000000e+00 0.000000e+00
#	 0.000000e+00 1.136452e+01 0.000000e+00
#	 0.000000e+00 0.000000e+00 3.719488e+02
# W = 
#	 6.758072e-01 4.508635e-01 1.257533e-01
#	 4.508635e-01 3.007928e-01 8.389608e-02
#	 1.257533e-01 8.389608e-02 2.340000e-02
# H0W = 
#	 0.000000e+00 -5.123850e+00 -4.677378e+01
#	 5.123850e+00 0.000000e+00 -3.025161e+01
#	 4.677378e+01 3.025161e+01 0.000000e+00
# H0H0W = 
#	 0.000000e+00 5.823011e+01 1.739745e+04
#	 5.823011e+01 0.000000e+00 1.090825e+04
#	 1.739745e+04 1.090825e+04 0.000000e+00
# WH0W = 
#	 1.638423e+01 5.806858e+00 -4.372503e+01
#	 5.806858e+00 4.556681e-01 -3.012451e+01
#	 -4.372503e+01 -3.012451e+01 -1.683990e+01
#################################################
##            CALCULATION COMPLETED            ##
#################################################
# Psi[0]^2 = 0.000846 + I0.000000
# Psi[1]^2 = 0.004966 + I0.000000
# Psi[2]^2 = 0.994188 + I0.000000
# phi0 = 1.959992 
# phi1 = -2.497084 
# phi2 = 1.671075 
# Psi = 
#	2.690694e-02+i(-1.103493e-02)
#	-4.233787e-02+i(-5.633213e-02)
#	9.920809e-01+i(-9.981918e-02)
#ProbSurv b 1-|Psi|^2 calls E tol dh dh(prev) dh(last)
0.025329253968	1	-6.81677e-14	9001	11700.4	0.0001	0.0001	0.0001	5e-05
