# a = 0.100000
# b = 1.000000
# E = 3.700000
# tol = 0.000100
# s12 = 0.554977
# s13 = 0.152971
# psi0 = 0.822075 + I0.000000	0.548446 + I0.000000	0.152971 + I0.000000
# dh = 0.000100
# out = data/E3.7e0.0_tol1e-4.log
# model = sun
# scan_steps = 100.000000
# H0 = 
#	 0.000000e+00 0.000000e+00 0.000000e+00
#	 0.000000e+00 3.593778e+04 0.000000e+00
#	 0.000000e+00 0.000000e+00 1.176205e+06
# W = 
#	 6.758072e-01 4.508635e-01 1.257533e-01
#	 4.508635e-01 3.007928e-01 8.389608e-02
#	 1.257533e-01 8.389608e-02 2.340000e-02
# H0W = 
#	 0.000000e+00 -1.620304e+04 -1.479117e+05
#	 1.620304e+04 0.000000e+00 -9.566398e+04
#	 1.479117e+05 9.566398e+04 0.000000e+00
# H0H0W = 
#	 0.000000e+00 5.823011e+08 1.739745e+11
#	 5.823011e+08 0.000000e+00 1.090825e+11
#	 1.739745e+11 1.090825e+11 0.000000e+00
# WH0W = 
#	 5.181148e+04 1.836290e+04 -1.382707e+05
#	 1.836290e+04 1.440949e+03 -9.526207e+04
#	 -1.382707e+05 -9.526207e+04 -5.325243e+04
#################################################
##            CALCULATION COMPLETED            ##
#################################################
# Psi[0]^2 = 0.364903 + I0.000000
# Psi[1]^2 = 0.610769 + I0.000000
# Psi[2]^2 = 0.024328 + I0.000000
# phi0 = 2.114027 
# phi1 = -1.446041 
# phi2 = 2.923774 
# Psi = 
#	5.171118e-01+i(-3.122477e-01)
#	-7.754432e-01+i(9.724558e-02)
#	3.370614e-02+i(-1.522889e-01)
#ProbSurv b 1-|Psi|^2 calls E tol dh dh(prev) dh(last)
0.430888332578	1	-1.84706e-11	37833	3.7	0.0001	0.0001	2.37897e-05	1.79909e-05
