# a = 0.100000
# b = 1.000000
# E = 1170.042734
# tol = 0.000100
# s12 = 0.554977
# s13 = 0.152971
# psi0 = 0.822075 + I0.000000	0.548446 + I0.000000	0.152971 + I0.000000
# dh = 0.000100
# out = data/E3.7e2.5_tol1e-4.log
# model = sun
# scan_steps = 100.000000
# H0 = 
#	 0.000000e+00 0.000000e+00 0.000000e+00
#	 0.000000e+00 1.136452e+02 0.000000e+00
#	 0.000000e+00 0.000000e+00 3.719488e+03
# W = 
#	 6.758072e-01 4.508635e-01 1.257533e-01
#	 4.508635e-01 3.007928e-01 8.389608e-02
#	 1.257533e-01 8.389608e-02 2.340000e-02
# H0W = 
#	 0.000000e+00 -5.123850e+01 -4.677378e+02
#	 5.123850e+01 0.000000e+00 -3.025161e+02
#	 4.677378e+02 3.025161e+02 0.000000e+00
# H0H0W = 
#	 0.000000e+00 5.823011e+03 1.739745e+06
#	 5.823011e+03 0.000000e+00 1.090825e+06
#	 1.739745e+06 1.090825e+06 0.000000e+00
# WH0W = 
#	 1.638423e+02 5.806858e+01 -4.372503e+02
#	 5.806858e+01 4.556681e+00 -3.012451e+02
#	 -4.372503e+02 -3.012451e+02 -1.683990e+02
#################################################
##            CALCULATION COMPLETED            ##
#################################################
# Psi[0]^2 = 0.000006 + I0.000000
# Psi[1]^2 = 0.000816 + I0.000000
# Psi[2]^2 = 0.999178 + I0.000000
# phi0 = 0.359720 
# phi1 = -1.157075 
# phi2 = 0.115871 
# Psi = 
#	8.287788e-04+i(2.203713e-03)
#	-2.615888e-02+i(1.148538e-02)
#	1.155647e-01+i(9.928862e-01)
#ProbSurv b 1-|Psi|^2 calls E tol dh dh(prev) dh(last)
0.0236300247253	1	-4.66294e-14	9001	1170.04	0.0001	0.0001	0.0001	5e-05
