# a = 0.100000
# b = 1.000000
# E = 3800000.000000
# tol = 0.000100
# s12 = 0.554977
# s13 = 0.152971
# psi0 = 0.822075 + I0.000000	0.548446 + I0.000000	0.152971 + I0.000000
# dh = 0.000100
# out = data/E3.8e6.0_tol1e-4.log
# model = sun
# scan_steps = 100.000000
# H0 = 
#	 0.000000e+00 0.000000e+00 0.000000e+00
#	 0.000000e+00 3.499205e-02 0.000000e+00
#	 0.000000e+00 0.000000e+00 1.145253e+00
# W = 
#	 6.758072e-01 4.508635e-01 1.257533e-01
#	 4.508635e-01 3.007928e-01 8.389608e-02
#	 1.257533e-01 8.389608e-02 2.340000e-02
# H0W = 
#	 0.000000e+00 -1.577664e-02 -1.440193e-01
#	 1.577664e-02 0.000000e+00 -9.314651e-02
#	 1.440193e-01 9.314651e-02 0.000000e+00
# H0H0W = 
#	 0.000000e+00 5.520569e-04 1.649385e-01
#	 5.520569e-04 0.000000e+00 1.034169e-01
#	 1.649385e-01 1.034169e-01 0.000000e+00
# WH0W = 
#	 5.044802e-02 1.787966e-02 -1.346320e-01
#	 1.787966e-02 1.403029e-03 -9.275518e-02
#	 -1.346320e-01 -9.275518e-02 -5.185105e-02
#################################################
##            CALCULATION COMPLETED            ##
#################################################
# Psi[0]^2 = 0.669764 + I0.000000
# Psi[1]^2 = 0.300458 + I0.000000
# Psi[2]^2 = 0.029779 + I0.000000
# phi0 = 2.227037 
# phi1 = 2.231825 
# phi2 = 2.386978 
# Psi = 
#	6.484044e-01+i(-4.993350e-01)
#	4.326807e-01+i(-3.365190e-01)
#	1.182083e-01+i(-1.257198e-01)
#ProbSurv b 1-|Psi|^2 calls E tol dh dh(prev) dh(last)
0.543703457067	1	-6.70575e-14	9001	3.8e+06	0.0001	0.0001	0.0001	5e-05
