# a = 0.100000
# b = 1.000000
# E = 12.016655
# tol = 0.000100
# s12 = 0.554977
# s13 = 0.152971
# psi0 = 0.822075 + I0.000000	0.548446 + I0.000000	0.152971 + I0.000000
# dh = 0.000100
# out = data/E3.8e0.5_tol1e-4.log
# model = sun
# scan_steps = 100.000000
# H0 = 
#	 0.000000e+00 0.000000e+00 0.000000e+00
#	 0.000000e+00 1.106546e+04 0.000000e+00
#	 0.000000e+00 0.000000e+00 3.621607e+05
# W = 
#	 6.758072e-01 4.508635e-01 1.257533e-01
#	 4.508635e-01 3.007928e-01 8.389608e-02
#	 1.257533e-01 8.389608e-02 2.340000e-02
# H0W = 
#	 0.000000e+00 -4.989011e+03 -4.554290e+04
#	 4.989011e+03 0.000000e+00 -2.945551e+04
#	 4.554290e+04 2.945551e+04 0.000000e+00
# H0H0W = 
#	 0.000000e+00 5.520569e+07 1.649385e+10
#	 5.520569e+07 0.000000e+00 1.034169e+10
#	 1.649385e+10 1.034169e+10 0.000000e+00
# WH0W = 
#	 1.595306e+04 5.654046e+03 -4.257437e+04
#	 5.654046e+03 4.436769e+02 -2.933176e+04
#	 -4.257437e+04 -2.933176e+04 -1.639674e+04
#################################################
##            CALCULATION COMPLETED            ##
#################################################
# Psi[0]^2 = 0.062515 + I0.000000
# Psi[1]^2 = 0.910864 + I0.000000
# Psi[2]^2 = 0.026621 + I0.000000
# phi0 = 0.152874 
# phi1 = 1.247403 
# phi2 = 2.095842 
# Psi = 
#	3.807446e-02+i(2.471141e-01)
#	9.049189e-01+i(3.032922e-01)
#	1.411809e-01+i(-8.178338e-02)
#ProbSurv b 1-|Psi|^2 calls E tol dh dh(prev) dh(last)
0.316852489489	1	-6.88161e-12	15772	12.0167	0.0001	0.0001	5.70668e-05	5.64823e-05
