# a = 0.100000
# b = 1.000000
# E = 38.000000
# tol = 0.000100
# s12 = 0.554977
# s13 = 0.152971
# psi0 = 0.822075 + I0.000000	0.548446 + I0.000000	0.152971 + I0.000000
# dh = 0.000100
# out = data/E3.8e1.0_tol1e-4.log
# model = sun
# scan_steps = 100.000000
# H0 = 
#	 0.000000e+00 0.000000e+00 0.000000e+00
#	 0.000000e+00 3.499205e+03 0.000000e+00
#	 0.000000e+00 0.000000e+00 1.145253e+05
# W = 
#	 6.758072e-01 4.508635e-01 1.257533e-01
#	 4.508635e-01 3.007928e-01 8.389608e-02
#	 1.257533e-01 8.389608e-02 2.340000e-02
# H0W = 
#	 0.000000e+00 -1.577664e+03 -1.440193e+04
#	 1.577664e+03 0.000000e+00 -9.314651e+03
#	 1.440193e+04 9.314651e+03 0.000000e+00
# H0H0W = 
#	 0.000000e+00 5.520569e+06 1.649385e+09
#	 5.520569e+06 0.000000e+00 1.034169e+09
#	 1.649385e+09 1.034169e+09 0.000000e+00
# WH0W = 
#	 5.044802e+03 1.787966e+03 -1.346320e+04
#	 1.787966e+03 1.403029e+02 -9.275518e+03
#	 -1.346320e+04 -9.275518e+03 -5.185105e+03
#################################################
##            CALCULATION COMPLETED            ##
#################################################
# Psi[0]^2 = 0.005657 + I0.000000
# Psi[1]^2 = 0.958125 + I0.000000
# Psi[2]^2 = 0.036218 + I0.000000
# phi0 = 2.365337 
# phi1 = 2.520034 
# phi2 = -1.053727 
# Psi = 
#	5.269706e-02+i(-5.366953e-02)
#	5.699809e-01+i(-7.957681e-01)
#	-1.654303e-01+i(9.407645e-02)
#ProbSurv b 1-|Psi|^2 calls E tol dh dh(prev) dh(last)
0.292867917489	1	-5.54889e-13	9001	38	0.0001	0.0001	0.0001	5e-05
