# a = 0.100000
# b = 1.000000
# E = 0.380000
# tol = 0.000100
# s12 = 0.554977
# s13 = 0.152971
# psi0 = 0.822075 + I0.000000	0.548446 + I0.000000	0.152971 + I0.000000
# dh = 0.000100
# out = data/E3.8e-1.0_tol1e-4.log
# model = sun
# scan_steps = 100.000000
# H0 = 
#	 0.000000e+00 0.000000e+00 0.000000e+00
#	 0.000000e+00 3.499205e+05 0.000000e+00
#	 0.000000e+00 0.000000e+00 1.145253e+07
# W = 
#	 6.758072e-01 4.508635e-01 1.257533e-01
#	 4.508635e-01 3.007928e-01 8.389608e-02
#	 1.257533e-01 8.389608e-02 2.340000e-02
# H0W = 
#	 0.000000e+00 -1.577664e+05 -1.440193e+06
#	 1.577664e+05 0.000000e+00 -9.314651e+05
#	 1.440193e+06 9.314651e+05 0.000000e+00
# H0H0W = 
#	 0.000000e+00 5.520569e+10 1.649385e+13
#	 5.520569e+10 0.000000e+00 1.034169e+13
#	 1.649385e+13 1.034169e+13 0.000000e+00
# WH0W = 
#	 5.044802e+05 1.787966e+05 -1.346320e+06
#	 1.787966e+05 1.403029e+04 -9.275518e+05
#	 -1.346320e+06 -9.275518e+05 -5.185105e+05
#################################################
##            CALCULATION COMPLETED            ##
#################################################
# Psi[0]^2 = 0.648071 + I0.000000
# Psi[1]^2 = 0.328436 + I0.000000
# Psi[2]^2 = 0.023493 + I0.000000
# phi0 = 2.900804 
# phi1 = 2.676630 
# phi2 = -0.396782 
# Psi = 
#	1.919744e-01+i(-7.818038e-01)
#	2.569691e-01+i(-5.122525e-01)
#	-5.923310e-02+i(1.413660e-01)
#ProbSurv b 1-|Psi|^2 calls E tol dh dh(prev) dh(last)
0.537312111829	1	1.42612e-10	983696	0.38	0.0001	0.0001	9.14919e-07	5.3637e-07
