# a = 0.100000
# b = 1.000000
# E = 120166.551086
# tol = 0.000100
# s12 = 0.554977
# s13 = 0.152971
# psi0 = 0.822075 + I0.000000	0.548446 + I0.000000	0.152971 + I0.000000
# dh = 0.000100
# out = data/E3.8e4.5_tol1e-4.log
# model = sun
# scan_steps = 100.000000
# H0 = 
#	 0.000000e+00 0.000000e+00 0.000000e+00
#	 0.000000e+00 1.106546e+00 0.000000e+00
#	 0.000000e+00 0.000000e+00 3.621607e+01
# W = 
#	 6.758072e-01 4.508635e-01 1.257533e-01
#	 4.508635e-01 3.007928e-01 8.389608e-02
#	 1.257533e-01 8.389608e-02 2.340000e-02
# H0W = 
#	 0.000000e+00 -4.989011e-01 -4.554290e+00
#	 4.989011e-01 0.000000e+00 -2.945551e+00
#	 4.554290e+00 2.945551e+00 0.000000e+00
# H0H0W = 
#	 0.000000e+00 5.520569e-01 1.649385e+02
#	 5.520569e-01 0.000000e+00 1.034169e+02
#	 1.649385e+02 1.034169e+02 0.000000e+00
# WH0W = 
#	 1.595306e+00 5.654046e-01 -4.257437e+00
#	 5.654046e-01 4.436769e-02 -2.933176e+00
#	 -4.257437e+00 -2.933176e+00 -1.639674e+00
#################################################
##            CALCULATION COMPLETED            ##
#################################################
# Psi[0]^2 = 0.386750 + I0.000000
# Psi[1]^2 = 0.220930 + I0.000000
# Psi[2]^2 = 0.392320 + I0.000000
# phi0 = 2.984031 
# phi1 = 3.138107 
# phi2 = -1.584379 
# Psi = 
#	9.758159e-02+i(-6.141889e-01)
#	1.638179e-03+i(-4.700293e-01)
#	-6.262965e-01+i(-8.507465e-03)
#ProbSurv b 1-|Psi|^2 calls E tol dh dh(prev) dh(last)
0.337003030622	1	-1.13687e-13	9001	120167	0.0001	0.0001	0.0001	5e-05
