# a = 0.100000
# b = 1.000000
# E = 12.332883
# tol = 0.000100
# s12 = 0.554977
# s13 = 0.152971
# psi0 = 0.822075 + I0.000000	0.548446 + I0.000000	0.152971 + I0.000000
# dh = 0.000100
# out = data/E3.9e0.5_tol1e-4.log
# model = sun
# scan_steps = 100.000000
# H0 = 
#	 0.000000e+00 0.000000e+00 0.000000e+00
#	 0.000000e+00 1.078173e+04 0.000000e+00
#	 0.000000e+00 0.000000e+00 3.528745e+05
# W = 
#	 6.758072e-01 4.508635e-01 1.257533e-01
#	 4.508635e-01 3.007928e-01 8.389608e-02
#	 1.257533e-01 8.389608e-02 2.340000e-02
# H0W = 
#	 0.000000e+00 -4.861088e+03 -4.437513e+04
#	 4.861088e+03 0.000000e+00 -2.870024e+04
#	 4.437513e+04 2.870024e+04 0.000000e+00
# H0H0W = 
#	 0.000000e+00 5.241093e+07 1.565885e+10
#	 5.241093e+07 0.000000e+00 9.818146e+09
#	 1.565885e+10 9.818146e+09 0.000000e+00
# WH0W = 
#	 1.554401e+04 5.509071e+03 -4.148272e+04
#	 5.509071e+03 4.323005e+02 -2.857967e+04
#	 -4.148272e+04 -2.857967e+04 -1.597631e+04
#################################################
##            CALCULATION COMPLETED            ##
#################################################
# Psi[0]^2 = 0.059292 + I0.000000
# Psi[1]^2 = 0.913995 + I0.000000
# Psi[2]^2 = 0.026714 + I0.000000
# phi0 = 2.838411 
# phi1 = 0.769475 
# phi2 = 1.223851 
# Psi = 
#	7.269852e-02+i(-2.323929e-01)
#	6.651664e-01+i(6.866937e-01)
#	1.537051e-01+i(5.557521e-02)
#ProbSurv b 1-|Psi|^2 calls E tol dh dh(prev) dh(last)
0.315617739151	1	-7.37033e-12	15275	12.3329	0.0001	0.0001	5.89244e-05	5.29895e-05
