# a = 0.100000
# b = 1.000000
# E = 3900000.000000
# tol = 0.000100
# s12 = 0.554977
# s13 = 0.152971
# psi0 = 0.822075 + I0.000000	0.548446 + I0.000000	0.152971 + I0.000000
# dh = 0.000100
# out = data/E3.9e6.0_tol1e-4.log
# model = sun
# scan_steps = 100.000000
# H0 = 
#	 0.000000e+00 0.000000e+00 0.000000e+00
#	 0.000000e+00 3.409482e-02 0.000000e+00
#	 0.000000e+00 0.000000e+00 1.115887e+00
# W = 
#	 6.758072e-01 4.508635e-01 1.257533e-01
#	 4.508635e-01 3.007928e-01 8.389608e-02
#	 1.257533e-01 8.389608e-02 2.340000e-02
# H0W = 
#	 0.000000e+00 -1.537211e-02 -1.403265e-01
#	 1.537211e-02 0.000000e+00 -9.075813e-02
#	 1.403265e-01 9.075813e-02 0.000000e+00
# H0H0W = 
#	 0.000000e+00 5.241093e-04 1.565885e-01
#	 5.241093e-04 0.000000e+00 9.818146e-02
#	 1.565885e-01 9.818146e-02 0.000000e+00
# WH0W = 
#	 4.915448e-02 1.742121e-02 -1.311799e-01
#	 1.742121e-02 1.367054e-03 -9.037684e-02
#	 -1.311799e-01 -9.037684e-02 -5.052153e-02
#################################################
##            CALCULATION COMPLETED            ##
#################################################
# Psi[0]^2 = 0.669928 + I0.000000
# Psi[1]^2 = 0.300471 + I0.000000
# Psi[2]^2 = 0.029601 + I0.000000
# phi0 = 2.226301 
# phi1 = 2.230966 
# phi2 = 2.382064 
# Psi = 
#	6.488515e-01+i(-4.989190e-01)
#	4.329789e-01+i(-3.361547e-01)
#	1.184693e-01+i(-1.247631e-01)
#ProbSurv b 1-|Psi|^2 calls E tol dh dh(prev) dh(last)
0.543814548808	1	-9.17044e-14	9001	3.9e+06	0.0001	0.0001	0.0001	5e-05
