# a = 0.100000
# b = 1.000000
# E = 39.000000
# tol = 0.000100
# s12 = 0.554977
# s13 = 0.152971
# psi0 = 0.822075 + I0.000000	0.548446 + I0.000000	0.152971 + I0.000000
# dh = 0.000100
# out = data/E3.9e1.0_tol1e-4.log
# model = sun
# scan_steps = 100.000000
# H0 = 
#	 0.000000e+00 0.000000e+00 0.000000e+00
#	 0.000000e+00 3.409482e+03 0.000000e+00
#	 0.000000e+00 0.000000e+00 1.115887e+05
# W = 
#	 6.758072e-01 4.508635e-01 1.257533e-01
#	 4.508635e-01 3.007928e-01 8.389608e-02
#	 1.257533e-01 8.389608e-02 2.340000e-02
# H0W = 
#	 0.000000e+00 -1.537211e+03 -1.403265e+04
#	 1.537211e+03 0.000000e+00 -9.075813e+03
#	 1.403265e+04 9.075813e+03 0.000000e+00
# H0H0W = 
#	 0.000000e+00 5.241093e+06 1.565885e+09
#	 5.241093e+06 0.000000e+00 9.818146e+08
#	 1.565885e+09 9.818146e+08 0.000000e+00
# WH0W = 
#	 4.915448e+03 1.742121e+03 -1.311799e+04
#	 1.742121e+03 1.367054e+02 -9.037684e+03
#	 -1.311799e+04 -9.037684e+03 -5.052153e+03
#################################################
##            CALCULATION COMPLETED            ##
#################################################
# Psi[0]^2 = 0.005348 + I0.000000
# Psi[1]^2 = 0.957970 + I0.000000
# Psi[2]^2 = 0.036682 + I0.000000
# phi0 = 0.127955 
# phi1 = -0.774999 
# phi2 = 1.453488 
# Psi = 
#	9.331754e-03+i(7.253160e-02)
#	-6.848530e-01+i(6.992473e-01)
#	1.902086e-01+i(2.241591e-02)
#ProbSurv b 1-|Psi|^2 calls E tol dh dh(prev) dh(last)
0.292623085154	1	-8.47322e-13	9001	39	0.0001	0.0001	0.0001	5e-05
