# a = 0.100000
# b = 1.000000
# E = 1.233288
# tol = 0.000100
# s12 = 0.554977
# s13 = 0.152971
# psi0 = 0.822075 + I0.000000	0.548446 + I0.000000	0.152971 + I0.000000
# dh = 0.000100
# out = data/E3.9e-0.5_tol1e-4.log
# model = sun
# scan_steps = 100.000000
# H0 = 
#	 0.000000e+00 0.000000e+00 0.000000e+00
#	 0.000000e+00 1.078173e+05 0.000000e+00
#	 0.000000e+00 0.000000e+00 3.528745e+06
# W = 
#	 6.758072e-01 4.508635e-01 1.257533e-01
#	 4.508635e-01 3.007928e-01 8.389608e-02
#	 1.257533e-01 8.389608e-02 2.340000e-02
# H0W = 
#	 0.000000e+00 -4.861088e+04 -4.437513e+05
#	 4.861088e+04 0.000000e+00 -2.870024e+05
#	 4.437513e+05 2.870024e+05 0.000000e+00
# H0H0W = 
#	 0.000000e+00 5.241093e+09 1.565885e+12
#	 5.241093e+09 0.000000e+00 9.818146e+11
#	 1.565885e+12 9.818146e+11 0.000000e+00
# WH0W = 
#	 1.554401e+05 5.509071e+04 -4.148272e+05
#	 5.509071e+04 4.323005e+03 -2.857967e+05
#	 -4.148272e+05 -2.857967e+05 -1.597631e+05
#################################################
##            CALCULATION COMPLETED            ##
#################################################
# Psi[0]^2 = 0.579451 + I0.000000
# Psi[1]^2 = 0.396845 + I0.000000
# Psi[2]^2 = 0.023703 + I0.000000
# phi0 = -0.635283 
# phi1 = 1.508619 
# phi2 = -0.620737 
# Psi = 
#	-4.517105e-01+i(6.127063e-01)
#	6.287391e-01+i(3.914395e-02)
#	-8.954816e-02+i(1.252382e-01)
#ProbSurv b 1-|Psi|^2 calls E tol dh dh(prev) dh(last)
0.511520230195	1	1.00948e-11	206988	1.23329	0.0001	0.0001	4.34811e-06	3.58582e-06
