# a = 0.100000
# b = 1.000000
# E = 126491.106407
# tol = 0.000100
# s12 = 0.554977
# s13 = 0.152971
# psi0 = 0.822075 + I0.000000	0.548446 + I0.000000	0.152971 + I0.000000
# dh = 0.000100
# out = data/E4.0e4.5_tol1e-4.log
# model = sun
# scan_steps = 100.000000
# H0 = 
#	 0.000000e+00 0.000000e+00 0.000000e+00
#	 0.000000e+00 1.051218e+00 0.000000e+00
#	 0.000000e+00 0.000000e+00 3.440526e+01
# W = 
#	 6.758072e-01 4.508635e-01 1.257533e-01
#	 4.508635e-01 3.007928e-01 8.389608e-02
#	 1.257533e-01 8.389608e-02 2.340000e-02
# H0W = 
#	 0.000000e+00 -4.739561e-01 -4.326575e+00
#	 4.739561e-01 0.000000e+00 -2.798274e+00
#	 4.326575e+00 2.798274e+00 0.000000e+00
# H0H0W = 
#	 0.000000e+00 4.982314e-01 1.488570e+02
#	 4.982314e-01 0.000000e+00 9.333375e+01
#	 1.488570e+02 9.333375e+01 0.000000e+00
# WH0W = 
#	 1.515541e+00 5.371344e-01 -4.044565e+00
#	 5.371344e-01 4.214930e-02 -2.786517e+00
#	 -4.044565e+00 -2.786517e+00 -1.557690e+00
#################################################
##            CALCULATION COMPLETED            ##
#################################################
# Psi[0]^2 = 0.400683 + I0.000000
# Psi[1]^2 = 0.225872 + I0.000000
# Psi[2]^2 = 0.373445 + I0.000000
# phi0 = 2.947879 
# phi1 = 3.093899 
# phi2 = -2.146078 
# Psi = 
#	1.218543e-01+i(-6.211555e-01)
#	2.265843e-02+i(-4.747199e-01)
#	-5.127381e-01+i(-3.324827e-01)
#ProbSurv b 1-|Psi|^2 calls E tol dh dh(prev) dh(last)
0.347463578617	1	-1.07248e-13	9001	126491	0.0001	0.0001	0.0001	5e-05
