# a = 0.100000
# b = 1.000000
# E = 1264911.064067
# tol = 0.000100
# s12 = 0.554977
# s13 = 0.152971
# psi0 = 0.822075 + I0.000000	0.548446 + I0.000000	0.152971 + I0.000000
# dh = 0.000100
# out = data/E4.0e5.5_tol1e-4.log
# model = sun
# scan_steps = 100.000000
# H0 = 
#	 0.000000e+00 0.000000e+00 0.000000e+00
#	 0.000000e+00 1.051218e-01 0.000000e+00
#	 0.000000e+00 0.000000e+00 3.440526e+00
# W = 
#	 6.758072e-01 4.508635e-01 1.257533e-01
#	 4.508635e-01 3.007928e-01 8.389608e-02
#	 1.257533e-01 8.389608e-02 2.340000e-02
# H0W = 
#	 0.000000e+00 -4.739561e-02 -4.326575e-01
#	 4.739561e-02 0.000000e+00 -2.798274e-01
#	 4.326575e-01 2.798274e-01 0.000000e+00
# H0H0W = 
#	 0.000000e+00 4.982314e-03 1.488570e+00
#	 4.982314e-03 0.000000e+00 9.333375e-01
#	 1.488570e+00 9.333375e-01 0.000000e+00
# WH0W = 
#	 1.515541e-01 5.371344e-02 -4.044565e-01
#	 5.371344e-02 4.214930e-03 -2.786517e-01
#	 -4.044565e-01 -2.786517e-01 -1.557690e-01
#################################################
##            CALCULATION COMPLETED            ##
#################################################
# Psi[0]^2 = 0.655208 + I0.000000
# Psi[1]^2 = 0.298622 + I0.000000
# Psi[2]^2 = 0.046170 + I0.000000
# phi0 = 2.284840 
# phi1 = 2.299212 
# phi2 = 2.783492 
# Psi = 
#	6.117167e-01+i(-5.301045e-01)
#	4.077875e-01+i(-3.637739e-01)
#	7.531163e-02+i(-2.012410e-01)
#ProbSurv b 1-|Psi|^2 calls E tol dh dh(prev) dh(last)
0.533698125936	1	-7.61613e-14	9001	1.26491e+06	0.0001	0.0001	0.0001	5e-05
