# a = 0.100000
# b = 1.000000
# E = 1.264911
# tol = 0.000100
# s12 = 0.554977
# s13 = 0.152971
# psi0 = 0.822075 + I0.000000	0.548446 + I0.000000	0.152971 + I0.000000
# dh = 0.000100
# out = data/E4.0e-0.5_tol1e-4.log
# model = sun
# scan_steps = 100.000000
# H0 = 
#	 0.000000e+00 0.000000e+00 0.000000e+00
#	 0.000000e+00 1.051218e+05 0.000000e+00
#	 0.000000e+00 0.000000e+00 3.440526e+06
# W = 
#	 6.758072e-01 4.508635e-01 1.257533e-01
#	 4.508635e-01 3.007928e-01 8.389608e-02
#	 1.257533e-01 8.389608e-02 2.340000e-02
# H0W = 
#	 0.000000e+00 -4.739561e+04 -4.326575e+05
#	 4.739561e+04 0.000000e+00 -2.798274e+05
#	 4.326575e+05 2.798274e+05 0.000000e+00
# H0H0W = 
#	 0.000000e+00 4.982314e+09 1.488570e+12
#	 4.982314e+09 0.000000e+00 9.333375e+11
#	 1.488570e+12 9.333375e+11 0.000000e+00
# WH0W = 
#	 1.515541e+05 5.371344e+04 -4.044565e+05
#	 5.371344e+04 4.214930e+03 -2.786517e+05
#	 -4.044565e+05 -2.786517e+05 -1.557690e+05
#################################################
##            CALCULATION COMPLETED            ##
#################################################
# Psi[0]^2 = 0.576768 + I0.000000
# Psi[1]^2 = 0.399521 + I0.000000
# Psi[2]^2 = 0.023711 + I0.000000
# phi0 = -1.971453 
# phi1 = 2.261304 
# phi2 = -3.051673 
# Psi = 
#	-6.993075e-01+i(-2.962043e-01)
#	4.872820e-01+i(-4.025877e-01)
#	-1.382760e-02+i(-1.533627e-01)
#ProbSurv b 1-|Psi|^2 calls E tol dh dh(prev) dh(last)
0.510511747619	1	-1.71307e-12	170504	1.26491	0.0001	0.0001	5.27851e-06	4.0058e-06
