# a = 0.100000
# b = 1.000000
# E = 1264.911064
# tol = 0.000100
# s12 = 0.554977
# s13 = 0.152971
# psi0 = 0.822075 + I0.000000	0.548446 + I0.000000	0.152971 + I0.000000
# dh = 0.000100
# out = data/E4.0e2.5_tol1e-4.log
# model = sun
# scan_steps = 100.000000
# H0 = 
#	 0.000000e+00 0.000000e+00 0.000000e+00
#	 0.000000e+00 1.051218e+02 0.000000e+00
#	 0.000000e+00 0.000000e+00 3.440526e+03
# W = 
#	 6.758072e-01 4.508635e-01 1.257533e-01
#	 4.508635e-01 3.007928e-01 8.389608e-02
#	 1.257533e-01 8.389608e-02 2.340000e-02
# H0W = 
#	 0.000000e+00 -4.739561e+01 -4.326575e+02
#	 4.739561e+01 0.000000e+00 -2.798274e+02
#	 4.326575e+02 2.798274e+02 0.000000e+00
# H0H0W = 
#	 0.000000e+00 4.982314e+03 1.488570e+06
#	 4.982314e+03 0.000000e+00 9.333375e+05
#	 1.488570e+06 9.333375e+05 0.000000e+00
# WH0W = 
#	 1.515541e+02 5.371344e+01 -4.044565e+02
#	 5.371344e+01 4.214930e+00 -2.786517e+02
#	 -4.044565e+02 -2.786517e+02 -1.557690e+02
#################################################
##            CALCULATION COMPLETED            ##
#################################################
# Psi[0]^2 = 0.000005 + I0.000000
# Psi[1]^2 = 0.000677 + I0.000000
# Psi[2]^2 = 0.999318 + I0.000000
# phi0 = -2.222743 
# phi1 = -1.640723 
# phi2 = 2.160680 
# Psi = 
#	-1.823280e-03+i(-1.391675e-03)
#	-2.595380e-02+i(-1.817818e-03)
#	8.307221e-01+i(-5.560743e-01)
#ProbSurv b 1-|Psi|^2 calls E tol dh dh(prev) dh(last)
0.0235912007145	1	-5.12923e-14	9001	1264.91	0.0001	0.0001	0.0001	5e-05
