# a = 0.100000
# b = 1.000000
# E = 1.296534
# tol = 0.000100
# s12 = 0.554977
# s13 = 0.152971
# psi0 = 0.822075 + I0.000000	0.548446 + I0.000000	0.152971 + I0.000000
# dh = 0.000100
# out = data/E4.1e-0.5_tol1e-4.log
# model = sun
# scan_steps = 100.000000
# H0 = 
#	 0.000000e+00 0.000000e+00 0.000000e+00
#	 0.000000e+00 1.025579e+05 0.000000e+00
#	 0.000000e+00 0.000000e+00 3.356611e+06
# W = 
#	 6.758072e-01 4.508635e-01 1.257533e-01
#	 4.508635e-01 3.007928e-01 8.389608e-02
#	 1.257533e-01 8.389608e-02 2.340000e-02
# H0W = 
#	 0.000000e+00 -4.623962e+04 -4.221049e+05
#	 4.623962e+04 0.000000e+00 -2.730023e+05
#	 4.221049e+05 2.730023e+05 0.000000e+00
# H0H0W = 
#	 0.000000e+00 4.742238e+09 1.416842e+12
#	 4.742238e+09 0.000000e+00 8.883640e+11
#	 1.416842e+12 8.883640e+11 0.000000e+00
# WH0W = 
#	 1.478577e+05 5.240336e+04 -3.945917e+05
#	 5.240336e+04 4.112127e+03 -2.718554e+05
#	 -3.945917e+05 -2.718554e+05 -1.519698e+05
#################################################
##            CALCULATION COMPLETED            ##
#################################################
# Psi[0]^2 = 0.574083 + I0.000000
# Psi[1]^2 = 0.402198 + I0.000000
# Psi[2]^2 = 0.023719 + I0.000000
# phi0 = 2.972837 
# phi1 = 1.972256 
# phi2 = -2.911852 
# Psi = 
#	1.272571e-01+i(-7.469196e-01)
#	5.837671e-01+i(-2.478175e-01)
#	-3.507199e-02+i(-1.499638e-01)
#ProbSurv b 1-|Psi|^2 calls E tol dh dh(prev) dh(last)
0.509502734463	1	-1.35389e-11	142995	1.29653	0.0001	0.0001	6.294e-06	4.46916e-06
