# a = 0.100000
# b = 1.000000
# E = 129.653384
# tol = 0.000100
# s12 = 0.554977
# s13 = 0.152971
# psi0 = 0.822075 + I0.000000	0.548446 + I0.000000	0.152971 + I0.000000
# dh = 0.000100
# out = data/E4.1e1.5_tol1e-4.log
# model = sun
# scan_steps = 100.000000
# H0 = 
#	 0.000000e+00 0.000000e+00 0.000000e+00
#	 0.000000e+00 1.025579e+03 0.000000e+00
#	 0.000000e+00 0.000000e+00 3.356611e+04
# W = 
#	 6.758072e-01 4.508635e-01 1.257533e-01
#	 4.508635e-01 3.007928e-01 8.389608e-02
#	 1.257533e-01 8.389608e-02 2.340000e-02
# H0W = 
#	 0.000000e+00 -4.623962e+02 -4.221049e+03
#	 4.623962e+02 0.000000e+00 -2.730023e+03
#	 4.221049e+03 2.730023e+03 0.000000e+00
# H0H0W = 
#	 0.000000e+00 4.742238e+05 1.416842e+08
#	 4.742238e+05 0.000000e+00 8.883640e+07
#	 1.416842e+08 8.883640e+07 0.000000e+00
# WH0W = 
#	 1.478577e+03 5.240336e+02 -3.945917e+03
#	 5.240336e+02 4.112127e+01 -2.718554e+03
#	 -3.945917e+03 -2.718554e+03 -1.519698e+03
#################################################
##            CALCULATION COMPLETED            ##
#################################################
# Psi[0]^2 = 0.000462 + I0.000000
# Psi[1]^2 = 0.826765 + I0.000000
# Psi[2]^2 = 0.172773 + I0.000000
# phi0 = -2.831698 
# phi1 = -1.671978 
# phi2 = 2.930942 
# Psi = 
#	-6.551430e-03+i(-2.045970e-02)
#	-9.046160e-01+i(-9.184421e-02)
#	8.691280e-02+i(-4.064717e-01)
#ProbSurv b 1-|Psi|^2 calls E tol dh dh(prev) dh(last)
0.253039875518	1	1.69975e-12	9001	129.653	0.0001	0.0001	0.0001	5e-05
