# a = 0.100000
# b = 1.000000
# E = 420.000000
# tol = 0.000100
# s12 = 0.554977
# s13 = 0.152971
# psi0 = 0.822075 + I0.000000	0.548446 + I0.000000	0.152971 + I0.000000
# dh = 0.000100
# out = data/E4.2e2.0_tol1e-4.log
# model = sun
# scan_steps = 100.000000
# H0 = 
#	 0.000000e+00 0.000000e+00 0.000000e+00
#	 0.000000e+00 3.165947e+02 0.000000e+00
#	 0.000000e+00 0.000000e+00 1.036181e+04
# W = 
#	 6.758072e-01 4.508635e-01 1.257533e-01
#	 4.508635e-01 3.007928e-01 8.389608e-02
#	 1.257533e-01 8.389608e-02 2.340000e-02
# H0W = 
#	 0.000000e+00 -1.427410e+02 -1.303032e+03
#	 1.427410e+02 0.000000e+00 -8.427541e+02
#	 1.303032e+03 8.427541e+02 0.000000e+00
# H0H0W = 
#	 0.000000e+00 4.519106e+04 1.350177e+07
#	 4.519106e+04 0.000000e+00 8.465646e+06
#	 1.350177e+07 8.465646e+06 0.000000e+00
# WH0W = 
#	 4.564344e+02 1.617684e+02 -1.218099e+03
#	 1.617684e+02 1.269408e+01 -8.392135e+02
#	 -1.218099e+03 -8.392135e+02 -4.691285e+02
#################################################
##            CALCULATION COMPLETED            ##
#################################################
# Psi[0]^2 = 0.000044 + I0.000000
# Psi[1]^2 = 0.013254 + I0.000000
# Psi[2]^2 = 0.986703 + I0.000000
# phi0 = -0.586452 
# phi1 = -1.629797 
# phi2 = -1.476465 
# Psi = 
#	-3.660085e-03+i(5.508611e-03)
#	-1.149238e-01+i(-6.788430e-03)
#	-9.889128e-01+i(9.356352e-02)
#ProbSurv b 1-|Psi|^2 calls E tol dh dh(prev) dh(last)
0.027104978536	1	-3.24185e-13	9001	420	0.0001	0.0001	0.0001	5e-05
