# a = 0.100000
# b = 1.000000
# E = 42.000000
# tol = 0.000100
# s12 = 0.554977
# s13 = 0.152971
# psi0 = 0.822075 + I0.000000	0.548446 + I0.000000	0.152971 + I0.000000
# dh = 0.000100
# out = data/E4.2e1.0_tol1e-4.log
# model = sun
# scan_steps = 100.000000
# H0 = 
#	 0.000000e+00 0.000000e+00 0.000000e+00
#	 0.000000e+00 3.165947e+03 0.000000e+00
#	 0.000000e+00 0.000000e+00 1.036181e+05
# W = 
#	 6.758072e-01 4.508635e-01 1.257533e-01
#	 4.508635e-01 3.007928e-01 8.389608e-02
#	 1.257533e-01 8.389608e-02 2.340000e-02
# H0W = 
#	 0.000000e+00 -1.427410e+03 -1.303032e+04
#	 1.427410e+03 0.000000e+00 -8.427541e+03
#	 1.303032e+04 8.427541e+03 0.000000e+00
# H0H0W = 
#	 0.000000e+00 4.519106e+06 1.350177e+09
#	 4.519106e+06 0.000000e+00 8.465646e+08
#	 1.350177e+09 8.465646e+08 0.000000e+00
# WH0W = 
#	 4.564344e+03 1.617684e+03 -1.218099e+04
#	 1.617684e+03 1.269408e+02 -8.392135e+03
#	 -1.218099e+04 -8.392135e+03 -4.691285e+03
#################################################
##            CALCULATION COMPLETED            ##
#################################################
# Psi[0]^2 = 0.004532 + I0.000000
# Psi[1]^2 = 0.957341 + I0.000000
# Psi[2]^2 = 0.038127 + I0.000000
# phi0 = 1.429877 
# phi1 = -1.882692 
# phi2 = -2.453080 
# Psi = 
#	6.665147e-02+i(9.455129e-03)
#	-9.312320e-01+i(-3.002469e-01)
#	-1.240669e-01+i(-1.507793e-01)
#ProbSurv b 1-|Psi|^2 calls E tol dh dh(prev) dh(last)
0.291916144345	1	-3.68372e-13	9001	42	0.0001	0.0001	0.0001	5e-05
