# a = 0.100000
# b = 1.000000
# E = 1328.156617
# tol = 0.000100
# s12 = 0.554977
# s13 = 0.152971
# psi0 = 0.822075 + I0.000000	0.548446 + I0.000000	0.152971 + I0.000000
# dh = 0.000100
# out = data/E4.2e2.5_tol1e-4.log
# model = sun
# scan_steps = 100.000000
# H0 = 
#	 0.000000e+00 0.000000e+00 0.000000e+00
#	 0.000000e+00 1.001160e+02 0.000000e+00
#	 0.000000e+00 0.000000e+00 3.276692e+03
# W = 
#	 6.758072e-01 4.508635e-01 1.257533e-01
#	 4.508635e-01 3.007928e-01 8.389608e-02
#	 1.257533e-01 8.389608e-02 2.340000e-02
# H0W = 
#	 0.000000e+00 -4.513867e+01 -4.120548e+02
#	 4.513867e+01 0.000000e+00 -2.665022e+02
#	 4.120548e+02 2.665022e+02 0.000000e+00
# H0H0W = 
#	 0.000000e+00 4.519106e+03 1.350177e+06
#	 4.519106e+03 0.000000e+00 8.465646e+05
#	 1.350177e+06 8.465646e+05 0.000000e+00
# WH0W = 
#	 1.443372e+02 5.115566e+01 -3.851967e+02
#	 5.115566e+01 4.014219e+00 -2.653826e+02
#	 -3.851967e+02 -2.653826e+02 -1.483515e+02
#################################################
##            CALCULATION COMPLETED            ##
#################################################
# Psi[0]^2 = 0.000004 + I0.000000
# Psi[1]^2 = 0.000605 + I0.000000
# Psi[2]^2 = 0.999391 + I0.000000
# phi0 = 2.463281 
# phi1 = -0.955680 
# phi2 = 1.917186 
# Psi = 
#	1.203110e-03+i(-1.492928e-03)
#	-2.009521e-02+i(1.419850e-02)
#	9.403180e-01+i(-3.394009e-01)
#ProbSurv b 1-|Psi|^2 calls E tol dh dh(prev) dh(last)
0.0235703360948	1	-4.88498e-14	9001	1328.16	0.0001	0.0001	0.0001	5e-05
