# a = 0.100000
# b = 1.000000
# E = 13.281566
# tol = 0.000100
# s12 = 0.554977
# s13 = 0.152971
# psi0 = 0.822075 + I0.000000	0.548446 + I0.000000	0.152971 + I0.000000
# dh = 0.000100
# out = data/E4.2e0.5_tol1e-4.log
# model = sun
# scan_steps = 100.000000
# H0 = 
#	 0.000000e+00 0.000000e+00 0.000000e+00
#	 0.000000e+00 1.001160e+04 0.000000e+00
#	 0.000000e+00 0.000000e+00 3.276692e+05
# W = 
#	 6.758072e-01 4.508635e-01 1.257533e-01
#	 4.508635e-01 3.007928e-01 8.389608e-02
#	 1.257533e-01 8.389608e-02 2.340000e-02
# H0W = 
#	 0.000000e+00 -4.513867e+03 -4.120548e+04
#	 4.513867e+03 0.000000e+00 -2.665022e+04
#	 4.120548e+04 2.665022e+04 0.000000e+00
# H0H0W = 
#	 0.000000e+00 4.519106e+07 1.350177e+10
#	 4.519106e+07 0.000000e+00 8.465646e+09
#	 1.350177e+10 8.465646e+09 0.000000e+00
# WH0W = 
#	 1.443372e+04 5.115566e+03 -3.851967e+04
#	 5.115566e+03 4.014219e+02 -2.653826e+04
#	 -3.851967e+04 -2.653826e+04 -1.483515e+04
#################################################
##            CALCULATION COMPLETED            ##
#################################################
# Psi[0]^2 = 0.050975 + I0.000000
# Psi[1]^2 = 0.922028 + I0.000000
# Psi[2]^2 = 0.026997 + I0.000000
# phi0 = -0.485650 
# phi1 = 1.995452 
# phi2 = -1.129247 
# Psi = 
#	-1.053890e-01+i(1.996711e-01)
#	8.749364e-01+i(-3.956186e-01)
#	-1.485488e-01+i(7.021522e-02)
#ProbSurv b 1-|Psi|^2 calls E tol dh dh(prev) dh(last)
0.312420547669	1	-6.529e-12	13921	13.2816	0.0001	0.0001	6.46553e-05	6.36529e-05
