# a = 0.100000
# b = 1.000000
# E = 0.420000
# tol = 0.000100
# s12 = 0.554977
# s13 = 0.152971
# psi0 = 0.822075 + I0.000000	0.548446 + I0.000000	0.152971 + I0.000000
# dh = 0.000100
# out = data/E4.2e-1.0_tol1e-4.log
# model = sun
# scan_steps = 100.000000
# H0 = 
#	 0.000000e+00 0.000000e+00 0.000000e+00
#	 0.000000e+00 3.165947e+05 0.000000e+00
#	 0.000000e+00 0.000000e+00 1.036181e+07
# W = 
#	 6.758072e-01 4.508635e-01 1.257533e-01
#	 4.508635e-01 3.007928e-01 8.389608e-02
#	 1.257533e-01 8.389608e-02 2.340000e-02
# H0W = 
#	 0.000000e+00 -1.427410e+05 -1.303032e+06
#	 1.427410e+05 0.000000e+00 -8.427541e+05
#	 1.303032e+06 8.427541e+05 0.000000e+00
# H0H0W = 
#	 0.000000e+00 4.519106e+10 1.350177e+13
#	 4.519106e+10 0.000000e+00 8.465646e+12
#	 1.350177e+13 8.465646e+12 0.000000e+00
# WH0W = 
#	 4.564344e+05 1.617684e+05 -1.218099e+06
#	 1.617684e+05 1.269408e+04 -8.392135e+05
#	 -1.218099e+06 -8.392135e+05 -4.691285e+05
#################################################
##            CALCULATION COMPLETED            ##
#################################################
# Psi[0]^2 = 0.645042 + I0.000000
# Psi[1]^2 = 0.331455 + I0.000000
# Psi[2]^2 = 0.023503 + I0.000000
# phi0 = 1.312191 
# phi1 = 0.718595 
# phi2 = 1.668722 
# Psi = 
#	7.764384e-01+i(2.053906e-01)
#	3.790136e-01+i(4.333637e-01)
#	1.525715e-01+i(-1.498856e-02)
#ProbSurv b 1-|Psi|^2 calls E tol dh dh(prev) dh(last)
0.536173334488	1	9.3181e-13	1508422	0.42	0.0001	0.0001	5.96651e-07	5.22206e-07
