# a = 0.100000
# b = 1.000000
# E = 4.200000
# tol = 0.000100
# s12 = 0.554977
# s13 = 0.152971
# psi0 = 0.822075 + I0.000000	0.548446 + I0.000000	0.152971 + I0.000000
# dh = 0.000100
# out = data/E4.2e0.0_tol1e-4.log
# model = sun
# scan_steps = 100.000000
# H0 = 
#	 0.000000e+00 0.000000e+00 0.000000e+00
#	 0.000000e+00 3.165947e+04 0.000000e+00
#	 0.000000e+00 0.000000e+00 1.036181e+06
# W = 
#	 6.758072e-01 4.508635e-01 1.257533e-01
#	 4.508635e-01 3.007928e-01 8.389608e-02
#	 1.257533e-01 8.389608e-02 2.340000e-02
# H0W = 
#	 0.000000e+00 -1.427410e+04 -1.303032e+05
#	 1.427410e+04 0.000000e+00 -8.427541e+04
#	 1.303032e+05 8.427541e+04 0.000000e+00
# H0H0W = 
#	 0.000000e+00 4.519106e+08 1.350177e+11
#	 4.519106e+08 0.000000e+00 8.465646e+10
#	 1.350177e+11 8.465646e+10 0.000000e+00
# WH0W = 
#	 4.564344e+04 1.617684e+04 -1.218099e+05
#	 1.617684e+04 1.269408e+03 -8.392135e+04
#	 -1.218099e+05 -8.392135e+04 -4.691285e+04
#################################################
##            CALCULATION COMPLETED            ##
#################################################
# Psi[0]^2 = 0.325965 + I0.000000
# Psi[1]^2 = 0.649577 + I0.000000
# Psi[2]^2 = 0.024458 + I0.000000
# phi0 = -2.178235 
# phi1 = -2.389058 
# phi2 = 2.832042 
# Psi = 
#	-4.688008e-01+i(-3.258696e-01)
#	-5.508688e-01+i(-5.883203e-01)
#	4.764094e-02+i(-1.489559e-01)
#ProbSurv b 1-|Psi|^2 calls E tol dh dh(prev) dh(last)
0.416250092449	1	-1.68334e-11	34307	4.2	0.0001	0.0001	2.62352e-05	1.31256e-05
