# a = 0.100000
# b = 1.000000
# E = 420000.000000
# tol = 0.000100
# s12 = 0.554977
# s13 = 0.152971
# psi0 = 0.822075 + I0.000000	0.548446 + I0.000000	0.152971 + I0.000000
# dh = 0.000100
# out = data/E4.2e5.0_tol1e-4.log
# model = sun
# scan_steps = 100.000000
# H0 = 
#	 0.000000e+00 0.000000e+00 0.000000e+00
#	 0.000000e+00 3.165947e-01 0.000000e+00
#	 0.000000e+00 0.000000e+00 1.036181e+01
# W = 
#	 6.758072e-01 4.508635e-01 1.257533e-01
#	 4.508635e-01 3.007928e-01 8.389608e-02
#	 1.257533e-01 8.389608e-02 2.340000e-02
# H0W = 
#	 0.000000e+00 -1.427410e-01 -1.303032e+00
#	 1.427410e-01 0.000000e+00 -8.427541e-01
#	 1.303032e+00 8.427541e-01 0.000000e+00
# H0H0W = 
#	 0.000000e+00 4.519106e-02 1.350177e+01
#	 4.519106e-02 0.000000e+00 8.465646e+00
#	 1.350177e+01 8.465646e+00 0.000000e+00
# WH0W = 
#	 4.564344e-01 1.617684e-01 -1.218099e+00
#	 1.617684e-01 1.269408e-02 -8.392135e-01
#	 -1.218099e+00 -8.392135e-01 -4.691285e-01
#################################################
##            CALCULATION COMPLETED            ##
#################################################
# Psi[0]^2 = 0.592007 + I0.000000
# Psi[1]^2 = 0.283255 + I0.000000
# Psi[2]^2 = 0.124738 + I0.000000
# phi0 = 2.455636 
# phi1 = 2.499152 
# phi2 = -2.166092 
# Psi = 
#	4.873608e-01+i(-5.953874e-01)
#	3.188787e-01+i(-4.261119e-01)
#	-2.924295e-01+i(-1.980486e-01)
#ProbSurv b 1-|Psi|^2 calls E tol dh dh(prev) dh(last)
0.488202337247	1	-5.61773e-14	9001	420000	0.0001	0.0001	0.0001	5e-05
