# a = 0.100000
# b = 1.000000
# E = 135977.939387
# tol = 0.000100
# s12 = 0.554977
# s13 = 0.152971
# psi0 = 0.822075 + I0.000000	0.548446 + I0.000000	0.152971 + I0.000000
# dh = 0.000100
# out = data/E4.3e4.5_tol1e-4.log
# model = sun
# scan_steps = 100.000000
# H0 = 
#	 0.000000e+00 0.000000e+00 0.000000e+00
#	 0.000000e+00 9.778776e-01 0.000000e+00
#	 0.000000e+00 0.000000e+00 3.200490e+01
# W = 
#	 6.758072e-01 4.508635e-01 1.257533e-01
#	 4.508635e-01 3.007928e-01 8.389608e-02
#	 1.257533e-01 8.389608e-02 2.340000e-02
# H0W = 
#	 0.000000e+00 -4.408894e-01 -4.024721e+00
#	 4.408894e-01 0.000000e+00 -2.603045e+00
#	 4.024721e+00 2.603045e+00 0.000000e+00
# H0H0W = 
#	 0.000000e+00 4.311359e-01 1.288108e+02
#	 4.311359e-01 0.000000e+00 8.076473e+01
#	 1.288108e+02 8.076473e+01 0.000000e+00
# WH0W = 
#	 1.409806e+00 4.996599e-01 -3.762386e+00
#	 4.996599e-01 3.920865e-02 -2.592109e+00
#	 -3.762386e+00 -2.592109e+00 -1.449014e+00
#################################################
##            CALCULATION COMPLETED            ##
#################################################
# Psi[0]^2 = 0.418598 + I0.000000
# Psi[1]^2 = 0.231847 + I0.000000
# Psi[2]^2 = 0.349555 + I0.000000
# phi0 = 2.897551 
# phi1 = 3.033336 
# phi2 = -2.880494 
# Psi = 
#	1.563305e-01+i(-6.278206e-01)
#	5.202428e-02+i(-4.786861e-01)
#	-1.526218e-01+i(-5.711933e-01)
#ProbSurv b 1-|Psi|^2 calls E tol dh dh(prev) dh(last)
0.360808989093	1	-1.35225e-13	9001	135978	0.0001	0.0001	0.0001	5e-05
