# a = 0.100000
# b = 1.000000
# E = 0.430000
# tol = 0.000100
# s12 = 0.554977
# s13 = 0.152971
# psi0 = 0.822075 + I0.000000	0.548446 + I0.000000	0.152971 + I0.000000
# dh = 0.000100
# out = data/E4.3e-1.0_tol1e-4.log
# model = sun
# scan_steps = 100.000000
# H0 = 
#	 0.000000e+00 0.000000e+00 0.000000e+00
#	 0.000000e+00 3.092321e+05 0.000000e+00
#	 0.000000e+00 0.000000e+00 1.012084e+07
# W = 
#	 6.758072e-01 4.508635e-01 1.257533e-01
#	 4.508635e-01 3.007928e-01 8.389608e-02
#	 1.257533e-01 8.389608e-02 2.340000e-02
# H0W = 
#	 0.000000e+00 -1.394215e+05 -1.272729e+06
#	 1.394215e+05 0.000000e+00 -8.231552e+05
#	 1.272729e+06 8.231552e+05 0.000000e+00
# H0H0W = 
#	 0.000000e+00 4.311359e+10 1.288108e+13
#	 4.311359e+10 0.000000e+00 8.076473e+12
#	 1.288108e+13 8.076473e+12 0.000000e+00
# WH0W = 
#	 4.458197e+05 1.580063e+05 -1.189771e+06
#	 1.580063e+05 1.239886e+04 -8.196969e+05
#	 -1.189771e+06 -8.196969e+05 -4.582186e+05
#################################################
##            CALCULATION COMPLETED            ##
#################################################
# Psi[0]^2 = 0.644278 + I0.000000
# Psi[1]^2 = 0.332217 + I0.000000
# Psi[2]^2 = 0.023505 + I0.000000
# phi0 = 0.914244 
# phi1 = -2.808765 
# phi2 = -2.989136 
# Psi = 
#	6.357952e-01+i(4.899409e-01)
#	-1.883139e-01+i(-5.447523e-01)
#	-2.328332e-02+i(-1.515357e-01)
#ProbSurv b 1-|Psi|^2 calls E tol dh dh(prev) dh(last)
0.535886007784	1	-2.0705e-11	1321932	0.43	0.0001	0.0001	6.80823e-07	3.9131e-07
