# a = 0.100000
# b = 1.000000
# E = 1.359779
# tol = 0.000100
# s12 = 0.554977
# s13 = 0.152971
# psi0 = 0.822075 + I0.000000	0.548446 + I0.000000	0.152971 + I0.000000
# dh = 0.000100
# out = data/E4.3e-0.5_tol1e-4.log
# model = sun
# scan_steps = 100.000000
# H0 = 
#	 0.000000e+00 0.000000e+00 0.000000e+00
#	 0.000000e+00 9.778776e+04 0.000000e+00
#	 0.000000e+00 0.000000e+00 3.200490e+06
# W = 
#	 6.758072e-01 4.508635e-01 1.257533e-01
#	 4.508635e-01 3.007928e-01 8.389608e-02
#	 1.257533e-01 8.389608e-02 2.340000e-02
# H0W = 
#	 0.000000e+00 -4.408894e+04 -4.024721e+05
#	 4.408894e+04 0.000000e+00 -2.603045e+05
#	 4.024721e+05 2.603045e+05 0.000000e+00
# H0H0W = 
#	 0.000000e+00 4.311359e+09 1.288108e+12
#	 4.311359e+09 0.000000e+00 8.076473e+11
#	 1.288108e+12 8.076473e+11 0.000000e+00
# WH0W = 
#	 1.409806e+05 4.996599e+04 -3.762386e+05
#	 4.996599e+04 3.920865e+03 -2.592109e+05
#	 -3.762386e+05 -2.592109e+05 -1.449014e+05
#################################################
##            CALCULATION COMPLETED            ##
#################################################
# Psi[0]^2 = 0.568664 + I0.000000
# Psi[1]^2 = 0.407601 + I0.000000
# Psi[2]^2 = 0.023735 + I0.000000
# phi0 = 0.286937 
# phi1 = 2.943934 
# phi2 = -1.336062 
# Psi = 
#	2.134215e-01+i(7.232673e-01)
#	1.253720e-01+i(-6.260053e-01)
#	-1.498366e-01+i(3.583226e-02)
#ProbSurv b 1-|Psi|^2 calls E tol dh dh(prev) dh(last)
  0.5074662061	1	-7.29061e-12	136713	1.35978	0.0001	0.0001	6.5832e-06	5.09495e-06
