# a = 0.100000
# b = 1.000000
# E = 1359779.393872
# tol = 0.000100
# s12 = 0.554977
# s13 = 0.152971
# psi0 = 0.822075 + I0.000000	0.548446 + I0.000000	0.152971 + I0.000000
# dh = 0.000100
# out = data/E4.3e5.5_tol1e-4.log
# model = sun
# scan_steps = 100.000000
# H0 = 
#	 0.000000e+00 0.000000e+00 0.000000e+00
#	 0.000000e+00 9.778776e-02 0.000000e+00
#	 0.000000e+00 0.000000e+00 3.200490e+00
# W = 
#	 6.758072e-01 4.508635e-01 1.257533e-01
#	 4.508635e-01 3.007928e-01 8.389608e-02
#	 1.257533e-01 8.389608e-02 2.340000e-02
# H0W = 
#	 0.000000e+00 -4.408894e-02 -4.024721e-01
#	 4.408894e-02 0.000000e+00 -2.603045e-01
#	 4.024721e-01 2.603045e-01 0.000000e+00
# H0H0W = 
#	 0.000000e+00 4.311359e-03 1.288108e+00
#	 4.311359e-03 0.000000e+00 8.076473e-01
#	 1.288108e+00 8.076473e-01 0.000000e+00
# WH0W = 
#	 1.409806e-01 4.996599e-02 -3.762386e-01
#	 4.996599e-02 3.920865e-03 -2.592109e-01
#	 -3.762386e-01 -2.592109e-01 -1.449014e-01
#################################################
##            CALCULATION COMPLETED            ##
#################################################
# Psi[0]^2 = 0.656890 + I0.000000
# Psi[1]^2 = 0.298891 + I0.000000
# Psi[2]^2 = 0.044219 + I0.000000
# phi0 = 2.278780 
# phi1 = 2.292149 
# phi2 = 2.740898 
# Psi = 
#	6.157069e-01+i(-5.270626e-01)
#	4.105313e-01+i(-3.610475e-01)
#	8.202244e-02+i(-1.936264e-01)
#ProbSurv b 1-|Psi|^2 calls E tol dh dh(prev) dh(last)
0.534869993362	1	-8.85958e-14	9001	1.35978e+06	0.0001	0.0001	0.0001	5e-05
