# a = 0.100000
# b = 1.000000
# E = 4.300000
# tol = 0.000100
# s12 = 0.554977
# s13 = 0.152971
# psi0 = 0.822075 + I0.000000	0.548446 + I0.000000	0.152971 + I0.000000
# dh = 0.000100
# out = data/E4.3e0.0_tol1e-4.log
# model = sun
# scan_steps = 100.000000
# H0 = 
#	 0.000000e+00 0.000000e+00 0.000000e+00
#	 0.000000e+00 3.092321e+04 0.000000e+00
#	 0.000000e+00 0.000000e+00 1.012084e+06
# W = 
#	 6.758072e-01 4.508635e-01 1.257533e-01
#	 4.508635e-01 3.007928e-01 8.389608e-02
#	 1.257533e-01 8.389608e-02 2.340000e-02
# H0W = 
#	 0.000000e+00 -1.394215e+04 -1.272729e+05
#	 1.394215e+04 0.000000e+00 -8.231552e+04
#	 1.272729e+05 8.231552e+04 0.000000e+00
# H0H0W = 
#	 0.000000e+00 4.311359e+08 1.288108e+11
#	 4.311359e+08 0.000000e+00 8.076473e+10
#	 1.288108e+11 8.076473e+10 0.000000e+00
# WH0W = 
#	 4.458197e+04 1.580063e+04 -1.189771e+05
#	 1.580063e+04 1.239886e+03 -8.196969e+04
#	 -1.189771e+05 -8.196969e+04 -4.582186e+04
#################################################
##            CALCULATION COMPLETED            ##
#################################################
# Psi[0]^2 = 0.318542 + I0.000000
# Psi[1]^2 = 0.656974 + I0.000000
# Psi[2]^2 = 0.024484 + I0.000000
# phi0 = -0.521890 
# phi1 = -0.681562 
# phi2 = -1.390075 
# Psi = 
#	-2.813620e-01+i(4.892625e-01)
#	-5.106455e-01+i(6.294563e-01)
#	-1.539239e-01+i(2.812414e-02)
#ProbSurv b 1-|Psi|^2 calls E tol dh dh(prev) dh(last)
0.413459226119	1	-1.77856e-11	34325	4.3	0.0001	0.0001	2.62211e-05	2.03136e-05
