# a = 0.100000
# b = 1.000000
# E = 4400.000000
# tol = 0.000100
# s12 = 0.554977
# s13 = 0.152971
# psi0 = 0.822075 + I0.000000	0.548446 + I0.000000	0.152971 + I0.000000
# dh = 0.000100
# out = data/E4.4e3.0_tol1e-4.log
# model = sun
# scan_steps = 100.000000
# H0 = 
#	 0.000000e+00 0.000000e+00 0.000000e+00
#	 0.000000e+00 3.022041e+01 0.000000e+00
#	 0.000000e+00 0.000000e+00 9.890818e+02
# W = 
#	 6.758072e-01 4.508635e-01 1.257533e-01
#	 4.508635e-01 3.007928e-01 8.389608e-02
#	 1.257533e-01 8.389608e-02 2.340000e-02
# H0W = 
#	 0.000000e+00 -1.362528e+01 -1.243803e+02
#	 1.362528e+01 0.000000e+00 -8.044471e+01
#	 1.243803e+02 8.044471e+01 0.000000e+00
# H0H0W = 
#	 0.000000e+00 4.117615e+02 1.230223e+05
#	 4.117615e+02 0.000000e+00 7.713533e+04
#	 1.230223e+05 7.713533e+04 0.000000e+00
# WH0W = 
#	 4.356874e+01 1.544153e+01 -1.162731e+02
#	 1.544153e+01 1.211707e+00 -8.010674e+01
#	 -1.162731e+02 -8.010674e+01 -4.478045e+01
#################################################
##            CALCULATION COMPLETED            ##
#################################################
# Psi[0]^2 = 0.000000 + I0.000000
# Psi[1]^2 = 0.000033 + I0.000000
# Psi[2]^2 = 0.999967 + I0.000000
# phi0 = 2.218985 
# phi1 = 0.638378 
# phi2 = 1.919680 
# Psi = 
#	2.687111e-04+i(-2.035085e-04)
#	3.424146e-03+i(4.614590e-03)
#	9.397393e-01+i(-3.418433e-01)
#ProbSurv b 1-|Psi|^2 calls E tol dh dh(prev) dh(last)
0.0234092334224	1	-5.81757e-14	9001	4400	0.0001	0.0001	0.0001	5e-05
