# a = 0.100000
# b = 1.000000
# E = 44.000000
# tol = 0.000100
# s12 = 0.554977
# s13 = 0.152971
# psi0 = 0.822075 + I0.000000	0.548446 + I0.000000	0.152971 + I0.000000
# dh = 0.000100
# out = data/E4.4e1.0_tol1e-4.log
# model = sun
# scan_steps = 100.000000
# H0 = 
#	 0.000000e+00 0.000000e+00 0.000000e+00
#	 0.000000e+00 3.022041e+03 0.000000e+00
#	 0.000000e+00 0.000000e+00 9.890818e+04
# W = 
#	 6.758072e-01 4.508635e-01 1.257533e-01
#	 4.508635e-01 3.007928e-01 8.389608e-02
#	 1.257533e-01 8.389608e-02 2.340000e-02
# H0W = 
#	 0.000000e+00 -1.362528e+03 -1.243803e+04
#	 1.362528e+03 0.000000e+00 -8.044471e+03
#	 1.243803e+04 8.044471e+03 0.000000e+00
# H0H0W = 
#	 0.000000e+00 4.117615e+06 1.230223e+09
#	 4.117615e+06 0.000000e+00 7.713533e+08
#	 1.230223e+09 7.713533e+08 0.000000e+00
# WH0W = 
#	 4.356874e+03 1.544153e+03 -1.162731e+04
#	 1.544153e+03 1.211707e+02 -8.010674e+03
#	 -1.162731e+04 -8.010674e+03 -4.478045e+03
#################################################
##            CALCULATION COMPLETED            ##
#################################################
# Psi[0]^2 = 0.004112 + I0.000000
# Psi[1]^2 = 0.956751 + I0.000000
# Psi[2]^2 = 0.039138 + I0.000000
# phi0 = -0.604958 
# phi1 = 2.216560 
# phi2 = 0.142089 
# Psi = 
#	-3.646766e-02+i(5.274155e-02)
#	7.811792e-01+i(-5.886509e-01)
#	2.801530e-02+i(1.958387e-01)
#ProbSurv b 1-|Psi|^2 calls E tol dh dh(prev) dh(last)
0.291478192225	1	-9.50351e-14	9001	44	0.0001	0.0001	0.0001	5e-05
