# a = 0.100000
# b = 1.000000
# E = 13.914022
# tol = 0.000100
# s12 = 0.554977
# s13 = 0.152971
# psi0 = 0.822075 + I0.000000	0.548446 + I0.000000	0.152971 + I0.000000
# dh = 0.000100
# out = data/E4.4e0.5_tol1e-4.log
# model = sun
# scan_steps = 100.000000
# H0 = 
#	 0.000000e+00 0.000000e+00 0.000000e+00
#	 0.000000e+00 9.556531e+03 0.000000e+00
#	 0.000000e+00 0.000000e+00 3.127751e+05
# W = 
#	 6.758072e-01 4.508635e-01 1.257533e-01
#	 4.508635e-01 3.007928e-01 8.389608e-02
#	 1.257533e-01 8.389608e-02 2.340000e-02
# H0W = 
#	 0.000000e+00 -4.308692e+03 -3.933250e+04
#	 4.308692e+03 0.000000e+00 -2.543885e+04
#	 3.933250e+04 2.543885e+04 0.000000e+00
# H0H0W = 
#	 0.000000e+00 4.117615e+07 1.230223e+10
#	 4.117615e+07 0.000000e+00 7.713533e+09
#	 1.230223e+10 7.713533e+09 0.000000e+00
# WH0W = 
#	 1.377765e+04 4.883040e+03 -3.676877e+04
#	 4.883040e+03 3.831755e+02 -2.533198e+04
#	 -3.676877e+04 -2.533198e+04 -1.416082e+04
#################################################
##            CALCULATION COMPLETED            ##
#################################################
# Psi[0]^2 = 0.046385 + I0.000000
# Psi[1]^2 = 0.926427 + I0.000000
# Psi[2]^2 = 0.027188 + I0.000000
# phi0 = 0.334113 
# phi1 = -0.075715 
# phi2 = 2.632057 
# Psi = 
#	7.062714e-02+i(2.034619e-01)
#	-7.280654e-02+i(9.597532e-01)
#	8.042760e-02+i(-1.439423e-01)
#ProbSurv b 1-|Psi|^2 calls E tol dh dh(prev) dh(last)
0.310646067377	1	-6.69509e-12	13126	13.914	0.0001	0.0001	6.85754e-05	4.233e-05
