# a = 0.100000
# b = 1.000000
# E = 440.000000
# tol = 0.000100
# s12 = 0.554977
# s13 = 0.152971
# psi0 = 0.822075 + I0.000000	0.548446 + I0.000000	0.152971 + I0.000000
# dh = 0.000100
# out = data/E4.4e2.0_tol1e-4.log
# model = sun
# scan_steps = 100.000000
# H0 = 
#	 0.000000e+00 0.000000e+00 0.000000e+00
#	 0.000000e+00 3.022041e+02 0.000000e+00
#	 0.000000e+00 0.000000e+00 9.890818e+03
# W = 
#	 6.758072e-01 4.508635e-01 1.257533e-01
#	 4.508635e-01 3.007928e-01 8.389608e-02
#	 1.257533e-01 8.389608e-02 2.340000e-02
# H0W = 
#	 0.000000e+00 -1.362528e+02 -1.243803e+03
#	 1.362528e+02 0.000000e+00 -8.044471e+02
#	 1.243803e+03 8.044471e+02 0.000000e+00
# H0H0W = 
#	 0.000000e+00 4.117615e+04 1.230223e+07
#	 4.117615e+04 0.000000e+00 7.713533e+06
#	 1.230223e+07 7.713533e+06 0.000000e+00
# WH0W = 
#	 4.356874e+02 1.544153e+02 -1.162731e+03
#	 1.544153e+02 1.211707e+01 -8.010674e+02
#	 -1.162731e+03 -8.010674e+02 -4.478045e+02
#################################################
##            CALCULATION COMPLETED            ##
#################################################
# Psi[0]^2 = 0.000035 + I0.000000
# Psi[1]^2 = 0.011368 + I0.000000
# Psi[2]^2 = 0.988597 + I0.000000
# phi0 = 2.154983 
# phi1 = -0.318552 
# phi2 = -2.531703 
# Psi = 
#	4.961843e-03+i(-3.280618e-03)
#	-3.339226e-02+i(1.012553e-01)
#	-5.695020e-01+i(-8.150242e-01)
#ProbSurv b 1-|Psi|^2 calls E tol dh dh(prev) dh(last)
0.0265763975502	1	-3.25517e-13	9001	440	0.0001	0.0001	0.0001	5e-05
