# a = 0.100000
# b = 1.000000
# E = 4.400000
# tol = 0.000100
# s12 = 0.554977
# s13 = 0.152971
# psi0 = 0.822075 + I0.000000	0.548446 + I0.000000	0.152971 + I0.000000
# dh = 0.000100
# out = data/E4.4e0.0_tol1e-4.log
# model = sun
# scan_steps = 100.000000
# H0 = 
#	 0.000000e+00 0.000000e+00 0.000000e+00
#	 0.000000e+00 3.022041e+04 0.000000e+00
#	 0.000000e+00 0.000000e+00 9.890818e+05
# W = 
#	 6.758072e-01 4.508635e-01 1.257533e-01
#	 4.508635e-01 3.007928e-01 8.389608e-02
#	 1.257533e-01 8.389608e-02 2.340000e-02
# H0W = 
#	 0.000000e+00 -1.362528e+04 -1.243803e+05
#	 1.362528e+04 0.000000e+00 -8.044471e+04
#	 1.243803e+05 8.044471e+04 0.000000e+00
# H0H0W = 
#	 0.000000e+00 4.117615e+08 1.230223e+11
#	 4.117615e+08 0.000000e+00 7.713533e+10
#	 1.230223e+11 7.713533e+10 0.000000e+00
# WH0W = 
#	 4.356874e+04 1.544153e+04 -1.162731e+05
#	 1.544153e+04 1.211707e+03 -8.010674e+04
#	 -1.162731e+05 -8.010674e+04 -4.478045e+04
#################################################
##            CALCULATION COMPLETED            ##
#################################################
# Psi[0]^2 = 0.311231 + I0.000000
# Psi[1]^2 = 0.664259 + I0.000000
# Psi[2]^2 = 0.024510 + I0.000000
# phi0 = 1.137307 
# phi1 = -0.272898 
# phi2 = 0.006706 
# Psi = 
#	5.062802e-01+i(2.343325e-01)
#	-2.196668e-01+i(7.848602e-01)
#	1.049891e-03+i(1.565519e-01)
#ProbSurv b 1-|Psi|^2 calls E tol dh dh(prev) dh(last)
0.410710251038	1	-1.73275e-11	34340	4.4	0.0001	0.0001	2.62094e-05	2.35932e-05
