# a = 0.100000
# b = 1.000000
# E = 4.500000
# tol = 0.000100
# s12 = 0.554977
# s13 = 0.152971
# psi0 = 0.822075 + I0.000000	0.548446 + I0.000000	0.152971 + I0.000000
# dh = 0.000100
# out = data/E4.5e0.0_tol1e-4.log
# model = sun
# scan_steps = 100.000000
# H0 = 
#	 0.000000e+00 0.000000e+00 0.000000e+00
#	 0.000000e+00 2.954884e+04 0.000000e+00
#	 0.000000e+00 0.000000e+00 9.671022e+05
# W = 
#	 6.758072e-01 4.508635e-01 1.257533e-01
#	 4.508635e-01 3.007928e-01 8.389608e-02
#	 1.257533e-01 8.389608e-02 2.340000e-02
# H0W = 
#	 0.000000e+00 -1.332250e+04 -1.216163e+05
#	 1.332250e+04 0.000000e+00 -7.865705e+04
#	 1.216163e+05 7.865705e+04 0.000000e+00
# H0H0W = 
#	 0.000000e+00 3.936643e+08 1.176154e+11
#	 3.936643e+08 0.000000e+00 7.374518e+10
#	 1.176154e+11 7.374518e+10 0.000000e+00
# WH0W = 
#	 4.260055e+04 1.509838e+04 -1.136892e+05
#	 1.509838e+04 1.184780e+03 -7.832659e+04
#	 -1.136892e+05 -7.832659e+04 -4.378533e+04
#################################################
##            CALCULATION COMPLETED            ##
#################################################
# Psi[0]^2 = 0.304123 + I0.000000
# Psi[1]^2 = 0.671372 + I0.000000
# Psi[2]^2 = 0.024505 + I0.000000
# phi0 = 2.800429 
# phi1 = 3.111196 
# phi2 = -2.148852 
# Psi = 
#	1.845143e-01+i(-5.196901e-01)
#	2.490276e-02+i(-8.189942e-01)
#	-1.311070e-01+i(-8.553339e-02)
#ProbSurv b 1-|Psi|^2 calls E tol dh dh(prev) dh(last)
0.408045910748	1	-1.76441e-11	34298	4.5	0.0001	0.0001	2.62415e-05	2.43832e-05
