# a = 0.100000
# b = 1.000000
# E = 4500.000000
# tol = 0.000100
# s12 = 0.554977
# s13 = 0.152971
# psi0 = 0.822075 + I0.000000	0.548446 + I0.000000	0.152971 + I0.000000
# dh = 0.000100
# out = data/E4.5e3.0_tol1e-4.log
# model = sun
# scan_steps = 100.000000
# H0 = 
#	 0.000000e+00 0.000000e+00 0.000000e+00
#	 0.000000e+00 2.954884e+01 0.000000e+00
#	 0.000000e+00 0.000000e+00 9.671022e+02
# W = 
#	 6.758072e-01 4.508635e-01 1.257533e-01
#	 4.508635e-01 3.007928e-01 8.389608e-02
#	 1.257533e-01 8.389608e-02 2.340000e-02
# H0W = 
#	 0.000000e+00 -1.332250e+01 -1.216163e+02
#	 1.332250e+01 0.000000e+00 -7.865705e+01
#	 1.216163e+02 7.865705e+01 0.000000e+00
# H0H0W = 
#	 0.000000e+00 3.936643e+02 1.176154e+05
#	 3.936643e+02 0.000000e+00 7.374518e+04
#	 1.176154e+05 7.374518e+04 0.000000e+00
# WH0W = 
#	 4.260055e+01 1.509838e+01 -1.136892e+02
#	 1.509838e+01 1.184780e+00 -7.832659e+01
#	 -1.136892e+02 -7.832659e+01 -4.378533e+01
#################################################
##            CALCULATION COMPLETED            ##
#################################################
# Psi[0]^2 = 0.000000 + I0.000000
# Psi[1]^2 = 0.000031 + I0.000000
# Psi[2]^2 = 0.999969 + I0.000000
# phi0 = 1.307121 
# phi1 = 0.409628 
# phi2 = 0.915825 
# Psi = 
#	3.512385e-04+i(9.482063e-05)
#	2.229578e-03+i(5.135044e-03)
#	7.930528e-01+i(6.091271e-01)
#ProbSurv b 1-|Psi|^2 calls E tol dh dh(prev) dh(last)
0.0234087797575	1	-8.30447e-14	9001	4500	0.0001	0.0001	0.0001	5e-05
