# a = 0.100000
# b = 1.000000
# E = 0.450000
# tol = 0.000100
# s12 = 0.554977
# s13 = 0.152971
# psi0 = 0.822075 + I0.000000	0.548446 + I0.000000	0.152971 + I0.000000
# dh = 0.000100
# out = data/E4.5e-1.0_tol1e-4.log
# model = sun
# scan_steps = 100.000000
# H0 = 
#	 0.000000e+00 0.000000e+00 0.000000e+00
#	 0.000000e+00 2.954884e+05 0.000000e+00
#	 0.000000e+00 0.000000e+00 9.671022e+06
# W = 
#	 6.758072e-01 4.508635e-01 1.257533e-01
#	 4.508635e-01 3.007928e-01 8.389608e-02
#	 1.257533e-01 8.389608e-02 2.340000e-02
# H0W = 
#	 0.000000e+00 -1.332250e+05 -1.216163e+06
#	 1.332250e+05 0.000000e+00 -7.865705e+05
#	 1.216163e+06 7.865705e+05 0.000000e+00
# H0H0W = 
#	 0.000000e+00 3.936643e+10 1.176154e+13
#	 3.936643e+10 0.000000e+00 7.374518e+12
#	 1.176154e+13 7.374518e+12 0.000000e+00
# WH0W = 
#	 4.260055e+05 1.509838e+05 -1.136892e+06
#	 1.509838e+05 1.184780e+04 -7.832659e+05
#	 -1.136892e+06 -7.832659e+05 -4.378533e+05
#################################################
##            CALCULATION COMPLETED            ##
#################################################
# Psi[0]^2 = 0.642757 + I0.000000
# Psi[1]^2 = 0.333733 + I0.000000
# Psi[2]^2 = 0.023510 + I0.000000
# phi0 = 0.117394 
# phi1 = 0.294893 
# phi2 = 1.721201 
# Psi = 
#	9.390110e-02+i(7.962034e-01)
#	1.679002e-01+i(5.527587e-01)
#	1.515989e-01+i(-2.297477e-02)
#ProbSurv b 1-|Psi|^2 calls E tol dh dh(prev) dh(last)
0.535314507218	1	1.00928e-10	806962	0.45	0.0001	0.0001	1.1153e-06	5.86005e-07
