# a = 0.100000
# b = 1.000000
# E = 450000.000000
# tol = 0.000100
# s12 = 0.554977
# s13 = 0.152971
# psi0 = 0.822075 + I0.000000	0.548446 + I0.000000	0.152971 + I0.000000
# dh = 0.000100
# out = data/E4.5e5.0_tol1e-4.log
# model = sun
# scan_steps = 100.000000
# H0 = 
#	 0.000000e+00 0.000000e+00 0.000000e+00
#	 0.000000e+00 2.954884e-01 0.000000e+00
#	 0.000000e+00 0.000000e+00 9.671022e+00
# W = 
#	 6.758072e-01 4.508635e-01 1.257533e-01
#	 4.508635e-01 3.007928e-01 8.389608e-02
#	 1.257533e-01 8.389608e-02 2.340000e-02
# H0W = 
#	 0.000000e+00 -1.332250e-01 -1.216163e+00
#	 1.332250e-01 0.000000e+00 -7.865705e-01
#	 1.216163e+00 7.865705e-01 0.000000e+00
# H0H0W = 
#	 0.000000e+00 3.936643e-02 1.176154e+01
#	 3.936643e-02 0.000000e+00 7.374518e+00
#	 1.176154e+01 7.374518e+00 0.000000e+00
# WH0W = 
#	 4.260055e-01 1.509838e-01 -1.136892e+00
#	 1.509838e-01 1.184780e-02 -7.832659e-01
#	 -1.136892e+00 -7.832659e-01 -4.378533e-01
#################################################
##            CALCULATION COMPLETED            ##
#################################################
# Psi[0]^2 = 0.599345 + I0.000000
# Psi[1]^2 = 0.285366 + I0.000000
# Psi[2]^2 = 0.115289 + I0.000000
# phi0 = 2.439289 
# phi1 = 2.479854 
# phi2 = -2.308108 
# Psi = 
#	5.000991e-01+i(-5.909700e-01)
#	3.282581e-01+i(-4.214412e-01)
#	-2.513562e-01+i(-2.282746e-01)
#ProbSurv b 1-|Psi|^2 calls E tol dh dh(prev) dh(last)
0.493575289821	1	-9.61453e-14	9001	450000	0.0001	0.0001	0.0001	5e-05
