# a = 0.100000
# b = 1.000000
# E = 4600000.000000
# tol = 0.000100
# s12 = 0.554977
# s13 = 0.152971
# psi0 = 0.822075 + I0.000000	0.548446 + I0.000000	0.152971 + I0.000000
# dh = 0.000100
# out = data/E4.6e6.0_tol1e-4.log
# model = sun
# scan_steps = 100.000000
# H0 = 
#	 0.000000e+00 0.000000e+00 0.000000e+00
#	 0.000000e+00 2.890648e-02 0.000000e+00
#	 0.000000e+00 0.000000e+00 9.460783e-01
# W = 
#	 6.758072e-01 4.508635e-01 1.257533e-01
#	 4.508635e-01 3.007928e-01 8.389608e-02
#	 1.257533e-01 8.389608e-02 2.340000e-02
# H0W = 
#	 0.000000e+00 -1.303288e-02 -1.189724e-01
#	 1.303288e-02 0.000000e+00 -7.694711e-02
#	 1.189724e-01 7.694711e-02 0.000000e+00
# H0H0W = 
#	 0.000000e+00 3.767345e-04 1.125572e-01
#	 3.767345e-04 0.000000e+00 7.057372e-02
#	 1.125572e-01 7.057372e-02 0.000000e+00
# WH0W = 
#	 4.167445e-02 1.477016e-02 -1.112177e-01
#	 1.477016e-02 1.159024e-03 -7.662384e-02
#	 -1.112177e-01 -7.662384e-02 -4.283347e-02
#################################################
##            CALCULATION COMPLETED            ##
#################################################
# Psi[0]^2 = 0.670870 + I0.000000
# Psi[1]^2 = 0.300542 + I0.000000
# Psi[2]^2 = 0.028587 + I0.000000
# phi0 = 2.222047 
# phi1 = 2.226003 
# phi2 = 2.353730 
# Psi = 
#	6.514252e-01+i(-4.965034e-01)
#	4.346935e-01+i(-3.340414e-01)
#	1.198507e-01+i(-1.192613e-01)
#ProbSurv b 1-|Psi|^2 calls E tol dh dh(prev) dh(last)
0.544448921905	1	-9.70335e-14	9001	4.6e+06	0.0001	0.0001	0.0001	5e-05
