# a = 0.100000
# b = 1.000000
# E = 0.460000
# tol = 0.000100
# s12 = 0.554977
# s13 = 0.152971
# psi0 = 0.822075 + I0.000000	0.548446 + I0.000000	0.152971 + I0.000000
# dh = 0.000100
# out = data/E4.6e-1.0_tol1e-4.log
# model = sun
# scan_steps = 100.000000
# H0 = 
#	 0.000000e+00 0.000000e+00 0.000000e+00
#	 0.000000e+00 2.890648e+05 0.000000e+00
#	 0.000000e+00 0.000000e+00 9.460783e+06
# W = 
#	 6.758072e-01 4.508635e-01 1.257533e-01
#	 4.508635e-01 3.007928e-01 8.389608e-02
#	 1.257533e-01 8.389608e-02 2.340000e-02
# H0W = 
#	 0.000000e+00 -1.303288e+05 -1.189724e+06
#	 1.303288e+05 0.000000e+00 -7.694711e+05
#	 1.189724e+06 7.694711e+05 0.000000e+00
# H0H0W = 
#	 0.000000e+00 3.767345e+10 1.125572e+13
#	 3.767345e+10 0.000000e+00 7.057372e+12
#	 1.125572e+13 7.057372e+12 0.000000e+00
# WH0W = 
#	 4.167445e+05 1.477016e+05 -1.112177e+06
#	 1.477016e+05 1.159024e+04 -7.662384e+05
#	 -1.112177e+06 -7.662384e+05 -4.283347e+05
#################################################
##            CALCULATION COMPLETED            ##
#################################################
# Psi[0]^2 = 0.641993 + I0.000000
# Psi[1]^2 = 0.334494 + I0.000000
# Psi[2]^2 = 0.023513 + I0.000000
# phi0 = -0.281506 
# phi1 = -0.072095 
# phi2 = -2.087326 
# Psi = 
#	-2.225881e-01+i(7.697062e-01)
#	-4.166017e-02+i(5.768525e-01)
#	-1.333332e-01+i(-7.572839e-02)
#ProbSurv b 1-|Psi|^2 calls E tol dh dh(prev) dh(last)
0.535027242275	1	1.49657e-11	713511	0.46	0.0001	0.0001	1.26137e-06	8.73999e-07
