# a = 0.100000
# b = 1.000000
# E = 145464.772368
# tol = 0.000100
# s12 = 0.554977
# s13 = 0.152971
# psi0 = 0.822075 + I0.000000	0.548446 + I0.000000	0.152971 + I0.000000
# dh = 0.000100
# out = data/E4.6e4.5_tol1e-4.log
# model = sun
# scan_steps = 100.000000
# H0 = 
#	 0.000000e+00 0.000000e+00 0.000000e+00
#	 0.000000e+00 9.141030e-01 0.000000e+00
#	 0.000000e+00 0.000000e+00 2.991762e+01
# W = 
#	 6.758072e-01 4.508635e-01 1.257533e-01
#	 4.508635e-01 3.007928e-01 8.389608e-02
#	 1.257533e-01 8.389608e-02 2.340000e-02
# H0W = 
#	 0.000000e+00 -4.121357e-01 -3.762239e+00
#	 4.121357e-01 0.000000e+00 -2.433281e+00
#	 3.762239e+00 2.433281e+00 0.000000e+00
# H0H0W = 
#	 0.000000e+00 3.767345e-01 1.125572e+02
#	 3.767345e-01 0.000000e+00 7.057372e+01
#	 1.125572e+02 7.057372e+01 0.000000e+00
# WH0W = 
#	 1.317862e+00 4.670734e-01 -3.517013e+00
#	 4.670734e-01 3.665157e-02 -2.423059e+00
#	 -3.517013e+00 -2.423059e+00 -1.354513e+00
#################################################
##            CALCULATION COMPLETED            ##
#################################################
# Psi[0]^2 = 0.432748 + I0.000000
# Psi[1]^2 = 0.236127 + I0.000000
# Psi[2]^2 = 0.331125 + I0.000000
# phi0 = 2.852745 
# phi1 = 2.979951 
# phi2 = 2.776082 
# Psi = 
#	1.873831e-01+i(-6.305833e-01)
#	7.820455e-02+i(-4.795947e-01)
#	2.056756e-01+i(-5.374223e-01)
#ProbSurv b 1-|Psi|^2 calls E tol dh dh(prev) dh(last)
0.371227679863	1	-1.19904e-13	9001	145465	0.0001	0.0001	0.0001	5e-05
