# a = 0.100000
# b = 1.000000
# E = 4.600000
# tol = 0.000100
# s12 = 0.554977
# s13 = 0.152971
# psi0 = 0.822075 + I0.000000	0.548446 + I0.000000	0.152971 + I0.000000
# dh = 0.000100
# out = data/E4.6e0.0_tol1e-4.log
# model = sun
# scan_steps = 100.000000
# H0 = 
#	 0.000000e+00 0.000000e+00 0.000000e+00
#	 0.000000e+00 2.890648e+04 0.000000e+00
#	 0.000000e+00 0.000000e+00 9.460783e+05
# W = 
#	 6.758072e-01 4.508635e-01 1.257533e-01
#	 4.508635e-01 3.007928e-01 8.389608e-02
#	 1.257533e-01 8.389608e-02 2.340000e-02
# H0W = 
#	 0.000000e+00 -1.303288e+04 -1.189724e+05
#	 1.303288e+04 0.000000e+00 -7.694711e+04
#	 1.189724e+05 7.694711e+04 0.000000e+00
# H0H0W = 
#	 0.000000e+00 3.767345e+08 1.125572e+11
#	 3.767345e+08 0.000000e+00 7.057372e+10
#	 1.125572e+11 7.057372e+10 0.000000e+00
# WH0W = 
#	 4.167445e+04 1.477016e+04 -1.112177e+05
#	 1.477016e+04 1.159024e+03 -7.662384e+04
#	 -1.112177e+05 -7.662384e+04 -4.283347e+04
#################################################
##            CALCULATION COMPLETED            ##
#################################################
# Psi[0]^2 = 0.297023 + I0.000000
# Psi[1]^2 = 0.678415 + I0.000000
# Psi[2]^2 = 0.024562 + I0.000000
# phi0 = -1.814831 
# phi1 = 1.353112 
# phi2 = 1.254038 
# Psi = 
#	-5.288506e-01+i(-1.316824e-01)
#	8.042212e-01+i(1.778852e-01)
#	1.489255e-01+i(4.881704e-02)
#ProbSurv b 1-|Psi|^2 calls E tol dh dh(prev) dh(last)
0.405367486341	1	-1.31171e-11	34358	4.6	0.0001	0.0001	2.61959e-05	1.96056e-05
