# a = 0.100000
# b = 1.000000
# E = 145.464772
# tol = 0.000100
# s12 = 0.554977
# s13 = 0.152971
# psi0 = 0.822075 + I0.000000	0.548446 + I0.000000	0.152971 + I0.000000
# dh = 0.000100
# out = data/E4.6e1.5_tol1e-4.log
# model = sun
# scan_steps = 100.000000
# H0 = 
#	 0.000000e+00 0.000000e+00 0.000000e+00
#	 0.000000e+00 9.141030e+02 0.000000e+00
#	 0.000000e+00 0.000000e+00 2.991762e+04
# W = 
#	 6.758072e-01 4.508635e-01 1.257533e-01
#	 4.508635e-01 3.007928e-01 8.389608e-02
#	 1.257533e-01 8.389608e-02 2.340000e-02
# H0W = 
#	 0.000000e+00 -4.121357e+02 -3.762239e+03
#	 4.121357e+02 0.000000e+00 -2.433281e+03
#	 3.762239e+03 2.433281e+03 0.000000e+00
# H0H0W = 
#	 0.000000e+00 3.767345e+05 1.125572e+08
#	 3.767345e+05 0.000000e+00 7.057372e+07
#	 1.125572e+08 7.057372e+07 0.000000e+00
# WH0W = 
#	 1.317862e+03 4.670734e+02 -3.517013e+03
#	 4.670734e+02 3.665157e+01 -2.423059e+03
#	 -3.517013e+03 -2.423059e+03 -1.354513e+03
#################################################
##            CALCULATION COMPLETED            ##
#################################################
# Psi[0]^2 = 0.000383 + I0.000000
# Psi[1]^2 = 0.752619 + I0.000000
# Psi[2]^2 = 0.246997 + I0.000000
# phi0 = 2.927902 
# phi1 = -3.034204 
# phi2 = 1.183452 
# Psi = 
#	4.151376e-03+i(-1.913046e-02)
#	-9.298418e-02+i(-8.625389e-01)
#	4.601692e-01+i(1.877276e-01)
#ProbSurv b 1-|Psi|^2 calls E tol dh dh(prev) dh(last)
0.232421219951	1	1.5361e-12	9001	145.465	0.0001	0.0001	0.0001	5e-05
