# a = 0.100000
# b = 1.000000
# E = 14.546477
# tol = 0.000100
# s12 = 0.554977
# s13 = 0.152971
# psi0 = 0.822075 + I0.000000	0.548446 + I0.000000	0.152971 + I0.000000
# dh = 0.000100
# out = data/E4.6e0.5_tol1e-4.log
# model = sun
# scan_steps = 100.000000
# H0 = 
#	 0.000000e+00 0.000000e+00 0.000000e+00
#	 0.000000e+00 9.141030e+03 0.000000e+00
#	 0.000000e+00 0.000000e+00 2.991762e+05
# W = 
#	 6.758072e-01 4.508635e-01 1.257533e-01
#	 4.508635e-01 3.007928e-01 8.389608e-02
#	 1.257533e-01 8.389608e-02 2.340000e-02
# H0W = 
#	 0.000000e+00 -4.121357e+03 -3.762239e+04
#	 4.121357e+03 0.000000e+00 -2.433281e+04
#	 3.762239e+04 2.433281e+04 0.000000e+00
# H0H0W = 
#	 0.000000e+00 3.767345e+07 1.125572e+10
#	 3.767345e+07 0.000000e+00 7.057372e+09
#	 1.125572e+10 7.057372e+09 0.000000e+00
# WH0W = 
#	 1.317862e+04 4.670734e+03 -3.517013e+04
#	 4.670734e+03 3.665157e+02 -2.423059e+04
#	 -3.517013e+04 -2.423059e+04 -1.354513e+04
#################################################
##            CALCULATION COMPLETED            ##
#################################################
# Psi[0]^2 = 0.042316 + I0.000000
# Psi[1]^2 = 0.930303 + I0.000000
# Psi[2]^2 = 0.027381 + I0.000000
# phi0 = 1.866309 
# phi1 = 1.339050 
# phi2 = -2.940248 
# Psi = 
#	1.967912e-01+i(-5.990846e-02)
#	9.387376e-01+i(2.215288e-01)
#	-3.309215e-02+i(-1.621288e-01)
#ProbSurv b 1-|Psi|^2 calls E tol dh dh(prev) dh(last)
0.309066591382	1	-6.15819e-12	12402	14.5465	0.0001	0.0001	7.25795e-05	4.32139e-05
