# a = 0.100000
# b = 1.000000
# E = 4.700000
# tol = 0.000100
# s12 = 0.554977
# s13 = 0.152971
# psi0 = 0.822075 + I0.000000	0.548446 + I0.000000	0.152971 + I0.000000
# dh = 0.000100
# out = data/E4.7e0.0_tol1e-4.log
# model = sun
# scan_steps = 100.000000
# H0 = 
#	 0.000000e+00 0.000000e+00 0.000000e+00
#	 0.000000e+00 2.829144e+04 0.000000e+00
#	 0.000000e+00 0.000000e+00 9.259489e+05
# W = 
#	 6.758072e-01 4.508635e-01 1.257533e-01
#	 4.508635e-01 3.007928e-01 8.389608e-02
#	 1.257533e-01 8.389608e-02 2.340000e-02
# H0W = 
#	 0.000000e+00 -1.275558e+04 -1.164411e+05
#	 1.275558e+04 0.000000e+00 -7.530994e+04
#	 1.164411e+05 7.530994e+04 0.000000e+00
# H0H0W = 
#	 0.000000e+00 3.608738e+08 1.078185e+11
#	 3.608738e+08 0.000000e+00 6.760253e+10
#	 1.078185e+11 6.760253e+10 0.000000e+00
# WH0W = 
#	 4.078776e+04 1.445590e+04 -1.088514e+05
#	 1.445590e+04 1.134364e+03 -7.499355e+04
#	 -1.088514e+05 -7.499355e+04 -4.192212e+04
#################################################
##            CALCULATION COMPLETED            ##
#################################################
# Psi[0]^2 = 0.290180 + I0.000000
# Psi[1]^2 = 0.685232 + I0.000000
# Psi[2]^2 = 0.024588 + I0.000000
# phi0 = -0.141180 
# phi1 = -0.942236 
# phi2 = -0.701225 
# Psi = 
#	-7.579902e-02+i(5.333244e-01)
#	-6.695761e-01+i(4.867231e-01)
#	-1.011639e-01+i(1.198077e-01)
#ProbSurv b 1-|Psi|^2 calls E tol dh dh(prev) dh(last)
0.402794101042	1	-1.06748e-11	34345	4.7	0.0001	0.0001	2.62058e-05	2.01196e-05
