# a = 0.100000
# b = 1.000000
# E = 148.627050
# tol = 0.000100
# s12 = 0.554977
# s13 = 0.152971
# psi0 = 0.822075 + I0.000000	0.548446 + I0.000000	0.152971 + I0.000000
# dh = 0.000100
# out = data/E4.7e1.5_tol1e-4.log
# model = sun
# scan_steps = 100.000000
# H0 = 
#	 0.000000e+00 0.000000e+00 0.000000e+00
#	 0.000000e+00 8.946540e+02 0.000000e+00
#	 0.000000e+00 0.000000e+00 2.928108e+04
# W = 
#	 6.758072e-01 4.508635e-01 1.257533e-01
#	 4.508635e-01 3.007928e-01 8.389608e-02
#	 1.257533e-01 8.389608e-02 2.340000e-02
# H0W = 
#	 0.000000e+00 -4.033669e+02 -3.682192e+03
#	 4.033669e+02 0.000000e+00 -2.381509e+03
#	 3.682192e+03 2.381509e+03 0.000000e+00
# H0H0W = 
#	 0.000000e+00 3.608738e+05 1.078185e+08
#	 3.608738e+05 0.000000e+00 6.760253e+07
#	 1.078185e+08 6.760253e+07 0.000000e+00
# WH0W = 
#	 1.289822e+03 4.571357e+02 -3.442183e+03
#	 4.571357e+02 3.587175e+01 -2.371504e+03
#	 -3.442183e+03 -2.371504e+03 -1.325694e+03
#################################################
##            CALCULATION COMPLETED            ##
#################################################
# Psi[0]^2 = 0.000367 + I0.000000
# Psi[1]^2 = 0.734080 + I0.000000
# Psi[2]^2 = 0.265553 + I0.000000
# phi0 = -0.531885 
# phi1 = -0.144250 
# phi2 = 1.981457 
# Psi = 
#	-9.714586e-03+i(1.650870e-02)
#	-1.231632e-01+i(8.478863e-01)
#	4.724732e-01+i(-2.057228e-01)
#ProbSurv b 1-|Psi|^2 calls E tol dh dh(prev) dh(last)
0.227267958014	1	1.45084e-12	9001	148.627	0.0001	0.0001	0.0001	5e-05
