# a = 0.100000
# b = 1.000000
# E = 48000.000000
# tol = 0.000100
# s12 = 0.554977
# s13 = 0.152971
# psi0 = 0.822075 + I0.000000	0.548446 + I0.000000	0.152971 + I0.000000
# dh = 0.000100
# out = data/E4.8e4.0_tol1e-4.log
# model = sun
# scan_steps = 100.000000
# H0 = 
#	 0.000000e+00 0.000000e+00 0.000000e+00
#	 0.000000e+00 2.770204e+00 0.000000e+00
#	 0.000000e+00 0.000000e+00 9.066583e+01
# W = 
#	 6.758072e-01 4.508635e-01 1.257533e-01
#	 4.508635e-01 3.007928e-01 8.389608e-02
#	 1.257533e-01 8.389608e-02 2.340000e-02
# H0W = 
#	 0.000000e+00 -1.248984e+00 -1.140153e+01
#	 1.248984e+00 0.000000e+00 -7.374098e+00
#	 1.140153e+01 7.374098e+00 0.000000e+00
# H0H0W = 
#	 0.000000e+00 3.459940e+00 1.033729e+03
#	 3.459940e+00 0.000000e+00 6.481510e+02
#	 1.033729e+03 6.481510e+02 0.000000e+00
# WH0W = 
#	 3.993801e+00 1.415473e+00 -1.065837e+01
#	 1.415473e+00 1.110732e-01 -7.343118e+00
#	 -1.065837e+01 -7.343118e+00 -4.104875e+00
#################################################
##            CALCULATION COMPLETED            ##
#################################################
# Psi[0]^2 = 0.157252 + I0.000000
# Psi[1]^2 = 0.129578 + I0.000000
# Psi[2]^2 = 0.713170 + I0.000000
# phi0 = -2.310544 
# phi1 = -1.919232 
# phi2 = -0.804791 
# Psi = 
#	-2.929076e-01+i(-2.673152e-01)
#	-3.383382e-01+i(-1.229036e-01)
#	-6.086145e-01+i(5.854555e-01)
#ProbSurv b 1-|Psi|^2 calls E tol dh dh(prev) dh(last)
0.161936546348	1	-1.14575e-13	9001	48000	0.0001	0.0001	0.0001	5e-05
