# a = 0.100000
# b = 1.000000
# E = 4.800000
# tol = 0.000100
# s12 = 0.554977
# s13 = 0.152971
# psi0 = 0.822075 + I0.000000	0.548446 + I0.000000	0.152971 + I0.000000
# dh = 0.000100
# out = data/E4.8e0.0_tol1e-4.log
# model = sun
# scan_steps = 100.000000
# H0 = 
#	 0.000000e+00 0.000000e+00 0.000000e+00
#	 0.000000e+00 2.770204e+04 0.000000e+00
#	 0.000000e+00 0.000000e+00 9.066583e+05
# W = 
#	 6.758072e-01 4.508635e-01 1.257533e-01
#	 4.508635e-01 3.007928e-01 8.389608e-02
#	 1.257533e-01 8.389608e-02 2.340000e-02
# H0W = 
#	 0.000000e+00 -1.248984e+04 -1.140153e+05
#	 1.248984e+04 0.000000e+00 -7.374098e+04
#	 1.140153e+05 7.374098e+04 0.000000e+00
# H0H0W = 
#	 0.000000e+00 3.459940e+08 1.033729e+11
#	 3.459940e+08 0.000000e+00 6.481510e+10
#	 1.033729e+11 6.481510e+10 0.000000e+00
# WH0W = 
#	 3.993801e+04 1.415473e+04 -1.065837e+05
#	 1.415473e+04 1.110732e+03 -7.343118e+04
#	 -1.065837e+05 -7.343118e+04 -4.104875e+04
#################################################
##            CALCULATION COMPLETED            ##
#################################################
# Psi[0]^2 = 0.283438 + I0.000000
# Psi[1]^2 = 0.691947 + I0.000000
# Psi[2]^2 = 0.024614 + I0.000000
# phi0 = 1.539183 
# phi1 = 0.969868 
# phi2 = -1.789042 
# Psi = 
#	5.321233e-01+i(1.682775e-02)
#	6.861055e-01+i(4.703259e-01)
#	-1.531682e-01+i(-3.396940e-02)
#ProbSurv b 1-|Psi|^2 calls E tol dh dh(prev) dh(last)
0.400258419109	1	-5.61751e-12	34257	4.8	0.0001	0.0001	2.62732e-05	1.90501e-05
