# a = 0.100000
# b = 1.000000
# E = 1517893.276881
# tol = 0.000100
# s12 = 0.554977
# s13 = 0.152971
# psi0 = 0.822075 + I0.000000	0.548446 + I0.000000	0.152971 + I0.000000
# dh = 0.000100
# out = data/E4.8e5.5_tol1e-4.log
# model = sun
# scan_steps = 100.000000
# H0 = 
#	 0.000000e+00 0.000000e+00 0.000000e+00
#	 0.000000e+00 8.760154e-02 0.000000e+00
#	 0.000000e+00 0.000000e+00 2.867105e+00
# W = 
#	 6.758072e-01 4.508635e-01 1.257533e-01
#	 4.508635e-01 3.007928e-01 8.389608e-02
#	 1.257533e-01 8.389608e-02 2.340000e-02
# H0W = 
#	 0.000000e+00 -3.949634e-02 -3.605479e-01
#	 3.949634e-02 0.000000e+00 -2.331895e-01
#	 3.605479e-01 2.331895e-01 0.000000e+00
# H0H0W = 
#	 0.000000e+00 3.459940e-03 1.033729e+00
#	 3.459940e-03 0.000000e+00 6.481510e-01
#	 1.033729e+00 6.481510e-01 0.000000e+00
# WH0W = 
#	 1.262951e-01 4.476120e-02 -3.370471e-01
#	 4.476120e-02 3.512442e-03 -2.322098e-01
#	 -3.370471e-01 -2.322098e-01 -1.298075e-01
#################################################
##            CALCULATION COMPLETED            ##
#################################################
# Psi[0]^2 = 0.659163 + I0.000000
# Psi[1]^2 = 0.299234 + I0.000000
# Psi[2]^2 = 0.041603 + I0.000000
# phi0 = 2.270365 
# phi1 = 2.282342 
# phi2 = 2.682171 
# Psi = 
#	6.211922e-01+i(-5.227651e-01)
#	4.142897e-01+i(-3.572092e-01)
#	9.044512e-02+i(-1.828176e-01)
#ProbSurv b 1-|Psi|^2 calls E tol dh dh(prev) dh(last)
0.536448184316	1	-7.83817e-14	9001	1.51789e+06	0.0001	0.0001	0.0001	5e-05
