# a = 0.100000
# b = 1.000000
# E = 151.789328
# tol = 0.000100
# s12 = 0.554977
# s13 = 0.152971
# psi0 = 0.822075 + I0.000000	0.548446 + I0.000000	0.152971 + I0.000000
# dh = 0.000100
# out = data/E4.8e1.5_tol1e-4.log
# model = sun
# scan_steps = 100.000000
# H0 = 
#	 0.000000e+00 0.000000e+00 0.000000e+00
#	 0.000000e+00 8.760154e+02 0.000000e+00
#	 0.000000e+00 0.000000e+00 2.867105e+04
# W = 
#	 6.758072e-01 4.508635e-01 1.257533e-01
#	 4.508635e-01 3.007928e-01 8.389608e-02
#	 1.257533e-01 8.389608e-02 2.340000e-02
# H0W = 
#	 0.000000e+00 -3.949634e+02 -3.605479e+03
#	 3.949634e+02 0.000000e+00 -2.331895e+03
#	 3.605479e+03 2.331895e+03 0.000000e+00
# H0H0W = 
#	 0.000000e+00 3.459940e+05 1.033729e+08
#	 3.459940e+05 0.000000e+00 6.481510e+07
#	 1.033729e+08 6.481510e+07 0.000000e+00
# WH0W = 
#	 1.262951e+03 4.476120e+02 -3.370471e+03
#	 4.476120e+02 3.512442e+01 -2.322098e+03
#	 -3.370471e+03 -2.322098e+03 -1.298075e+03
#################################################
##            CALCULATION COMPLETED            ##
#################################################
# Psi[0]^2 = 0.000345 + I0.000000
# Psi[1]^2 = 0.714220 + I0.000000
# Psi[2]^2 = 0.285435 + I0.000000
# phi0 = 2.422830 
# phi1 = -3.021561 
# phi2 = 1.611646 
# Psi = 
#	1.223240e-02+i(-1.398180e-02)
#	-1.011969e-01+i(-8.390344e-01)
#	5.338158e-01+i(-2.181811e-02)
#ProbSurv b 1-|Psi|^2 calls E tol dh dh(prev) dh(last)
0.221744508028	1	1.35836e-12	9001	151.789	0.0001	0.0001	0.0001	5e-05
