# a = 0.100000
# b = 1.000000
# E = 15178.932769
# tol = 0.000100
# s12 = 0.554977
# s13 = 0.152971
# psi0 = 0.822075 + I0.000000	0.548446 + I0.000000	0.152971 + I0.000000
# dh = 0.000100
# out = data/E4.8e3.5_tol1e-4.log
# model = sun
# scan_steps = 100.000000
# H0 = 
#	 0.000000e+00 0.000000e+00 0.000000e+00
#	 0.000000e+00 8.760154e+00 0.000000e+00
#	 0.000000e+00 0.000000e+00 2.867105e+02
# W = 
#	 6.758072e-01 4.508635e-01 1.257533e-01
#	 4.508635e-01 3.007928e-01 8.389608e-02
#	 1.257533e-01 8.389608e-02 2.340000e-02
# H0W = 
#	 0.000000e+00 -3.949634e+00 -3.605479e+01
#	 3.949634e+00 0.000000e+00 -2.331895e+01
#	 3.605479e+01 2.331895e+01 0.000000e+00
# H0H0W = 
#	 0.000000e+00 3.459940e+01 1.033729e+04
#	 3.459940e+01 0.000000e+00 6.481510e+03
#	 1.033729e+04 6.481510e+03 0.000000e+00
# WH0W = 
#	 1.262951e+01 4.476120e+00 -3.370471e+01
#	 4.476120e+00 3.512442e-01 -2.322098e+01
#	 -3.370471e+01 -2.322098e+01 -1.298075e+01
#################################################
##            CALCULATION COMPLETED            ##
#################################################
# Psi[0]^2 = 0.004545 + I0.000000
# Psi[1]^2 = 0.014317 + I0.000000
# Psi[2]^2 = 0.981139 + I0.000000
# phi0 = 0.786446 
# phi1 = 2.113749 
# phi2 = 1.585872 
# Psi = 
#	4.771813e-02+i(4.761823e-02)
#	1.024449e-01+i(-6.182042e-02)
#	9.904119e-01+i(-1.493219e-02)
#ProbSurv b 1-|Psi|^2 calls E tol dh dh(prev) dh(last)
0.0303362305068	1	-8.26006e-14	9001	15178.9	0.0001	0.0001	0.0001	5e-05
