# a = 0.100000
# b = 1.000000
# E = 0.480000
# tol = 0.000100
# s12 = 0.554977
# s13 = 0.152971
# psi0 = 0.822075 + I0.000000	0.548446 + I0.000000	0.152971 + I0.000000
# dh = 0.000100
# out = data/E4.8e-1.0_tol1e-4.log
# model = sun
# scan_steps = 100.000000
# H0 = 
#	 0.000000e+00 0.000000e+00 0.000000e+00
#	 0.000000e+00 2.770204e+05 0.000000e+00
#	 0.000000e+00 0.000000e+00 9.066583e+06
# W = 
#	 6.758072e-01 4.508635e-01 1.257533e-01
#	 4.508635e-01 3.007928e-01 8.389608e-02
#	 1.257533e-01 8.389608e-02 2.340000e-02
# H0W = 
#	 0.000000e+00 -1.248984e+05 -1.140153e+06
#	 1.248984e+05 0.000000e+00 -7.374098e+05
#	 1.140153e+06 7.374098e+05 0.000000e+00
# H0H0W = 
#	 0.000000e+00 3.459940e+10 1.033729e+13
#	 3.459940e+10 0.000000e+00 6.481510e+12
#	 1.033729e+13 6.481510e+12 0.000000e+00
# WH0W = 
#	 3.993801e+05 1.415473e+05 -1.065837e+06
#	 1.415473e+05 1.110732e+04 -7.343118e+05
#	 -1.065837e+06 -7.343118e+05 -4.104875e+05
#################################################
##            CALCULATION COMPLETED            ##
#################################################
# Psi[0]^2 = 0.640461 + I0.000000
# Psi[1]^2 = 0.336022 + I0.000000
# Psi[2]^2 = 0.023517 + I0.000000
# phi0 = -1.080255 
# phi1 = -0.709543 
# phi2 = -1.373871 
# Psi = 
#	-7.059163e-01+i(3.770187e-01)
#	-3.776500e-01+i(4.397751e-01)
#	-1.503900e-01+i(3.000450e-02)
#ProbSurv b 1-|Psi|^2 calls E tol dh dh(prev) dh(last)
  0.5344512856	1	5.32928e-11	1006616	0.48	0.0001	0.0001	8.94086e-07	8.69193e-07
