# a = 0.100000
# b = 1.000000
# E = 1549.516053
# tol = 0.000100
# s12 = 0.554977
# s13 = 0.152971
# psi0 = 0.822075 + I0.000000	0.548446 + I0.000000	0.152971 + I0.000000
# dh = 0.000100
# out = data/E4.9e2.5_tol1e-4.log
# model = sun
# scan_steps = 100.000000
# H0 = 
#	 0.000000e+00 0.000000e+00 0.000000e+00
#	 0.000000e+00 8.581375e+01 0.000000e+00
#	 0.000000e+00 0.000000e+00 2.808593e+03
# W = 
#	 6.758072e-01 4.508635e-01 1.257533e-01
#	 4.508635e-01 3.007928e-01 8.389608e-02
#	 1.257533e-01 8.389608e-02 2.340000e-02
# H0W = 
#	 0.000000e+00 -3.869029e+01 -3.531898e+02
#	 3.869029e+01 0.000000e+00 -2.284305e+02
#	 3.531898e+02 2.284305e+02 0.000000e+00
# H0H0W = 
#	 0.000000e+00 3.320159e+03 9.919664e+05
#	 3.320159e+03 0.000000e+00 6.219658e+05
#	 9.919664e+05 6.219658e+05 0.000000e+00
# WH0W = 
#	 1.237176e+02 4.384771e+01 -3.301686e+02
#	 4.384771e+01 3.440759e+00 -2.274708e+02
#	 -3.301686e+02 -2.274708e+02 -1.271584e+02
#################################################
##            CALCULATION COMPLETED            ##
#################################################
# Psi[0]^2 = 0.000003 + I0.000000
# Psi[1]^2 = 0.000426 + I0.000000
# Psi[2]^2 = 0.999571 + I0.000000
# phi0 = -2.270893 
# phi1 = 1.330884 
# phi2 = -2.607506 
# Psi = 
#	-1.259669e-03+i(-1.061213e-03)
#	2.004820e-02+i(4.904259e-03)
#	-5.089458e-01+i(-8.605495e-01)
#ProbSurv b 1-|Psi|^2 calls E tol dh dh(prev) dh(last)
0.0235199343494	1	-7.63833e-14	9001	1549.52	0.0001	0.0001	0.0001	5e-05
