# a = 0.100000
# b = 1.000000
# E = 490.000000
# tol = 0.000100
# s12 = 0.554977
# s13 = 0.152971
# psi0 = 0.822075 + I0.000000	0.548446 + I0.000000	0.152971 + I0.000000
# dh = 0.000100
# out = data/E4.9e2.0_tol1e-4.log
# model = sun
# scan_steps = 100.000000
# H0 = 
#	 0.000000e+00 0.000000e+00 0.000000e+00
#	 0.000000e+00 2.713669e+02 0.000000e+00
#	 0.000000e+00 0.000000e+00 8.881551e+03
# W = 
#	 6.758072e-01 4.508635e-01 1.257533e-01
#	 4.508635e-01 3.007928e-01 8.389608e-02
#	 1.257533e-01 8.389608e-02 2.340000e-02
# H0W = 
#	 0.000000e+00 -1.223494e+02 -1.116884e+03
#	 1.223494e+02 0.000000e+00 -7.223607e+02
#	 1.116884e+03 7.223607e+02 0.000000e+00
# H0H0W = 
#	 0.000000e+00 3.320159e+04 9.919664e+06
#	 3.320159e+04 0.000000e+00 6.219658e+06
#	 9.919664e+06 6.219658e+06 0.000000e+00
# WH0W = 
#	 3.912295e+02 1.386586e+02 -1.044085e+03
#	 1.386586e+02 1.088064e+01 -7.193259e+02
#	 -1.044085e+03 -7.193259e+02 -4.021102e+02
#################################################
##            CALCULATION COMPLETED            ##
#################################################
# Psi[0]^2 = 0.000031 + I0.000000
# Psi[1]^2 = 0.008091 + I0.000000
# Psi[2]^2 = 0.991878 + I0.000000
# phi0 = 0.729124 
# phi1 = 2.161442 
# phi2 = 2.871658 
# Psi = 
#	3.709212e-03+i(4.152065e-03)
#	7.471282e-02+i(-5.009430e-02)
#	2.655836e-01+i(-9.598661e-01)
#ProbSurv b 1-|Psi|^2 calls E tol dh dh(prev) dh(last)
0.025664731577	1	-1.90292e-13	9001	490	0.0001	0.0001	0.0001	5e-05
