# a = 0.100000
# b = 1.000000
# E = 15.495161
# tol = 0.000100
# s12 = 0.554977
# s13 = 0.152971
# psi0 = 0.822075 + I0.000000	0.548446 + I0.000000	0.152971 + I0.000000
# dh = 0.000100
# out = data/E4.9e0.5_tol1e-4.log
# model = sun
# scan_steps = 100.000000
# H0 = 
#	 0.000000e+00 0.000000e+00 0.000000e+00
#	 0.000000e+00 8.581375e+03 0.000000e+00
#	 0.000000e+00 0.000000e+00 2.808593e+05
# W = 
#	 6.758072e-01 4.508635e-01 1.257533e-01
#	 4.508635e-01 3.007928e-01 8.389608e-02
#	 1.257533e-01 8.389608e-02 2.340000e-02
# H0W = 
#	 0.000000e+00 -3.869029e+03 -3.531898e+04
#	 3.869029e+03 0.000000e+00 -2.284305e+04
#	 3.531898e+04 2.284305e+04 0.000000e+00
# H0H0W = 
#	 0.000000e+00 3.320159e+07 9.919664e+09
#	 3.320159e+07 0.000000e+00 6.219658e+09
#	 9.919664e+09 6.219658e+09 0.000000e+00
# WH0W = 
#	 1.237176e+04 4.384771e+03 -3.301686e+04
#	 4.384771e+03 3.440759e+02 -2.274708e+04
#	 -3.301686e+04 -2.274708e+04 -1.271584e+04
#################################################
##            CALCULATION COMPLETED            ##
#################################################
# Psi[0]^2 = 0.037057 + I0.000000
# Psi[1]^2 = 0.935269 + I0.000000
# Psi[2]^2 = 0.027674 + I0.000000
# phi0 = 2.282060 
# phi1 = -0.251454 
# phi2 = -0.941898 
# Psi = 
#	1.458271e-01+i(-1.256635e-01)
#	-2.406249e-01+i(9.366797e-01)
#	-1.345270e-01+i(9.785888e-02)
#ProbSurv b 1-|Psi|^2 calls E tol dh dh(prev) dh(last)
0.307013118775	1	-3.82094e-12	11428	15.4952	0.0001	0.0001	7.87653e-05	5.30954e-05
