# a = 0.100000
# b = 1.000000
# E = 158.113883
# tol = 0.000100
# s12 = 0.554977
# s13 = 0.152971
# psi0 = 0.822075 + I0.000000	0.548446 + I0.000000	0.152971 + I0.000000
# dh = 0.000100
# out = data/E5.0e1.5_tol1e-4.log
# model = sun
# scan_steps = 100.000000
# H0 = 
#	 0.000000e+00 0.000000e+00 0.000000e+00
#	 0.000000e+00 8.409748e+02 0.000000e+00
#	 0.000000e+00 0.000000e+00 2.752421e+04
# W = 
#	 6.758072e-01 4.508635e-01 1.257533e-01
#	 4.508635e-01 3.007928e-01 8.389608e-02
#	 1.257533e-01 8.389608e-02 2.340000e-02
# H0W = 
#	 0.000000e+00 -3.791649e+02 -3.461260e+03
#	 3.791649e+02 0.000000e+00 -2.238619e+03
#	 3.461260e+03 2.238619e+03 0.000000e+00
# H0H0W = 
#	 0.000000e+00 3.188681e+05 9.526845e+07
#	 3.188681e+05 0.000000e+00 5.973360e+07
#	 9.526845e+07 5.973360e+07 0.000000e+00
# WH0W = 
#	 1.212433e+03 4.297075e+02 -3.235652e+03
#	 4.297075e+02 3.371944e+01 -2.229214e+03
#	 -3.235652e+03 -2.229214e+03 -1.246152e+03
#################################################
##            CALCULATION COMPLETED            ##
#################################################
# Psi[0]^2 = 0.000276 + I0.000000
# Psi[1]^2 = 0.670559 + I0.000000
# Psi[2]^2 = 0.329165 + I0.000000
# phi0 = 2.333337 
# phi1 = -1.117378 
# phi2 = -2.055295 
# Psi = 
#	1.200732e-02+i(-1.147057e-02)
#	-7.361335e-01+i(3.587014e-01)
#	-5.076979e-01+i(-2.672227e-01)
#ProbSurv b 1-|Psi|^2 calls E tol dh dh(prev) dh(last)
0.209588184302	1	1.29108e-12	9001	158.114	0.0001	0.0001	0.0001	5e-05
