# a = 0.100000
# b = 1.000000
# E = 15.811388
# tol = 0.000100
# s12 = 0.554977
# s13 = 0.152971
# psi0 = 0.822075 + I0.000000	0.548446 + I0.000000	0.152971 + I0.000000
# dh = 0.000100
# out = data/E5.0e0.5_tol1e-4.log
# model = sun
# scan_steps = 100.000000
# H0 = 
#	 0.000000e+00 0.000000e+00 0.000000e+00
#	 0.000000e+00 8.409748e+03 0.000000e+00
#	 0.000000e+00 0.000000e+00 2.752421e+05
# W = 
#	 6.758072e-01 4.508635e-01 1.257533e-01
#	 4.508635e-01 3.007928e-01 8.389608e-02
#	 1.257533e-01 8.389608e-02 2.340000e-02
# H0W = 
#	 0.000000e+00 -3.791649e+03 -3.461260e+04
#	 3.791649e+03 0.000000e+00 -2.238619e+04
#	 3.461260e+04 2.238619e+04 0.000000e+00
# H0H0W = 
#	 0.000000e+00 3.188681e+07 9.526845e+09
#	 3.188681e+07 0.000000e+00 5.973360e+09
#	 9.526845e+09 5.973360e+09 0.000000e+00
# WH0W = 
#	 1.212433e+04 4.297075e+03 -3.235652e+04
#	 4.297075e+03 3.371944e+02 -2.229214e+04
#	 -3.235652e+04 -2.229214e+04 -1.246152e+04
#################################################
##            CALCULATION COMPLETED            ##
#################################################
# Psi[0]^2 = 0.035522 + I0.000000
# Psi[1]^2 = 0.936716 + I0.000000
# Psi[2]^2 = 0.027762 + I0.000000
# phi0 = 0.645272 
# phi1 = -2.329705 
# phi2 = 1.601773 
# Psi = 
#	1.133507e-01+i(1.505779e-01)
#	-7.022530e-01+i(-6.660002e-01)
#	1.665405e-01+i(-5.160441e-03)
#ProbSurv b 1-|Psi|^2 calls E tol dh dh(prev) dh(last)
0.306413016693	1	-6.39511e-12	11587	15.8114	0.0001	0.0001	7.76769e-05	7.28488e-05
