# a = 0.100000
# b = 1.000000
# E = 158113.883008
# tol = 0.000100
# s12 = 0.554977
# s13 = 0.152971
# psi0 = 0.822075 + I0.000000	0.548446 + I0.000000	0.152971 + I0.000000
# dh = 0.000100
# out = data/E5.0e4.5_tol1e-4.log
# model = sun
# scan_steps = 100.000000
# H0 = 
#	 0.000000e+00 0.000000e+00 0.000000e+00
#	 0.000000e+00 8.409748e-01 0.000000e+00
#	 0.000000e+00 0.000000e+00 2.752421e+01
# W = 
#	 6.758072e-01 4.508635e-01 1.257533e-01
#	 4.508635e-01 3.007928e-01 8.389608e-02
#	 1.257533e-01 8.389608e-02 2.340000e-02
# H0W = 
#	 0.000000e+00 -3.791649e-01 -3.461260e+00
#	 3.791649e-01 0.000000e+00 -2.238619e+00
#	 3.461260e+00 2.238619e+00 0.000000e+00
# H0H0W = 
#	 0.000000e+00 3.188681e-01 9.526845e+01
#	 3.188681e-01 0.000000e+00 5.973360e+01
#	 9.526845e+01 5.973360e+01 0.000000e+00
# WH0W = 
#	 1.212433e+00 4.297075e-01 -3.235652e+00
#	 4.297075e-01 3.371944e-02 -2.229214e+00
#	 -3.235652e+00 -2.229214e+00 -1.246152e+00
#################################################
##            CALCULATION COMPLETED            ##
#################################################
# Psi[0]^2 = 0.447168 + I0.000000
# Psi[1]^2 = 0.240018 + I0.000000
# Psi[2]^2 = 0.312814 + I0.000000
# phi0 = 2.802098 
# phi1 = 2.919613 
# phi2 = 2.075187 
# Psi = 
#	2.226863e-01+i(-6.305389e-01)
#	1.078603e-01+i(-4.778952e-01)
#	4.896479e-01+i(-2.702939e-01)
#ProbSurv b 1-|Psi|^2 calls E tol dh dh(prev) dh(last)
0.381715089096	1	-1.40998e-13	9001	158114	0.0001	0.0001	0.0001	5e-05
