# a = 0.100000
# b = 1.000000
# E = 5100000.000000
# tol = 0.000100
# s12 = 0.554977
# s13 = 0.152971
# psi0 = 0.822075 + I0.000000	0.548446 + I0.000000	0.152971 + I0.000000
# dh = 0.000100
# out = data/E5.1e6.0_tol1e-4.log
# model = sun
# scan_steps = 100.000000
# H0 = 
#	 0.000000e+00 0.000000e+00 0.000000e+00
#	 0.000000e+00 2.607251e-02 0.000000e+00
#	 0.000000e+00 0.000000e+00 8.533255e-01
# W = 
#	 6.758072e-01 4.508635e-01 1.257533e-01
#	 4.508635e-01 3.007928e-01 8.389608e-02
#	 1.257533e-01 8.389608e-02 2.340000e-02
# H0W = 
#	 0.000000e+00 -1.175514e-02 -1.073085e-01
#	 1.175514e-02 0.000000e+00 -6.940328e-02
#	 1.073085e-01 6.940328e-02 0.000000e+00
# H0H0W = 
#	 0.000000e+00 3.064860e-04 9.156906e-02
#	 3.064860e-04 0.000000e+00 5.741407e-02
#	 9.156906e-02 5.741407e-02 0.000000e+00
# WH0W = 
#	 3.758872e-02 1.332210e-02 -1.003140e-01
#	 1.332210e-02 1.045394e-03 -6.911170e-02
#	 -1.003140e-01 -6.911170e-02 -3.863411e-02
#################################################
##            CALCULATION COMPLETED            ##
#################################################
# Psi[0]^2 = 0.671378 + I0.000000
# Psi[1]^2 = 0.300578 + I0.000000
# Psi[2]^2 = 0.028045 + I0.000000
# phi0 = 2.219726 
# phi1 = 2.223294 
# phi2 = 2.338311 
# Psi = 
#	6.528227e-01+i(-4.951770e-01)
#	4.356225e-01+i(-3.328823e-01)
#	1.205147e-01+i(-1.162796e-01)
#ProbSurv b 1-|Psi|^2 calls E tol dh dh(prev) dh(last)
0.544789685049	1	-5.44009e-14	9001	5.1e+06	0.0001	0.0001	0.0001	5e-05
