# a = 0.100000
# b = 1.000000
# E = 510000.000000
# tol = 0.000100
# s12 = 0.554977
# s13 = 0.152971
# psi0 = 0.822075 + I0.000000	0.548446 + I0.000000	0.152971 + I0.000000
# dh = 0.000100
# out = data/E5.1e5.0_tol1e-4.log
# model = sun
# scan_steps = 100.000000
# H0 = 
#	 0.000000e+00 0.000000e+00 0.000000e+00
#	 0.000000e+00 2.607251e-01 0.000000e+00
#	 0.000000e+00 0.000000e+00 8.533255e+00
# W = 
#	 6.758072e-01 4.508635e-01 1.257533e-01
#	 4.508635e-01 3.007928e-01 8.389608e-02
#	 1.257533e-01 8.389608e-02 2.340000e-02
# H0W = 
#	 0.000000e+00 -1.175514e-01 -1.073085e+00
#	 1.175514e-01 0.000000e+00 -6.940328e-01
#	 1.073085e+00 6.940328e-01 0.000000e+00
# H0H0W = 
#	 0.000000e+00 3.064860e-02 9.156906e+00
#	 3.064860e-02 0.000000e+00 5.741407e+00
#	 9.156906e+00 5.741407e+00 0.000000e+00
# WH0W = 
#	 3.758872e-01 1.332210e-01 -1.003140e+00
#	 1.332210e-01 1.045394e-02 -6.911170e-01
#	 -1.003140e+00 -6.911170e-01 -3.863411e-01
#################################################
##            CALCULATION COMPLETED            ##
#################################################
# Psi[0]^2 = 0.611064 + I0.000000
# Psi[1]^2 = 0.288613 + I0.000000
# Psi[2]^2 = 0.100323 + I0.000000
# phi0 = 2.411890 
# phi1 = 2.447624 
# phi2 = -2.537693 
# Psi = 
#	5.211225e-01+i(-5.826621e-01)
#	3.436068e-01+i(-4.129737e-01)
#	-1.798622e-01+i(-2.607162e-01)
#ProbSurv b 1-|Psi|^2 calls E tol dh dh(prev) dh(last)
0.502121536277	1	-1.00364e-13	9001	510000	0.0001	0.0001	0.0001	5e-05
