# a = 0.100000
# b = 1.000000
# E = 5100.000000
# tol = 0.000100
# s12 = 0.554977
# s13 = 0.152971
# psi0 = 0.822075 + I0.000000	0.548446 + I0.000000	0.152971 + I0.000000
# dh = 0.000100
# out = data/E5.1e3.0_tol1e-4.log
# model = sun
# scan_steps = 100.000000
# H0 = 
#	 0.000000e+00 0.000000e+00 0.000000e+00
#	 0.000000e+00 2.607251e+01 0.000000e+00
#	 0.000000e+00 0.000000e+00 8.533255e+02
# W = 
#	 6.758072e-01 4.508635e-01 1.257533e-01
#	 4.508635e-01 3.007928e-01 8.389608e-02
#	 1.257533e-01 8.389608e-02 2.340000e-02
# H0W = 
#	 0.000000e+00 -1.175514e+01 -1.073085e+02
#	 1.175514e+01 0.000000e+00 -6.940328e+01
#	 1.073085e+02 6.940328e+01 0.000000e+00
# H0H0W = 
#	 0.000000e+00 3.064860e+02 9.156906e+04
#	 3.064860e+02 0.000000e+00 5.741407e+04
#	 9.156906e+04 5.741407e+04 0.000000e+00
# WH0W = 
#	 3.758872e+01 1.332210e+01 -1.003140e+02
#	 1.332210e+01 1.045394e+00 -6.911170e+01
#	 -1.003140e+02 -6.911170e+01 -3.863411e+01
#################################################
##            CALCULATION COMPLETED            ##
#################################################
# Psi[0]^2 = 0.000000 + I0.000000
# Psi[1]^2 = 0.000013 + I0.000000
# Psi[2]^2 = 0.999987 + I0.000000
# phi0 = 1.575039 
# phi1 = 2.972187 
# phi2 = 0.541873 
# Psi = 
#	6.171006e-04+i(-2.618335e-06)
#	5.969986e-04+i(-3.490291e-03)
#	5.157379e-01+i(8.567389e-01)
#ProbSurv b 1-|Psi|^2 calls E tol dh dh(prev) dh(last)
 0.02340372655	1	-2.75335e-14	9001	5100	0.0001	0.0001	0.0001	5e-05
