# a = 0.100000
# b = 1.000000
# E = 51.000000
# tol = 0.000100
# s12 = 0.554977
# s13 = 0.152971
# psi0 = 0.822075 + I0.000000	0.548446 + I0.000000	0.152971 + I0.000000
# dh = 0.000100
# out = data/E5.1e1.0_tol1e-4.log
# model = sun
# scan_steps = 100.000000
# H0 = 
#	 0.000000e+00 0.000000e+00 0.000000e+00
#	 0.000000e+00 2.607251e+03 0.000000e+00
#	 0.000000e+00 0.000000e+00 8.533255e+04
# W = 
#	 6.758072e-01 4.508635e-01 1.257533e-01
#	 4.508635e-01 3.007928e-01 8.389608e-02
#	 1.257533e-01 8.389608e-02 2.340000e-02
# H0W = 
#	 0.000000e+00 -1.175514e+03 -1.073085e+04
#	 1.175514e+03 0.000000e+00 -6.940328e+03
#	 1.073085e+04 6.940328e+03 0.000000e+00
# H0H0W = 
#	 0.000000e+00 3.064860e+06 9.156906e+08
#	 3.064860e+06 0.000000e+00 5.741407e+08
#	 9.156906e+08 5.741407e+08 0.000000e+00
# WH0W = 
#	 3.758872e+03 1.332210e+03 -1.003140e+04
#	 1.332210e+03 1.045394e+02 -6.911170e+03
#	 -1.003140e+04 -6.911170e+03 -3.863411e+03
#################################################
##            CALCULATION COMPLETED            ##
#################################################
# Psi[0]^2 = 0.003080 + I0.000000
# Psi[1]^2 = 0.954391 + I0.000000
# Psi[2]^2 = 0.042528 + I0.000000
# phi0 = -1.087183 
# phi1 = -1.240811 
# phi2 = -2.073954 
# Psi = 
#	-4.913679e-02+i(2.580726e-02)
#	-9.242212e-01+i(3.165539e-01)
#	-1.806653e-01+i(-9.943998e-02)
#ProbSurv b 1-|Psi|^2 calls E tol dh dh(prev) dh(last)
0.290150971202	1	-9.13714e-13	9001	51	0.0001	0.0001	0.0001	5e-05
