# a = 0.100000
# b = 1.000000
# E = 52.000000
# tol = 0.000100
# s12 = 0.554977
# s13 = 0.152971
# psi0 = 0.822075 + I0.000000	0.548446 + I0.000000	0.152971 + I0.000000
# dh = 0.000100
# out = data/E5.2e1.0_tol1e-4.log
# model = sun
# scan_steps = 100.000000
# H0 = 
#	 0.000000e+00 0.000000e+00 0.000000e+00
#	 0.000000e+00 2.557111e+03 0.000000e+00
#	 0.000000e+00 0.000000e+00 8.369154e+04
# W = 
#	 6.758072e-01 4.508635e-01 1.257533e-01
#	 4.508635e-01 3.007928e-01 8.389608e-02
#	 1.257533e-01 8.389608e-02 2.340000e-02
# H0W = 
#	 0.000000e+00 -1.152908e+03 -1.052449e+04
#	 1.152908e+03 0.000000e+00 -6.806860e+03
#	 1.052449e+04 6.806860e+03 0.000000e+00
# H0H0W = 
#	 0.000000e+00 2.948115e+06 8.808104e+08
#	 2.948115e+06 0.000000e+00 5.522707e+08
#	 8.808104e+08 5.522707e+08 0.000000e+00
# WH0W = 
#	 3.686586e+03 1.306591e+03 -9.838491e+03
#	 1.306591e+03 1.025291e+02 -6.778263e+03
#	 -9.838491e+03 -6.778263e+03 -3.789115e+03
#################################################
##            CALCULATION COMPLETED            ##
#################################################
# Psi[0]^2 = 0.002897 + I0.000000
# Psi[1]^2 = 0.953169 + I0.000000
# Psi[2]^2 = 0.043933 + I0.000000
# phi0 = -0.437966 
# phi1 = 3.052013 
# phi2 = -2.228657 
# Psi = 
#	-2.282795e-02+i(4.874661e-02)
#	8.734047e-02+i(-9.723892e-01)
#	-1.658594e-01+i(-1.281566e-01)
#ProbSurv b 1-|Psi|^2 calls E tol dh dh(prev) dh(last)
0.289692520326	1	-1.06803e-12	9001	52	0.0001	0.0001	0.0001	5e-05
