# a = 0.100000
# b = 1.000000
# E = 16443.843833
# tol = 0.000100
# s12 = 0.554977
# s13 = 0.152971
# psi0 = 0.822075 + I0.000000	0.548446 + I0.000000	0.152971 + I0.000000
# dh = 0.000100
# out = data/E5.2e3.5_tol1e-4.log
# model = sun
# scan_steps = 100.000000
# H0 = 
#	 0.000000e+00 0.000000e+00 0.000000e+00
#	 0.000000e+00 8.086296e+00 0.000000e+00
#	 0.000000e+00 0.000000e+00 2.646559e+02
# W = 
#	 6.758072e-01 4.508635e-01 1.257533e-01
#	 4.508635e-01 3.007928e-01 8.389608e-02
#	 1.257533e-01 8.389608e-02 2.340000e-02
# H0W = 
#	 0.000000e+00 -3.645816e+00 -3.328135e+01
#	 3.645816e+00 0.000000e+00 -2.152518e+01
#	 3.328135e+01 2.152518e+01 0.000000e+00
# H0H0W = 
#	 0.000000e+00 2.948115e+01 8.808104e+03
#	 2.948115e+01 0.000000e+00 5.522707e+03
#	 8.808104e+03 5.522707e+03 0.000000e+00
# WH0W = 
#	 1.165801e+01 4.131803e+00 -3.111204e+01
#	 4.131803e+00 3.242254e-01 -2.143475e+01
#	 -3.111204e+01 -2.143475e+01 -1.198223e+01
#################################################
##            CALCULATION COMPLETED            ##
#################################################
# Psi[0]^2 = 0.006853 + I0.000000
# Psi[1]^2 = 0.018894 + I0.000000
# Psi[2]^2 = 0.974253 + I0.000000
# phi0 = 0.477589 
# phi1 = 1.697982 
# phi2 = 3.107826 
# Psi = 
#	3.805154e-02+i(7.352246e-02)
#	1.363443e-01+i(-1.743512e-02)
#	3.332297e-02+i(-9.864798e-01)
#ProbSurv b 1-|Psi|^2 calls E tol dh dh(prev) dh(last)
0.0331122416127	1	-8.68194e-14	9001	16443.8	0.0001	0.0001	0.0001	5e-05
