# a = 0.100000
# b = 1.000000
# E = 1.644384
# tol = 0.000100
# s12 = 0.554977
# s13 = 0.152971
# psi0 = 0.822075 + I0.000000	0.548446 + I0.000000	0.152971 + I0.000000
# dh = 0.000100
# out = data/E5.2e-0.5_tol1e-4.log
# model = sun
# scan_steps = 100.000000
# H0 = 
#	 0.000000e+00 0.000000e+00 0.000000e+00
#	 0.000000e+00 8.086296e+04 0.000000e+00
#	 0.000000e+00 0.000000e+00 2.646559e+06
# W = 
#	 6.758072e-01 4.508635e-01 1.257533e-01
#	 4.508635e-01 3.007928e-01 8.389608e-02
#	 1.257533e-01 8.389608e-02 2.340000e-02
# H0W = 
#	 0.000000e+00 -3.645816e+04 -3.328135e+05
#	 3.645816e+04 0.000000e+00 -2.152518e+05
#	 3.328135e+05 2.152518e+05 0.000000e+00
# H0H0W = 
#	 0.000000e+00 2.948115e+09 8.808104e+11
#	 2.948115e+09 0.000000e+00 5.522707e+11
#	 8.808104e+11 5.522707e+11 0.000000e+00
# WH0W = 
#	 1.165801e+05 4.131803e+04 -3.111204e+05
#	 4.131803e+04 3.242254e+03 -2.143475e+05
#	 -3.111204e+05 -2.143475e+05 -1.198223e+05
#################################################
##            CALCULATION COMPLETED            ##
#################################################
# Psi[0]^2 = 0.543997 + I0.000000
# Psi[1]^2 = 0.432197 + I0.000000
# Psi[2]^2 = 0.023806 + I0.000000
# phi0 = 0.637310 
# phi1 = 0.671829 
# phi2 = 0.215324 
# Psi = 
#	4.388751e-01+i(5.927777e-01)
#	4.091886e-01+i(5.145503e-01)
#	3.296653e-02+i(1.507286e-01)
#ProbSurv b 1-|Psi|^2 calls E tol dh dh(prev) dh(last)
0.498195828909	1	2.53714e-11	218852	1.64438	0.0001	0.0001	4.1124e-06	2.33363e-06
