# a = 0.100000
# b = 1.000000
# E = 52000.000000
# tol = 0.000100
# s12 = 0.554977
# s13 = 0.152971
# psi0 = 0.822075 + I0.000000	0.548446 + I0.000000	0.152971 + I0.000000
# dh = 0.000100
# out = data/E5.2e4.0_tol1e-4.log
# model = sun
# scan_steps = 100.000000
# H0 = 
#	 0.000000e+00 0.000000e+00 0.000000e+00
#	 0.000000e+00 2.557111e+00 0.000000e+00
#	 0.000000e+00 0.000000e+00 8.369154e+01
# W = 
#	 6.758072e-01 4.508635e-01 1.257533e-01
#	 4.508635e-01 3.007928e-01 8.389608e-02
#	 1.257533e-01 8.389608e-02 2.340000e-02
# H0W = 
#	 0.000000e+00 -1.152908e+00 -1.052449e+01
#	 1.152908e+00 0.000000e+00 -6.806860e+00
#	 1.052449e+01 6.806860e+00 0.000000e+00
# H0H0W = 
#	 0.000000e+00 2.948115e+00 8.808104e+02
#	 2.948115e+00 0.000000e+00 5.522707e+02
#	 8.808104e+02 5.522707e+02 0.000000e+00
# WH0W = 
#	 3.686586e+00 1.306591e+00 -9.838491e+00
#	 1.306591e+00 1.025291e-01 -6.778263e+00
#	 -9.838491e+00 -6.778263e+00 -3.789115e+00
#################################################
##            CALCULATION COMPLETED            ##
#################################################
# Psi[0]^2 = 0.176744 + I0.000000
# Psi[1]^2 = 0.138161 + I0.000000
# Psi[2]^2 = 0.685095 + I0.000000
# phi0 = -2.443535 
# phi1 = -2.080453 
# phi2 = 2.731883 
# Psi = 
#	-2.702100e-01+i(-3.220721e-01)
#	-3.244617e-01+i(-1.813442e-01)
#	3.297102e-01+i(-7.592010e-01)
#ProbSurv b 1-|Psi|^2 calls E tol dh dh(prev) dh(last)
0.177033879991	1	-8.30447e-14	9001	52000	0.0001	0.0001	0.0001	5e-05
