# a = 0.100000
# b = 1.000000
# E = 5200000.000000
# tol = 0.000100
# s12 = 0.554977
# s13 = 0.152971
# psi0 = 0.822075 + I0.000000	0.548446 + I0.000000	0.152971 + I0.000000
# dh = 0.000100
# out = data/E5.2e6.0_tol1e-4.log
# model = sun
# scan_steps = 100.000000
# H0 = 
#	 0.000000e+00 0.000000e+00 0.000000e+00
#	 0.000000e+00 2.557111e-02 0.000000e+00
#	 0.000000e+00 0.000000e+00 8.369154e-01
# W = 
#	 6.758072e-01 4.508635e-01 1.257533e-01
#	 4.508635e-01 3.007928e-01 8.389608e-02
#	 1.257533e-01 8.389608e-02 2.340000e-02
# H0W = 
#	 0.000000e+00 -1.152908e-02 -1.052449e-01
#	 1.152908e-02 0.000000e+00 -6.806860e-02
#	 1.052449e-01 6.806860e-02 0.000000e+00
# H0H0W = 
#	 0.000000e+00 2.948115e-04 8.808104e-02
#	 2.948115e-04 0.000000e+00 5.522707e-02
#	 8.808104e-02 5.522707e-02 0.000000e+00
# WH0W = 
#	 3.686586e-02 1.306591e-02 -9.838491e-02
#	 1.306591e-02 1.025291e-03 -6.778263e-02
#	 -9.838491e-02 -6.778263e-02 -3.789115e-02
#################################################
##            CALCULATION COMPLETED            ##
#################################################
# Psi[0]^2 = 0.671467 + I0.000000
# Psi[1]^2 = 0.300584 + I0.000000
# Psi[2]^2 = 0.027950 + I0.000000
# phi0 = 2.219315 
# phi1 = 2.222815 
# phi2 = 2.335588 
# Psi = 
#	6.530693e-01+i(-4.949418e-01)
#	4.357864e-01+i(-3.326768e-01)
#	1.206256e-01+i(-1.157539e-01)
#ProbSurv b 1-|Psi|^2 calls E tol dh dh(prev) dh(last)
0.544849554082	1	-1.03029e-13	9001	5.2e+06	0.0001	0.0001	0.0001	5e-05
