# a = 0.100000
# b = 1.000000
# E = 530.000000
# tol = 0.000100
# s12 = 0.554977
# s13 = 0.152971
# psi0 = 0.822075 + I0.000000	0.548446 + I0.000000	0.152971 + I0.000000
# dh = 0.000100
# out = data/E5.3e2.0_tol1e-4.log
# model = sun
# scan_steps = 100.000000
# H0 = 
#	 0.000000e+00 0.000000e+00 0.000000e+00
#	 0.000000e+00 2.508864e+02 0.000000e+00
#	 0.000000e+00 0.000000e+00 8.211245e+03
# W = 
#	 6.758072e-01 4.508635e-01 1.257533e-01
#	 4.508635e-01 3.007928e-01 8.389608e-02
#	 1.257533e-01 8.389608e-02 2.340000e-02
# H0W = 
#	 0.000000e+00 -1.131155e+02 -1.032591e+03
#	 1.131155e+02 0.000000e+00 -6.678429e+02
#	 1.032591e+03 6.678429e+02 0.000000e+00
# H0H0W = 
#	 0.000000e+00 2.837915e+04 8.478858e+06
#	 2.837915e+04 0.000000e+00 5.316269e+06
#	 8.478858e+06 5.316269e+06 0.000000e+00
# WH0W = 
#	 3.617028e+02 1.281938e+02 -9.652859e+02
#	 1.281938e+02 1.005946e+01 -6.650371e+02
#	 -9.652859e+02 -6.650371e+02 -3.717622e+02
#################################################
##            CALCULATION COMPLETED            ##
#################################################
# Psi[0]^2 = 0.000028 + I0.000000
# Psi[1]^2 = 0.006381 + I0.000000
# Psi[2]^2 = 0.993591 + I0.000000
# phi0 = 1.633925 
# phi1 = 0.737889 
# phi2 = -2.650498 
# Psi = 
#	5.245461e-03+i(-3.315784e-04)
#	5.373808e-02+i(5.910315e-02)
#	-4.700776e-01+i(-8.789872e-01)
#ProbSurv b 1-|Psi|^2 calls E tol dh dh(prev) dh(last)
0.0251880557224	1	-2.21823e-13	9001	530	0.0001	0.0001	0.0001	5e-05
