# a = 0.100000
# b = 1.000000
# E = 167.600716
# tol = 0.000100
# s12 = 0.554977
# s13 = 0.152971
# psi0 = 0.822075 + I0.000000	0.548446 + I0.000000	0.152971 + I0.000000
# dh = 0.000100
# out = data/E5.3e1.5_tol1e-4.log
# model = sun
# scan_steps = 100.000000
# H0 = 
#	 0.000000e+00 0.000000e+00 0.000000e+00
#	 0.000000e+00 7.933724e+02 0.000000e+00
#	 0.000000e+00 0.000000e+00 2.596624e+04
# W = 
#	 6.758072e-01 4.508635e-01 1.257533e-01
#	 4.508635e-01 3.007928e-01 8.389608e-02
#	 1.257533e-01 8.389608e-02 2.340000e-02
# H0W = 
#	 0.000000e+00 -3.577027e+02 -3.265340e+03
#	 3.577027e+02 0.000000e+00 -2.111905e+03
#	 3.265340e+03 2.111905e+03 0.000000e+00
# H0H0W = 
#	 0.000000e+00 2.837915e+05 8.478858e+07
#	 2.837915e+05 0.000000e+00 5.316269e+07
#	 8.478858e+07 5.316269e+07 0.000000e+00
# WH0W = 
#	 1.143805e+03 4.053845e+02 -3.052502e+03
#	 4.053845e+02 3.181079e+01 -2.103032e+03
#	 -3.052502e+03 -2.103032e+03 -1.175615e+03
#################################################
##            CALCULATION COMPLETED            ##
#################################################
# Psi[0]^2 = 0.000266 + I0.000000
# Psi[1]^2 = 0.595996 + I0.000000
# Psi[2]^2 = 0.403738 + I0.000000
# phi0 = -0.136646 
# phi1 = 1.466421 
# phi2 = -2.022346 
# Psi = 
#	-2.221538e-03+i(1.615634e-02)
#	7.678066e-01+i(8.043214e-02)
#	-5.717183e-01+i(-2.772652e-01)
#ProbSurv b 1-|Psi|^2 calls E tol dh dh(prev) dh(last)
 0.18889858849	1	1.09868e-12	9001	167.601	0.0001	0.0001	0.0001	5e-05
