# a = 0.100000
# b = 1.000000
# E = 5300000.000000
# tol = 0.000100
# s12 = 0.554977
# s13 = 0.152971
# psi0 = 0.822075 + I0.000000	0.548446 + I0.000000	0.152971 + I0.000000
# dh = 0.000100
# out = data/E5.3e6.0_tol1e-4.log
# model = sun
# scan_steps = 100.000000
# H0 = 
#	 0.000000e+00 0.000000e+00 0.000000e+00
#	 0.000000e+00 2.508864e-02 0.000000e+00
#	 0.000000e+00 0.000000e+00 8.211245e-01
# W = 
#	 6.758072e-01 4.508635e-01 1.257533e-01
#	 4.508635e-01 3.007928e-01 8.389608e-02
#	 1.257533e-01 8.389608e-02 2.340000e-02
# H0W = 
#	 0.000000e+00 -1.131155e-02 -1.032591e-01
#	 1.131155e-02 0.000000e+00 -6.678429e-02
#	 1.032591e-01 6.678429e-02 0.000000e+00
# H0H0W = 
#	 0.000000e+00 2.837915e-04 8.478858e-02
#	 2.837915e-04 0.000000e+00 5.316269e-02
#	 8.478858e-02 5.316269e-02 0.000000e+00
# WH0W = 
#	 3.617028e-02 1.281938e-02 -9.652859e-02
#	 1.281938e-02 1.005946e-03 -6.650371e-02
#	 -9.652859e-02 -6.650371e-02 -3.717622e-02
#################################################
##            CALCULATION COMPLETED            ##
#################################################
# Psi[0]^2 = 0.671553 + I0.000000
# Psi[1]^2 = 0.300589 + I0.000000
# Psi[2]^2 = 0.027858 + I0.000000
# phi0 = 2.218920 
# phi1 = 2.222354 
# phi2 = 2.332968 
# Psi = 
#	6.533064e-01+i(-4.947153e-01)
#	4.359438e-01+i(-3.324791e-01)
#	1.207305e-01+i(-1.152486e-01)
#ProbSurv b 1-|Psi|^2 calls E tol dh dh(prev) dh(last)
0.544907045075	1	-8.77076e-14	9001	5.3e+06	0.0001	0.0001	0.0001	5e-05
