# a = 0.100000
# b = 1.000000
# E = 540.000000
# tol = 0.000100
# s12 = 0.554977
# s13 = 0.152971
# psi0 = 0.822075 + I0.000000	0.548446 + I0.000000	0.152971 + I0.000000
# dh = 0.000100
# out = data/E5.4e2.0_tol1e-4.log
# model = sun
# scan_steps = 100.000000
# H0 = 
#	 0.000000e+00 0.000000e+00 0.000000e+00
#	 0.000000e+00 2.462403e+02 0.000000e+00
#	 0.000000e+00 0.000000e+00 8.059185e+03
# W = 
#	 6.758072e-01 4.508635e-01 1.257533e-01
#	 4.508635e-01 3.007928e-01 8.389608e-02
#	 1.257533e-01 8.389608e-02 2.340000e-02
# H0W = 
#	 0.000000e+00 -1.110208e+02 -1.013469e+03
#	 1.110208e+02 0.000000e+00 -6.554754e+02
#	 1.013469e+03 6.554754e+02 0.000000e+00
# H0H0W = 
#	 0.000000e+00 2.733780e+04 8.167734e+06
#	 2.733780e+04 0.000000e+00 5.121193e+06
#	 8.167734e+06 5.121193e+06 0.000000e+00
# WH0W = 
#	 3.550046e+02 1.258199e+02 -9.474102e+02
#	 1.258199e+02 9.873170e+00 -6.527216e+02
#	 -9.474102e+02 -6.527216e+02 -3.648777e+02
#################################################
##            CALCULATION COMPLETED            ##
#################################################
# Psi[0]^2 = 0.000024 + I0.000000
# Psi[1]^2 = 0.006042 + I0.000000
# Psi[2]^2 = 0.993934 + I0.000000
# phi0 = 0.482782 
# phi1 = 2.938074 
# phi2 = -0.157037 
# Psi = 
#	2.256436e-03+i(4.304924e-03)
#	1.571054e-02+i(-7.612589e-02)
#	-1.559176e-01+i(9.846949e-01)
#ProbSurv b 1-|Psi|^2 calls E tol dh dh(prev) dh(last)
0.0250914121601	1	-2.16493e-13	9001	540	0.0001	0.0001	0.0001	5e-05
