# a = 0.100000
# b = 1.000000
# E = 1.707630
# tol = 0.000100
# s12 = 0.554977
# s13 = 0.152971
# psi0 = 0.822075 + I0.000000	0.548446 + I0.000000	0.152971 + I0.000000
# dh = 0.000100
# out = data/E5.4e-0.5_tol1e-4.log
# model = sun
# scan_steps = 100.000000
# H0 = 
#	 0.000000e+00 0.000000e+00 0.000000e+00
#	 0.000000e+00 7.786803e+04 0.000000e+00
#	 0.000000e+00 0.000000e+00 2.548538e+06
# W = 
#	 6.758072e-01 4.508635e-01 1.257533e-01
#	 4.508635e-01 3.007928e-01 8.389608e-02
#	 1.257533e-01 8.389608e-02 2.340000e-02
# H0W = 
#	 0.000000e+00 -3.510786e+04 -3.204870e+05
#	 3.510786e+04 0.000000e+00 -2.072795e+05
#	 3.204870e+05 2.072795e+05 0.000000e+00
# H0H0W = 
#	 0.000000e+00 2.733780e+09 8.167734e+11
#	 2.733780e+09 0.000000e+00 5.121193e+11
#	 8.167734e+11 5.121193e+11 0.000000e+00
# WH0W = 
#	 1.122623e+05 3.978773e+04 -2.995974e+05
#	 3.978773e+04 3.122170e+03 -2.064087e+05
#	 -2.995974e+05 -2.064087e+05 -1.153845e+05
#################################################
##            CALCULATION COMPLETED            ##
#################################################
# Psi[0]^2 = 0.538444 + I0.000000
# Psi[1]^2 = 0.437735 + I0.000000
# Psi[2]^2 = 0.023822 + I0.000000
# phi0 = -2.104961 
# phi1 = -2.823046 
# phi2 = -2.481932 
# Psi = 
#	-6.315663e-01+i(-3.735876e-01)
#	-2.072090e-01+i(-6.283303e-01)
#	-9.458878e-02+i(-1.219618e-01)
#ProbSurv b 1-|Psi|^2 calls E tol dh dh(prev) dh(last)
0.496108970974	1	3.18842e-11	219680	1.70763	0.0001	0.0001	4.0969e-06	2.19685e-06
