# a = 0.100000
# b = 1.000000
# E = 540000.000000
# tol = 0.000100
# s12 = 0.554977
# s13 = 0.152971
# psi0 = 0.822075 + I0.000000	0.548446 + I0.000000	0.152971 + I0.000000
# dh = 0.000100
# out = data/E5.4e5.0_tol1e-4.log
# model = sun
# scan_steps = 100.000000
# H0 = 
#	 0.000000e+00 0.000000e+00 0.000000e+00
#	 0.000000e+00 2.462403e-01 0.000000e+00
#	 0.000000e+00 0.000000e+00 8.059185e+00
# W = 
#	 6.758072e-01 4.508635e-01 1.257533e-01
#	 4.508635e-01 3.007928e-01 8.389608e-02
#	 1.257533e-01 8.389608e-02 2.340000e-02
# H0W = 
#	 0.000000e+00 -1.110208e-01 -1.013469e+00
#	 1.110208e-01 0.000000e+00 -6.554754e-01
#	 1.013469e+00 6.554754e-01 0.000000e+00
# H0H0W = 
#	 0.000000e+00 2.733780e-02 8.167734e+00
#	 2.733780e-02 0.000000e+00 5.121193e+00
#	 8.167734e+00 5.121193e+00 0.000000e+00
# WH0W = 
#	 3.550046e-01 1.258199e-01 -9.474102e-01
#	 1.258199e-01 9.873170e-03 -6.527216e-01
#	 -9.474102e-01 -6.527216e-01 -3.648777e-01
#################################################
##            CALCULATION COMPLETED            ##
#################################################
# Psi[0]^2 = 0.615785 + I0.000000
# Psi[1]^2 = 0.289871 + I0.000000
# Psi[2]^2 = 0.094345 + I0.000000
# phi0 = 2.400322 
# phi1 = 2.434052 
# phi2 = -2.631786 
# Psi = 
#	5.298626e-01+i(-5.788181e-01)
#	3.499399e-01+i(-4.091609e-01)
#	-1.498947e-01+i(-2.680975e-01)
#ProbSurv b 1-|Psi|^2 calls E tol dh dh(prev) dh(last)
0.505550401082	1	-1.02141e-13	9001	540000	0.0001	0.0001	0.0001	5e-05
