# a = 0.100000
# b = 1.000000
# E = 0.540000
# tol = 0.000100
# s12 = 0.554977
# s13 = 0.152971
# psi0 = 0.822075 + I0.000000	0.548446 + I0.000000	0.152971 + I0.000000
# dh = 0.000100
# out = data/E5.4e-1.0_tol1e-4.log
# model = sun
# scan_steps = 100.000000
# H0 = 
#	 0.000000e+00 0.000000e+00 0.000000e+00
#	 0.000000e+00 2.462403e+05 0.000000e+00
#	 0.000000e+00 0.000000e+00 8.059185e+06
# W = 
#	 6.758072e-01 4.508635e-01 1.257533e-01
#	 4.508635e-01 3.007928e-01 8.389608e-02
#	 1.257533e-01 8.389608e-02 2.340000e-02
# H0W = 
#	 0.000000e+00 -1.110208e+05 -1.013469e+06
#	 1.110208e+05 0.000000e+00 -6.554754e+05
#	 1.013469e+06 6.554754e+05 0.000000e+00
# H0H0W = 
#	 0.000000e+00 2.733780e+10 8.167734e+12
#	 2.733780e+10 0.000000e+00 5.121193e+12
#	 8.167734e+12 5.121193e+12 0.000000e+00
# WH0W = 
#	 3.550046e+05 1.258199e+05 -9.474102e+05
#	 1.258199e+05 9.873170e+03 -6.527216e+05
#	 -9.474102e+05 -6.527216e+05 -3.648777e+05
#################################################
##            CALCULATION COMPLETED            ##
#################################################
# Psi[0]^2 = 0.635835 + I0.000000
# Psi[1]^2 = 0.340633 + I0.000000
# Psi[2]^2 = 0.023532 + I0.000000
# phi0 = 2.799121 
# phi1 = 2.211552 
# phi2 = -2.342899 
# Psi = 
#	2.677777e-01+i(-7.510858e-01)
#	4.678700e-01+i(-3.488994e-01)
#	-1.099041e-01+i(-1.070199e-01)
#ProbSurv b 1-|Psi|^2 calls E tol dh dh(prev) dh(last)
0.532712309446	1	1.19833e-11	973890	0.54	0.0001	0.0001	9.2413e-07	8.8764e-07
