# a = 0.100000
# b = 1.000000
# E = 55.000000
# tol = 0.000100
# s12 = 0.554977
# s13 = 0.152971
# psi0 = 0.822075 + I0.000000	0.548446 + I0.000000	0.152971 + I0.000000
# dh = 0.000100
# out = data/E5.5e1.0_tol1e-4.log
# model = sun
# scan_steps = 100.000000
# H0 = 
#	 0.000000e+00 0.000000e+00 0.000000e+00
#	 0.000000e+00 2.417632e+03 0.000000e+00
#	 0.000000e+00 0.000000e+00 7.912655e+04
# W = 
#	 6.758072e-01 4.508635e-01 1.257533e-01
#	 4.508635e-01 3.007928e-01 8.389608e-02
#	 1.257533e-01 8.389608e-02 2.340000e-02
# H0W = 
#	 0.000000e+00 -1.090022e+03 -9.950423e+03
#	 1.090022e+03 0.000000e+00 -6.435577e+03
#	 9.950423e+03 6.435577e+03 0.000000e+00
# H0H0W = 
#	 0.000000e+00 2.635273e+06 7.873426e+08
#	 2.635273e+06 0.000000e+00 4.936661e+08
#	 7.873426e+08 4.936661e+08 0.000000e+00
# WH0W = 
#	 3.485499e+03 1.235322e+03 -9.301846e+03
#	 1.235322e+03 9.693658e+01 -6.408540e+03
#	 -9.301846e+03 -6.408540e+03 -3.582436e+03
#################################################
##            CALCULATION COMPLETED            ##
#################################################
# Psi[0]^2 = 0.002577 + I0.000000
# Psi[1]^2 = 0.951894 + I0.000000
# Psi[2]^2 = 0.045528 + I0.000000
# phi0 = 2.422857 
# phi1 = -0.280694 
# phi2 = -0.947724 
# Psi = 
#	3.342726e-02+i(-3.820984e-02)
#	-2.702769e-01+i(9.374671e-01)
#	-1.732787e-01+i(1.245108e-01)
#ProbSurv b 1-|Psi|^2 calls E tol dh dh(prev) dh(last)
0.289130087931	1	-1.14087e-12	9001	55	0.0001	0.0001	0.0001	5e-05
