# a = 0.100000
# b = 1.000000
# E = 173925.271309
# tol = 0.000100
# s12 = 0.554977
# s13 = 0.152971
# psi0 = 0.822075 + I0.000000	0.548446 + I0.000000	0.152971 + I0.000000
# dh = 0.000100
# out = data/E5.5e4.5_tol1e-4.log
# model = sun
# scan_steps = 100.000000
# H0 = 
#	 0.000000e+00 0.000000e+00 0.000000e+00
#	 0.000000e+00 7.645225e-01 0.000000e+00
#	 0.000000e+00 0.000000e+00 2.502201e+01
# W = 
#	 6.758072e-01 4.508635e-01 1.257533e-01
#	 4.508635e-01 3.007928e-01 8.389608e-02
#	 1.257533e-01 8.389608e-02 2.340000e-02
# H0W = 
#	 0.000000e+00 -3.446953e-01 -3.146600e+00
#	 3.446953e-01 0.000000e+00 -2.035108e+00
#	 3.146600e+00 2.035108e+00 0.000000e+00
# H0H0W = 
#	 0.000000e+00 2.635273e-01 7.873426e+01
#	 2.635273e-01 0.000000e+00 4.936661e+01
#	 7.873426e+01 4.936661e+01 0.000000e+00
# WH0W = 
#	 1.102212e+00 3.906432e-01 -2.941502e+00
#	 3.906432e-01 3.065404e-02 -2.026558e+00
#	 -2.941502e+00 -2.026558e+00 -1.132866e+00
#################################################
##            CALCULATION COMPLETED            ##
#################################################
# Psi[0]^2 = 0.461405 + I0.000000
# Psi[1]^2 = 0.243623 + I0.000000
# Psi[2]^2 = 0.294971 + I0.000000
# phi0 = 2.751509 
# phi1 = 2.858791 
# phi2 = 1.367163 
# Psi = 
#	2.583026e-01+i(-6.282398e-01)
#	1.377328e-01+i(-4.739755e-01)
#	5.318911e-01+i(1.098328e-01)
#ProbSurv b 1-|Psi|^2 calls E tol dh dh(prev) dh(last)
0.392003540962	1	-1.18128e-13	9001	173925	0.0001	0.0001	0.0001	5e-05
