# a = 0.100000
# b = 1.000000
# E = 1739.252713
# tol = 0.000100
# s12 = 0.554977
# s13 = 0.152971
# psi0 = 0.822075 + I0.000000	0.548446 + I0.000000	0.152971 + I0.000000
# dh = 0.000100
# out = data/E5.5e2.5_tol1e-4.log
# model = sun
# scan_steps = 100.000000
# H0 = 
#	 0.000000e+00 0.000000e+00 0.000000e+00
#	 0.000000e+00 7.645225e+01 0.000000e+00
#	 0.000000e+00 0.000000e+00 2.502201e+03
# W = 
#	 6.758072e-01 4.508635e-01 1.257533e-01
#	 4.508635e-01 3.007928e-01 8.389608e-02
#	 1.257533e-01 8.389608e-02 2.340000e-02
# H0W = 
#	 0.000000e+00 -3.446953e+01 -3.146600e+02
#	 3.446953e+01 0.000000e+00 -2.035108e+02
#	 3.146600e+02 2.035108e+02 0.000000e+00
# H0H0W = 
#	 0.000000e+00 2.635273e+03 7.873426e+05
#	 2.635273e+03 0.000000e+00 4.936661e+05
#	 7.873426e+05 4.936661e+05 0.000000e+00
# WH0W = 
#	 1.102212e+02 3.906432e+01 -2.941502e+02
#	 3.906432e+01 3.065404e+00 -2.026558e+02
#	 -2.941502e+02 -2.026558e+02 -1.132866e+02
#################################################
##            CALCULATION COMPLETED            ##
#################################################
# Psi[0]^2 = 0.000003 + I0.000000
# Psi[1]^2 = 0.000331 + I0.000000
# Psi[2]^2 = 0.999666 + I0.000000
# phi0 = 0.811845 
# phi1 = 0.260747 
# phi2 = 0.162773 
# Psi = 
#	1.287754e-03+i(1.221381e-03)
#	4.691975e-03+i(1.758467e-02)
#	1.620278e-01+i(9.866167e-01)
#ProbSurv b 1-|Psi|^2 calls E tol dh dh(prev) dh(last)
0.0234939374198	1	-2.4869e-14	9001	1739.25	0.0001	0.0001	0.0001	5e-05
