# a = 0.100000
# b = 1.000000
# E = 55000.000000
# tol = 0.000100
# s12 = 0.554977
# s13 = 0.152971
# psi0 = 0.822075 + I0.000000	0.548446 + I0.000000	0.152971 + I0.000000
# dh = 0.000100
# out = data/E5.5e4.0_tol1e-4.log
# model = sun
# scan_steps = 100.000000
# H0 = 
#	 0.000000e+00 0.000000e+00 0.000000e+00
#	 0.000000e+00 2.417632e+00 0.000000e+00
#	 0.000000e+00 0.000000e+00 7.912655e+01
# W = 
#	 6.758072e-01 4.508635e-01 1.257533e-01
#	 4.508635e-01 3.007928e-01 8.389608e-02
#	 1.257533e-01 8.389608e-02 2.340000e-02
# H0W = 
#	 0.000000e+00 -1.090022e+00 -9.950423e+00
#	 1.090022e+00 0.000000e+00 -6.435577e+00
#	 9.950423e+00 6.435577e+00 0.000000e+00
# H0H0W = 
#	 0.000000e+00 2.635273e+00 7.873426e+02
#	 2.635273e+00 0.000000e+00 4.936661e+02
#	 7.873426e+02 4.936661e+02 0.000000e+00
# WH0W = 
#	 3.485499e+00 1.235322e+00 -9.301846e+00
#	 1.235322e+00 9.693658e-02 -6.408540e+00
#	 -9.301846e+00 -6.408540e+00 -3.582436e+00
#################################################
##            CALCULATION COMPLETED            ##
#################################################
# Psi[0]^2 = 0.188334 + I0.000000
# Psi[1]^2 = 0.143624 + I0.000000
# Psi[2]^2 = 0.668042 + I0.000000
# phi0 = -2.518477 
# phi1 = -2.174795 
# phi2 = 0.966704 
# Psi = 
#	-2.532539e-01+i(-3.524151e-01)
#	-3.119251e-01+i(-2.152356e-01)
#	6.726846e-01+i(4.642605e-01)
#ProbSurv b 1-|Psi|^2 calls E tol dh dh(prev) dh(last)
0.186110590946	1	-1.06581e-13	9001	55000	0.0001	0.0001	0.0001	5e-05
