# a = 0.100000
# b = 1.000000
# E = 5.500000
# tol = 0.000100
# s12 = 0.554977
# s13 = 0.152971
# psi0 = 0.822075 + I0.000000	0.548446 + I0.000000	0.152971 + I0.000000
# dh = 0.000100
# out = data/E5.5e0.0_tol1e-4.log
# model = sun
# scan_steps = 100.000000
# H0 = 
#	 0.000000e+00 0.000000e+00 0.000000e+00
#	 0.000000e+00 2.417632e+04 0.000000e+00
#	 0.000000e+00 0.000000e+00 7.912655e+05
# W = 
#	 6.758072e-01 4.508635e-01 1.257533e-01
#	 4.508635e-01 3.007928e-01 8.389608e-02
#	 1.257533e-01 8.389608e-02 2.340000e-02
# H0W = 
#	 0.000000e+00 -1.090022e+04 -9.950423e+04
#	 1.090022e+04 0.000000e+00 -6.435577e+04
#	 9.950423e+04 6.435577e+04 0.000000e+00
# H0H0W = 
#	 0.000000e+00 2.635273e+08 7.873426e+10
#	 2.635273e+08 0.000000e+00 4.936661e+10
#	 7.873426e+10 4.936661e+10 0.000000e+00
# WH0W = 
#	 3.485499e+04 1.235322e+04 -9.301846e+04
#	 1.235322e+04 9.693658e+02 -6.408540e+04
#	 -9.301846e+04 -6.408540e+04 -3.582436e+04
#################################################
##            CALCULATION COMPLETED            ##
#################################################
# Psi[0]^2 = 0.240133 + I0.000000
# Psi[1]^2 = 0.735068 + I0.000000
# Psi[2]^2 = 0.024799 + I0.000000
# phi0 = 0.993675 
# phi1 = 1.285062 
# phi2 = -0.513617 
# Psi = 
#	4.106664e-01+i(2.673694e-01)
#	8.225990e-01+i(2.416577e-01)
#	-7.737341e-02+i(1.371585e-01)
#ProbSurv b 1-|Psi|^2 calls E tol dh dh(prev) dh(last)
0.383967157832	1	-9.83125e-12	33112	5.5	0.0001	0.0001	2.71815e-05	2.43649e-05
