# a = 0.100000
# b = 1.000000
# E = 560.000000
# tol = 0.000100
# s12 = 0.554977
# s13 = 0.152971
# psi0 = 0.822075 + I0.000000	0.548446 + I0.000000	0.152971 + I0.000000
# dh = 0.000100
# out = data/E5.6e2.0_tol1e-4.log
# model = sun
# scan_steps = 100.000000
# H0 = 
#	 0.000000e+00 0.000000e+00 0.000000e+00
#	 0.000000e+00 2.374460e+02 0.000000e+00
#	 0.000000e+00 0.000000e+00 7.771357e+03
# W = 
#	 6.758072e-01 4.508635e-01 1.257533e-01
#	 4.508635e-01 3.007928e-01 8.389608e-02
#	 1.257533e-01 8.389608e-02 2.340000e-02
# H0W = 
#	 0.000000e+00 -1.070558e+02 -9.772737e+02
#	 1.070558e+02 0.000000e+00 -6.320656e+02
#	 9.772737e+02 6.320656e+02 0.000000e+00
# H0H0W = 
#	 0.000000e+00 2.541997e+04 7.594743e+06
#	 2.541997e+04 0.000000e+00 4.761926e+06
#	 7.594743e+06 4.761926e+06 0.000000e+00
# WH0W = 
#	 3.423258e+02 1.213263e+02 -9.135742e+02
#	 1.213263e+02 9.520557e+00 -6.294101e+02
#	 -9.135742e+02 -6.294101e+02 -3.518464e+02
#################################################
##            CALCULATION COMPLETED            ##
#################################################
# Psi[0]^2 = 0.000022 + I0.000000
# Psi[1]^2 = 0.005435 + I0.000000
# Psi[2]^2 = 0.994543 + I0.000000
# phi0 = -1.896493 
# phi1 = 2.150360 
# phi2 = -0.119267 
# Psi = 
#	-4.432431e-03+i(-1.496935e-03)
#	6.168610e-02+i(-4.037631e-02)
#	-1.186593e-01+i(9.901831e-01)
#ProbSurv b 1-|Psi|^2 calls E tol dh dh(prev) dh(last)
0.0249220262196	1	-2.15827e-13	9001	560	0.0001	0.0001	0.0001	5e-05
