# a = 0.100000
# b = 1.000000
# E = 5600000.000000
# tol = 0.000100
# s12 = 0.554977
# s13 = 0.152971
# psi0 = 0.822075 + I0.000000	0.548446 + I0.000000	0.152971 + I0.000000
# dh = 0.000100
# out = data/E5.6e6.0_tol1e-4.log
# model = sun
# scan_steps = 100.000000
# H0 = 
#	 0.000000e+00 0.000000e+00 0.000000e+00
#	 0.000000e+00 2.374460e-02 0.000000e+00
#	 0.000000e+00 0.000000e+00 7.771357e-01
# W = 
#	 6.758072e-01 4.508635e-01 1.257533e-01
#	 4.508635e-01 3.007928e-01 8.389608e-02
#	 1.257533e-01 8.389608e-02 2.340000e-02
# H0W = 
#	 0.000000e+00 -1.070558e-02 -9.772737e-02
#	 1.070558e-02 0.000000e+00 -6.320656e-02
#	 9.772737e-02 6.320656e-02 0.000000e+00
# H0H0W = 
#	 0.000000e+00 2.541997e-04 7.594743e-02
#	 2.541997e-04 0.000000e+00 4.761926e-02
#	 7.594743e-02 4.761926e-02 0.000000e+00
# WH0W = 
#	 3.423258e-02 1.213263e-02 -9.135742e-02
#	 1.213263e-02 9.520557e-04 -6.294101e-02
#	 -9.135742e-02 -6.294101e-02 -3.518464e-02
#################################################
##            CALCULATION COMPLETED            ##
#################################################
# Psi[0]^2 = 0.671790 + I0.000000
# Psi[1]^2 = 0.300605 + I0.000000
# Psi[2]^2 = 0.027605 + I0.000000
# phi0 = 2.217820 
# phi1 = 2.221070 
# phi2 = 2.325677 
# Psi = 
#	6.539662e-01+i(-4.940837e-01)
#	4.363817e-01+i(-3.319276e-01)
#	1.210131e-01+i(-1.138438e-01)
#ProbSurv b 1-|Psi|^2 calls E tol dh dh(prev) dh(last)
0.545066585096	1	-1.11244e-13	9001	5.6e+06	0.0001	0.0001	0.0001	5e-05
