# a = 0.100000
# b = 1.000000
# E = 1770.875490
# tol = 0.000100
# s12 = 0.554977
# s13 = 0.152971
# psi0 = 0.822075 + I0.000000	0.548446 + I0.000000	0.152971 + I0.000000
# dh = 0.000100
# out = data/E5.6e2.5_tol1e-4.log
# model = sun
# scan_steps = 100.000000
# H0 = 
#	 0.000000e+00 0.000000e+00 0.000000e+00
#	 0.000000e+00 7.508703e+01 0.000000e+00
#	 0.000000e+00 0.000000e+00 2.457519e+03
# W = 
#	 6.758072e-01 4.508635e-01 1.257533e-01
#	 4.508635e-01 3.007928e-01 8.389608e-02
#	 1.257533e-01 8.389608e-02 2.340000e-02
# H0W = 
#	 0.000000e+00 -3.385401e+01 -3.090411e+02
#	 3.385401e+01 0.000000e+00 -1.998767e+02
#	 3.090411e+02 1.998767e+02 0.000000e+00
# H0H0W = 
#	 0.000000e+00 2.541997e+03 7.594743e+05
#	 2.541997e+03 0.000000e+00 4.761926e+05
#	 7.594743e+05 4.761926e+05 0.000000e+00
# WH0W = 
#	 1.082529e+02 3.836674e+01 -2.888975e+02
#	 3.836674e+01 3.010664e+00 -1.990370e+02
#	 -2.888975e+02 -1.990370e+02 -1.112636e+02
#################################################
##            CALCULATION COMPLETED            ##
#################################################
# Psi[0]^2 = 0.000002 + I0.000000
# Psi[1]^2 = 0.000315 + I0.000000
# Psi[2]^2 = 0.999683 + I0.000000
# phi0 = 0.502847 
# phi1 = -3.044059 
# phi2 = 0.188838 
# Psi = 
#	6.921435e-04+i(1.258430e-03)
#	-1.728100e-03+i(-1.766174e-02)
#	1.876881e-01+i(9.820673e-01)
#ProbSurv b 1-|Psi|^2 calls E tol dh dh(prev) dh(last)
0.0234887031667	1	-4.86278e-14	9001	1770.88	0.0001	0.0001	0.0001	5e-05
