# a = 0.100000
# b = 1.000000
# E = 56000.000000
# tol = 0.000100
# s12 = 0.554977
# s13 = 0.152971
# psi0 = 0.822075 + I0.000000	0.548446 + I0.000000	0.152971 + I0.000000
# dh = 0.000100
# out = data/E5.6e4.0_tol1e-4.log
# model = sun
# scan_steps = 100.000000
# H0 = 
#	 0.000000e+00 0.000000e+00 0.000000e+00
#	 0.000000e+00 2.374460e+00 0.000000e+00
#	 0.000000e+00 0.000000e+00 7.771357e+01
# W = 
#	 6.758072e-01 4.508635e-01 1.257533e-01
#	 4.508635e-01 3.007928e-01 8.389608e-02
#	 1.257533e-01 8.389608e-02 2.340000e-02
# H0W = 
#	 0.000000e+00 -1.070558e+00 -9.772737e+00
#	 1.070558e+00 0.000000e+00 -6.320656e+00
#	 9.772737e+00 6.320656e+00 0.000000e+00
# H0H0W = 
#	 0.000000e+00 2.541997e+00 7.594743e+02
#	 2.541997e+00 0.000000e+00 4.761926e+02
#	 7.594743e+02 4.761926e+02 0.000000e+00
# WH0W = 
#	 3.423258e+00 1.213263e+00 -9.135742e+00
#	 1.213263e+00 9.520557e-02 -6.294101e+00
#	 -9.135742e+00 -6.294101e+00 -3.518464e+00
#################################################
##            CALCULATION COMPLETED            ##
#################################################
# Psi[0]^2 = 0.193074 + I0.000000
# Psi[1]^2 = 0.146045 + I0.000000
# Psi[2]^2 = 0.660882 + I0.000000
# phi0 = -2.540823 
# phi1 = -2.204125 
# phi2 = 0.426154 
# Psi = 
#	-2.483838e-01+i(-3.624627e-01)
#	-3.080428e-01+i(-2.261729e-01)
#	3.360489e-01+i(7.402384e-01)
#ProbSurv b 1-|Psi|^2 calls E tol dh dh(prev) dh(last)
 0.18987439493	1	-7.88258e-14	9001	56000	0.0001	0.0001	0.0001	5e-05
