# a = 0.100000
# b = 1.000000
# E = 57000.000000
# tol = 0.000100
# s12 = 0.554977
# s13 = 0.152971
# psi0 = 0.822075 + I0.000000	0.548446 + I0.000000	0.152971 + I0.000000
# dh = 0.000100
# out = data/E5.7e4.0_tol1e-4.log
# model = sun
# scan_steps = 100.000000
# H0 = 
#	 0.000000e+00 0.000000e+00 0.000000e+00
#	 0.000000e+00 2.332803e+00 0.000000e+00
#	 0.000000e+00 0.000000e+00 7.635018e+01
# W = 
#	 6.758072e-01 4.508635e-01 1.257533e-01
#	 4.508635e-01 3.007928e-01 8.389608e-02
#	 1.257533e-01 8.389608e-02 2.340000e-02
# H0W = 
#	 0.000000e+00 -1.051776e+00 -9.601285e+00
#	 1.051776e+00 0.000000e+00 -6.209767e+00
#	 9.601285e+00 6.209767e+00 0.000000e+00
# H0H0W = 
#	 0.000000e+00 2.453586e+00 7.330598e+02
#	 2.453586e+00 0.000000e+00 4.596306e+02
#	 7.330598e+02 4.596306e+02 0.000000e+00
# WH0W = 
#	 3.363201e+00 1.191978e+00 -8.975465e+00
#	 1.191978e+00 9.353529e-02 -6.183679e+00
#	 -8.975465e+00 -6.183679e+00 -3.456736e+00
#################################################
##            CALCULATION COMPLETED            ##
#################################################
# Psi[0]^2 = 0.198172 + I0.000000
# Psi[1]^2 = 0.148598 + I0.000000
# Psi[2]^2 = 0.653231 + I0.000000
# phi0 = -2.563109 
# phi1 = -2.233342 
# phi2 = -0.093194 
# Psi = 
#	-2.433958e-01+i(-3.727332e-01)
#	-3.039266e-01+i(-2.371209e-01)
#	-7.521321e-02+i(8.047197e-01)
#ProbSurv b 1-|Psi|^2 calls E tol dh dh(prev) dh(last)
0.193908478898	1	-1.06137e-13	9001	57000	0.0001	0.0001	0.0001	5e-05
