# a = 0.100000
# b = 1.000000
# E = 18.341210
# tol = 0.000100
# s12 = 0.554977
# s13 = 0.152971
# psi0 = 0.822075 + I0.000000	0.548446 + I0.000000	0.152971 + I0.000000
# dh = 0.000100
# out = data/E5.8e0.5_tol1e-4.log
# model = sun
# scan_steps = 100.000000
# H0 = 
#	 0.000000e+00 0.000000e+00 0.000000e+00
#	 0.000000e+00 7.249782e+03 0.000000e+00
#	 0.000000e+00 0.000000e+00 2.372777e+05
# W = 
#	 6.758072e-01 4.508635e-01 1.257533e-01
#	 4.508635e-01 3.007928e-01 8.389608e-02
#	 1.257533e-01 8.389608e-02 2.340000e-02
# H0W = 
#	 0.000000e+00 -3.268663e+03 -2.983845e+04
#	 3.268663e+03 0.000000e+00 -1.929844e+04
#	 2.983845e+04 1.929844e+04 0.000000e+00
# H0H0W = 
#	 0.000000e+00 2.369709e+07 7.079998e+09
#	 2.369709e+07 0.000000e+00 4.439179e+09
#	 7.079998e+09 4.439179e+09 0.000000e+00
# WH0W = 
#	 1.045201e+04 3.704375e+03 -2.789355e+04
#	 3.704375e+03 2.906848e+02 -1.921736e+04
#	 -2.789355e+04 -1.921736e+04 -1.074269e+04
#################################################
##            CALCULATION COMPLETED            ##
#################################################
# Psi[0]^2 = 0.026067 + I0.000000
# Psi[1]^2 = 0.945351 + I0.000000
# Psi[2]^2 = 0.028582 + I0.000000
# phi0 = -0.994956 
# phi1 = -2.029150 
# phi2 = 1.955703 
# Psi = 
#	-1.354159e-01+i(8.791728e-02)
#	-8.719340e-01+i(-4.302121e-01)
#	1.566916e-01+i(-6.347793e-02)
#ProbSurv b 1-|Psi|^2 calls E tol dh dh(prev) dh(last)
0.302639906087	1	-4.02056e-12	9001	18.3412	0.0001	0.0001	0.0001	5e-05
