# a = 0.100000
# b = 1.000000
# E = 58000.000000
# tol = 0.000100
# s12 = 0.554977
# s13 = 0.152971
# psi0 = 0.822075 + I0.000000	0.548446 + I0.000000	0.152971 + I0.000000
# dh = 0.000100
# out = data/E5.8e4.0_tol1e-4.log
# model = sun
# scan_steps = 100.000000
# H0 = 
#	 0.000000e+00 0.000000e+00 0.000000e+00
#	 0.000000e+00 2.292583e+00 0.000000e+00
#	 0.000000e+00 0.000000e+00 7.503379e+01
# W = 
#	 6.758072e-01 4.508635e-01 1.257533e-01
#	 4.508635e-01 3.007928e-01 8.389608e-02
#	 1.257533e-01 8.389608e-02 2.340000e-02
# H0W = 
#	 0.000000e+00 -1.033642e+00 -9.435746e+00
#	 1.033642e+00 0.000000e+00 -6.102702e+00
#	 9.435746e+00 6.102702e+00 0.000000e+00
# H0H0W = 
#	 0.000000e+00 2.369709e+00 7.079998e+02
#	 2.369709e+00 0.000000e+00 4.439179e+02
#	 7.079998e+02 4.439179e+02 0.000000e+00
# WH0W = 
#	 3.305215e+00 1.171426e+00 -8.820716e+00
#	 1.171426e+00 9.192262e-02 -6.077063e+00
#	 -8.820716e+00 -6.077063e+00 -3.397138e+00
#################################################
##            CALCULATION COMPLETED            ##
#################################################
# Psi[0]^2 = 0.203436 + I0.000000
# Psi[1]^2 = 0.151134 + I0.000000
# Psi[2]^2 = 0.645431 + I0.000000
# phi0 = -2.585628 
# phi1 = -2.262512 
# phi2 = -0.592841 
# Psi = 
#	-2.380415e-01+i(-3.831083e-01)
#	-2.994038e-01+i(-2.479737e-01)
#	-4.488682e-01+i(6.662942e-01)
#ProbSurv b 1-|Psi|^2 calls E tol dh dh(prev) dh(last)
0.198046332191	1	-8.79297e-14	9001	58000	0.0001	0.0001	0.0001	5e-05
