# a = 0.100000
# b = 1.000000
# E = 5800.000000
# tol = 0.000100
# s12 = 0.554977
# s13 = 0.152971
# psi0 = 0.822075 + I0.000000	0.548446 + I0.000000	0.152971 + I0.000000
# dh = 0.000100
# out = data/E5.8e3.0_tol1e-4.log
# model = sun
# scan_steps = 100.000000
# H0 = 
#	 0.000000e+00 0.000000e+00 0.000000e+00
#	 0.000000e+00 2.292583e+01 0.000000e+00
#	 0.000000e+00 0.000000e+00 7.503379e+02
# W = 
#	 6.758072e-01 4.508635e-01 1.257533e-01
#	 4.508635e-01 3.007928e-01 8.389608e-02
#	 1.257533e-01 8.389608e-02 2.340000e-02
# H0W = 
#	 0.000000e+00 -1.033642e+01 -9.435746e+01
#	 1.033642e+01 0.000000e+00 -6.102702e+01
#	 9.435746e+01 6.102702e+01 0.000000e+00
# H0H0W = 
#	 0.000000e+00 2.369709e+02 7.079998e+04
#	 2.369709e+02 0.000000e+00 4.439179e+04
#	 7.079998e+04 4.439179e+04 0.000000e+00
# WH0W = 
#	 3.305215e+01 1.171426e+01 -8.820716e+01
#	 1.171426e+01 9.192262e-01 -6.077063e+01
#	 -8.820716e+01 -6.077063e+01 -3.397138e+01
#################################################
##            CALCULATION COMPLETED            ##
#################################################
# Psi[0]^2 = 0.000000 + I0.000000
# Psi[1]^2 = 0.000004 + I0.000000
# Psi[2]^2 = 0.999995 + I0.000000
# phi0 = -0.054660 
# phi1 = -2.477061 
# phi2 = 1.672243 
# Psi = 
#	-2.706227e-05+i(4.946070e-04)
#	-1.292264e-03+i(-1.649575e-03)
#	9.948564e-01+i(-1.012725e-01)
#ProbSurv b 1-|Psi|^2 calls E tol dh dh(prev) dh(last)
0.0234013781238	1	-5.63993e-14	9001	5800	0.0001	0.0001	0.0001	5e-05
