# a = 0.100000
# b = 1.000000
# E = 1834.121043
# tol = 0.000100
# s12 = 0.554977
# s13 = 0.152971
# psi0 = 0.822075 + I0.000000	0.548446 + I0.000000	0.152971 + I0.000000
# dh = 0.000100
# out = data/E5.8e2.5_tol1e-4.log
# model = sun
# scan_steps = 100.000000
# H0 = 
#	 0.000000e+00 0.000000e+00 0.000000e+00
#	 0.000000e+00 7.249782e+01 0.000000e+00
#	 0.000000e+00 0.000000e+00 2.372777e+03
# W = 
#	 6.758072e-01 4.508635e-01 1.257533e-01
#	 4.508635e-01 3.007928e-01 8.389608e-02
#	 1.257533e-01 8.389608e-02 2.340000e-02
# H0W = 
#	 0.000000e+00 -3.268663e+01 -2.983845e+02
#	 3.268663e+01 0.000000e+00 -1.929844e+02
#	 2.983845e+02 1.929844e+02 0.000000e+00
# H0H0W = 
#	 0.000000e+00 2.369709e+03 7.079998e+05
#	 2.369709e+03 0.000000e+00 4.439179e+05
#	 7.079998e+05 4.439179e+05 0.000000e+00
# WH0W = 
#	 1.045201e+02 3.704375e+01 -2.789355e+02
#	 3.704375e+01 2.906848e+00 -1.921736e+02
#	 -2.789355e+02 -1.921736e+02 -1.074269e+02
#################################################
##            CALCULATION COMPLETED            ##
#################################################
# Psi[0]^2 = 0.000002 + I0.000000
# Psi[1]^2 = 0.000295 + I0.000000
# Psi[2]^2 = 0.999703 + I0.000000
# phi0 = -0.586839 
# phi1 = -2.581820 
# phi2 = -2.590204 
# Psi = 
#	-7.408803e-04+i(1.114128e-03)
#	-9.125409e-03+i(-1.456261e-02)
#	-5.237929e-01+i(-8.516712e-01)
#ProbSurv b 1-|Psi|^2 calls E tol dh dh(prev) dh(last)
0.0234830938634	1	-5.68434e-14	9001	1834.12	0.0001	0.0001	0.0001	5e-05
