# a = 0.100000
# b = 1.000000
# E = 183.412104
# tol = 0.000100
# s12 = 0.554977
# s13 = 0.152971
# psi0 = 0.822075 + I0.000000	0.548446 + I0.000000	0.152971 + I0.000000
# dh = 0.000100
# out = data/E5.8e1.5_tol1e-4.log
# model = sun
# scan_steps = 100.000000
# H0 = 
#	 0.000000e+00 0.000000e+00 0.000000e+00
#	 0.000000e+00 7.249782e+02 0.000000e+00
#	 0.000000e+00 0.000000e+00 2.372777e+04
# W = 
#	 6.758072e-01 4.508635e-01 1.257533e-01
#	 4.508635e-01 3.007928e-01 8.389608e-02
#	 1.257533e-01 8.389608e-02 2.340000e-02
# H0W = 
#	 0.000000e+00 -3.268663e+02 -2.983845e+03
#	 3.268663e+02 0.000000e+00 -1.929844e+03
#	 2.983845e+03 1.929844e+03 0.000000e+00
# H0H0W = 
#	 0.000000e+00 2.369709e+05 7.079998e+07
#	 2.369709e+05 0.000000e+00 4.439179e+07
#	 7.079998e+07 4.439179e+07 0.000000e+00
# WH0W = 
#	 1.045201e+03 3.704375e+02 -2.789355e+03
#	 3.704375e+02 2.906848e+01 -1.921736e+03
#	 -2.789355e+03 -1.921736e+03 -1.074269e+03
#################################################
##            CALCULATION COMPLETED            ##
#################################################
# Psi[0]^2 = 0.000226 + I0.000000
# Psi[1]^2 = 0.458576 + I0.000000
# Psi[2]^2 = 0.541198 + I0.000000
# phi0 = -0.515399 
# phi1 = 0.874634 
# phi2 = 2.508680 
# Psi = 
#	-7.410638e-03+i(1.308216e-02)
#	5.196080e-01+i(4.342621e-01)
#	4.351404e-01+i(-5.931700e-01)
#ProbSurv b 1-|Psi|^2 calls E tol dh dh(prev) dh(last)
0.150753171791	1	7.0921e-13	9001	183.412	0.0001	0.0001	0.0001	5e-05
