# a = 0.100000
# b = 1.000000
# E = 59000.000000
# tol = 0.000100
# s12 = 0.554977
# s13 = 0.152971
# psi0 = 0.822075 + I0.000000	0.548446 + I0.000000	0.152971 + I0.000000
# dh = 0.000100
# out = data/E5.9e4.0_tol1e-4.log
# model = sun
# scan_steps = 100.000000
# H0 = 
#	 0.000000e+00 0.000000e+00 0.000000e+00
#	 0.000000e+00 2.253725e+00 0.000000e+00
#	 0.000000e+00 0.000000e+00 7.376203e+01
# W = 
#	 6.758072e-01 4.508635e-01 1.257533e-01
#	 4.508635e-01 3.007928e-01 8.389608e-02
#	 1.257533e-01 8.389608e-02 2.340000e-02
# H0W = 
#	 0.000000e+00 -1.016123e+00 -9.275818e+00
#	 1.016123e+00 0.000000e+00 -5.999266e+00
#	 9.275818e+00 5.999266e+00 0.000000e+00
# H0H0W = 
#	 0.000000e+00 2.290061e+00 6.842032e+02
#	 2.290061e+00 0.000000e+00 4.289974e+02
#	 6.842032e+02 4.289974e+02 0.000000e+00
# WH0W = 
#	 3.249194e+00 1.151572e+00 -8.671212e+00
#	 1.151572e+00 9.036460e-02 -5.974062e+00
#	 -8.671212e+00 -5.974062e+00 -3.339559e+00
#################################################
##            CALCULATION COMPLETED            ##
#################################################
# Psi[0]^2 = 0.208674 + I0.000000
# Psi[1]^2 = 0.153537 + I0.000000
# Psi[2]^2 = 0.637789 + I0.000000
# phi0 = -2.608389 
# phi1 = -2.291489 
# phi2 = -1.074084 
# Psi = 
#	-2.321936e-01+i(-3.933963e-01)
#	-2.944068e-01+i(-2.585758e-01)
#	-7.021070e-01+i(3.805712e-01)
#ProbSurv b 1-|Psi|^2 calls E tol dh dh(prev) dh(last)
0.202130749049	1	-1.25455e-13	9001	59000	0.0001	0.0001	0.0001	5e-05
