# a = 0.100000
# b = 1.000000
# E = 590.000000
# tol = 0.000100
# s12 = 0.554977
# s13 = 0.152971
# psi0 = 0.822075 + I0.000000	0.548446 + I0.000000	0.152971 + I0.000000
# dh = 0.000100
# out = data/E5.9e2.0_tol1e-4.log
# model = sun
# scan_steps = 100.000000
# H0 = 
#	 0.000000e+00 0.000000e+00 0.000000e+00
#	 0.000000e+00 2.253725e+02 0.000000e+00
#	 0.000000e+00 0.000000e+00 7.376203e+03
# W = 
#	 6.758072e-01 4.508635e-01 1.257533e-01
#	 4.508635e-01 3.007928e-01 8.389608e-02
#	 1.257533e-01 8.389608e-02 2.340000e-02
# H0W = 
#	 0.000000e+00 -1.016123e+02 -9.275818e+02
#	 1.016123e+02 0.000000e+00 -5.999266e+02
#	 9.275818e+02 5.999266e+02 0.000000e+00
# H0H0W = 
#	 0.000000e+00 2.290061e+04 6.842032e+06
#	 2.290061e+04 0.000000e+00 4.289974e+06
#	 6.842032e+06 4.289974e+06 0.000000e+00
# WH0W = 
#	 3.249194e+02 1.151572e+02 -8.671212e+02
#	 1.151572e+02 9.036460e+00 -5.974062e+02
#	 -8.671212e+02 -5.974062e+02 -3.339559e+02
#################################################
##            CALCULATION COMPLETED            ##
#################################################
# Psi[0]^2 = 0.000023 + I0.000000
# Psi[1]^2 = 0.004679 + I0.000000
# Psi[2]^2 = 0.995298 + I0.000000
# phi0 = 1.172110 
# phi1 = 0.399897 
# phi2 = 2.767375 
# Psi = 
#	4.385962e-03+i(1.847567e-03)
#	2.663053e-02+i(6.300530e-02)
#	3.646839e-01+i(-9.286033e-01)
#ProbSurv b 1-|Psi|^2 calls E tol dh dh(prev) dh(last)
0.0247126572498	1	-1.91402e-13	9001	590	0.0001	0.0001	0.0001	5e-05
