# a = 0.100000
# b = 1.000000
# E = 59.000000
# tol = 0.000100
# s12 = 0.554977
# s13 = 0.152971
# psi0 = 0.822075 + I0.000000	0.548446 + I0.000000	0.152971 + I0.000000
# dh = 0.000100
# out = data/E5.9e1.0_tol1e-4.log
# model = sun
# scan_steps = 100.000000
# H0 = 
#	 0.000000e+00 0.000000e+00 0.000000e+00
#	 0.000000e+00 2.253725e+03 0.000000e+00
#	 0.000000e+00 0.000000e+00 7.376203e+04
# W = 
#	 6.758072e-01 4.508635e-01 1.257533e-01
#	 4.508635e-01 3.007928e-01 8.389608e-02
#	 1.257533e-01 8.389608e-02 2.340000e-02
# H0W = 
#	 0.000000e+00 -1.016123e+03 -9.275818e+03
#	 1.016123e+03 0.000000e+00 -5.999266e+03
#	 9.275818e+03 5.999266e+03 0.000000e+00
# H0H0W = 
#	 0.000000e+00 2.290061e+06 6.842032e+08
#	 2.290061e+06 0.000000e+00 4.289974e+08
#	 6.842032e+08 4.289974e+08 0.000000e+00
# WH0W = 
#	 3.249194e+03 1.151572e+03 -8.671212e+03
#	 1.151572e+03 9.036460e+01 -5.974062e+03
#	 -8.671212e+03 -5.974062e+03 -3.339559e+03
#################################################
##            CALCULATION COMPLETED            ##
#################################################
# Psi[0]^2 = 0.002275 + I0.000000
# Psi[1]^2 = 0.950433 + I0.000000
# Psi[2]^2 = 0.047292 + I0.000000
# phi0 = 1.862067 
# phi1 = 2.740415 
# phi2 = -2.671077 
# Psi = 
#	4.569106e-02+i(-1.369806e-02)
#	3.807014e-01+i(-8.974960e-01)
#	-9.858785e-02+i(-1.938361e-01)
#ProbSurv b 1-|Psi|^2 calls E tol dh dh(prev) dh(last)
0.288527609829	1	-1.2772e-12	9001	59	0.0001	0.0001	0.0001	5e-05
