# a = 0.100000
# b = 1.000000
# E = 6000000.000000
# tol = 0.000100
# s12 = 0.554977
# s13 = 0.152971
# psi0 = 0.822075 + I0.000000	0.548446 + I0.000000	0.152971 + I0.000000
# dh = 0.000100
# out = data/E6.0e6.0_tol1e-4.log
# model = sun
# scan_steps = 100.000000
# H0 = 
#	 0.000000e+00 0.000000e+00 0.000000e+00
#	 0.000000e+00 2.216163e-02 0.000000e+00
#	 0.000000e+00 0.000000e+00 7.253267e-01
# W = 
#	 6.758072e-01 4.508635e-01 1.257533e-01
#	 4.508635e-01 3.007928e-01 8.389608e-02
#	 1.257533e-01 8.389608e-02 2.340000e-02
# H0W = 
#	 0.000000e+00 -9.991872e-03 -9.121221e-02
#	 9.991872e-03 0.000000e+00 -5.899279e-02
#	 9.121221e-02 5.899279e-02 0.000000e+00
# H0H0W = 
#	 0.000000e+00 2.214362e-04 6.615865e-02
#	 2.214362e-04 0.000000e+00 4.148167e-02
#	 6.615865e-02 4.148167e-02 0.000000e+00
# WH0W = 
#	 3.195041e-02 1.132379e-02 -8.526692e-02
#	 1.132379e-02 8.885853e-04 -5.874495e-02
#	 -8.526692e-02 -5.874495e-02 -3.283900e-02
#################################################
##            CALCULATION COMPLETED            ##
#################################################
# Psi[0]^2 = 0.672069 + I0.000000
# Psi[1]^2 = 0.300623 + I0.000000
# Psi[2]^2 = 0.027308 + I0.000000
# phi0 = 2.216525 
# phi1 = 2.219558 
# phi2 = 2.317102 
# Psi = 
#	6.547414e-01+i(-4.933385e-01)
#	4.368959e-01+i(-3.312772e-01)
#	1.213282e-01+i(-1.121947e-01)
#ProbSurv b 1-|Psi|^2 calls E tol dh dh(prev) dh(last)
0.545253332933	1	-9.05942e-14	9001	6e+06	0.0001	0.0001	0.0001	5e-05
