# a = 0.100000
# b = 1.000000
# E = 1897366.596101
# tol = 0.000100
# s12 = 0.554977
# s13 = 0.152971
# psi0 = 0.822075 + I0.000000	0.548446 + I0.000000	0.152971 + I0.000000
# dh = 0.000100
# out = data/E6.0e5.5_tol1e-4.log
# model = sun
# scan_steps = 100.000000
# H0 = 
#	 0.000000e+00 0.000000e+00 0.000000e+00
#	 0.000000e+00 7.008123e-02 0.000000e+00
#	 0.000000e+00 0.000000e+00 2.293684e+00
# W = 
#	 6.758072e-01 4.508635e-01 1.257533e-01
#	 4.508635e-01 3.007928e-01 8.389608e-02
#	 1.257533e-01 8.389608e-02 2.340000e-02
# H0W = 
#	 0.000000e+00 -3.159707e-02 -2.884383e-01
#	 3.159707e-02 0.000000e+00 -1.865516e-01
#	 2.884383e-01 1.865516e-01 0.000000e+00
# H0H0W = 
#	 0.000000e+00 2.214362e-03 6.615865e-01
#	 2.214362e-03 0.000000e+00 4.148167e-01
#	 6.615865e-01 4.148167e-01 0.000000e+00
# WH0W = 
#	 1.010361e-01 3.580896e-02 -2.696377e-01
#	 3.580896e-02 2.809953e-03 -1.857678e-01
#	 -2.696377e-01 -1.857678e-01 -1.038460e-01
#################################################
##            CALCULATION COMPLETED            ##
#################################################
# Psi[0]^2 = 0.662903 + I0.000000
# Psi[1]^2 = 0.299742 + I0.000000
# Psi[2]^2 = 0.037354 + I0.000000
# phi0 = 2.255905 
# phi1 = 2.265489 
# phi2 = 2.582341 
# Psi = 
#	6.304675e-01+i(-5.151836e-01)
#	4.206076e-01+i(-3.504736e-01)
#	1.025411e-01+i(-1.638277e-01)
#ProbSurv b 1-|Psi|^2 calls E tol dh dh(prev) dh(last)
0.539029313938	1	-1.64757e-13	9001	1.89737e+06	0.0001	0.0001	0.0001	5e-05
