# a = 0.100000
# b = 1.000000
# E = 0.600000
# tol = 0.000100
# s12 = 0.554977
# s13 = 0.152971
# psi0 = 0.822075 + I0.000000	0.548446 + I0.000000	0.152971 + I0.000000
# dh = 0.000100
# out = data/E6.0e-1.0_tol1e-4.log
# model = sun
# scan_steps = 100.000000
# H0 = 
#	 0.000000e+00 0.000000e+00 0.000000e+00
#	 0.000000e+00 2.216163e+05 0.000000e+00
#	 0.000000e+00 0.000000e+00 7.253267e+06
# W = 
#	 6.758072e-01 4.508635e-01 1.257533e-01
#	 4.508635e-01 3.007928e-01 8.389608e-02
#	 1.257533e-01 8.389608e-02 2.340000e-02
# H0W = 
#	 0.000000e+00 -9.991872e+04 -9.121221e+05
#	 9.991872e+04 0.000000e+00 -5.899279e+05
#	 9.121221e+05 5.899279e+05 0.000000e+00
# H0H0W = 
#	 0.000000e+00 2.214362e+10 6.615865e+12
#	 2.214362e+10 0.000000e+00 4.148167e+12
#	 6.615865e+12 4.148167e+12 0.000000e+00
# WH0W = 
#	 3.195041e+05 1.132379e+05 -8.526692e+05
#	 1.132379e+05 8.885853e+03 -5.874495e+05
#	 -8.526692e+05 -5.874495e+05 -3.283900e+05
#################################################
##            CALCULATION COMPLETED            ##
#################################################
# Psi[0]^2 = 0.631159 + I0.000000
# Psi[1]^2 = 0.345294 + I0.000000
# Psi[2]^2 = 0.023547 + I0.000000
# phi0 = 0.384038 
# phi1 = -2.500946 
# phi2 = 1.910412 
# Psi = 
#	2.976564e-01+i(7.365865e-01)
#	-3.512272e-01+i(-4.710982e-01)
#	1.446855e-01+i(-5.111800e-02)
#ProbSurv b 1-|Psi|^2 calls E tol dh dh(prev) dh(last)
0.530954773086	1	2.56426e-11	558071	0.6	0.0001	0.0001	1.6127e-06	1.37766e-06
