# a = 0.100000
# b = 1.000000
# E = 192.898937
# tol = 0.000100
# s12 = 0.554977
# s13 = 0.152971
# psi0 = 0.822075 + I0.000000	0.548446 + I0.000000	0.152971 + I0.000000
# dh = 0.000100
# out = data/E6.1e1.5_tol1e-4.log
# model = sun
# scan_steps = 100.000000
# H0 = 
#	 0.000000e+00 0.000000e+00 0.000000e+00
#	 0.000000e+00 6.893236e+02 0.000000e+00
#	 0.000000e+00 0.000000e+00 2.256083e+04
# W = 
#	 6.758072e-01 4.508635e-01 1.257533e-01
#	 4.508635e-01 3.007928e-01 8.389608e-02
#	 1.257533e-01 8.389608e-02 2.340000e-02
# H0W = 
#	 0.000000e+00 -3.107909e+02 -2.837098e+03
#	 3.107909e+02 0.000000e+00 -1.834934e+03
#	 2.837098e+03 1.834934e+03 0.000000e+00
# H0H0W = 
#	 0.000000e+00 2.142355e+05 6.400729e+07
#	 2.142355e+05 0.000000e+00 4.013276e+07
#	 6.400729e+07 4.013276e+07 0.000000e+00
# WH0W = 
#	 9.937974e+02 3.522193e+02 -2.652174e+03
#	 3.522193e+02 2.763889e+01 -1.827225e+03
#	 -2.652174e+03 -1.827225e+03 -1.021436e+03
#################################################
##            CALCULATION COMPLETED            ##
#################################################
# Psi[0]^2 = 0.000188 + I0.000000
# Psi[1]^2 = 0.378540 + I0.000000
# Psi[2]^2 = 0.621271 + I0.000000
# phi0 = -1.230319 
# phi1 = 2.813309 
# phi2 = -0.428217 
# Psi = 
#	-1.293793e-02+i(4.583570e-03)
#	1.983700e-01+i(-5.823998e-01)
#	-3.273028e-01+i(7.170386e-01)
#ProbSurv b 1-|Psi|^2 calls E tol dh dh(prev) dh(last)
0.128527227808	1	4.06342e-13	9001	192.899	0.0001	0.0001	0.0001	5e-05
