# a = 0.100000
# b = 1.000000
# E = 1928989.372703
# tol = 0.000100
# s12 = 0.554977
# s13 = 0.152971
# psi0 = 0.822075 + I0.000000	0.548446 + I0.000000	0.152971 + I0.000000
# dh = 0.000100
# out = data/E6.1e5.5_tol1e-4.log
# model = sun
# scan_steps = 100.000000
# H0 = 
#	 0.000000e+00 0.000000e+00 0.000000e+00
#	 0.000000e+00 6.893236e-02 0.000000e+00
#	 0.000000e+00 0.000000e+00 2.256083e+00
# W = 
#	 6.758072e-01 4.508635e-01 1.257533e-01
#	 4.508635e-01 3.007928e-01 8.389608e-02
#	 1.257533e-01 8.389608e-02 2.340000e-02
# H0W = 
#	 0.000000e+00 -3.107909e-02 -2.837098e-01
#	 3.107909e-02 0.000000e+00 -1.834934e-01
#	 2.837098e-01 1.834934e-01 0.000000e+00
# H0H0W = 
#	 0.000000e+00 2.142355e-03 6.400729e-01
#	 2.142355e-03 0.000000e+00 4.013276e-01
#	 6.400729e-01 4.013276e-01 0.000000e+00
# WH0W = 
#	 9.937974e-02 3.522193e-02 -2.652174e-01
#	 3.522193e-02 2.763889e-03 -1.827225e-01
#	 -2.652174e-01 -1.827225e-01 -1.021436e-01
#################################################
##            CALCULATION COMPLETED            ##
#################################################
# Psi[0]^2 = 0.663141 + I0.000000
# Psi[1]^2 = 0.299772 + I0.000000
# Psi[2]^2 = 0.037087 + I0.000000
# phi0 = 2.254957 
# phi1 = 2.264384 
# phi2 = 2.575847 
# Psi = 
#	6.310684e-01+i(-5.146784e-01)
#	4.210153e-01+i(-3.500262e-01)
#	1.032310e-01+i(-1.625730e-01)
#ProbSurv b 1-|Psi|^2 calls E tol dh dh(prev) dh(last)
0.539192727215	1	-1.61426e-13	9001	1.92899e+06	0.0001	0.0001	0.0001	5e-05
