# a = 0.100000
# b = 1.000000
# E = 610.000000
# tol = 0.000100
# s12 = 0.554977
# s13 = 0.152971
# psi0 = 0.822075 + I0.000000	0.548446 + I0.000000	0.152971 + I0.000000
# dh = 0.000100
# out = data/E6.1e2.0_tol1e-4.log
# model = sun
# scan_steps = 100.000000
# H0 = 
#	 0.000000e+00 0.000000e+00 0.000000e+00
#	 0.000000e+00 2.179833e+02 0.000000e+00
#	 0.000000e+00 0.000000e+00 7.134361e+03
# W = 
#	 6.758072e-01 4.508635e-01 1.257533e-01
#	 4.508635e-01 3.007928e-01 8.389608e-02
#	 1.257533e-01 8.389608e-02 2.340000e-02
# H0W = 
#	 0.000000e+00 -9.828070e+01 -8.971693e+02
#	 9.828070e+01 0.000000e+00 -5.802569e+02
#	 8.971693e+02 5.802569e+02 0.000000e+00
# H0H0W = 
#	 0.000000e+00 2.142355e+04 6.400729e+06
#	 2.142355e+04 0.000000e+00 4.013276e+06
#	 6.400729e+06 4.013276e+06 0.000000e+00
# WH0W = 
#	 3.142663e+02 1.113815e+02 -8.386910e+02
#	 1.113815e+02 8.740183e+00 -5.778191e+02
#	 -8.386910e+02 -5.778191e+02 -3.230065e+02
#################################################
##            CALCULATION COMPLETED            ##
#################################################
# Psi[0]^2 = 0.000018 + I0.000000
# Psi[1]^2 = 0.004266 + I0.000000
# Psi[2]^2 = 0.995716 + I0.000000
# phi0 = -0.819477 
# phi1 = 2.919677 
# phi2 = -2.160859 
# Psi = 
#	-3.106113e-03+i(2.901306e-03)
#	1.437620e-02+i(-6.371548e-02)
#	-8.291241e-01+i(-5.552196e-01)
#ProbSurv b 1-|Psi|^2 calls E tol dh dh(prev) dh(last)
0.0245952375037	1	-1.16795e-13	9001	610	0.0001	0.0001	0.0001	5e-05
