# a = 0.100000
# b = 1.000000
# E = 192898.937270
# tol = 0.000100
# s12 = 0.554977
# s13 = 0.152971
# psi0 = 0.822075 + I0.000000	0.548446 + I0.000000	0.152971 + I0.000000
# dh = 0.000100
# out = data/E6.1e4.5_tol1e-4.log
# model = sun
# scan_steps = 100.000000
# H0 = 
#	 0.000000e+00 0.000000e+00 0.000000e+00
#	 0.000000e+00 6.893236e-01 0.000000e+00
#	 0.000000e+00 0.000000e+00 2.256083e+01
# W = 
#	 6.758072e-01 4.508635e-01 1.257533e-01
#	 4.508635e-01 3.007928e-01 8.389608e-02
#	 1.257533e-01 8.389608e-02 2.340000e-02
# H0W = 
#	 0.000000e+00 -3.107909e-01 -2.837098e+00
#	 3.107909e-01 0.000000e+00 -1.834934e+00
#	 2.837098e+00 1.834934e+00 0.000000e+00
# H0H0W = 
#	 0.000000e+00 2.142355e-01 6.400729e+01
#	 2.142355e-01 0.000000e+00 4.013276e+01
#	 6.400729e+01 4.013276e+01 0.000000e+00
# WH0W = 
#	 9.937974e-01 3.522193e-01 -2.652174e+00
#	 3.522193e-01 2.763889e-02 -1.827225e+00
#	 -2.652174e+00 -1.827225e+00 -1.021436e+00
#################################################
##            CALCULATION COMPLETED            ##
#################################################
# Psi[0]^2 = 0.476523 + I0.000000
# Psi[1]^2 = 0.247669 + I0.000000
# Psi[2]^2 = 0.275808 + I0.000000
# phi0 = 2.704127 
# phi1 = 2.801053 
# phi2 = 0.699725 
# Psi = 
#	2.924446e-01+i(-6.252989e-01)
#	1.662175e-01+i(-4.690854e-01)
#	3.382160e-01+i(4.017685e-01)
#ProbSurv b 1-|Psi|^2 calls E tol dh dh(prev) dh(last)
0.402988458873	1	-1.3145e-13	9001	192899	0.0001	0.0001	0.0001	5e-05
