# a = 0.100000
# b = 1.000000
# E = 19606.121493
# tol = 0.000100
# s12 = 0.554977
# s13 = 0.152971
# psi0 = 0.822075 + I0.000000	0.548446 + I0.000000	0.152971 + I0.000000
# dh = 0.000100
# out = data/E6.2e3.5_tol1e-4.log
# model = sun
# scan_steps = 100.000000
# H0 = 
#	 0.000000e+00 0.000000e+00 0.000000e+00
#	 0.000000e+00 6.782055e+00 0.000000e+00
#	 0.000000e+00 0.000000e+00 2.219694e+02
# W = 
#	 6.758072e-01 4.508635e-01 1.257533e-01
#	 4.508635e-01 3.007928e-01 8.389608e-02
#	 1.257533e-01 8.389608e-02 2.340000e-02
# H0W = 
#	 0.000000e+00 -3.057781e+00 -2.791339e+01
#	 3.057781e+00 0.000000e+00 -1.805338e+01
#	 2.791339e+01 1.805338e+01 0.000000e+00
# H0H0W = 
#	 0.000000e+00 2.073804e+01 6.195919e+03
#	 2.073804e+01 0.000000e+00 3.884859e+03
#	 6.195919e+03 3.884859e+03 0.000000e+00
# WH0W = 
#	 9.777684e+00 3.465383e+00 -2.609397e+01
#	 3.465383e+00 2.719310e-01 -1.797753e+01
#	 -2.609397e+01 -1.797753e+01 -1.004962e+01
#################################################
##            CALCULATION COMPLETED            ##
#################################################
# Psi[0]^2 = 0.015412 + I0.000000
# Psi[1]^2 = 0.030871 + I0.000000
# Psi[2]^2 = 0.953717 + I0.000000
# phi0 = -0.178097 
# phi1 = 0.821003 
# phi2 = 1.081194 
# Psi = 
#	-2.199333e-02+i(1.221820e-01)
#	1.285836e-01+i(1.197383e-01)
#	8.618550e-01+i(4.592632e-01)
#ProbSurv b 1-|Psi|^2 calls E tol dh dh(prev) dh(last)
0.0420183992734	1	-8.79297e-14	9001	19606.1	0.0001	0.0001	0.0001	5e-05
