# a = 0.100000
# b = 1.000000
# E = 1992234.925906
# tol = 0.000100
# s12 = 0.554977
# s13 = 0.152971
# psi0 = 0.822075 + I0.000000	0.548446 + I0.000000	0.152971 + I0.000000
# dh = 0.000100
# out = data/E6.3e5.5_tol1e-4.log
# model = sun
# scan_steps = 100.000000
# H0 = 
#	 0.000000e+00 0.000000e+00 0.000000e+00
#	 0.000000e+00 6.674403e-02 0.000000e+00
#	 0.000000e+00 0.000000e+00 2.184461e+00
# W = 
#	 6.758072e-01 4.508635e-01 1.257533e-01
#	 4.508635e-01 3.007928e-01 8.389608e-02
#	 1.257533e-01 8.389608e-02 2.340000e-02
# H0W = 
#	 0.000000e+00 -3.009245e-02 -2.747032e-01
#	 3.009245e-02 0.000000e+00 -1.776682e-01
#	 2.747032e-01 1.776682e-01 0.000000e+00
# H0H0W = 
#	 0.000000e+00 2.008491e-03 6.000784e-01
#	 2.008491e-03 0.000000e+00 3.762509e-01
#	 6.000784e-01 3.762509e-01 0.000000e+00
# WH0W = 
#	 9.622483e-02 3.410377e-02 -2.567978e-01
#	 3.410377e-02 2.676146e-03 -1.769217e-01
#	 -2.567978e-01 -1.769217e-01 -9.890098e-02
#################################################
##            CALCULATION COMPLETED            ##
#################################################
# Psi[0]^2 = 0.663592 + I0.000000
# Psi[1]^2 = 0.299828 + I0.000000
# Psi[2]^2 = 0.036581 + I0.000000
# phi0 = 2.253153 
# phi1 = 2.262281 
# phi2 = 2.563496 
# Psi = 
#	6.322106e-01+i(-5.137133e-01)
#	4.217895e-01+i(-3.491722e-01)
#	1.045108e-01+i(-1.601817e-01)
#ProbSurv b 1-|Psi|^2 calls E tol dh dh(prev) dh(last)
0.539502017291	1	-1.03695e-13	9001	1.99223e+06	0.0001	0.0001	0.0001	5e-05
