# a = 0.100000
# b = 1.000000
# E = 199.223493
# tol = 0.000100
# s12 = 0.554977
# s13 = 0.152971
# psi0 = 0.822075 + I0.000000	0.548446 + I0.000000	0.152971 + I0.000000
# dh = 0.000100
# out = data/E6.3e1.5_tol1e-4.log
# model = sun
# scan_steps = 100.000000
# H0 = 
#	 0.000000e+00 0.000000e+00 0.000000e+00
#	 0.000000e+00 6.674403e+02 0.000000e+00
#	 0.000000e+00 0.000000e+00 2.184461e+04
# W = 
#	 6.758072e-01 4.508635e-01 1.257533e-01
#	 4.508635e-01 3.007928e-01 8.389608e-02
#	 1.257533e-01 8.389608e-02 2.340000e-02
# H0W = 
#	 0.000000e+00 -3.009245e+02 -2.747032e+03
#	 3.009245e+02 0.000000e+00 -1.776682e+03
#	 2.747032e+03 1.776682e+03 0.000000e+00
# H0H0W = 
#	 0.000000e+00 2.008491e+05 6.000784e+07
#	 2.008491e+05 0.000000e+00 3.762509e+07
#	 6.000784e+07 3.762509e+07 0.000000e+00
# WH0W = 
#	 9.622483e+02 3.410377e+02 -2.567978e+03
#	 3.410377e+02 2.676146e+01 -1.769217e+03
#	 -2.567978e+03 -1.769217e+03 -9.890098e+02
#################################################
##            CALCULATION COMPLETED            ##
#################################################
# Psi[0]^2 = 0.000176 + I0.000000
# Psi[1]^2 = 0.329829 + I0.000000
# Psi[2]^2 = 0.669995 + I0.000000
# phi0 = 0.753002 
# phi1 = -1.507987 
# phi2 = -2.645261 
# Psi = 
#	9.069564e-03+i(9.677097e-03)
#	-5.731753e-01+i(3.604792e-02)
#	-3.897871e-01+i(-7.197644e-01)
#ProbSurv b 1-|Psi|^2 calls E tol dh dh(prev) dh(last)
0.115007050074	1	2.74891e-13	9001	199.223	0.0001	0.0001	0.0001	5e-05
