# a = 0.100000
# b = 1.000000
# E = 20.238577
# tol = 0.000100
# s12 = 0.554977
# s13 = 0.152971
# psi0 = 0.822075 + I0.000000	0.548446 + I0.000000	0.152971 + I0.000000
# dh = 0.000100
# out = data/E6.4e0.5_tol1e-4.log
# model = sun
# scan_steps = 100.000000
# H0 = 
#	 0.000000e+00 0.000000e+00 0.000000e+00
#	 0.000000e+00 6.570115e+03 0.000000e+00
#	 0.000000e+00 0.000000e+00 2.150329e+05
# W = 
#	 6.758072e-01 4.508635e-01 1.257533e-01
#	 4.508635e-01 3.007928e-01 8.389608e-02
#	 1.257533e-01 8.389608e-02 2.340000e-02
# H0W = 
#	 0.000000e+00 -2.962226e+03 -2.704109e+04
#	 2.962226e+03 0.000000e+00 -1.748921e+04
#	 2.704109e+04 1.748921e+04 0.000000e+00
# H0H0W = 
#	 0.000000e+00 1.946216e+07 5.814725e+09
#	 1.946216e+07 0.000000e+00 3.645849e+09
#	 5.814725e+09 3.645849e+09 0.000000e+00
# WH0W = 
#	 9.472132e+03 3.357090e+03 -2.527853e+04
#	 3.357090e+03 2.634331e+02 -1.741573e+04
#	 -2.527853e+04 -1.741573e+04 -9.735565e+03
#################################################
##            CALCULATION COMPLETED            ##
#################################################
# Psi[0]^2 = 0.021150 + I0.000000
# Psi[1]^2 = 0.949641 + I0.000000
# Psi[2]^2 = 0.029209 + I0.000000
# phi0 = -1.639432 
# phi1 = 2.377943 
# phi2 = 0.168811 
# Psi = 
#	-1.450878e-01+i(-9.973818e-03)
#	6.739242e-01+i(-7.038940e-01)
#	2.871426e-02+i(1.684784e-01)
#ProbSurv b 1-|Psi|^2 calls E tol dh dh(prev) dh(last)
0.300621834527	1	-4.75175e-12	9001	20.2386	0.0001	0.0001	0.0001	5e-05
