# a = 0.100000
# b = 1.000000
# E = 6400000.000000
# tol = 0.000100
# s12 = 0.554977
# s13 = 0.152971
# psi0 = 0.822075 + I0.000000	0.548446 + I0.000000	0.152971 + I0.000000
# dh = 0.000100
# out = data/E6.4e6.0_tol1e-4.log
# model = sun
# scan_steps = 100.000000
# H0 = 
#	 0.000000e+00 0.000000e+00 0.000000e+00
#	 0.000000e+00 2.077653e-02 0.000000e+00
#	 0.000000e+00 0.000000e+00 6.799937e-01
# W = 
#	 6.758072e-01 4.508635e-01 1.257533e-01
#	 4.508635e-01 3.007928e-01 8.389608e-02
#	 1.257533e-01 8.389608e-02 2.340000e-02
# H0W = 
#	 0.000000e+00 -9.367380e-03 -8.551145e-02
#	 9.367380e-03 0.000000e+00 -5.530574e-02
#	 8.551145e-02 5.530574e-02 0.000000e+00
# H0H0W = 
#	 0.000000e+00 1.946216e-04 5.814725e-02
#	 1.946216e-04 0.000000e+00 3.645849e-02
#	 5.814725e-02 3.645849e-02 0.000000e+00
# WH0W = 
#	 2.995351e-02 1.061605e-02 -7.993774e-02
#	 1.061605e-02 8.330487e-04 -5.507339e-02
#	 -7.993774e-02 -5.507339e-02 -3.078656e-02
#################################################
##            CALCULATION COMPLETED            ##
#################################################
# Psi[0]^2 = 0.672312 + I0.000000
# Psi[1]^2 = 0.300637 + I0.000000
# Psi[2]^2 = 0.027051 + I0.000000
# phi0 = 2.215392 
# phi1 = 2.218235 
# phi2 = 2.309610 
# Psi = 
#	6.554183e-01+i(-4.926851e-01)
#	4.373445e-01+i(-3.307072e-01)
#	1.215883e-01+i(-1.107567e-01)
#ProbSurv b 1-|Psi|^2 calls E tol dh dh(prev) dh(last)
0.545415716003	1	-9.30367e-14	9001	6.4e+06	0.0001	0.0001	0.0001	5e-05
