# a = 0.100000
# b = 1.000000
# E = 202385.770251
# tol = 0.000100
# s12 = 0.554977
# s13 = 0.152971
# psi0 = 0.822075 + I0.000000	0.548446 + I0.000000	0.152971 + I0.000000
# dh = 0.000100
# out = data/E6.4e4.5_tol1e-4.log
# model = sun
# scan_steps = 100.000000
# H0 = 
#	 0.000000e+00 0.000000e+00 0.000000e+00
#	 0.000000e+00 6.570115e-01 0.000000e+00
#	 0.000000e+00 0.000000e+00 2.150329e+01
# W = 
#	 6.758072e-01 4.508635e-01 1.257533e-01
#	 4.508635e-01 3.007928e-01 8.389608e-02
#	 1.257533e-01 8.389608e-02 2.340000e-02
# H0W = 
#	 0.000000e+00 -2.962226e-01 -2.704109e+00
#	 2.962226e-01 0.000000e+00 -1.748921e+00
#	 2.704109e+00 1.748921e+00 0.000000e+00
# H0H0W = 
#	 0.000000e+00 1.946216e-01 5.814725e+01
#	 1.946216e-01 0.000000e+00 3.645849e+01
#	 5.814725e+01 3.645849e+01 0.000000e+00
# WH0W = 
#	 9.472132e-01 3.357090e-01 -2.527853e+00
#	 3.357090e-01 2.634331e-02 -1.741573e+00
#	 -2.527853e+00 -1.741573e+00 -9.735565e-01
#################################################
##            CALCULATION COMPLETED            ##
#################################################
# Psi[0]^2 = 0.483770 + I0.000000
# Psi[1]^2 = 0.249740 + I0.000000
# Psi[2]^2 = 0.266490 + I0.000000
# phi0 = 2.684199 
# phi1 = 2.776574 
# phi2 = 0.422467 
# Psi = 
#	3.071562e-01+i(-6.240396e-01)
#	1.783902e-01+i(-4.668152e-01)
#	2.116592e-01+i(4.708402e-01)
#ProbSurv b 1-|Psi|^2 calls E tol dh dh(prev) dh(last)
 0.40829122486	1	-1.13243e-13	9001	202386	0.0001	0.0001	0.0001	5e-05
