# a = 0.100000
# b = 1.000000
# E = 0.640000
# tol = 0.000100
# s12 = 0.554977
# s13 = 0.152971
# psi0 = 0.822075 + I0.000000	0.548446 + I0.000000	0.152971 + I0.000000
# dh = 0.000100
# out = data/E6.4e-1.0_tol1e-4.log
# model = sun
# scan_steps = 100.000000
# H0 = 
#	 0.000000e+00 0.000000e+00 0.000000e+00
#	 0.000000e+00 2.077653e+05 0.000000e+00
#	 0.000000e+00 0.000000e+00 6.799938e+06
# W = 
#	 6.758072e-01 4.508635e-01 1.257533e-01
#	 4.508635e-01 3.007928e-01 8.389608e-02
#	 1.257533e-01 8.389608e-02 2.340000e-02
# H0W = 
#	 0.000000e+00 -9.367380e+04 -8.551145e+05
#	 9.367380e+04 0.000000e+00 -5.530574e+05
#	 8.551145e+05 5.530574e+05 0.000000e+00
# H0H0W = 
#	 0.000000e+00 1.946216e+10 5.814725e+12
#	 1.946216e+10 0.000000e+00 3.645849e+12
#	 5.814725e+12 3.645849e+12 0.000000e+00
# WH0W = 
#	 2.995351e+05 1.061605e+05 -7.993774e+05
#	 1.061605e+05 8.330487e+03 -5.507339e+05
#	 -7.993774e+05 -5.507339e+05 -3.078656e+05
#################################################
##            CALCULATION COMPLETED            ##
#################################################
# Psi[0]^2 = 0.628028 + I0.000000
# Psi[1]^2 = 0.348415 + I0.000000
# Psi[2]^2 = 0.023557 + I0.000000
# phi0 = -1.232235 
# phi1 = -0.967774 
# phi2 = -1.979315 
# Psi = 
#	-7.474960e-01+i(2.632074e-01)
#	-4.861586e-01+i(3.347605e-01)
#	-1.408522e-01+i(-6.097079e-02)
#ProbSurv b 1-|Psi|^2 calls E tol dh dh(prev) dh(last)
0.529778026836	1	2.0894e-11	791313	0.64	0.0001	0.0001	1.13735e-06	1.02873e-06
