# a = 0.100000
# b = 1.000000
# E = 2023.857703
# tol = 0.000100
# s12 = 0.554977
# s13 = 0.152971
# psi0 = 0.822075 + I0.000000	0.548446 + I0.000000	0.152971 + I0.000000
# dh = 0.000100
# out = data/E6.4e2.5_tol1e-4.log
# model = sun
# scan_steps = 100.000000
# H0 = 
#	 0.000000e+00 0.000000e+00 0.000000e+00
#	 0.000000e+00 6.570115e+01 0.000000e+00
#	 0.000000e+00 0.000000e+00 2.150329e+03
# W = 
#	 6.758072e-01 4.508635e-01 1.257533e-01
#	 4.508635e-01 3.007928e-01 8.389608e-02
#	 1.257533e-01 8.389608e-02 2.340000e-02
# H0W = 
#	 0.000000e+00 -2.962226e+01 -2.704109e+02
#	 2.962226e+01 0.000000e+00 -1.748921e+02
#	 2.704109e+02 1.748921e+02 0.000000e+00
# H0H0W = 
#	 0.000000e+00 1.946216e+03 5.814725e+05
#	 1.946216e+03 0.000000e+00 3.645849e+05
#	 5.814725e+05 3.645849e+05 0.000000e+00
# WH0W = 
#	 9.472132e+01 3.357090e+01 -2.527853e+02
#	 3.357090e+01 2.634331e+00 -1.741573e+02
#	 -2.527853e+02 -1.741573e+02 -9.735565e+01
#################################################
##            CALCULATION COMPLETED            ##
#################################################
# Psi[0]^2 = 0.000002 + I0.000000
# Psi[1]^2 = 0.000234 + I0.000000
# Psi[2]^2 = 0.999764 + I0.000000
# phi0 = -2.684130 
# phi1 = -1.886987 
# phi2 = 0.095767 
# Psi = 
#	-6.223175e-04+i(-1.264122e-03)
#	-1.455251e-02+i(-4.761103e-03)
#	9.560949e-02+i(9.953002e-01)
#ProbSurv b 1-|Psi|^2 calls E tol dh dh(prev) dh(last)
0.0234663281568	1	-3.57492e-14	9001	2023.86	0.0001	0.0001	0.0001	5e-05
