# a = 0.100000
# b = 1.000000
# E = 2055.480479
# tol = 0.000100
# s12 = 0.554977
# s13 = 0.152971
# psi0 = 0.822075 + I0.000000	0.548446 + I0.000000	0.152971 + I0.000000
# dh = 0.000100
# out = data/E6.5e2.5_tol1e-4.log
# model = sun
# scan_steps = 100.000000
# H0 = 
#	 0.000000e+00 0.000000e+00 0.000000e+00
#	 0.000000e+00 6.469037e+01 0.000000e+00
#	 0.000000e+00 0.000000e+00 2.117247e+03
# W = 
#	 6.758072e-01 4.508635e-01 1.257533e-01
#	 4.508635e-01 3.007928e-01 8.389608e-02
#	 1.257533e-01 8.389608e-02 2.340000e-02
# H0W = 
#	 0.000000e+00 -2.916653e+01 -2.662508e+02
#	 2.916653e+01 0.000000e+00 -1.722015e+02
#	 2.662508e+02 1.722015e+02 0.000000e+00
# H0H0W = 
#	 0.000000e+00 1.886793e+03 5.637187e+05
#	 1.886793e+03 0.000000e+00 3.534532e+05
#	 5.637187e+05 3.534532e+05 0.000000e+00
# WH0W = 
#	 9.326407e+01 3.305442e+01 -2.488963e+02
#	 3.305442e+01 2.593803e+00 -1.714780e+02
#	 -2.488963e+02 -1.714780e+02 -9.585787e+01
#################################################
##            CALCULATION COMPLETED            ##
#################################################
# Psi[0]^2 = 0.000003 + I0.000000
# Psi[1]^2 = 0.000229 + I0.000000
# Psi[2]^2 = 0.999768 + I0.000000
# phi0 = 3.069300 
# phi1 = 3.127688 
# phi2 = 2.441899 
# Psi = 
#	1.150276e-04+i(-1.588365e-03)
#	2.104116e-04+i(-1.513176e-02)
#	6.439089e-01+i(-7.649509e-01)
#ProbSurv b 1-|Psi|^2 calls E tol dh dh(prev) dh(last)
0.0234651815689	1	-3.53051e-14	9001	2055.48	0.0001	0.0001	0.0001	5e-05
