# a = 0.100000
# b = 1.000000
# E = 0.650000
# tol = 0.000100
# s12 = 0.554977
# s13 = 0.152971
# psi0 = 0.822075 + I0.000000	0.548446 + I0.000000	0.152971 + I0.000000
# dh = 0.000100
# out = data/E6.5e-1.0_tol1e-4.log
# model = sun
# scan_steps = 100.000000
# H0 = 
#	 0.000000e+00 0.000000e+00 0.000000e+00
#	 0.000000e+00 2.045689e+05 0.000000e+00
#	 0.000000e+00 0.000000e+00 6.695323e+06
# W = 
#	 6.758072e-01 4.508635e-01 1.257533e-01
#	 4.508635e-01 3.007928e-01 8.389608e-02
#	 1.257533e-01 8.389608e-02 2.340000e-02
# H0W = 
#	 0.000000e+00 -9.223266e+04 -8.419589e+05
#	 9.223266e+04 0.000000e+00 -5.445488e+05
#	 8.419589e+05 5.445488e+05 0.000000e+00
# H0H0W = 
#	 0.000000e+00 1.886793e+10 5.637187e+12
#	 1.886793e+10 0.000000e+00 3.534532e+12
#	 5.637187e+12 3.534532e+12 0.000000e+00
# WH0W = 
#	 2.949269e+05 1.045273e+05 -7.870793e+05
#	 1.045273e+05 8.202326e+03 -5.422610e+05
#	 -7.870793e+05 -5.422610e+05 -3.031292e+05
#################################################
##            CALCULATION COMPLETED            ##
#################################################
# Psi[0]^2 = 0.627236 + I0.000000
# Psi[1]^2 = 0.349205 + I0.000000
# Psi[2]^2 = 0.023559 + I0.000000
# phi0 = -1.637075 
# phi1 = 0.384426 
# phi2 = -1.427144 
# Psi = 
#	-7.902435e-01+i(-5.245347e-02)
#	2.216167e-01+i(5.478053e-01)
#	-1.519092e-01+i(2.197350e-02)
#ProbSurv b 1-|Psi|^2 calls E tol dh dh(prev) dh(last)
0.529480241571	1	4.7049e-12	814611	0.65	0.0001	0.0001	1.10482e-06	5.61092e-07
