# a = 0.100000
# b = 1.000000
# E = 660000.000000
# tol = 0.000100
# s12 = 0.554977
# s13 = 0.152971
# psi0 = 0.822075 + I0.000000	0.548446 + I0.000000	0.152971 + I0.000000
# dh = 0.000100
# out = data/E6.6e5.0_tol1e-4.log
# model = sun
# scan_steps = 100.000000
# H0 = 
#	 0.000000e+00 0.000000e+00 0.000000e+00
#	 0.000000e+00 2.014694e-01 0.000000e+00
#	 0.000000e+00 0.000000e+00 6.593879e+00
# W = 
#	 6.758072e-01 4.508635e-01 1.257533e-01
#	 4.508635e-01 3.007928e-01 8.389608e-02
#	 1.257533e-01 8.389608e-02 2.340000e-02
# H0W = 
#	 0.000000e+00 -9.083520e-02 -8.292019e-01
#	 9.083520e-02 0.000000e+00 -5.362981e-01
#	 8.292019e-01 5.362981e-01 0.000000e+00
# H0H0W = 
#	 0.000000e+00 1.830051e-02 5.467657e+00
#	 1.830051e-02 0.000000e+00 3.428237e+00
#	 5.467657e+00 3.428237e+00 0.000000e+00
# WH0W = 
#	 2.904583e-01 1.029435e-01 -7.751538e-01
#	 1.029435e-01 8.078048e-03 -5.340450e-01
#	 -7.751538e-01 -5.340450e-01 -2.985363e-01
#################################################
##            CALCULATION COMPLETED            ##
#################################################
# Psi[0]^2 = 0.629663 + I0.000000
# Psi[1]^2 = 0.293361 + I0.000000
# Psi[2]^2 = 0.076976 + I0.000000
# phi0 = 2.364116 
# phi1 = 2.391677 
# phi2 = -2.916817 
# Psi = 
#	5.566360e-01+i(-5.655255e-01)
#	3.691615e-01+i(-3.963347e-01)
#	-6.183908e-02+i(-2.704658e-01)
#ProbSurv b 1-|Psi|^2 calls E tol dh dh(prev) dh(last)
0.515572837707	1	-1.01696e-13	9001	660000	0.0001	0.0001	0.0001	5e-05
