# a = 0.100000
# b = 1.000000
# E = 208.710326
# tol = 0.000100
# s12 = 0.554977
# s13 = 0.152971
# psi0 = 0.822075 + I0.000000	0.548446 + I0.000000	0.152971 + I0.000000
# dh = 0.000100
# out = data/E6.6e1.5_tol1e-4.log
# model = sun
# scan_steps = 100.000000
# H0 = 
#	 0.000000e+00 0.000000e+00 0.000000e+00
#	 0.000000e+00 6.371021e+02 0.000000e+00
#	 0.000000e+00 0.000000e+00 2.085168e+04
# W = 
#	 6.758072e-01 4.508635e-01 1.257533e-01
#	 4.508635e-01 3.007928e-01 8.389608e-02
#	 1.257533e-01 8.389608e-02 2.340000e-02
# H0W = 
#	 0.000000e+00 -2.872461e+02 -2.622167e+03
#	 2.872461e+02 0.000000e+00 -1.695923e+03
#	 2.622167e+03 1.695923e+03 0.000000e+00
# H0H0W = 
#	 0.000000e+00 1.830051e+05 5.467657e+07
#	 1.830051e+05 0.000000e+00 3.428237e+07
#	 5.467657e+07 3.428237e+07 0.000000e+00
# WH0W = 
#	 9.185097e+02 3.255360e+02 -2.451252e+03
#	 3.255360e+02 2.554503e+01 -1.688798e+03
#	 -2.451252e+03 -1.688798e+03 -9.440548e+02
#################################################
##            CALCULATION COMPLETED            ##
#################################################
# Psi[0]^2 = 0.000178 + I0.000000
# Psi[1]^2 = 0.266087 + I0.000000
# Psi[2]^2 = 0.733734 + I0.000000
# phi0 = 1.079249 
# phi1 = 2.213411 
# phi2 = 2.352713 
# Psi = 
#	1.177709e-02+i(6.305182e-03)
#	4.129433e-01+i(-3.091361e-01)
#	6.078006e-01+i(-6.035832e-01)
#ProbSurv b 1-|Psi|^2 calls E tol dh dh(prev) dh(last)
0.0973271272334	1	1.20459e-13	9001	208.71	0.0001	0.0001	0.0001	5e-05
