# a = 0.100000
# b = 1.000000
# E = 2087103.255711
# tol = 0.000100
# s12 = 0.554977
# s13 = 0.152971
# psi0 = 0.822075 + I0.000000	0.548446 + I0.000000	0.152971 + I0.000000
# dh = 0.000100
# out = data/E6.6e5.5_tol1e-4.log
# model = sun
# scan_steps = 100.000000
# H0 = 
#	 0.000000e+00 0.000000e+00 0.000000e+00
#	 0.000000e+00 6.371021e-02 0.000000e+00
#	 0.000000e+00 0.000000e+00 2.085168e+00
# W = 
#	 6.758072e-01 4.508635e-01 1.257533e-01
#	 4.508635e-01 3.007928e-01 8.389608e-02
#	 1.257533e-01 8.389608e-02 2.340000e-02
# H0W = 
#	 0.000000e+00 -2.872461e-02 -2.622167e-01
#	 2.872461e-02 0.000000e+00 -1.695923e-01
#	 2.622167e-01 1.695923e-01 0.000000e+00
# H0H0W = 
#	 0.000000e+00 1.830051e-03 5.467657e-01
#	 1.830051e-03 0.000000e+00 3.428237e-01
#	 5.467657e-01 3.428237e-01 0.000000e+00
# WH0W = 
#	 9.185097e-02 3.255360e-02 -2.451252e-01
#	 3.255360e-02 2.554503e-03 -1.688798e-01
#	 -2.451252e-01 -1.688798e-01 -9.440548e-02
#################################################
##            CALCULATION COMPLETED            ##
#################################################
# Psi[0]^2 = 0.664211 + I0.000000
# Psi[1]^2 = 0.299902 + I0.000000
# Psi[2]^2 = 0.035887 + I0.000000
# phi0 = 2.250653 
# phi1 = 2.259366 
# phi2 = 2.546413 
# Psi = 
#	6.337887e-01+i(-5.123697e-01)
#	4.228579e-01+i(-3.479843e-01)
#	1.062107e-01+i(-1.568649e-01)
#ProbSurv b 1-|Psi|^2 calls E tol dh dh(prev) dh(last)
0.539926536525	1	-1.03251e-13	9001	2.0871e+06	0.0001	0.0001	0.0001	5e-05
