# a = 0.100000
# b = 1.000000
# E = 20.871033
# tol = 0.000100
# s12 = 0.554977
# s13 = 0.152971
# psi0 = 0.822075 + I0.000000	0.548446 + I0.000000	0.152971 + I0.000000
# dh = 0.000100
# out = data/E6.6e0.5_tol1e-4.log
# model = sun
# scan_steps = 100.000000
# H0 = 
#	 0.000000e+00 0.000000e+00 0.000000e+00
#	 0.000000e+00 6.371021e+03 0.000000e+00
#	 0.000000e+00 0.000000e+00 2.085168e+05
# W = 
#	 6.758072e-01 4.508635e-01 1.257533e-01
#	 4.508635e-01 3.007928e-01 8.389608e-02
#	 1.257533e-01 8.389608e-02 2.340000e-02
# H0W = 
#	 0.000000e+00 -2.872461e+03 -2.622167e+04
#	 2.872461e+03 0.000000e+00 -1.695923e+04
#	 2.622167e+04 1.695923e+04 0.000000e+00
# H0H0W = 
#	 0.000000e+00 1.830051e+07 5.467657e+09
#	 1.830051e+07 0.000000e+00 3.428237e+09
#	 5.467657e+09 3.428237e+09 0.000000e+00
# WH0W = 
#	 9.185097e+03 3.255360e+03 -2.451252e+04
#	 3.255360e+03 2.554503e+02 -1.688798e+04
#	 -2.451252e+04 -1.688798e+04 -9.440548e+03
#################################################
##            CALCULATION COMPLETED            ##
#################################################
# Psi[0]^2 = 0.019868 + I0.000000
# Psi[1]^2 = 0.950378 + I0.000000
# Psi[2]^2 = 0.029754 + I0.000000
# phi0 = -0.977918 
# phi1 = -1.636591 
# phi2 = -2.057643 
# Psi = 
#	-1.168989e-01+i(7.875852e-02)
#	-9.727638e-01+i(-6.409564e-02)
#	-1.524521e-01+i(-8.069961e-02)
#ProbSurv b 1-|Psi|^2 calls E tol dh dh(prev) dh(last)
0.299990117524	1	-5.59597e-12	9001	20.871	0.0001	0.0001	0.0001	5e-05
