# a = 0.100000
# b = 1.000000
# E = 0.660000
# tol = 0.000100
# s12 = 0.554977
# s13 = 0.152971
# psi0 = 0.822075 + I0.000000	0.548446 + I0.000000	0.152971 + I0.000000
# dh = 0.000100
# out = data/E6.6e-1.0_tol1e-4.log
# model = sun
# scan_steps = 100.000000
# H0 = 
#	 0.000000e+00 0.000000e+00 0.000000e+00
#	 0.000000e+00 2.014694e+05 0.000000e+00
#	 0.000000e+00 0.000000e+00 6.593879e+06
# W = 
#	 6.758072e-01 4.508635e-01 1.257533e-01
#	 4.508635e-01 3.007928e-01 8.389608e-02
#	 1.257533e-01 8.389608e-02 2.340000e-02
# H0W = 
#	 0.000000e+00 -9.083520e+04 -8.292019e+05
#	 9.083520e+04 0.000000e+00 -5.362981e+05
#	 8.292019e+05 5.362981e+05 0.000000e+00
# H0H0W = 
#	 0.000000e+00 1.830051e+10 5.467657e+12
#	 1.830051e+10 0.000000e+00 3.428237e+12
#	 5.467657e+12 3.428237e+12 0.000000e+00
# WH0W = 
#	 2.904583e+05 1.029435e+05 -7.751538e+05
#	 1.029435e+05 8.078048e+03 -5.340450e+05
#	 -7.751538e+05 -5.340450e+05 -2.985363e+05
#################################################
##            CALCULATION COMPLETED            ##
#################################################
# Psi[0]^2 = 0.626446 + I0.000000
# Psi[1]^2 = 0.349993 + I0.000000
# Psi[2]^2 = 0.023562 + I0.000000
# phi0 = -2.042228 
# phi1 = 0.946592 
# phi2 = -0.320095 
# Psi = 
#	-7.051474e-01+i(-3.594619e-01)
#	4.800425e-01+i(3.457627e-01)
#	-4.829922e-02+i(1.457014e-01)
#ProbSurv b 1-|Psi|^2 calls E tol dh dh(prev) dh(last)
0.529183114086	1	-2.61213e-12	824519	0.66	0.0001	0.0001	1.09155e-06	6.6696e-07
