# a = 0.100000
# b = 1.000000
# E = 20871.032557
# tol = 0.000100
# s12 = 0.554977
# s13 = 0.152971
# psi0 = 0.822075 + I0.000000	0.548446 + I0.000000	0.152971 + I0.000000
# dh = 0.000100
# out = data/E6.6e3.5_tol1e-4.log
# model = sun
# scan_steps = 100.000000
# H0 = 
#	 0.000000e+00 0.000000e+00 0.000000e+00
#	 0.000000e+00 6.371021e+00 0.000000e+00
#	 0.000000e+00 0.000000e+00 2.085168e+02
# W = 
#	 6.758072e-01 4.508635e-01 1.257533e-01
#	 4.508635e-01 3.007928e-01 8.389608e-02
#	 1.257533e-01 8.389608e-02 2.340000e-02
# H0W = 
#	 0.000000e+00 -2.872461e+00 -2.622167e+01
#	 2.872461e+00 0.000000e+00 -1.695923e+01
#	 2.622167e+01 1.695923e+01 0.000000e+00
# H0H0W = 
#	 0.000000e+00 1.830051e+01 5.467657e+03
#	 1.830051e+01 0.000000e+00 3.428237e+03
#	 5.467657e+03 3.428237e+03 0.000000e+00
# WH0W = 
#	 9.185097e+00 3.255360e+00 -2.451252e+01
#	 3.255360e+00 2.554503e-01 -1.688798e+01
#	 -2.451252e+01 -1.688798e+01 -9.440548e+00
#################################################
##            CALCULATION COMPLETED            ##
#################################################
# Psi[0]^2 = 0.019811 + I0.000000
# Psi[1]^2 = 0.036174 + I0.000000
# Psi[2]^2 = 0.944014 + I0.000000
# phi0 = -0.389861 
# phi1 = 0.544039 
# phi2 = 0.937296 
# Psi = 
#	-5.349461e-02+i(1.301913e-01)
#	9.844411e-02+i(1.627355e-01)
#	7.830745e-01+i(5.751599e-01)
#ProbSurv b 1-|Psi|^2 calls E tol dh dh(prev) dh(last)
0.0463595594924	1	-3.86358e-14	9001	20871	0.0001	0.0001	0.0001	5e-05
