# a = 0.100000
# b = 1.000000
# E = 2.087103
# tol = 0.000100
# s12 = 0.554977
# s13 = 0.152971
# psi0 = 0.822075 + I0.000000	0.548446 + I0.000000	0.152971 + I0.000000
# dh = 0.000100
# out = data/E6.6e-0.5_tol1e-4.log
# model = sun
# scan_steps = 100.000000
# H0 = 
#	 0.000000e+00 0.000000e+00 0.000000e+00
#	 0.000000e+00 6.371021e+04 0.000000e+00
#	 0.000000e+00 0.000000e+00 2.085168e+06
# W = 
#	 6.758072e-01 4.508635e-01 1.257533e-01
#	 4.508635e-01 3.007928e-01 8.389608e-02
#	 1.257533e-01 8.389608e-02 2.340000e-02
# H0W = 
#	 0.000000e+00 -2.872461e+04 -2.622167e+05
#	 2.872461e+04 0.000000e+00 -1.695923e+05
#	 2.622167e+05 1.695923e+05 0.000000e+00
# H0H0W = 
#	 0.000000e+00 1.830051e+09 5.467657e+11
#	 1.830051e+09 0.000000e+00 3.428237e+11
#	 5.467657e+11 3.428237e+11 0.000000e+00
# WH0W = 
#	 9.185097e+04 3.255360e+04 -2.451252e+05
#	 3.255360e+04 2.554503e+03 -1.688798e+05
#	 -2.451252e+05 -1.688798e+05 -9.440548e+04
#################################################
##            CALCULATION COMPLETED            ##
#################################################
# Psi[0]^2 = 0.504798 + I0.000000
# Psi[1]^2 = 0.471285 + I0.000000
# Psi[2]^2 = 0.023917 + I0.000000
# phi0 = 0.097251 
# phi1 = 1.464779 
# phi2 = -2.084126 
# Psi = 
#	6.898732e-02+i(7.071343e-01)
#	6.826474e-01+i(7.264471e-02)
#	-1.347189e-01+i(-7.594628e-02)
#ProbSurv b 1-|Psi|^2 calls E tol dh dh(prev) dh(last)
0.483464985446	1	2.36162e-11	178505	2.0871	0.0001	0.0001	5.04193e-06	2.69931e-06
