# a = 0.100000
# b = 1.000000
# E = 211872.603231
# tol = 0.000100
# s12 = 0.554977
# s13 = 0.152971
# psi0 = 0.822075 + I0.000000	0.548446 + I0.000000	0.152971 + I0.000000
# dh = 0.000100
# out = data/E6.7e4.5_tol1e-4.log
# model = sun
# scan_steps = 100.000000
# H0 = 
#	 0.000000e+00 0.000000e+00 0.000000e+00
#	 0.000000e+00 6.275931e-01 0.000000e+00
#	 0.000000e+00 0.000000e+00 2.054046e+01
# W = 
#	 6.758072e-01 4.508635e-01 1.257533e-01
#	 4.508635e-01 3.007928e-01 8.389608e-02
#	 1.257533e-01 8.389608e-02 2.340000e-02
# H0W = 
#	 0.000000e+00 -2.829589e-01 -2.583030e+00
#	 2.829589e-01 0.000000e+00 -1.670611e+00
#	 2.583030e+00 1.670611e+00 0.000000e+00
# H0H0W = 
#	 0.000000e+00 1.775830e-01 5.305661e+01
#	 1.775830e-01 0.000000e+00 3.326665e+01
#	 5.305661e+01 3.326665e+01 0.000000e+00
# WH0W = 
#	 9.048006e-01 3.206773e-01 -2.414666e+00
#	 3.206773e-01 2.516376e-02 -1.663593e+00
#	 -2.414666e+00 -1.663593e+00 -9.299644e-01
#################################################
##            CALCULATION COMPLETED            ##
#################################################
# Psi[0]^2 = 0.490865 + I0.000000
# Psi[1]^2 = 0.251834 + I0.000000
# Psi[2]^2 = 0.257301 + I0.000000
# phi0 = 2.666122 
# phi1 = 2.754307 
# phi2 = 0.175102 
# Psi = 
#	3.207126e-01+i(-6.229031e-01)
#	1.895298e-01+i(-4.646639e-01)
#	8.836727e-02+i(4.994919e-01)
#ProbSurv b 1-|Psi|^2 calls E tol dh dh(prev) dh(last)
0.413500779309	1	-1.48326e-13	9001	211873	0.0001	0.0001	0.0001	5e-05
