# a = 0.100000
# b = 1.000000
# E = 6700000.000000
# tol = 0.000100
# s12 = 0.554977
# s13 = 0.152971
# psi0 = 0.822075 + I0.000000	0.548446 + I0.000000	0.152971 + I0.000000
# dh = 0.000100
# out = data/E6.7e6.0_tol1e-4.log
# model = sun
# scan_steps = 100.000000
# H0 = 
#	 0.000000e+00 0.000000e+00 0.000000e+00
#	 0.000000e+00 1.984624e-02 0.000000e+00
#	 0.000000e+00 0.000000e+00 6.495463e-01
# W = 
#	 6.758072e-01 4.508635e-01 1.257533e-01
#	 4.508635e-01 3.007928e-01 8.389608e-02
#	 1.257533e-01 8.389608e-02 2.340000e-02
# H0W = 
#	 0.000000e+00 -8.947945e-03 -8.168258e-02
#	 8.947945e-03 0.000000e+00 -5.282936e-02
#	 8.168258e-02 5.282936e-02 0.000000e+00
# H0H0W = 
#	 0.000000e+00 1.775830e-04 5.305661e-02
#	 1.775830e-04 0.000000e+00 3.326665e-02
#	 5.305661e-02 3.326665e-02 0.000000e+00
# WH0W = 
#	 2.861231e-02 1.014071e-02 -7.635844e-02
#	 1.014071e-02 7.957480e-04 -5.260741e-02
#	 -7.635844e-02 -5.260741e-02 -2.940806e-02
#################################################
##            CALCULATION COMPLETED            ##
#################################################
# Psi[0]^2 = 0.672474 + I0.000000
# Psi[1]^2 = 0.300647 + I0.000000
# Psi[2]^2 = 0.026879 + I0.000000
# phi0 = 2.214631 
# phi1 = 2.217347 
# phi2 = 2.304583 
# Psi = 
#	6.558721e-01+i(-4.922457e-01)
#	4.376451e-01+i(-3.303239e-01)
#	1.217547e-01+i(-1.097936e-01)
#ProbSurv b 1-|Psi|^2 calls E tol dh dh(prev) dh(last)
0.545524245775	1	-1.04361e-13	9001	6.7e+06	0.0001	0.0001	0.0001	5e-05
