# a = 0.100000
# b = 1.000000
# E = 2.118726
# tol = 0.000100
# s12 = 0.554977
# s13 = 0.152971
# psi0 = 0.822075 + I0.000000	0.548446 + I0.000000	0.152971 + I0.000000
# dh = 0.000100
# out = data/E6.7e-0.5_tol1e-4.log
# model = sun
# scan_steps = 100.000000
# H0 = 
#	 0.000000e+00 0.000000e+00 0.000000e+00
#	 0.000000e+00 6.275931e+04 0.000000e+00
#	 0.000000e+00 0.000000e+00 2.054046e+06
# W = 
#	 6.758072e-01 4.508635e-01 1.257533e-01
#	 4.508635e-01 3.007928e-01 8.389608e-02
#	 1.257533e-01 8.389608e-02 2.340000e-02
# H0W = 
#	 0.000000e+00 -2.829589e+04 -2.583030e+05
#	 2.829589e+04 0.000000e+00 -1.670611e+05
#	 2.583030e+05 1.670611e+05 0.000000e+00
# H0H0W = 
#	 0.000000e+00 1.775830e+09 5.305661e+11
#	 1.775830e+09 0.000000e+00 3.326665e+11
#	 5.305661e+11 3.326665e+11 0.000000e+00
# WH0W = 
#	 9.048006e+04 3.206773e+04 -2.414666e+05
#	 3.206773e+04 2.516376e+03 -1.663593e+05
#	 -2.414666e+05 -1.663593e+05 -9.299644e+04
#################################################
##            CALCULATION COMPLETED            ##
#################################################
# Psi[0]^2 = 0.501964 + I0.000000
# Psi[1]^2 = 0.474111 + I0.000000
# Psi[2]^2 = 0.023925 + I0.000000
# phi0 = -1.304114 
# phi1 = 1.566281 
# phi2 = -1.353230 
# Psi = 
#	-6.834489e-01+i(1.867115e-01)
#	6.885505e-01+i(3.108899e-03)
#	-1.510305e-01+i(3.338759e-02)
#ProbSurv b 1-|Psi|^2 calls E tol dh dh(prev) dh(last)
0.482399768295	1	2.30418e-11	173710	2.11873	0.0001	0.0001	5.18108e-06	5.06473e-06
