# a = 0.100000
# b = 1.000000
# E = 6800000.000000
# tol = 0.000100
# s12 = 0.554977
# s13 = 0.152971
# psi0 = 0.822075 + I0.000000	0.548446 + I0.000000	0.152971 + I0.000000
# dh = 0.000100
# out = data/E6.8e6.0_tol1e-4.log
# model = sun
# scan_steps = 100.000000
# H0 = 
#	 0.000000e+00 0.000000e+00 0.000000e+00
#	 0.000000e+00 1.955438e-02 0.000000e+00
#	 0.000000e+00 0.000000e+00 6.399941e-01
# W = 
#	 6.758072e-01 4.508635e-01 1.257533e-01
#	 4.508635e-01 3.007928e-01 8.389608e-02
#	 1.257533e-01 8.389608e-02 2.340000e-02
# H0W = 
#	 0.000000e+00 -8.816357e-03 -8.048136e-02
#	 8.816357e-03 0.000000e+00 -5.205246e-02
#	 8.048136e-02 5.205246e-02 0.000000e+00
# H0H0W = 
#	 0.000000e+00 1.723984e-04 5.150760e-02
#	 1.723984e-04 0.000000e+00 3.229541e-02
#	 5.150760e-02 3.229541e-02 0.000000e+00
# WH0W = 
#	 2.819154e-02 9.991577e-03 -7.523552e-02
#	 9.991577e-03 7.840458e-04 -5.183378e-02
#	 -7.523552e-02 -5.183378e-02 -2.897559e-02
#################################################
##            CALCULATION COMPLETED            ##
#################################################
# Psi[0]^2 = 0.672525 + I0.000000
# Psi[1]^2 = 0.300650 + I0.000000
# Psi[2]^2 = 0.026825 + I0.000000
# phi0 = 2.214392 
# phi1 = 2.217068 
# phi2 = 2.303007 
# Psi = 
#	6.560143e-01+i(-4.921077e-01)
#	4.377392e-01+i(-3.302036e-01)
#	1.218056e-01+i(-1.094919e-01)
#ProbSurv b 1-|Psi|^2 calls E tol dh dh(prev) dh(last)
0.545558206169	1	-1.33671e-13	9001	6.8e+06	0.0001	0.0001	0.0001	5e-05
