# a = 0.100000
# b = 1.000000
# E = 0.680000
# tol = 0.000100
# s12 = 0.554977
# s13 = 0.152971
# psi0 = 0.822075 + I0.000000	0.548446 + I0.000000	0.152971 + I0.000000
# dh = 0.000100
# out = data/E6.8e-1.0_tol1e-4.log
# model = sun
# scan_steps = 100.000000
# H0 = 
#	 0.000000e+00 0.000000e+00 0.000000e+00
#	 0.000000e+00 1.955438e+05 0.000000e+00
#	 0.000000e+00 0.000000e+00 6.399941e+06
# W = 
#	 6.758072e-01 4.508635e-01 1.257533e-01
#	 4.508635e-01 3.007928e-01 8.389608e-02
#	 1.257533e-01 8.389608e-02 2.340000e-02
# H0W = 
#	 0.000000e+00 -8.816357e+04 -8.048136e+05
#	 8.816357e+04 0.000000e+00 -5.205246e+05
#	 8.048136e+05 5.205246e+05 0.000000e+00
# H0H0W = 
#	 0.000000e+00 1.723984e+10 5.150760e+12
#	 1.723984e+10 0.000000e+00 3.229541e+12
#	 5.150760e+12 3.229541e+12 0.000000e+00
# WH0W = 
#	 2.819154e+05 9.991577e+04 -7.523552e+05
#	 9.991577e+04 7.840458e+03 -5.183378e+05
#	 -7.523552e+05 -5.183378e+05 -2.897559e+05
#################################################
##            CALCULATION COMPLETED            ##
#################################################
# Psi[0]^2 = 0.624873 + I0.000000
# Psi[1]^2 = 0.351561 + I0.000000
# Psi[2]^2 = 0.023567 + I0.000000
# phi0 = -2.853454 
# phi1 = -3.116523 
# phi2 = 2.719930 
# Psi = 
#	-2.246317e-01+i(-7.579005e-01)
#	-1.486312e-02+i(-5.927393e-01)
#	6.282998e-02+i(-1.400679e-01)
#ProbSurv b 1-|Psi|^2 calls E tol dh dh(prev) dh(last)
0.528591819697	1	-5.23293e-12	809886	0.68	0.0001	0.0001	1.11127e-06	9.1497e-07
