# a = 0.100000
# b = 1.000000
# E = 6900.000000
# tol = 0.000100
# s12 = 0.554977
# s13 = 0.152971
# psi0 = 0.822075 + I0.000000	0.548446 + I0.000000	0.152971 + I0.000000
# dh = 0.000100
# out = data/E6.9e3.0_tol1e-4.log
# model = sun
# scan_steps = 100.000000
# H0 = 
#	 0.000000e+00 0.000000e+00 0.000000e+00
#	 0.000000e+00 1.927098e+01 0.000000e+00
#	 0.000000e+00 0.000000e+00 6.307188e+02
# W = 
#	 6.758072e-01 4.508635e-01 1.257533e-01
#	 4.508635e-01 3.007928e-01 8.389608e-02
#	 1.257533e-01 8.389608e-02 2.340000e-02
# H0W = 
#	 0.000000e+00 -8.688584e+00 -7.931497e+01
#	 8.688584e+00 0.000000e+00 -5.129808e+01
#	 7.931497e+01 5.129808e+01 0.000000e+00
# H0H0W = 
#	 0.000000e+00 1.674376e+02 5.002544e+04
#	 1.674376e+02 0.000000e+00 3.136610e+04
#	 5.002544e+04 3.136610e+04 0.000000e+00
# WH0W = 
#	 2.778297e+01 9.846772e+00 -7.414515e+01
#	 9.846772e+00 7.726829e-01 -5.108256e+01
#	 -7.414515e+01 -5.108256e+01 -2.855565e+01
#################################################
##            CALCULATION COMPLETED            ##
#################################################
# Psi[0]^2 = 0.000003 + I0.000000
# Psi[1]^2 = 0.000132 + I0.000000
# Psi[2]^2 = 0.999866 + I0.000000
# phi0 = -1.553369 
# phi1 = 2.297167 
# phi2 = 0.768662 
# Psi = 
#	-1.718914e-03+i(2.995970e-05)
#	8.573406e-03+i(-7.616630e-03)
#	6.951272e-01+i(7.187933e-01)
#ProbSurv b 1-|Psi|^2 calls E tol dh dh(prev) dh(last)
0.0234384099149	1	-6.61693e-14	9001	6900	0.0001	0.0001	0.0001	5e-05
