# a = 0.100000
# b = 1.000000
# E = 218.197159
# tol = 0.000100
# s12 = 0.554977
# s13 = 0.152971
# psi0 = 0.822075 + I0.000000	0.548446 + I0.000000	0.152971 + I0.000000
# dh = 0.000100
# out = data/E6.9e1.5_tol1e-4.log
# model = sun
# scan_steps = 100.000000
# H0 = 
#	 0.000000e+00 0.000000e+00 0.000000e+00
#	 0.000000e+00 6.094020e+02 0.000000e+00
#	 0.000000e+00 0.000000e+00 1.994508e+04
# W = 
#	 6.758072e-01 4.508635e-01 1.257533e-01
#	 4.508635e-01 3.007928e-01 8.389608e-02
#	 1.257533e-01 8.389608e-02 2.340000e-02
# H0W = 
#	 0.000000e+00 -2.747572e+02 -2.508159e+03
#	 2.747572e+02 0.000000e+00 -1.622188e+03
#	 2.508159e+03 1.622188e+03 0.000000e+00
# H0H0W = 
#	 0.000000e+00 1.674376e+05 5.002544e+07
#	 1.674376e+05 0.000000e+00 3.136610e+07
#	 5.002544e+07 3.136610e+07 0.000000e+00
# WH0W = 
#	 8.785745e+02 3.113823e+02 -2.344675e+03
#	 3.113823e+02 2.443438e+01 -1.615372e+03
#	 -2.344675e+03 -1.615372e+03 -9.030089e+02
#################################################
##            CALCULATION COMPLETED            ##
#################################################
# Psi[0]^2 = 0.000160 + I0.000000
# Psi[1]^2 = 0.214182 + I0.000000
# Psi[2]^2 = 0.785658 + I0.000000
# phi0 = 1.677340 
# phi1 = 0.410557 
# phi2 = -1.734558 
# Psi = 
#	1.258990e-02+i(-1.346469e-03)
#	1.847118e-01+i(4.243387e-01)
#	-8.745147e-01+i(-1.445057e-01)
#ProbSurv b 1-|Psi|^2 calls E tol dh dh(prev) dh(last)
0.0829170797607	1	-9.10383e-15	9001	218.197	0.0001	0.0001	0.0001	5e-05
