# a = 0.100000
# b = 1.000000
# E = 6900000.000000
# tol = 0.000100
# s12 = 0.554977
# s13 = 0.152971
# psi0 = 0.822075 + I0.000000	0.548446 + I0.000000	0.152971 + I0.000000
# dh = 0.000100
# out = data/E6.9e6.0_tol1e-4.log
# model = sun
# scan_steps = 100.000000
# H0 = 
#	 0.000000e+00 0.000000e+00 0.000000e+00
#	 0.000000e+00 1.927098e-02 0.000000e+00
#	 0.000000e+00 0.000000e+00 6.307188e-01
# W = 
#	 6.758072e-01 4.508635e-01 1.257533e-01
#	 4.508635e-01 3.007928e-01 8.389608e-02
#	 1.257533e-01 8.389608e-02 2.340000e-02
# H0W = 
#	 0.000000e+00 -8.688584e-03 -7.931497e-02
#	 8.688584e-03 0.000000e+00 -5.129808e-02
#	 7.931497e-02 5.129808e-02 0.000000e+00
# H0H0W = 
#	 0.000000e+00 1.674376e-04 5.002544e-02
#	 1.674376e-04 0.000000e+00 3.136610e-02
#	 5.002544e-02 3.136610e-02 0.000000e+00
# WH0W = 
#	 2.778297e-02 9.846772e-03 -7.414515e-02
#	 9.846772e-03 7.726829e-04 -5.108256e-02
#	 -7.414515e-02 -5.108256e-02 -2.855565e-02
#################################################
##            CALCULATION COMPLETED            ##
#################################################
# Psi[0]^2 = 0.672574 + I0.000000
# Psi[1]^2 = 0.300653 + I0.000000
# Psi[2]^2 = 0.026773 + I0.000000
# phi0 = 2.214160 
# phi1 = 2.216798 
# phi2 = 2.301477 
# Psi = 
#	6.561524e-01+i(-4.919737e-01)
#	4.378306e-01+i(-3.300868e-01)
#	1.218544e-01+i(-1.091992e-01)
#ProbSurv b 1-|Psi|^2 calls E tol dh dh(prev) dh(last)
0.545591141956	1	-1.10578e-13	9001	6.9e+06	0.0001	0.0001	0.0001	5e-05
