# a = 0.100000
# b = 1.000000
# E = 2.213594
# tol = 0.000100
# s12 = 0.554977
# s13 = 0.152971
# psi0 = 0.822075 + I0.000000	0.548446 + I0.000000	0.152971 + I0.000000
# dh = 0.000100
# out = data/E7.0e-0.5_tol1e-4.log
# model = sun
# scan_steps = 100.000000
# H0 = 
#	 0.000000e+00 0.000000e+00 0.000000e+00
#	 0.000000e+00 6.006963e+04 0.000000e+00
#	 0.000000e+00 0.000000e+00 1.966015e+06
# W = 
#	 6.758072e-01 4.508635e-01 1.257533e-01
#	 4.508635e-01 3.007928e-01 8.389608e-02
#	 1.257533e-01 8.389608e-02 2.340000e-02
# H0W = 
#	 0.000000e+00 -2.708320e+04 -2.472329e+05
#	 2.708320e+04 0.000000e+00 -1.599013e+05
#	 2.472329e+05 1.599013e+05 0.000000e+00
# H0H0W = 
#	 0.000000e+00 1.626878e+09 4.860635e+11
#	 1.626878e+09 0.000000e+00 3.047633e+11
#	 4.860635e+11 3.047633e+11 0.000000e+00
# WH0W = 
#	 8.660235e+04 3.069339e+04 -2.311180e+05
#	 3.069339e+04 2.408531e+03 -1.592296e+05
#	 -2.311180e+05 -1.592296e+05 -8.901088e+04
#################################################
##            CALCULATION COMPLETED            ##
#################################################
# Psi[0]^2 = 0.493495 + I0.000000
# Psi[1]^2 = 0.482556 + I0.000000
# Psi[2]^2 = 0.023949 + I0.000000
# phi0 = 0.762949 
# phi1 = -2.203519 
# phi2 = 2.151037 
# Psi = 
#	4.854609e-01+i(5.077621e-01)
#	-5.601905e-01+i(-4.107835e-01)
#	1.294257e-01+i(-8.484014e-02)
#ProbSurv b 1-|Psi|^2 calls E tol dh dh(prev) dh(last)
0.479217159159	1	1.3443e-11	159731	2.21359	0.0001	0.0001	5.63452e-06	4.4215e-06
