# a = 0.100000
# b = 1.000000
# E = 22.135944
# tol = 0.000100
# s12 = 0.554977
# s13 = 0.152971
# psi0 = 0.822075 + I0.000000	0.548446 + I0.000000	0.152971 + I0.000000
# dh = 0.000100
# out = data/E7.0e0.5_tol1e-4.log
# model = sun
# scan_steps = 100.000000
# H0 = 
#	 0.000000e+00 0.000000e+00 0.000000e+00
#	 0.000000e+00 6.006963e+03 0.000000e+00
#	 0.000000e+00 0.000000e+00 1.966015e+05
# W = 
#	 6.758072e-01 4.508635e-01 1.257533e-01
#	 4.508635e-01 3.007928e-01 8.389608e-02
#	 1.257533e-01 8.389608e-02 2.340000e-02
# H0W = 
#	 0.000000e+00 -2.708320e+03 -2.472329e+04
#	 2.708320e+03 0.000000e+00 -1.599013e+04
#	 2.472329e+04 1.599013e+04 0.000000e+00
# H0H0W = 
#	 0.000000e+00 1.626878e+07 4.860635e+09
#	 1.626878e+07 0.000000e+00 3.047633e+09
#	 4.860635e+09 3.047633e+09 0.000000e+00
# WH0W = 
#	 8.660235e+03 3.069339e+03 -2.311180e+04
#	 3.069339e+03 2.408531e+02 -1.592296e+04
#	 -2.311180e+04 -1.592296e+04 -8.901088e+03
#################################################
##            CALCULATION COMPLETED            ##
#################################################
# Psi[0]^2 = 0.017554 + I0.000000
# Psi[1]^2 = 0.952507 + I0.000000
# Psi[2]^2 = 0.029938 + I0.000000
# phi0 = 1.530763 
# phi1 = 1.015122 
# phi2 = -0.184266 
# Psi = 
#	1.323869e-01+i(5.302705e-03)
#	8.291260e-01+i(5.148373e-01)
#	-3.170279e-02+i(1.700976e-01)
#ProbSurv b 1-|Psi|^2 calls E tol dh dh(prev) dh(last)
 0.29907130228	1	-5.84088e-12	9001	22.1359	0.0001	0.0001	0.0001	5e-05
