# a = 0.100000
# b = 1.000000
# E = 2245217.138720
# tol = 0.000100
# s12 = 0.554977
# s13 = 0.152971
# psi0 = 0.822075 + I0.000000	0.548446 + I0.000000	0.152971 + I0.000000
# dh = 0.000100
# out = data/E7.1e5.5_tol1e-4.log
# model = sun
# scan_steps = 100.000000
# H0 = 
#	 0.000000e+00 0.000000e+00 0.000000e+00
#	 0.000000e+00 5.922358e-02 0.000000e+00
#	 0.000000e+00 0.000000e+00 1.938325e+00
# W = 
#	 6.758072e-01 4.508635e-01 1.257533e-01
#	 4.508635e-01 3.007928e-01 8.389608e-02
#	 1.257533e-01 8.389608e-02 2.340000e-02
# H0W = 
#	 0.000000e+00 -2.670175e-02 -2.437507e-01
#	 2.670175e-02 0.000000e+00 -1.576492e-01
#	 2.437507e-01 1.576492e-01 0.000000e+00
# H0H0W = 
#	 0.000000e+00 1.581373e-03 4.724680e-01
#	 1.581373e-03 0.000000e+00 2.962388e-01
#	 4.724680e-01 2.962388e-01 0.000000e+00
# WH0W = 
#	 8.538260e-02 3.026109e-02 -2.278628e-01
#	 3.026109e-02 2.374608e-03 -1.569869e-01
#	 -2.278628e-01 -1.569869e-01 -8.775720e-02
#################################################
##            CALCULATION COMPLETED            ##
#################################################
# Psi[0]^2 = 0.665115 + I0.000000
# Psi[1]^2 = 0.300006 + I0.000000
# Psi[2]^2 = 0.034879 + I0.000000
# phi0 = 2.246956 
# phi1 = 2.255057 
# phi2 = 2.521232 
# Psi = 
#	6.361106e-01+i(-5.103706e-01)
#	4.244273e-01+i(-3.462190e-01)
#	1.085684e-01+i(-1.519601e-01)
#ProbSurv b 1-|Psi|^2 calls E tol dh dh(prev) dh(last)
0.540545294017	1	-1.12133e-13	9001	2.24522e+06	0.0001	0.0001	0.0001	5e-05
