# a = 0.100000
# b = 1.000000
# E = 710000.000000
# tol = 0.000100
# s12 = 0.554977
# s13 = 0.152971
# psi0 = 0.822075 + I0.000000	0.548446 + I0.000000	0.152971 + I0.000000
# dh = 0.000100
# out = data/E7.1e5.0_tol1e-4.log
# model = sun
# scan_steps = 100.000000
# H0 = 
#	 0.000000e+00 0.000000e+00 0.000000e+00
#	 0.000000e+00 1.872814e-01 0.000000e+00
#	 0.000000e+00 0.000000e+00 6.129521e+00
# W = 
#	 6.758072e-01 4.508635e-01 1.257533e-01
#	 4.508635e-01 3.007928e-01 8.389608e-02
#	 1.257533e-01 8.389608e-02 2.340000e-02
# H0W = 
#	 0.000000e+00 -8.443835e-02 -7.708074e-01
#	 8.443835e-02 0.000000e+00 -4.985306e-01
#	 7.708074e-01 4.985306e-01 0.000000e+00
# H0H0W = 
#	 0.000000e+00 1.581373e-02 4.724680e+00
#	 1.581373e-02 0.000000e+00 2.962388e+00
#	 4.724680e+00 2.962388e+00 0.000000e+00
# WH0W = 
#	 2.700035e-01 9.569398e-02 -7.205655e-01
#	 9.569398e-02 7.509171e-03 -4.964362e-01
#	 -7.205655e-01 -4.964362e-01 -2.775126e-01
#################################################
##            CALCULATION COMPLETED            ##
#################################################
# Psi[0]^2 = 0.633813 + I0.000000
# Psi[1]^2 = 0.294335 + I0.000000
# Psi[2]^2 = 0.071853 + I0.000000
# phi0 = 2.352528 
# phi1 = 2.378141 
# phi2 = -3.005303 
# Psi = 
#	5.650047e-01+i(-5.608764e-01)
#	3.751131e-01+i(-3.919501e-01)
#	-3.641994e-02+i(-2.655678e-01)
#ProbSurv b 1-|Psi|^2 calls E tol dh dh(prev) dh(last)
0.518550266891	1	-1.30118e-13	9001	710000	0.0001	0.0001	0.0001	5e-05
