# a = 0.100000
# b = 1.000000
# E = 7.100000
# tol = 0.000100
# s12 = 0.554977
# s13 = 0.152971
# psi0 = 0.822075 + I0.000000	0.548446 + I0.000000	0.152971 + I0.000000
# dh = 0.000100
# out = data/E7.1e0.0_tol1e-4.log
# model = sun
# scan_steps = 100.000000
# H0 = 
#	 0.000000e+00 0.000000e+00 0.000000e+00
#	 0.000000e+00 1.872814e+04 0.000000e+00
#	 0.000000e+00 0.000000e+00 6.129521e+05
# W = 
#	 6.758072e-01 4.508635e-01 1.257533e-01
#	 4.508635e-01 3.007928e-01 8.389608e-02
#	 1.257533e-01 8.389608e-02 2.340000e-02
# H0W = 
#	 0.000000e+00 -8.443835e+03 -7.708074e+04
#	 8.443835e+03 0.000000e+00 -4.985306e+04
#	 7.708074e+04 4.985306e+04 0.000000e+00
# H0H0W = 
#	 0.000000e+00 1.581373e+08 4.724680e+10
#	 1.581373e+08 0.000000e+00 2.962388e+10
#	 4.724680e+10 2.962388e+10 0.000000e+00
# WH0W = 
#	 2.700035e+04 9.569398e+03 -7.205655e+04
#	 9.569398e+03 7.509171e+02 -4.964362e+04
#	 -7.205655e+04 -4.964362e+04 -2.775126e+04
#################################################
##            CALCULATION COMPLETED            ##
#################################################
# Psi[0]^2 = 0.165193 + I0.000000
# Psi[1]^2 = 0.809558 + I0.000000
# Psi[2]^2 = 0.025249 + I0.000000
# phi0 = -0.245129 
# phi1 = -0.180920 
# phi2 = 2.818109 
# Psi = 
#	-9.863518e-02+i(3.942890e-01)
#	-1.618970e-01+i(8.850692e-01)
#	5.050971e-02+i(-1.506580e-01)
#ProbSurv b 1-|Psi|^2 calls E tol dh dh(prev) dh(last)
0.355738546751	1	-1.01921e-11	27910	7.1	0.0001	0.0001	3.2248e-05	2.74128e-05
