# a = 0.100000
# b = 1.000000
# E = 224521.713872
# tol = 0.000100
# s12 = 0.554977
# s13 = 0.152971
# psi0 = 0.822075 + I0.000000	0.548446 + I0.000000	0.152971 + I0.000000
# dh = 0.000100
# out = data/E7.1e4.5_tol1e-4.log
# model = sun
# scan_steps = 100.000000
# H0 = 
#	 0.000000e+00 0.000000e+00 0.000000e+00
#	 0.000000e+00 5.922358e-01 0.000000e+00
#	 0.000000e+00 0.000000e+00 1.938325e+01
# W = 
#	 6.758072e-01 4.508635e-01 1.257533e-01
#	 4.508635e-01 3.007928e-01 8.389608e-02
#	 1.257533e-01 8.389608e-02 2.340000e-02
# H0W = 
#	 0.000000e+00 -2.670175e-01 -2.437507e+00
#	 2.670175e-01 0.000000e+00 -1.576492e+00
#	 2.437507e+00 1.576492e+00 0.000000e+00
# H0H0W = 
#	 0.000000e+00 1.581373e-01 4.724680e+01
#	 1.581373e-01 0.000000e+00 2.962388e+01
#	 4.724680e+01 2.962388e+01 0.000000e+00
# WH0W = 
#	 8.538260e-01 3.026109e-01 -2.278628e+00
#	 3.026109e-01 2.374608e-02 -1.569869e+00
#	 -2.278628e+00 -1.569869e+00 -8.775720e-01
#################################################
##            CALCULATION COMPLETED            ##
#################################################
# Psi[0]^2 = 0.500068 + I0.000000
# Psi[1]^2 = 0.254628 + I0.000000
# Psi[2]^2 = 0.245304 + I0.000000
# phi0 = 2.644329 
# phi1 = 2.727431 
# phi2 = -0.115884 
# Psi = 
#	3.373286e-01+i(-6.215119e-01)
#	2.030653e-01+i(-4.619445e-01)
#	-5.726700e-02+i(4.919600e-01)
#ProbSurv b 1-|Psi|^2 calls E tol dh dh(prev) dh(last)
 0.42027974647	1	-9.9698e-14	9001	224522	0.0001	0.0001	0.0001	5e-05
