# a = 0.100000
# b = 1.000000
# E = 71000.000000
# tol = 0.000100
# s12 = 0.554977
# s13 = 0.152971
# psi0 = 0.822075 + I0.000000	0.548446 + I0.000000	0.152971 + I0.000000
# dh = 0.000100
# out = data/E7.1e4.0_tol1e-4.log
# model = sun
# scan_steps = 100.000000
# H0 = 
#	 0.000000e+00 0.000000e+00 0.000000e+00
#	 0.000000e+00 1.872814e+00 0.000000e+00
#	 0.000000e+00 0.000000e+00 6.129521e+01
# W = 
#	 6.758072e-01 4.508635e-01 1.257533e-01
#	 4.508635e-01 3.007928e-01 8.389608e-02
#	 1.257533e-01 8.389608e-02 2.340000e-02
# H0W = 
#	 0.000000e+00 -8.443835e-01 -7.708074e+00
#	 8.443835e-01 0.000000e+00 -4.985306e+00
#	 7.708074e+00 4.985306e+00 0.000000e+00
# H0H0W = 
#	 0.000000e+00 1.581373e+00 4.724680e+02
#	 1.581373e+00 0.000000e+00 2.962388e+02
#	 4.724680e+02 2.962388e+02 0.000000e+00
# WH0W = 
#	 2.700035e+00 9.569398e-01 -7.205655e+00
#	 9.569398e-01 7.509171e-02 -4.964362e+00
#	 -7.205655e+00 -4.964362e+00 -2.775126e+00
#################################################
##            CALCULATION COMPLETED            ##
#################################################
# Psi[0]^2 = 0.253277 + I0.000000
# Psi[1]^2 = 0.171355 + I0.000000
# Psi[2]^2 = 0.575369 + I0.000000
# phi0 = -2.837920 
# phi1 = -2.572879 
# phi2 = 0.601777 
# Psi = 
#	-1.504901e-01+i(-4.802389e-01)
#	-2.229321e-01+i(-3.487920e-01)
#	4.294103e-01+i(6.252804e-01)
#ProbSurv b 1-|Psi|^2 calls E tol dh dh(prev) dh(last)
0.236172045372	1	-5.68434e-14	9001	71000	0.0001	0.0001	0.0001	5e-05
