# a = 0.100000
# b = 1.000000
# E = 7100000.000000
# tol = 0.000100
# s12 = 0.554977
# s13 = 0.152971
# psi0 = 0.822075 + I0.000000	0.548446 + I0.000000	0.152971 + I0.000000
# dh = 0.000100
# out = data/E7.1e6.0_tol1e-4.log
# model = sun
# scan_steps = 100.000000
# H0 = 
#	 0.000000e+00 0.000000e+00 0.000000e+00
#	 0.000000e+00 1.872814e-02 0.000000e+00
#	 0.000000e+00 0.000000e+00 6.129521e-01
# W = 
#	 6.758072e-01 4.508635e-01 1.257533e-01
#	 4.508635e-01 3.007928e-01 8.389608e-02
#	 1.257533e-01 8.389608e-02 2.340000e-02
# H0W = 
#	 0.000000e+00 -8.443835e-03 -7.708074e-02
#	 8.443835e-03 0.000000e+00 -4.985306e-02
#	 7.708074e-02 4.985306e-02 0.000000e+00
# H0H0W = 
#	 0.000000e+00 1.581373e-04 4.724680e-02
#	 1.581373e-04 0.000000e+00 2.962388e-02
#	 4.724680e-02 2.962388e-02 0.000000e+00
# WH0W = 
#	 2.700035e-02 9.569398e-03 -7.205655e-02
#	 9.569398e-03 7.509171e-04 -4.964362e-02
#	 -7.205655e-02 -4.964362e-02 -2.775126e-02
#################################################
##            CALCULATION COMPLETED            ##
#################################################
# Psi[0]^2 = 0.672668 + I0.000000
# Psi[1]^2 = 0.300658 + I0.000000
# Psi[2]^2 = 0.026673 + I0.000000
# phi0 = 2.213716 
# phi1 = 2.216280 
# phi2 = 2.298548 
# Psi = 
#	6.564167e-01+i(-4.917169e-01)
#	4.380055e-01+i(-3.298629e-01)
#	1.219462e-01+i(-1.086390e-01)
#ProbSurv b 1-|Psi|^2 calls E tol dh dh(prev) dh(last)
0.545654119596	1	-8.90399e-14	9001	7.1e+06	0.0001	0.0001	0.0001	5e-05
