# a = 0.100000
# b = 1.000000
# E = 2.245217
# tol = 0.000100
# s12 = 0.554977
# s13 = 0.152971
# psi0 = 0.822075 + I0.000000	0.548446 + I0.000000	0.152971 + I0.000000
# dh = 0.000100
# out = data/E7.1e-0.5_tol1e-4.log
# model = sun
# scan_steps = 100.000000
# H0 = 
#	 0.000000e+00 0.000000e+00 0.000000e+00
#	 0.000000e+00 5.922358e+04 0.000000e+00
#	 0.000000e+00 0.000000e+00 1.938325e+06
# W = 
#	 6.758072e-01 4.508635e-01 1.257533e-01
#	 4.508635e-01 3.007928e-01 8.389608e-02
#	 1.257533e-01 8.389608e-02 2.340000e-02
# H0W = 
#	 0.000000e+00 -2.670175e+04 -2.437507e+05
#	 2.670175e+04 0.000000e+00 -1.576492e+05
#	 2.437507e+05 1.576492e+05 0.000000e+00
# H0H0W = 
#	 0.000000e+00 1.581373e+09 4.724680e+11
#	 1.581373e+09 0.000000e+00 2.962388e+11
#	 4.724680e+11 2.962388e+11 0.000000e+00
# WH0W = 
#	 8.538260e+04 3.026109e+04 -2.278628e+05
#	 3.026109e+04 2.374608e+03 -1.569869e+05
#	 -2.278628e+05 -1.569869e+05 -8.775720e+04
#################################################
##            CALCULATION COMPLETED            ##
#################################################
# Psi[0]^2 = 0.490686 + I0.000000
# Psi[1]^2 = 0.485357 + I0.000000
# Psi[2]^2 = 0.023957 + I0.000000
# phi0 = -0.646348 
# phi1 = -1.979052 
# phi2 = -0.050278 
# Psi = 
#	-4.218879e-01+i(5.591930e-01)
#	-6.394192e-01+i(-2.765864e-01)
#	-7.778736e-03+i(1.545843e-01)
#ProbSurv b 1-|Psi|^2 calls E tol dh dh(prev) dh(last)
0.478161765494	1	8.63609e-12	155058	2.24522	0.0001	0.0001	5.80435e-06	2.94931e-06
