# a = 0.100000
# b = 1.000000
# E = 22.768399
# tol = 0.000100
# s12 = 0.554977
# s13 = 0.152971
# psi0 = 0.822075 + I0.000000	0.548446 + I0.000000	0.152971 + I0.000000
# dh = 0.000100
# out = data/E7.2e0.5_tol1e-4.log
# model = sun
# scan_steps = 100.000000
# H0 = 
#	 0.000000e+00 0.000000e+00 0.000000e+00
#	 0.000000e+00 5.840103e+03 0.000000e+00
#	 0.000000e+00 0.000000e+00 1.911404e+05
# W = 
#	 6.758072e-01 4.508635e-01 1.257533e-01
#	 4.508635e-01 3.007928e-01 8.389608e-02
#	 1.257533e-01 8.389608e-02 2.340000e-02
# H0W = 
#	 0.000000e+00 -2.633089e+03 -2.403653e+04
#	 2.633089e+03 0.000000e+00 -1.554596e+04
#	 2.403653e+04 1.554596e+04 0.000000e+00
# H0H0W = 
#	 0.000000e+00 1.537751e+07 4.594351e+09
#	 1.537751e+07 0.000000e+00 2.880671e+09
#	 4.594351e+09 2.880671e+09 0.000000e+00
# WH0W = 
#	 8.419673e+03 2.984080e+03 -2.246981e+04
#	 2.984080e+03 2.341628e+02 -1.548065e+04
#	 -2.246981e+04 -1.548065e+04 -8.653835e+03
#################################################
##            CALCULATION COMPLETED            ##
#################################################
# Psi[0]^2 = 0.016511 + I0.000000
# Psi[1]^2 = 0.953435 + I0.000000
# Psi[2]^2 = 0.030054 + I0.000000
# phi0 = -2.942671 
# phi1 = -0.269810 
# phi2 = -1.670148 
# Psi = 
#	-2.539212e-02+i(-1.259610e-01)
#	-2.602680e-01+i(9.411139e-01)
#	-1.725065e-01+i(-1.719540e-02)
#ProbSurv b 1-|Psi|^2 calls E tol dh dh(prev) dh(last)
0.298647832446	1	-4.4309e-12	9001	22.7684	0.0001	0.0001	0.0001	5e-05
