# a = 0.100000
# b = 1.000000
# E = 2.276840
# tol = 0.000100
# s12 = 0.554977
# s13 = 0.152971
# psi0 = 0.822075 + I0.000000	0.548446 + I0.000000	0.152971 + I0.000000
# dh = 0.000100
# out = data/E7.2e-0.5_tol1e-4.log
# model = sun
# scan_steps = 100.000000
# H0 = 
#	 0.000000e+00 0.000000e+00 0.000000e+00
#	 0.000000e+00 5.840103e+04 0.000000e+00
#	 0.000000e+00 0.000000e+00 1.911404e+06
# W = 
#	 6.758072e-01 4.508635e-01 1.257533e-01
#	 4.508635e-01 3.007928e-01 8.389608e-02
#	 1.257533e-01 8.389608e-02 2.340000e-02
# H0W = 
#	 0.000000e+00 -2.633089e+04 -2.403653e+05
#	 2.633089e+04 0.000000e+00 -1.554596e+05
#	 2.403653e+05 1.554596e+05 0.000000e+00
# H0H0W = 
#	 0.000000e+00 1.537751e+09 4.594351e+11
#	 1.537751e+09 0.000000e+00 2.880671e+11
#	 4.594351e+11 2.880671e+11 0.000000e+00
# WH0W = 
#	 8.419673e+04 2.984080e+04 -2.246981e+05
#	 2.984080e+04 2.341628e+03 -1.548065e+05
#	 -2.246981e+05 -1.548065e+05 -8.653835e+04
#################################################
##            CALCULATION COMPLETED            ##
#################################################
# Psi[0]^2 = 0.487848 + I0.000000
# Psi[1]^2 = 0.488188 + I0.000000
# Psi[2]^2 = 0.023965 + I0.000000
# phi0 = -2.057520 
# phi1 = 0.549071 
# phi2 = -1.143127 
# Psi = 
#	-6.173486e-01+i(-3.266931e-01)
#	3.646501e-01+i(5.960016e-01)
#	-1.408631e-01+i(6.420590e-02)
#ProbSurv b 1-|Psi|^2 calls E tol dh dh(prev) dh(last)
0.477095029246	1	8.18223e-12	150482	2.27684	0.0001	0.0001	5.98085e-06	3.54032e-06
