# a = 0.100000
# b = 1.000000
# E = 227683.991532
# tol = 0.000100
# s12 = 0.554977
# s13 = 0.152971
# psi0 = 0.822075 + I0.000000	0.548446 + I0.000000	0.152971 + I0.000000
# dh = 0.000100
# out = data/E7.2e4.5_tol1e-4.log
# model = sun
# scan_steps = 100.000000
# H0 = 
#	 0.000000e+00 0.000000e+00 0.000000e+00
#	 0.000000e+00 5.840103e-01 0.000000e+00
#	 0.000000e+00 0.000000e+00 1.911404e+01
# W = 
#	 6.758072e-01 4.508635e-01 1.257533e-01
#	 4.508635e-01 3.007928e-01 8.389608e-02
#	 1.257533e-01 8.389608e-02 2.340000e-02
# H0W = 
#	 0.000000e+00 -2.633089e-01 -2.403653e+00
#	 2.633089e-01 0.000000e+00 -1.554596e+00
#	 2.403653e+00 1.554596e+00 0.000000e+00
# H0H0W = 
#	 0.000000e+00 1.537751e-01 4.594351e+01
#	 1.537751e-01 0.000000e+00 2.880671e+01
#	 4.594351e+01 2.880671e+01 0.000000e+00
# WH0W = 
#	 8.419673e-01 2.984080e-01 -2.246981e+00
#	 2.984080e-01 2.341628e-02 -1.548065e+00
#	 -2.246981e+00 -1.548065e+00 -8.653835e-01
#################################################
##            CALCULATION COMPLETED            ##
#################################################
# Psi[0]^2 = 0.502318 + I0.000000
# Psi[1]^2 = 0.255322 + I0.000000
# Psi[2]^2 = 0.242360 + I0.000000
# phi0 = 2.639231 
# phi1 = 2.721145 
# phi2 = -0.182606 
# Psi = 
#	3.412575e-01+i(-6.211771e-01)
#	2.062452e-01+i(-4.612860e-01)
#	-8.939860e-02+i(4.841161e-01)
#ProbSurv b 1-|Psi|^2 calls E tol dh dh(prev) dh(last)
0.421940098399	1	-1.23457e-13	9001	227684	0.0001	0.0001	0.0001	5e-05
