# a = 0.100000
# b = 1.000000
# E = 0.720000
# tol = 0.000100
# s12 = 0.554977
# s13 = 0.152971
# psi0 = 0.822075 + I0.000000	0.548446 + I0.000000	0.152971 + I0.000000
# dh = 0.000100
# out = data/E7.2e-1.0_tol1e-4.log
# model = sun
# scan_steps = 100.000000
# H0 = 
#	 0.000000e+00 0.000000e+00 0.000000e+00
#	 0.000000e+00 1.846803e+05 0.000000e+00
#	 0.000000e+00 0.000000e+00 6.044389e+06
# W = 
#	 6.758072e-01 4.508635e-01 1.257533e-01
#	 4.508635e-01 3.007928e-01 8.389608e-02
#	 1.257533e-01 8.389608e-02 2.340000e-02
# H0W = 
#	 0.000000e+00 -8.326560e+04 -7.601018e+05
#	 8.326560e+04 0.000000e+00 -4.916066e+05
#	 7.601018e+05 4.916066e+05 0.000000e+00
# H0H0W = 
#	 0.000000e+00 1.537751e+10 4.594351e+12
#	 1.537751e+10 0.000000e+00 2.880671e+12
#	 4.594351e+12 2.880671e+12 0.000000e+00
# WH0W = 
#	 2.662534e+05 9.436490e+04 -7.105577e+05
#	 9.436490e+04 7.404877e+03 -4.895412e+05
#	 -7.105577e+05 -4.895412e+05 -2.736583e+05
#################################################
##            CALCULATION COMPLETED            ##
#################################################
# Psi[0]^2 = 0.621691 + I0.000000
# Psi[1]^2 = 0.354732 + I0.000000
# Psi[2]^2 = 0.023576 + I0.000000
# phi0 = 1.803604 
# phi1 = -2.049519 
# phi2 = 2.011170 
# Psi = 
#	7.672031e-01+i(-1.819088e-01)
#	-5.286397e-01+i(-2.743578e-01)
#	1.388968e-01+i(-6.545338e-02)
#ProbSurv b 1-|Psi|^2 calls E tol dh dh(prev) dh(last)
0.527396074916	1	2.29634e-11	681773	0.72	0.0001	0.0001	1.32009e-06	1.06634e-06
