# a = 0.100000
# b = 1.000000
# E = 7200000.000000
# tol = 0.000100
# s12 = 0.554977
# s13 = 0.152971
# psi0 = 0.822075 + I0.000000	0.548446 + I0.000000	0.152971 + I0.000000
# dh = 0.000100
# out = data/E7.2e6.0_tol1e-4.log
# model = sun
# scan_steps = 100.000000
# H0 = 
#	 0.000000e+00 0.000000e+00 0.000000e+00
#	 0.000000e+00 1.846803e-02 0.000000e+00
#	 0.000000e+00 0.000000e+00 6.044389e-01
# W = 
#	 6.758072e-01 4.508635e-01 1.257533e-01
#	 4.508635e-01 3.007928e-01 8.389608e-02
#	 1.257533e-01 8.389608e-02 2.340000e-02
# H0W = 
#	 0.000000e+00 -8.326560e-03 -7.601018e-02
#	 8.326560e-03 0.000000e+00 -4.916066e-02
#	 7.601018e-02 4.916066e-02 0.000000e+00
# H0H0W = 
#	 0.000000e+00 1.537751e-04 4.594351e-02
#	 1.537751e-04 0.000000e+00 2.880671e-02
#	 4.594351e-02 2.880671e-02 0.000000e+00
# WH0W = 
#	 2.662534e-02 9.436490e-03 -7.105577e-02
#	 9.436490e-03 7.404877e-04 -4.895412e-02
#	 -7.105577e-02 -4.895412e-02 -2.736583e-02
#################################################
##            CALCULATION COMPLETED            ##
#################################################
# Psi[0]^2 = 0.672713 + I0.000000
# Psi[1]^2 = 0.300661 + I0.000000
# Psi[2]^2 = 0.026626 + I0.000000
# phi0 = 2.213504 
# phi1 = 2.216032 
# phi2 = 2.297145 
# Psi = 
#	6.565432e-01+i(-4.915937e-01)
#	4.380893e-01+i(-3.297555e-01)
#	1.219894e-01+i(-1.083709e-01)
#ProbSurv b 1-|Psi|^2 calls E tol dh dh(prev) dh(last)
0.545684244909	1	-1.01918e-13	9001	7.2e+06	0.0001	0.0001	0.0001	5e-05
