# a = 0.100000
# b = 1.000000
# E = 72000.000000
# tol = 0.000100
# s12 = 0.554977
# s13 = 0.152971
# psi0 = 0.822075 + I0.000000	0.548446 + I0.000000	0.152971 + I0.000000
# dh = 0.000100
# out = data/E7.2e4.0_tol1e-4.log
# model = sun
# scan_steps = 100.000000
# H0 = 
#	 0.000000e+00 0.000000e+00 0.000000e+00
#	 0.000000e+00 1.846803e+00 0.000000e+00
#	 0.000000e+00 0.000000e+00 6.044389e+01
# W = 
#	 6.758072e-01 4.508635e-01 1.257533e-01
#	 4.508635e-01 3.007928e-01 8.389608e-02
#	 1.257533e-01 8.389608e-02 2.340000e-02
# H0W = 
#	 0.000000e+00 -8.326560e-01 -7.601018e+00
#	 8.326560e-01 0.000000e+00 -4.916066e+00
#	 7.601018e+00 4.916066e+00 0.000000e+00
# H0H0W = 
#	 0.000000e+00 1.537751e+00 4.594351e+02
#	 1.537751e+00 0.000000e+00 2.880671e+02
#	 4.594351e+02 2.880671e+02 0.000000e+00
# WH0W = 
#	 2.662534e+00 9.436490e-01 -7.105577e+00
#	 9.436490e-01 7.404877e-02 -4.895412e+00
#	 -7.105577e+00 -4.895412e+00 -2.736583e+00
#################################################
##            CALCULATION COMPLETED            ##
#################################################
# Psi[0]^2 = 0.256774 + I0.000000
# Psi[1]^2 = 0.172845 + I0.000000
# Psi[2]^2 = 0.570381 + I0.000000
# phi0 = -2.851815 
# phi1 = -2.590819 
# phi2 = 0.296606 
# Psi = 
#	-1.447923e-01+i(-4.856018e-01)
#	-2.175793e-01+i(-3.542656e-01)
#	2.207372e-01+i(7.222578e-01)
#ProbSurv b 1-|Psi|^2 calls E tol dh dh(prev) dh(last)
 0.23886704624	1	-1.23457e-13	9001	72000	0.0001	0.0001	0.0001	5e-05
