# a = 0.100000
# b = 1.000000
# E = 72.000000
# tol = 0.000100
# s12 = 0.554977
# s13 = 0.152971
# psi0 = 0.822075 + I0.000000	0.548446 + I0.000000	0.152971 + I0.000000
# dh = 0.000100
# out = data/E7.2e1.0_tol1e-4.log
# model = sun
# scan_steps = 100.000000
# H0 = 
#	 0.000000e+00 0.000000e+00 0.000000e+00
#	 0.000000e+00 1.846803e+03 0.000000e+00
#	 0.000000e+00 0.000000e+00 6.044389e+04
# W = 
#	 6.758072e-01 4.508635e-01 1.257533e-01
#	 4.508635e-01 3.007928e-01 8.389608e-02
#	 1.257533e-01 8.389608e-02 2.340000e-02
# H0W = 
#	 0.000000e+00 -8.326560e+02 -7.601018e+03
#	 8.326560e+02 0.000000e+00 -4.916066e+03
#	 7.601018e+03 4.916066e+03 0.000000e+00
# H0H0W = 
#	 0.000000e+00 1.537751e+06 4.594351e+08
#	 1.537751e+06 0.000000e+00 2.880671e+08
#	 4.594351e+08 2.880671e+08 0.000000e+00
# WH0W = 
#	 2.662534e+03 9.436490e+02 -7.105577e+03
#	 9.436490e+02 7.404877e+01 -4.895412e+03
#	 -7.105577e+03 -4.895412e+03 -2.736583e+03
#################################################
##            CALCULATION COMPLETED            ##
#################################################
# Psi[0]^2 = 0.001503 + I0.000000
# Psi[1]^2 = 0.940066 + I0.000000
# Psi[2]^2 = 0.058431 + I0.000000
# phi0 = 0.603352 
# phi1 = -0.738359 
# phi2 = 2.224943 
# Psi = 
#	2.199523e-02+i(3.192024e-02)
#	-6.525933e-01+i(7.170693e-01)
#	1.918250e-01+i(-1.470852e-01)
#ProbSurv b 1-|Psi|^2 calls E tol dh dh(prev) dh(last)
0.285148028579	1	-3.87246e-13	9001	72	0.0001	0.0001	0.0001	5e-05
