# a = 0.100000
# b = 1.000000
# E = 7400000.000000
# tol = 0.000100
# s12 = 0.554977
# s13 = 0.152971
# psi0 = 0.822075 + I0.000000	0.548446 + I0.000000	0.152971 + I0.000000
# dh = 0.000100
# out = data/E7.4e6.0_tol1e-4.log
# model = sun
# scan_steps = 100.000000
# H0 = 
#	 0.000000e+00 0.000000e+00 0.000000e+00
#	 0.000000e+00 1.796889e-02 0.000000e+00
#	 0.000000e+00 0.000000e+00 5.881027e-01
# W = 
#	 6.758072e-01 4.508635e-01 1.257533e-01
#	 4.508635e-01 3.007928e-01 8.389608e-02
#	 1.257533e-01 8.389608e-02 2.340000e-02
# H0W = 
#	 0.000000e+00 -8.101518e-03 -7.395585e-02
#	 8.101518e-03 0.000000e+00 -4.783199e-02
#	 7.395585e-02 4.783199e-02 0.000000e+00
# H0H0W = 
#	 0.000000e+00 1.455753e-04 4.349363e-02
#	 1.455753e-04 0.000000e+00 2.727063e-02
#	 4.349363e-02 2.727063e-02 0.000000e+00
# WH0W = 
#	 2.590574e-02 9.181449e-03 -6.913534e-02
#	 9.181449e-03 7.204746e-04 -4.763104e-02
#	 -6.913534e-02 -4.763104e-02 -2.662621e-02
#################################################
##            CALCULATION COMPLETED            ##
#################################################
# Psi[0]^2 = 0.672800 + I0.000000
# Psi[1]^2 = 0.300666 + I0.000000
# Psi[2]^2 = 0.026534 + I0.000000
# phi0 = 2.213096 
# phi1 = 2.215555 
# phi2 = 2.294453 
# Psi = 
#	6.567859e-01+i(-4.913574e-01)
#	4.382499e-01+i(-3.295495e-01)
#	1.220709e-01+i(-1.078568e-01)
#ProbSurv b 1-|Psi|^2 calls E tol dh dh(prev) dh(last)
0.545741959645	1	-8.30447e-14	9001	7.4e+06	0.0001	0.0001	0.0001	5e-05
