# a = 0.100000
# b = 1.000000
# E = 7400.000000
# tol = 0.000100
# s12 = 0.554977
# s13 = 0.152971
# psi0 = 0.822075 + I0.000000	0.548446 + I0.000000	0.152971 + I0.000000
# dh = 0.000100
# out = data/E7.4e3.0_tol1e-4.log
# model = sun
# scan_steps = 100.000000
# H0 = 
#	 0.000000e+00 0.000000e+00 0.000000e+00
#	 0.000000e+00 1.796889e+01 0.000000e+00
#	 0.000000e+00 0.000000e+00 5.881027e+02
# W = 
#	 6.758072e-01 4.508635e-01 1.257533e-01
#	 4.508635e-01 3.007928e-01 8.389608e-02
#	 1.257533e-01 8.389608e-02 2.340000e-02
# H0W = 
#	 0.000000e+00 -8.101518e+00 -7.395585e+01
#	 8.101518e+00 0.000000e+00 -4.783199e+01
#	 7.395585e+01 4.783199e+01 0.000000e+00
# H0H0W = 
#	 0.000000e+00 1.455753e+02 4.349363e+04
#	 1.455753e+02 0.000000e+00 2.727063e+04
#	 4.349363e+04 2.727063e+04 0.000000e+00
# WH0W = 
#	 2.590574e+01 9.181449e+00 -6.913534e+01
#	 9.181449e+00 7.204746e-01 -4.763104e+01
#	 -6.913534e+01 -4.763104e+01 -2.662621e+01
#################################################
##            CALCULATION COMPLETED            ##
#################################################
# Psi[0]^2 = 0.000004 + I0.000000
# Psi[1]^2 = 0.000177 + I0.000000
# Psi[2]^2 = 0.999819 + I0.000000
# phi0 = -1.840647 
# phi1 = 1.792235 
# phi2 = 1.441216 
# Psi = 
#	-1.929569e-03+i(-5.337146e-04)
#	1.299298e-02+i(-2.925115e-03)
#	9.915263e-01+i(1.292060e-01)
#ProbSurv b 1-|Psi|^2 calls E tol dh dh(prev) dh(last)
0.0234518171316	1	-1.00142e-13	9001	7400	0.0001	0.0001	0.0001	5e-05
