# a = 0.100000
# b = 1.000000
# E = 74.000000
# tol = 0.000100
# s12 = 0.554977
# s13 = 0.152971
# psi0 = 0.822075 + I0.000000	0.548446 + I0.000000	0.152971 + I0.000000
# dh = 0.000100
# out = data/E7.4e1.0_tol1e-4.log
# model = sun
# scan_steps = 100.000000
# H0 = 
#	 0.000000e+00 0.000000e+00 0.000000e+00
#	 0.000000e+00 1.796889e+03 0.000000e+00
#	 0.000000e+00 0.000000e+00 5.881027e+04
# W = 
#	 6.758072e-01 4.508635e-01 1.257533e-01
#	 4.508635e-01 3.007928e-01 8.389608e-02
#	 1.257533e-01 8.389608e-02 2.340000e-02
# H0W = 
#	 0.000000e+00 -8.101518e+02 -7.395585e+03
#	 8.101518e+02 0.000000e+00 -4.783199e+03
#	 7.395585e+03 4.783199e+03 0.000000e+00
# H0H0W = 
#	 0.000000e+00 1.455753e+06 4.349363e+08
#	 1.455753e+06 0.000000e+00 2.727063e+08
#	 4.349363e+08 2.727063e+08 0.000000e+00
# WH0W = 
#	 2.590574e+03 9.181449e+02 -6.913534e+03
#	 9.181449e+02 7.204746e+01 -4.763104e+03
#	 -6.913534e+03 -4.763104e+03 -2.662621e+03
#################################################
##            CALCULATION COMPLETED            ##
#################################################
# Psi[0]^2 = 0.001401 + I0.000000
# Psi[1]^2 = 0.938307 + I0.000000
# Psi[2]^2 = 0.060292 + I0.000000
# phi0 = 0.208418 
# phi1 = -1.764979 
# phi2 = 2.715269 
# Psi = 
#	7.744793e-03+i(3.662025e-02)
#	-9.504572e-01+i(-1.869179e-01)
#	1.015388e-01+i(-2.235659e-01)
#ProbSurv b 1-|Psi|^2 calls E tol dh dh(prev) dh(last)
0.284593686817	1	-2.08278e-13	9001	74	0.0001	0.0001	0.0001	5e-05
