# a = 0.100000
# b = 1.000000
# E = 234.008547
# tol = 0.000100
# s12 = 0.554977
# s13 = 0.152971
# psi0 = 0.822075 + I0.000000	0.548446 + I0.000000	0.152971 + I0.000000
# dh = 0.000100
# out = data/E7.4e1.5_tol1e-4.log
# model = sun
# scan_steps = 100.000000
# H0 = 
#	 0.000000e+00 0.000000e+00 0.000000e+00
#	 0.000000e+00 5.682262e+02 0.000000e+00
#	 0.000000e+00 0.000000e+00 1.859744e+04
# W = 
#	 6.758072e-01 4.508635e-01 1.257533e-01
#	 4.508635e-01 3.007928e-01 8.389608e-02
#	 1.257533e-01 8.389608e-02 2.340000e-02
# H0W = 
#	 0.000000e+00 -2.561925e+02 -2.338689e+03
#	 2.561925e+02 0.000000e+00 -1.512580e+03
#	 2.338689e+03 1.512580e+03 0.000000e+00
# H0H0W = 
#	 0.000000e+00 1.455753e+05 4.349363e+07
#	 1.455753e+05 0.000000e+00 2.727063e+07
#	 4.349363e+07 2.727063e+07 0.000000e+00
# WH0W = 
#	 8.192114e+02 2.903429e+02 -2.186251e+03
#	 2.903429e+02 2.278341e+01 -1.506226e+03
#	 -2.186251e+03 -1.506226e+03 -8.419948e+02
#################################################
##            CALCULATION COMPLETED            ##
#################################################
# Psi[0]^2 = 0.000124 + I0.000000
# Psi[1]^2 = 0.150857 + I0.000000
# Psi[2]^2 = 0.849018 + I0.000000
# phi0 = -0.476984 
# phi1 = 2.991547 
# phi2 = -1.711883 
# Psi = 
#	-5.119384e-03+i(9.906242e-03)
#	5.805967e-02+i(-3.840396e-01)
#	-9.122664e-01+i(-1.295696e-01)
#ProbSurv b 1-|Psi|^2 calls E tol dh dh(prev) dh(last)
0.0653278640928	1	-2.12719e-13	9001	234.009	0.0001	0.0001	0.0001	5e-05
