# a = 0.100000
# b = 1.000000
# E = 2.340085
# tol = 0.000100
# s12 = 0.554977
# s13 = 0.152971
# psi0 = 0.822075 + I0.000000	0.548446 + I0.000000	0.152971 + I0.000000
# dh = 0.000100
# out = data/E7.4e-0.5_tol1e-4.log
# model = sun
# scan_steps = 100.000000
# H0 = 
#	 0.000000e+00 0.000000e+00 0.000000e+00
#	 0.000000e+00 5.682262e+04 0.000000e+00
#	 0.000000e+00 0.000000e+00 1.859744e+06
# W = 
#	 6.758072e-01 4.508635e-01 1.257533e-01
#	 4.508635e-01 3.007928e-01 8.389608e-02
#	 1.257533e-01 8.389608e-02 2.340000e-02
# H0W = 
#	 0.000000e+00 -2.561925e+04 -2.338689e+05
#	 2.561925e+04 0.000000e+00 -1.512580e+05
#	 2.338689e+05 1.512580e+05 0.000000e+00
# H0H0W = 
#	 0.000000e+00 1.455753e+09 4.349363e+11
#	 1.455753e+09 0.000000e+00 2.727063e+11
#	 4.349363e+11 2.727063e+11 0.000000e+00
# WH0W = 
#	 8.192114e+04 2.903429e+04 -2.186251e+05
#	 2.903429e+04 2.278341e+03 -1.506226e+05
#	 -2.186251e+05 -1.506226e+05 -8.419948e+04
#################################################
##            CALCULATION COMPLETED            ##
#################################################
# Psi[0]^2 = 0.482213 + I0.000000
# Psi[1]^2 = 0.493806 + I0.000000
# Psi[2]^2 = 0.023981 + I0.000000
# phi0 = 1.397699 
# phi1 = 2.802911 
# phi2 = 0.835726 
# Psi = 
#	6.840384e-01+i(1.196024e-01)
#	2.334722e-01+i(-6.627946e-01)
#	1.148706e-01+i(1.038533e-01)
#ProbSurv b 1-|Psi|^2 calls E tol dh dh(prev) dh(last)
0.474977613151	1	-4.14557e-13	141484	2.34009	0.0001	0.0001	6.36121e-06	4.72964e-06
