# a = 0.100000
# b = 1.000000
# E = 7.400000
# tol = 0.000100
# s12 = 0.554977
# s13 = 0.152971
# psi0 = 0.822075 + I0.000000	0.548446 + I0.000000	0.152971 + I0.000000
# dh = 0.000100
# out = data/E7.4e0.0_tol1e-4.log
# model = sun
# scan_steps = 100.000000
# H0 = 
#	 0.000000e+00 0.000000e+00 0.000000e+00
#	 0.000000e+00 1.796889e+04 0.000000e+00
#	 0.000000e+00 0.000000e+00 5.881027e+05
# W = 
#	 6.758072e-01 4.508635e-01 1.257533e-01
#	 4.508635e-01 3.007928e-01 8.389608e-02
#	 1.257533e-01 8.389608e-02 2.340000e-02
# H0W = 
#	 0.000000e+00 -8.101518e+03 -7.395585e+04
#	 8.101518e+03 0.000000e+00 -4.783199e+04
#	 7.395585e+04 4.783199e+04 0.000000e+00
# H0H0W = 
#	 0.000000e+00 1.455753e+08 4.349363e+10
#	 1.455753e+08 0.000000e+00 2.727063e+10
#	 4.349363e+10 2.727063e+10 0.000000e+00
# WH0W = 
#	 2.590574e+04 9.181449e+03 -6.913534e+04
#	 9.181449e+03 7.204746e+02 -4.763104e+04
#	 -6.913534e+04 -4.763104e+04 -2.662621e+04
#################################################
##            CALCULATION COMPLETED            ##
#################################################
# Psi[0]^2 = 0.154322 + I0.000000
# Psi[1]^2 = 0.820310 + I0.000000
# Psi[2]^2 = 0.025368 + I0.000000
# phi0 = -0.327399 
# phi1 = 1.402859 
# phi2 = 0.250440 
# Psi = 
#	-1.263296e-01+i(3.719720e-01)
#	8.929677e-01+i(1.513882e-01)
#	3.947264e-02+i(1.543044e-01)
#ProbSurv b 1-|Psi|^2 calls E tol dh dh(prev) dh(last)
0.351629019438	1	-1.09508e-11	26887	7.4	0.0001	0.0001	3.34747e-05	3.24821e-05
