# a = 0.100000
# b = 1.000000
# E = 24.033310
# tol = 0.000100
# s12 = 0.554977
# s13 = 0.152971
# psi0 = 0.822075 + I0.000000	0.548446 + I0.000000	0.152971 + I0.000000
# dh = 0.000100
# out = data/E7.6e0.5_tol1e-4.log
# model = sun
# scan_steps = 100.000000
# H0 = 
#	 0.000000e+00 0.000000e+00 0.000000e+00
#	 0.000000e+00 5.532729e+03 0.000000e+00
#	 0.000000e+00 0.000000e+00 1.810803e+05
# W = 
#	 6.758072e-01 4.508635e-01 1.257533e-01
#	 4.508635e-01 3.007928e-01 8.389608e-02
#	 1.257533e-01 8.389608e-02 2.340000e-02
# H0W = 
#	 0.000000e+00 -2.494506e+03 -2.277145e+04
#	 2.494506e+03 0.000000e+00 -1.472776e+04
#	 2.277145e+04 1.472776e+04 0.000000e+00
# H0H0W = 
#	 0.000000e+00 1.380142e+07 4.123461e+09
#	 1.380142e+07 0.000000e+00 2.585422e+09
#	 4.123461e+09 2.585422e+09 0.000000e+00
# WH0W = 
#	 7.976532e+03 2.827023e+03 -2.128719e+04
#	 2.827023e+03 2.218384e+02 -1.466588e+04
#	 -2.128719e+04 -1.466588e+04 -8.198370e+03
#################################################
##            CALCULATION COMPLETED            ##
#################################################
# Psi[0]^2 = 0.014759 + I0.000000
# Psi[1]^2 = 0.954709 + I0.000000
# Psi[2]^2 = 0.030532 + I0.000000
# phi0 = 1.694615 
# phi1 = 0.999747 
# phi2 = -1.418405 
# Psi = 
#	1.205562e-01+i(-1.500391e-02)
#	8.220614e-01+i(5.281330e-01)
#	-1.727081e-01+i(2.652490e-02)
#ProbSurv b 1-|Psi|^2 calls E tol dh dh(prev) dh(last)
0.297858344215	1	-2.79177e-12	9001	24.0333	0.0001	0.0001	0.0001	5e-05
