# a = 0.100000
# b = 1.000000
# E = 76.000000
# tol = 0.000100
# s12 = 0.554977
# s13 = 0.152971
# psi0 = 0.822075 + I0.000000	0.548446 + I0.000000	0.152971 + I0.000000
# dh = 0.000100
# out = data/E7.6e1.0_tol1e-4.log
# model = sun
# scan_steps = 100.000000
# H0 = 
#	 0.000000e+00 0.000000e+00 0.000000e+00
#	 0.000000e+00 1.749602e+03 0.000000e+00
#	 0.000000e+00 0.000000e+00 5.726263e+04
# W = 
#	 6.758072e-01 4.508635e-01 1.257533e-01
#	 4.508635e-01 3.007928e-01 8.389608e-02
#	 1.257533e-01 8.389608e-02 2.340000e-02
# H0W = 
#	 0.000000e+00 -7.888320e+02 -7.200964e+03
#	 7.888320e+02 0.000000e+00 -4.657325e+03
#	 7.200964e+03 4.657325e+03 0.000000e+00
# H0H0W = 
#	 0.000000e+00 1.380142e+06 4.123461e+08
#	 1.380142e+06 0.000000e+00 2.585422e+08
#	 4.123461e+08 2.585422e+08 0.000000e+00
# WH0W = 
#	 2.522401e+03 8.939832e+02 -6.731599e+03
#	 8.939832e+02 7.015147e+01 -4.637759e+03
#	 -6.731599e+03 -4.637759e+03 -2.592552e+03
#################################################
##            CALCULATION COMPLETED            ##
#################################################
# Psi[0]^2 = 0.001361 + I0.000000
# Psi[1]^2 = 0.936403 + I0.000000
# Psi[2]^2 = 0.062236 + I0.000000
# phi0 = 0.087073 
# phi1 = -0.708812 
# phi2 = -1.084212 
# Psi = 
#	3.207834e-03+i(3.674773e-02)
#	-6.298935e-01+i(7.345999e-01)
#	-2.205173e-01+i(1.166555e-01)
#ProbSurv b 1-|Psi|^2 calls E tol dh dh(prev) dh(last)
0.284039145797	1	-4.77396e-14	9001	76	0.0001	0.0001	0.0001	5e-05
