# a = 0.100000
# b = 1.000000
# E = 7700.000000
# tol = 0.000100
# s12 = 0.554977
# s13 = 0.152971
# psi0 = 0.822075 + I0.000000	0.548446 + I0.000000	0.152971 + I0.000000
# dh = 0.000100
# out = data/E7.7e3.0_tol1e-4.log
# model = sun
# scan_steps = 100.000000
# H0 = 
#	 0.000000e+00 0.000000e+00 0.000000e+00
#	 0.000000e+00 1.726880e+01 0.000000e+00
#	 0.000000e+00 0.000000e+00 5.651896e+02
# W = 
#	 6.758072e-01 4.508635e-01 1.257533e-01
#	 4.508635e-01 3.007928e-01 8.389608e-02
#	 1.257533e-01 8.389608e-02 2.340000e-02
# H0W = 
#	 0.000000e+00 -7.785874e+00 -7.107445e+01
#	 7.785874e+00 0.000000e+00 -4.596841e+01
#	 7.107445e+01 4.596841e+01 0.000000e+00
# H0H0W = 
#	 0.000000e+00 1.344527e+02 4.017054e+04
#	 1.344527e+02 0.000000e+00 2.518705e+04
#	 4.017054e+04 2.518705e+04 0.000000e+00
# WH0W = 
#	 2.489642e+01 8.823731e+00 -6.644176e+01
#	 8.823731e+00 6.924041e-01 -4.577528e+01
#	 -6.644176e+01 -4.577528e+01 -2.558883e+01
#################################################
##            CALCULATION COMPLETED            ##
#################################################
# Psi[0]^2 = 0.000009 + I0.000000
# Psi[1]^2 = 0.000353 + I0.000000
# Psi[2]^2 = 0.999638 + I0.000000
# phi0 = -1.803142 
# phi1 = 1.531604 
# phi2 = 0.972318 
# Psi = 
#	-2.981265e-03+i(-7.054253e-04)
#	1.876950e-02+i(7.359916e-04)
#	8.260441e-01+i(5.632841e-01)
#ProbSurv b 1-|Psi|^2 calls E tol dh dh(prev) dh(last)
0.0235039973408	1	-7.72715e-14	9001	7700	0.0001	0.0001	0.0001	5e-05
