# a = 0.100000
# b = 1.000000
# E = 7.700000
# tol = 0.000100
# s12 = 0.554977
# s13 = 0.152971
# psi0 = 0.822075 + I0.000000	0.548446 + I0.000000	0.152971 + I0.000000
# dh = 0.000100
# out = data/E7.7e0.0_tol1e-4.log
# model = sun
# scan_steps = 100.000000
# H0 = 
#	 0.000000e+00 0.000000e+00 0.000000e+00
#	 0.000000e+00 1.726880e+04 0.000000e+00
#	 0.000000e+00 0.000000e+00 5.651896e+05
# W = 
#	 6.758072e-01 4.508635e-01 1.257533e-01
#	 4.508635e-01 3.007928e-01 8.389608e-02
#	 1.257533e-01 8.389608e-02 2.340000e-02
# H0W = 
#	 0.000000e+00 -7.785874e+03 -7.107445e+04
#	 7.785874e+03 0.000000e+00 -4.596841e+04
#	 7.107445e+04 4.596841e+04 0.000000e+00
# H0H0W = 
#	 0.000000e+00 1.344527e+08 4.017054e+10
#	 1.344527e+08 0.000000e+00 2.518705e+10
#	 4.017054e+10 2.518705e+10 0.000000e+00
# WH0W = 
#	 2.489642e+04 8.823731e+03 -6.644176e+04
#	 8.823731e+03 6.924041e+02 -4.577528e+04
#	 -6.644176e+04 -4.577528e+04 -2.558883e+04
#################################################
##            CALCULATION COMPLETED            ##
#################################################
# Psi[0]^2 = 0.144376 + I0.000000
# Psi[1]^2 = 0.830302 + I0.000000
# Psi[2]^2 = 0.025322 + I0.000000
# phi0 = -0.216903 
# phi1 = -0.509267 
# phi2 = -0.078111 
# Psi = 
#	-8.177179e-02+i(3.710655e-01)
#	-4.442481e-01+i(7.955786e-01)
#	-1.241703e-02+i(1.586439e-01)
#ProbSurv b 1-|Psi|^2 calls E tol dh dh(prev) dh(last)
0.347911805111	1	-9.84013e-12	25910	7.7	0.0001	0.0001	3.47373e-05	3.00459e-05
