# a = 0.100000
# b = 1.000000
# E = 7800.000000
# tol = 0.000100
# s12 = 0.554977
# s13 = 0.152971
# psi0 = 0.822075 + I0.000000	0.548446 + I0.000000	0.152971 + I0.000000
# dh = 0.000100
# out = data/E7.8e3.0_tol1e-4.log
# model = sun
# scan_steps = 100.000000
# H0 = 
#	 0.000000e+00 0.000000e+00 0.000000e+00
#	 0.000000e+00 1.704741e+01 0.000000e+00
#	 0.000000e+00 0.000000e+00 5.579436e+02
# W = 
#	 6.758072e-01 4.508635e-01 1.257533e-01
#	 4.508635e-01 3.007928e-01 8.389608e-02
#	 1.257533e-01 8.389608e-02 2.340000e-02
# H0W = 
#	 0.000000e+00 -7.686055e+00 -7.016324e+01
#	 7.686055e+00 0.000000e+00 -4.537907e+01
#	 7.016324e+01 4.537907e+01 0.000000e+00
# H0H0W = 
#	 0.000000e+00 1.310273e+02 3.914713e+04
#	 1.310273e+02 0.000000e+00 2.454536e+04
#	 3.914713e+04 2.454536e+04 0.000000e+00
# WH0W = 
#	 2.457724e+01 8.710606e+00 -6.558994e+01
#	 8.710606e+00 6.835271e-01 -4.518842e+01
#	 -6.558994e+01 -4.518842e+01 -2.526077e+01
#################################################
##            CALCULATION COMPLETED            ##
#################################################
# Psi[0]^2 = 0.000023 + I0.000000
# Psi[1]^2 = 0.000584 + I0.000000
# Psi[2]^2 = 0.999393 + I0.000000
# phi0 = -2.193100 
# phi1 = 1.170298 
# phi2 = -3.132205 
# Psi = 
#	-3.887249e-03+i(-2.788684e-03)
#	2.226114e-02+i(9.424948e-03)
#	-9.384519e-03+i(-9.996523e-01)
#ProbSurv b 1-|Psi|^2 calls E tol dh dh(prev) dh(last)
0.0235770370053	1	-5.57332e-14	9001	7800	0.0001	0.0001	0.0001	5e-05
