# a = 0.100000
# b = 1.000000
# E = 7.800000
# tol = 0.000100
# s12 = 0.554977
# s13 = 0.152971
# psi0 = 0.822075 + I0.000000	0.548446 + I0.000000	0.152971 + I0.000000
# dh = 0.000100
# out = data/E7.8e0.0_tol1e-4.log
# model = sun
# scan_steps = 100.000000
# H0 = 
#	 0.000000e+00 0.000000e+00 0.000000e+00
#	 0.000000e+00 1.704741e+04 0.000000e+00
#	 0.000000e+00 0.000000e+00 5.579436e+05
# W = 
#	 6.758072e-01 4.508635e-01 1.257533e-01
#	 4.508635e-01 3.007928e-01 8.389608e-02
#	 1.257533e-01 8.389608e-02 2.340000e-02
# H0W = 
#	 0.000000e+00 -7.686055e+03 -7.016324e+04
#	 7.686055e+03 0.000000e+00 -4.537907e+04
#	 7.016324e+04 4.537907e+04 0.000000e+00
# H0H0W = 
#	 0.000000e+00 1.310273e+08 3.914713e+10
#	 1.310273e+08 0.000000e+00 2.454536e+10
#	 3.914713e+10 2.454536e+10 0.000000e+00
# WH0W = 
#	 2.457724e+04 8.710606e+03 -6.558994e+04
#	 8.710606e+03 6.835271e+02 -4.518842e+04
#	 -6.558994e+04 -4.518842e+04 -2.526077e+04
#################################################
##            CALCULATION COMPLETED            ##
#################################################
# Psi[0]^2 = 0.141167 + I0.000000
# Psi[1]^2 = 0.833358 + I0.000000
# Psi[2]^2 = 0.025476 + I0.000000
# phi0 = 1.958225 
# phi1 = -0.891922 
# phi2 = 0.463213 
# Psi = 
#	3.478746e-01+i(-1.419511e-01)
#	-7.104794e-01+i(5.732160e-01)
#	7.131813e-02+i(1.427913e-01)
#ProbSurv b 1-|Psi|^2 calls E tol dh dh(prev) dh(last)
0.346665639721	1	-1.07627e-11	25593	7.8	0.0001	0.0001	3.51682e-05	2.26245e-05
