# a = 0.100000
# b = 1.000000
# E = 24665.765749
# tol = 0.000100
# s12 = 0.554977
# s13 = 0.152971
# psi0 = 0.822075 + I0.000000	0.548446 + I0.000000	0.152971 + I0.000000
# dh = 0.000100
# out = data/E7.8e3.5_tol1e-4.log
# model = sun
# scan_steps = 100.000000
# H0 = 
#	 0.000000e+00 0.000000e+00 0.000000e+00
#	 0.000000e+00 5.390864e+00 0.000000e+00
#	 0.000000e+00 0.000000e+00 1.764373e+02
# W = 
#	 6.758072e-01 4.508635e-01 1.257533e-01
#	 4.508635e-01 3.007928e-01 8.389608e-02
#	 1.257533e-01 8.389608e-02 2.340000e-02
# H0W = 
#	 0.000000e+00 -2.430544e+00 -2.218756e+01
#	 2.430544e+00 0.000000e+00 -1.435012e+01
#	 2.218756e+01 1.435012e+01 0.000000e+00
# H0H0W = 
#	 0.000000e+00 1.310273e+01 3.914713e+03
#	 1.310273e+01 0.000000e+00 2.454536e+03
#	 3.914713e+03 2.454536e+03 0.000000e+00
# WH0W = 
#	 7.772006e+00 2.754535e+00 -2.074136e+01
#	 2.754535e+00 2.161503e-01 -1.428983e+01
#	 -2.074136e+01 -1.428983e+01 -7.988156e+00
#################################################
##            CALCULATION COMPLETED            ##
#################################################
# Psi[0]^2 = 0.035599 + I0.000000
# Psi[1]^2 = 0.051558 + I0.000000
# Psi[2]^2 = 0.912843 + I0.000000
# phi0 = -0.899989 
# phi1 = -0.114008 
# phi2 = -1.486983 
# Psi = 
#	-1.477941e-01+i(1.172848e-01)
#	-2.583103e-02+i(2.255903e-01)
#	-9.520743e-01+i(7.998407e-02)
#ProbSurv b 1-|Psi|^2 calls E tol dh dh(prev) dh(last)
0.0609268030559	1	-5.12923e-14	9001	24665.8	0.0001	0.0001	0.0001	5e-05
