# a = 0.100000
# b = 1.000000
# E = 2466.576575
# tol = 0.000100
# s12 = 0.554977
# s13 = 0.152971
# psi0 = 0.822075 + I0.000000	0.548446 + I0.000000	0.152971 + I0.000000
# dh = 0.000100
# out = data/E7.8e2.5_tol1e-4.log
# model = sun
# scan_steps = 100.000000
# H0 = 
#	 0.000000e+00 0.000000e+00 0.000000e+00
#	 0.000000e+00 5.390864e+01 0.000000e+00
#	 0.000000e+00 0.000000e+00 1.764373e+03
# W = 
#	 6.758072e-01 4.508635e-01 1.257533e-01
#	 4.508635e-01 3.007928e-01 8.389608e-02
#	 1.257533e-01 8.389608e-02 2.340000e-02
# H0W = 
#	 0.000000e+00 -2.430544e+01 -2.218756e+02
#	 2.430544e+01 0.000000e+00 -1.435012e+02
#	 2.218756e+02 1.435012e+02 0.000000e+00
# H0H0W = 
#	 0.000000e+00 1.310273e+03 3.914713e+05
#	 1.310273e+03 0.000000e+00 2.454536e+05
#	 3.914713e+05 2.454536e+05 0.000000e+00
# WH0W = 
#	 7.772006e+01 2.754535e+01 -2.074136e+02
#	 2.754535e+01 2.161503e+00 -1.428983e+02
#	 -2.074136e+02 -1.428983e+02 -7.988156e+01
#################################################
##            CALCULATION COMPLETED            ##
#################################################
# Psi[0]^2 = 0.000001 + I0.000000
# Psi[1]^2 = 0.000156 + I0.000000
# Psi[2]^2 = 0.999843 + I0.000000
# phi0 = -0.483359 
# phi1 = 1.316682 
# phi2 = 1.246581 
# Psi = 
#	-4.931903e-04+i(9.396101e-04)
#	1.207195e-02+i(3.135435e-03)
#	9.478267e-01+i(3.185401e-01)
#ProbSurv b 1-|Psi|^2 calls E tol dh dh(prev) dh(last)
0.0234438867444	1	-4.84057e-14	9001	2466.58	0.0001	0.0001	0.0001	5e-05
