# a = 0.100000
# b = 1.000000
# E = 2498199.351533
# tol = 0.000100
# s12 = 0.554977
# s13 = 0.152971
# psi0 = 0.822075 + I0.000000	0.548446 + I0.000000	0.152971 + I0.000000
# dh = 0.000100
# out = data/E7.9e5.5_tol1e-4.log
# model = sun
# scan_steps = 100.000000
# H0 = 
#	 0.000000e+00 0.000000e+00 0.000000e+00
#	 0.000000e+00 5.322625e-02 0.000000e+00
#	 0.000000e+00 0.000000e+00 1.742039e+00
# W = 
#	 6.758072e-01 4.508635e-01 1.257533e-01
#	 4.508635e-01 3.007928e-01 8.389608e-02
#	 1.257533e-01 8.389608e-02 2.340000e-02
# H0W = 
#	 0.000000e+00 -2.399778e-02 -2.190671e-01
#	 2.399778e-02 0.000000e+00 -1.416847e-01
#	 2.190671e-01 1.416847e-01 0.000000e+00
# H0H0W = 
#	 0.000000e+00 1.277312e-03 3.816234e-01
#	 1.277312e-03 0.000000e+00 2.392790e-01
#	 3.816234e-01 2.392790e-01 0.000000e+00
# WH0W = 
#	 7.673626e-02 2.719668e-02 -2.047881e-01
#	 2.719668e-02 2.134142e-03 -1.410895e-01
#	 -2.047881e-01 -1.410895e-01 -7.887040e-02
#################################################
##            CALCULATION COMPLETED            ##
#################################################
# Psi[0]^2 = 0.666302 + I0.000000
# Psi[1]^2 = 0.300135 + I0.000000
# Psi[2]^2 = 0.033563 + I0.000000
# phi0 = 2.242019 
# phi1 = 2.249300 
# phi2 = 2.487729 
# Psi = 
#	6.391924e-01+i(-5.076762e-01)
#	4.265052e-01+i(-3.438438e-01)
#	1.114335e-01+i(-1.454140e-01)
#ProbSurv b 1-|Psi|^2 calls E tol dh dh(prev) dh(last)
0.541355633767	1	-9.28146e-14	9001	2.4982e+06	0.0001	0.0001	0.0001	5e-05
