# a = 0.100000
# b = 1.000000
# E = 79000.000000
# tol = 0.000100
# s12 = 0.554977
# s13 = 0.152971
# psi0 = 0.822075 + I0.000000	0.548446 + I0.000000	0.152971 + I0.000000
# dh = 0.000100
# out = data/E7.9e4.0_tol1e-4.log
# model = sun
# scan_steps = 100.000000
# H0 = 
#	 0.000000e+00 0.000000e+00 0.000000e+00
#	 0.000000e+00 1.683162e+00 0.000000e+00
#	 0.000000e+00 0.000000e+00 5.508810e+01
# W = 
#	 6.758072e-01 4.508635e-01 1.257533e-01
#	 4.508635e-01 3.007928e-01 8.389608e-02
#	 1.257533e-01 8.389608e-02 2.340000e-02
# H0W = 
#	 0.000000e+00 -7.588763e-01 -6.927510e+00
#	 7.588763e-01 0.000000e+00 -4.480465e+00
#	 6.927510e+00 4.480465e+00 0.000000e+00
# H0H0W = 
#	 0.000000e+00 1.277312e+00 3.816234e+02
#	 1.277312e+00 0.000000e+00 2.392790e+02
#	 3.816234e+02 2.392790e+02 0.000000e+00
# WH0W = 
#	 2.426614e+00 8.600345e-01 -6.475969e+00
#	 8.600345e-01 6.748749e-02 -4.461641e+00
#	 -6.475969e+00 -4.461641e+00 -2.494101e+00
#################################################
##            CALCULATION COMPLETED            ##
#################################################
# Psi[0]^2 = 0.284775 + I0.000000
# Psi[1]^2 = 0.184698 + I0.000000
# Psi[2]^2 = 0.530527 + I0.000000
# phi0 = -2.944847 
# phi1 = -2.709532 
# phi2 = -1.601738 
# Psi = 
#	-1.043159e-01+i(-5.233477e-01)
#	-1.799613e-01+i(-3.902721e-01)
#	-7.280242e-01+i(-2.253383e-02)
#ProbSurv b 1-|Psi|^2 calls E tol dh dh(prev) dh(last)
0.260423032208	1	-1.25233e-13	9001	79000	0.0001	0.0001	0.0001	5e-05
