# a = 0.100000
# b = 1.000000
# E = 24.981994
# tol = 0.000100
# s12 = 0.554977
# s13 = 0.152971
# psi0 = 0.822075 + I0.000000	0.548446 + I0.000000	0.152971 + I0.000000
# dh = 0.000100
# out = data/E7.9e0.5_tol1e-4.log
# model = sun
# scan_steps = 100.000000
# H0 = 
#	 0.000000e+00 0.000000e+00 0.000000e+00
#	 0.000000e+00 5.322625e+03 0.000000e+00
#	 0.000000e+00 0.000000e+00 1.742039e+05
# W = 
#	 6.758072e-01 4.508635e-01 1.257533e-01
#	 4.508635e-01 3.007928e-01 8.389608e-02
#	 1.257533e-01 8.389608e-02 2.340000e-02
# H0W = 
#	 0.000000e+00 -2.399778e+03 -2.190671e+04
#	 2.399778e+03 0.000000e+00 -1.416847e+04
#	 2.190671e+04 1.416847e+04 0.000000e+00
# H0H0W = 
#	 0.000000e+00 1.277312e+07 3.816234e+09
#	 1.277312e+07 0.000000e+00 2.392790e+09
#	 3.816234e+09 2.392790e+09 0.000000e+00
# WH0W = 
#	 7.673626e+03 2.719668e+03 -2.047881e+04
#	 2.719668e+03 2.134142e+02 -1.410895e+04
#	 -2.047881e+04 -1.410895e+04 -7.887040e+03
#################################################
##            CALCULATION COMPLETED            ##
#################################################
# Psi[0]^2 = 0.013551 + I0.000000
# Psi[1]^2 = 0.955574 + I0.000000
# Psi[2]^2 = 0.030875 + I0.000000
# phi0 = -0.277227 
# phi1 = 2.225068 
# phi2 = -1.152294 
# Psi = 
#	-3.185951e-02+i(1.119630e-01)
#	7.756655e-01+i(-5.949092e-01)
#	-1.605494e-01+i(7.140869e-02)
#ProbSurv b 1-|Psi|^2 calls E tol dh dh(prev) dh(last)
0.297309929164	1	-2.07834e-12	9001	24.982	0.0001	0.0001	0.0001	5e-05
