# a = 0.100000
# b = 1.000000
# E = 25298.221281
# tol = 0.000100
# s12 = 0.554977
# s13 = 0.152971
# psi0 = 0.822075 + I0.000000	0.548446 + I0.000000	0.152971 + I0.000000
# dh = 0.000100
# out = data/E8.0e3.5_tol1e-4.log
# model = sun
# scan_steps = 100.000000
# H0 = 
#	 0.000000e+00 0.000000e+00 0.000000e+00
#	 0.000000e+00 5.256092e+00 0.000000e+00
#	 0.000000e+00 0.000000e+00 1.720263e+02
# W = 
#	 6.758072e-01 4.508635e-01 1.257533e-01
#	 4.508635e-01 3.007928e-01 8.389608e-02
#	 1.257533e-01 8.389608e-02 2.340000e-02
# H0W = 
#	 0.000000e+00 -2.369780e+00 -2.163288e+01
#	 2.369780e+00 0.000000e+00 -1.399137e+01
#	 2.163288e+01 1.399137e+01 0.000000e+00
# H0H0W = 
#	 0.000000e+00 1.245578e+01 3.721424e+03
#	 1.245578e+01 0.000000e+00 2.333344e+03
#	 3.721424e+03 2.333344e+03 0.000000e+00
# WH0W = 
#	 7.577705e+00 2.685672e+00 -2.022283e+01
#	 2.685672e+00 2.107465e-01 -1.393259e+01
#	 -2.022283e+01 -1.393259e+01 -7.788452e+00
#################################################
##            CALCULATION COMPLETED            ##
#################################################
# Psi[0]^2 = 0.038141 + I0.000000
# Psi[1]^2 = 0.054307 + I0.000000
# Psi[2]^2 = 0.907551 + I0.000000
# phi0 = -0.967761 
# phi1 = -0.198827 
# phi2 = 2.775658 
# Psi = 
#	-1.608511e-01+i(1.107624e-01)
#	-4.602969e-02+i(2.284481e-01)
#	3.408808e-01+i(-8.895795e-01)
#ProbSurv b 1-|Psi|^2 calls E tol dh dh(prev) dh(last)
0.063348163699	1	-1.15019e-13	9001	25298.2	0.0001	0.0001	0.0001	5e-05
