# a = 0.100000
# b = 1.000000
# E = 252.982213
# tol = 0.000100
# s12 = 0.554977
# s13 = 0.152971
# psi0 = 0.822075 + I0.000000	0.548446 + I0.000000	0.152971 + I0.000000
# dh = 0.000100
# out = data/E8.0e1.5_tol1e-4.log
# model = sun
# scan_steps = 100.000000
# H0 = 
#	 0.000000e+00 0.000000e+00 0.000000e+00
#	 0.000000e+00 5.256092e+02 0.000000e+00
#	 0.000000e+00 0.000000e+00 1.720263e+04
# W = 
#	 6.758072e-01 4.508635e-01 1.257533e-01
#	 4.508635e-01 3.007928e-01 8.389608e-02
#	 1.257533e-01 8.389608e-02 2.340000e-02
# H0W = 
#	 0.000000e+00 -2.369780e+02 -2.163288e+03
#	 2.369780e+02 0.000000e+00 -1.399137e+03
#	 2.163288e+03 1.399137e+03 0.000000e+00
# H0H0W = 
#	 0.000000e+00 1.245578e+05 3.721424e+07
#	 1.245578e+05 0.000000e+00 2.333344e+07
#	 3.721424e+07 2.333344e+07 0.000000e+00
# WH0W = 
#	 7.577705e+02 2.685672e+02 -2.022283e+03
#	 2.685672e+02 2.107465e+01 -1.393259e+03
#	 -2.022283e+03 -1.393259e+03 -7.788452e+02
#################################################
##            CALCULATION COMPLETED            ##
#################################################
# Psi[0]^2 = 0.000127 + I0.000000
# Psi[1]^2 = 0.102522 + I0.000000
# Psi[2]^2 = 0.897351 + I0.000000
# phi0 = 3.135065 
# phi1 = -3.129248 
# phi2 = 1.463580 
# Psi = 
#	7.348687e-05+i(-1.125758e-02)
#	-3.952506e-03+i(-3.201664e-01)
#	9.418467e-01+i(1.013702e-01)
#ProbSurv b 1-|Psi|^2 calls E tol dh dh(prev) dh(last)
0.0519215931691	1	-2.97984e-13	9001	252.982	0.0001	0.0001	0.0001	5e-05
