# a = 0.100000
# b = 1.000000
# E = 2529822.128135
# tol = 0.000100
# s12 = 0.554977
# s13 = 0.152971
# psi0 = 0.822075 + I0.000000	0.548446 + I0.000000	0.152971 + I0.000000
# dh = 0.000100
# out = data/E8.0e5.5_tol1e-4.log
# model = sun
# scan_steps = 100.000000
# H0 = 
#	 0.000000e+00 0.000000e+00 0.000000e+00
#	 0.000000e+00 5.256092e-02 0.000000e+00
#	 0.000000e+00 0.000000e+00 1.720263e+00
# W = 
#	 6.758072e-01 4.508635e-01 1.257533e-01
#	 4.508635e-01 3.007928e-01 8.389608e-02
#	 1.257533e-01 8.389608e-02 2.340000e-02
# H0W = 
#	 0.000000e+00 -2.369780e-02 -2.163288e-01
#	 2.369780e-02 0.000000e+00 -1.399137e-01
#	 2.163288e-01 1.399137e-01 0.000000e+00
# H0H0W = 
#	 0.000000e+00 1.245578e-03 3.721424e-01
#	 1.245578e-03 0.000000e+00 2.333344e-01
#	 3.721424e-01 2.333344e-01 0.000000e+00
# WH0W = 
#	 7.577705e-02 2.685672e-02 -2.022283e-01
#	 2.685672e-02 2.107465e-03 -1.393259e-01
#	 -2.022283e-01 -1.393259e-01 -7.788452e-02
#################################################
##            CALCULATION COMPLETED            ##
#################################################
# Psi[0]^2 = 0.666432 + I0.000000
# Psi[1]^2 = 0.300149 + I0.000000
# Psi[2]^2 = 0.033419 + I0.000000
# phi0 = 2.241472 
# phi1 = 2.248661 
# phi2 = 2.484023 
# Psi = 
#	6.395327e-01+i(-5.073758e-01)
#	4.267343e-01+i(-3.435793e-01)
#	1.117314e-01+i(-1.446891e-01)
#ProbSurv b 1-|Psi|^2 calls E tol dh dh(prev) dh(last)
0.541444356073	1	-6.23945e-14	9001	2.52982e+06	0.0001	0.0001	0.0001	5e-05
