# a = 0.100000
# b = 1.000000
# E = 2529.822128
# tol = 0.000100
# s12 = 0.554977
# s13 = 0.152971
# psi0 = 0.822075 + I0.000000	0.548446 + I0.000000	0.152971 + I0.000000
# dh = 0.000100
# out = data/E8.0e2.5_tol1e-4.log
# model = sun
# scan_steps = 100.000000
# H0 = 
#	 0.000000e+00 0.000000e+00 0.000000e+00
#	 0.000000e+00 5.256092e+01 0.000000e+00
#	 0.000000e+00 0.000000e+00 1.720263e+03
# W = 
#	 6.758072e-01 4.508635e-01 1.257533e-01
#	 4.508635e-01 3.007928e-01 8.389608e-02
#	 1.257533e-01 8.389608e-02 2.340000e-02
# H0W = 
#	 0.000000e+00 -2.369780e+01 -2.163288e+02
#	 2.369780e+01 0.000000e+00 -1.399137e+02
#	 2.163288e+02 1.399137e+02 0.000000e+00
# H0H0W = 
#	 0.000000e+00 1.245578e+03 3.721424e+05
#	 1.245578e+03 0.000000e+00 2.333344e+05
#	 3.721424e+05 2.333344e+05 0.000000e+00
# WH0W = 
#	 7.577705e+01 2.685672e+01 -2.022283e+02
#	 2.685672e+01 2.107465e+00 -1.393259e+02
#	 -2.022283e+02 -1.393259e+02 -7.788452e+01
#################################################
##            CALCULATION COMPLETED            ##
#################################################
# Psi[0]^2 = 0.000001 + I0.000000
# Psi[1]^2 = 0.000147 + I0.000000
# Psi[2]^2 = 0.999852 + I0.000000
# phi0 = -1.338290 
# phi1 = 3.027102 
# phi2 = 3.097535 
# Psi = 
#	-8.948012e-04+i(2.118792e-04)
#	1.387413e-03+i(-1.206516e-02)
#	4.403977e-02+i(-9.989555e-01)
#ProbSurv b 1-|Psi|^2 calls E tol dh dh(prev) dh(last)
0.0234414651366	1	-7.99361e-15	9001	2529.82	0.0001	0.0001	0.0001	5e-05
