# a = 0.100000
# b = 1.000000
# E = 0.800000
# tol = 0.000100
# s12 = 0.554977
# s13 = 0.152971
# psi0 = 0.822075 + I0.000000	0.548446 + I0.000000	0.152971 + I0.000000
# dh = 0.000100
# out = data/E8.0e-1.0_tol1e-4.log
# model = sun
# scan_steps = 100.000000
# H0 = 
#	 0.000000e+00 0.000000e+00 0.000000e+00
#	 0.000000e+00 1.662122e+05 0.000000e+00
#	 0.000000e+00 0.000000e+00 5.439950e+06
# W = 
#	 6.758072e-01 4.508635e-01 1.257533e-01
#	 4.508635e-01 3.007928e-01 8.389608e-02
#	 1.257533e-01 8.389608e-02 2.340000e-02
# H0W = 
#	 0.000000e+00 -7.493904e+04 -6.840916e+05
#	 7.493904e+04 0.000000e+00 -4.424459e+05
#	 6.840916e+05 4.424459e+05 0.000000e+00
# H0H0W = 
#	 0.000000e+00 1.245578e+10 3.721424e+12
#	 1.245578e+10 0.000000e+00 2.333344e+12
#	 3.721424e+12 2.333344e+12 0.000000e+00
# WH0W = 
#	 2.396281e+05 8.492841e+04 -6.395019e+05
#	 8.492841e+04 6.664390e+03 -4.405871e+05
#	 -6.395019e+05 -4.405871e+05 -2.462925e+05
#################################################
##            CALCULATION COMPLETED            ##
#################################################
# Psi[0]^2 = 0.615295 + I0.000000
# Psi[1]^2 = 0.361109 + I0.000000
# Psi[2]^2 = 0.023596 + I0.000000
# phi0 = -1.463277 
# phi1 = -0.991420 
# phi2 = -1.077487 
# Psi = 
#	-7.798777e-01+i(8.417627e-02)
#	-5.028554e-01+i(3.290067e-01)
#	-1.352957e-01+i(7.274117e-02)
#ProbSurv b 1-|Psi|^2 calls E tol dh dh(prev) dh(last)
0.524991807205	1	2.74907e-11	314514	0.8	0.0001	0.0001	2.86157e-06	2.02592e-06
