# a = 0.100000
# b = 1.000000
# E = 25.298221
# tol = 0.000100
# s12 = 0.554977
# s13 = 0.152971
# psi0 = 0.822075 + I0.000000	0.548446 + I0.000000	0.152971 + I0.000000
# dh = 0.000100
# out = data/E8.0e0.5_tol1e-4.log
# model = sun
# scan_steps = 100.000000
# H0 = 
#	 0.000000e+00 0.000000e+00 0.000000e+00
#	 0.000000e+00 5.256092e+03 0.000000e+00
#	 0.000000e+00 0.000000e+00 1.720263e+05
# W = 
#	 6.758072e-01 4.508635e-01 1.257533e-01
#	 4.508635e-01 3.007928e-01 8.389608e-02
#	 1.257533e-01 8.389608e-02 2.340000e-02
# H0W = 
#	 0.000000e+00 -2.369780e+03 -2.163288e+04
#	 2.369780e+03 0.000000e+00 -1.399137e+04
#	 2.163288e+04 1.399137e+04 0.000000e+00
# H0H0W = 
#	 0.000000e+00 1.245578e+07 3.721424e+09
#	 1.245578e+07 0.000000e+00 2.333344e+09
#	 3.721424e+09 2.333344e+09 0.000000e+00
# WH0W = 
#	 7.577705e+03 2.685672e+03 -2.022283e+04
#	 2.685672e+03 2.107465e+02 -1.393259e+04
#	 -2.022283e+04 -1.393259e+04 -7.788452e+03
#################################################
##            CALCULATION COMPLETED            ##
#################################################
# Psi[0]^2 = 0.013202 + I0.000000
# Psi[1]^2 = 0.955807 + I0.000000
# Psi[2]^2 = 0.030991 + I0.000000
# phi0 = 1.308124 
# phi1 = -2.741229 
# phi2 = -0.541678 
# Psi = 
#	1.109569e-01+i(2.983463e-02)
#	-3.810435e-01+i(-9.003406e-01)
#	-9.076313e-02+i(1.508414e-01)
#ProbSurv b 1-|Psi|^2 calls E tol dh dh(prev) dh(last)
0.297146868249	1	-1.9309e-12	9001	25.2982	0.0001	0.0001	0.0001	5e-05
