# a = 0.100000
# b = 1.000000
# E = 800000.000000
# tol = 0.000100
# s12 = 0.554977
# s13 = 0.152971
# psi0 = 0.822075 + I0.000000	0.548446 + I0.000000	0.152971 + I0.000000
# dh = 0.000100
# out = data/E8.0e5.0_tol1e-4.log
# model = sun
# scan_steps = 100.000000
# H0 = 
#	 0.000000e+00 0.000000e+00 0.000000e+00
#	 0.000000e+00 1.662122e-01 0.000000e+00
#	 0.000000e+00 0.000000e+00 5.439950e+00
# W = 
#	 6.758072e-01 4.508635e-01 1.257533e-01
#	 4.508635e-01 3.007928e-01 8.389608e-02
#	 1.257533e-01 8.389608e-02 2.340000e-02
# H0W = 
#	 0.000000e+00 -7.493904e-02 -6.840916e-01
#	 7.493904e-02 0.000000e+00 -4.424459e-01
#	 6.840916e-01 4.424459e-01 0.000000e+00
# H0H0W = 
#	 0.000000e+00 1.245578e-02 3.721424e+00
#	 1.245578e-02 0.000000e+00 2.333344e+00
#	 3.721424e+00 2.333344e+00 0.000000e+00
# WH0W = 
#	 2.396281e-01 8.492841e-02 -6.395019e-01
#	 8.492841e-02 6.664390e-03 -4.405871e-01
#	 -6.395019e-01 -4.405871e-01 -2.462925e-01
#################################################
##            CALCULATION COMPLETED            ##
#################################################
# Psi[0]^2 = 0.639737 + I0.000000
# Psi[1]^2 = 0.295656 + I0.000000
# Psi[2]^2 = 0.064607 + I0.000000
# phi0 = 2.335244 
# phi1 = 2.357970 
# phi2 = -3.135043 
# Psi = 
#	5.772930e-01+i(-5.535971e-01)
#	3.838008e-01+i(-3.851658e-01)
#	-1.664692e-03+i(-2.541741e-01)
#ProbSurv b 1-|Psi|^2 calls E tol dh dh(prev) dh(last)
0.522781793869	1	-9.81437e-14	9001	800000	0.0001	0.0001	0.0001	5e-05
