# a = 0.100000
# b = 1.000000
# E = 25614.449047
# tol = 0.000100
# s12 = 0.554977
# s13 = 0.152971
# psi0 = 0.822075 + I0.000000	0.548446 + I0.000000	0.152971 + I0.000000
# dh = 0.000100
# out = data/E8.1e3.5_tol1e-4.log
# model = sun
# scan_steps = 100.000000
# H0 = 
#	 0.000000e+00 0.000000e+00 0.000000e+00
#	 0.000000e+00 5.191202e+00 0.000000e+00
#	 0.000000e+00 0.000000e+00 1.699025e+02
# W = 
#	 6.758072e-01 4.508635e-01 1.257533e-01
#	 4.508635e-01 3.007928e-01 8.389608e-02
#	 1.257533e-01 8.389608e-02 2.340000e-02
# H0W = 
#	 0.000000e+00 -2.340524e+00 -2.136580e+01
#	 2.340524e+00 0.000000e+00 -1.381864e+01
#	 2.136580e+01 1.381864e+01 0.000000e+00
# H0H0W = 
#	 0.000000e+00 1.215013e+01 3.630104e+03
#	 1.215013e+01 0.000000e+00 2.276086e+03
#	 3.630104e+03 2.276086e+03 0.000000e+00
# WH0W = 
#	 7.484154e+00 2.652516e+00 -1.997316e+01
#	 2.652516e+00 2.081447e-01 -1.376058e+01
#	 -1.997316e+01 -1.376058e+01 -7.692298e+00
#################################################
##            CALCULATION COMPLETED            ##
#################################################
# Psi[0]^2 = 0.039693 + I0.000000
# Psi[1]^2 = 0.055977 + I0.000000
# Psi[2]^2 = 0.904330 + I0.000000
# phi0 = -0.998857 
# phi1 = -0.243060 
# phi2 = 1.807197 
# Psi = 
#	-1.675238e-01+i(1.078364e-01)
#	-5.694220e-02+i(2.296401e-01)
#	9.245138e-01+i(-2.227202e-01)
#ProbSurv b 1-|Psi|^2 calls E tol dh dh(prev) dh(last)
0.0648235468128	1	-1.07025e-13	9001	25614.4	0.0001	0.0001	0.0001	5e-05
