# a = 0.100000
# b = 1.000000
# E = 2561444.904736
# tol = 0.000100
# s12 = 0.554977
# s13 = 0.152971
# psi0 = 0.822075 + I0.000000	0.548446 + I0.000000	0.152971 + I0.000000
# dh = 0.000100
# out = data/E8.1e5.5_tol1e-4.log
# model = sun
# scan_steps = 100.000000
# H0 = 
#	 0.000000e+00 0.000000e+00 0.000000e+00
#	 0.000000e+00 5.191202e-02 0.000000e+00
#	 0.000000e+00 0.000000e+00 1.699025e+00
# W = 
#	 6.758072e-01 4.508635e-01 1.257533e-01
#	 4.508635e-01 3.007928e-01 8.389608e-02
#	 1.257533e-01 8.389608e-02 2.340000e-02
# H0W = 
#	 0.000000e+00 -2.340524e-02 -2.136580e-01
#	 2.340524e-02 0.000000e+00 -1.381864e-01
#	 2.136580e-01 1.381864e-01 0.000000e+00
# H0H0W = 
#	 0.000000e+00 1.215013e-03 3.630104e-01
#	 1.215013e-03 0.000000e+00 2.276086e-01
#	 3.630104e-01 2.276086e-01 0.000000e+00
# WH0W = 
#	 7.484154e-02 2.652516e-02 -1.997316e-01
#	 2.652516e-02 2.081447e-03 -1.376058e-01
#	 -1.997316e-01 -1.376058e-01 -7.692298e-02
#################################################
##            CALCULATION COMPLETED            ##
#################################################
# Psi[0]^2 = 0.666559 + I0.000000
# Psi[1]^2 = 0.300162 + I0.000000
# Psi[2]^2 = 0.033279 + I0.000000
# phi0 = 2.240938 
# phi1 = 2.248039 
# phi2 = 2.480411 
# Psi = 
#	6.398643e-01+i(-5.070824e-01)
#	4.269575e-01+i(-3.433211e-01)
#	1.120182e-01+i(-1.439823e-01)
#ProbSurv b 1-|Psi|^2 calls E tol dh dh(prev) dh(last)
0.541530662592	1	-9.72555e-14	9001	2.56144e+06	0.0001	0.0001	0.0001	5e-05
