# a = 0.100000
# b = 1.000000
# E = 81.000000
# tol = 0.000100
# s12 = 0.554977
# s13 = 0.152971
# psi0 = 0.822075 + I0.000000	0.548446 + I0.000000	0.152971 + I0.000000
# dh = 0.000100
# out = data/E8.1e1.0_tol1e-4.log
# model = sun
# scan_steps = 100.000000
# H0 = 
#	 0.000000e+00 0.000000e+00 0.000000e+00
#	 0.000000e+00 1.641602e+03 0.000000e+00
#	 0.000000e+00 0.000000e+00 5.372790e+04
# W = 
#	 6.758072e-01 4.508635e-01 1.257533e-01
#	 4.508635e-01 3.007928e-01 8.389608e-02
#	 1.257533e-01 8.389608e-02 2.340000e-02
# H0W = 
#	 0.000000e+00 -7.401386e+02 -6.756460e+03
#	 7.401386e+02 0.000000e+00 -4.369836e+03
#	 6.756460e+03 4.369836e+03 0.000000e+00
# H0H0W = 
#	 0.000000e+00 1.215013e+06 3.630104e+08
#	 1.215013e+06 0.000000e+00 2.276086e+08
#	 3.630104e+08 2.276086e+08 0.000000e+00
# WH0W = 
#	 2.366697e+03 8.387991e+02 -6.316068e+03
#	 8.387991e+02 6.582113e+01 -4.351477e+03
#	 -6.316068e+03 -4.351477e+03 -2.432518e+03
#################################################
##            CALCULATION COMPLETED            ##
#################################################
# Psi[0]^2 = 0.001205 + I0.000000
# Psi[1]^2 = 0.931292 + I0.000000
# Psi[2]^2 = 0.067503 + I0.000000
# phi0 = -2.276216 
# phi1 = -2.565916 
# phi2 = -1.776980 
# Psi = 
#	-2.642921e-02+i(-2.250698e-02)
#	-5.253672e-01+i(-8.094945e-01)
#	-2.543103e-01+i(-5.319044e-02)
#ProbSurv b 1-|Psi|^2 calls E tol dh dh(prev) dh(last)
0.282519878845	1	2.83662e-13	9001	81	0.0001	0.0001	0.0001	5e-05
