# a = 0.100000
# b = 1.000000
# E = 8100000.000000
# tol = 0.000100
# s12 = 0.554977
# s13 = 0.152971
# psi0 = 0.822075 + I0.000000	0.548446 + I0.000000	0.152971 + I0.000000
# dh = 0.000100
# out = data/E8.1e6.0_tol1e-4.log
# model = sun
# scan_steps = 100.000000
# H0 = 
#	 0.000000e+00 0.000000e+00 0.000000e+00
#	 0.000000e+00 1.641602e-02 0.000000e+00
#	 0.000000e+00 0.000000e+00 5.372790e-01
# W = 
#	 6.758072e-01 4.508635e-01 1.257533e-01
#	 4.508635e-01 3.007928e-01 8.389608e-02
#	 1.257533e-01 8.389608e-02 2.340000e-02
# H0W = 
#	 0.000000e+00 -7.401386e-03 -6.756460e-02
#	 7.401386e-03 0.000000e+00 -4.369836e-02
#	 6.756460e-02 4.369836e-02 0.000000e+00
# H0H0W = 
#	 0.000000e+00 1.215013e-04 3.630104e-02
#	 1.215013e-04 0.000000e+00 2.276086e-02
#	 3.630104e-02 2.276086e-02 0.000000e+00
# WH0W = 
#	 2.366697e-02 8.387991e-03 -6.316068e-02
#	 8.387991e-03 6.582113e-04 -4.351477e-02
#	 -6.316068e-02 -4.351477e-02 -2.432518e-02
#################################################
##            CALCULATION COMPLETED            ##
#################################################
# Psi[0]^2 = 0.673068 + I0.000000
# Psi[1]^2 = 0.300680 + I0.000000
# Psi[2]^2 = 0.026252 + I0.000000
# phi0 = 2.211827 
# phi1 = 2.214074 
# phi2 = 2.286088 
# Psi = 
#	6.575398e-01+i(-4.906210e-01)
#	4.387484e-01+i(-3.289078e-01)
#	1.223126e-01+i(-1.062618e-01)
#ProbSurv b 1-|Psi|^2 calls E tol dh dh(prev) dh(last)
0.545920733576	1	-9.39249e-14	9001	8.1e+06	0.0001	0.0001	0.0001	5e-05
