# a = 0.100000
# b = 1.000000
# E = 8.200000
# tol = 0.000100
# s12 = 0.554977
# s13 = 0.152971
# psi0 = 0.822075 + I0.000000	0.548446 + I0.000000	0.152971 + I0.000000
# dh = 0.000100
# out = data/E8.2e0.0_tol1e-4.log
# model = sun
# scan_steps = 100.000000
# H0 = 
#	 0.000000e+00 0.000000e+00 0.000000e+00
#	 0.000000e+00 1.621583e+04 0.000000e+00
#	 0.000000e+00 0.000000e+00 5.307268e+05
# W = 
#	 6.758072e-01 4.508635e-01 1.257533e-01
#	 4.508635e-01 3.007928e-01 8.389608e-02
#	 1.257533e-01 8.389608e-02 2.340000e-02
# H0W = 
#	 0.000000e+00 -7.311126e+03 -6.674064e+04
#	 7.311126e+03 0.000000e+00 -4.316545e+04
#	 6.674064e+04 4.316545e+04 0.000000e+00
# H0H0W = 
#	 0.000000e+00 1.185560e+08 3.542105e+10
#	 1.185560e+08 0.000000e+00 2.220910e+10
#	 3.542105e+10 2.220910e+10 0.000000e+00
# WH0W = 
#	 2.337835e+04 8.285698e+03 -6.239043e+04
#	 8.285698e+03 6.501844e+02 -4.298411e+04
#	 -6.239043e+04 -4.298411e+04 -2.402853e+04
#################################################
##            CALCULATION COMPLETED            ##
#################################################
# Psi[0]^2 = 0.129402 + I0.000000
# Psi[1]^2 = 0.845030 + I0.000000
# Psi[2]^2 = 0.025568 + I0.000000
# phi0 = -1.684082 
# phi1 = 1.970493 
# phi2 = -2.706377 
# Psi = 
#	-3.574197e-01+i(-4.066456e-02)
#	8.467983e-01+i(-3.577181e-01)
#	-6.741483e-02+i(-1.449939e-01)
#ProbSurv b 1-|Psi|^2 calls E tol dh dh(prev) dh(last)
0.342228204499	1	-8.45168e-12	24348	8.2	0.0001	0.0001	3.6967e-05	1.88952e-05
