# a = 0.100000
# b = 1.000000
# E = 2593067.681338
# tol = 0.000100
# s12 = 0.554977
# s13 = 0.152971
# psi0 = 0.822075 + I0.000000	0.548446 + I0.000000	0.152971 + I0.000000
# dh = 0.000100
# out = data/E8.2e5.5_tol1e-4.log
# model = sun
# scan_steps = 100.000000
# H0 = 
#	 0.000000e+00 0.000000e+00 0.000000e+00
#	 0.000000e+00 5.127895e-02 0.000000e+00
#	 0.000000e+00 0.000000e+00 1.678306e+00
# W = 
#	 6.758072e-01 4.508635e-01 1.257533e-01
#	 4.508635e-01 3.007928e-01 8.389608e-02
#	 1.257533e-01 8.389608e-02 2.340000e-02
# H0W = 
#	 0.000000e+00 -2.311981e-02 -2.110524e-01
#	 2.311981e-02 0.000000e+00 -1.365012e-01
#	 2.110524e-01 1.365012e-01 0.000000e+00
# H0H0W = 
#	 0.000000e+00 1.185560e-03 3.542105e-01
#	 1.185560e-03 0.000000e+00 2.220910e-01
#	 3.542105e-01 2.220910e-01 0.000000e+00
# WH0W = 
#	 7.392883e-02 2.620168e-02 -1.972959e-01
#	 2.620168e-02 2.056063e-03 -1.359277e-01
#	 -1.972959e-01 -1.359277e-01 -7.598490e-02
#################################################
##            CALCULATION COMPLETED            ##
#################################################
# Psi[0]^2 = 0.666682 + I0.000000
# Psi[1]^2 = 0.300175 + I0.000000
# Psi[2]^2 = 0.033143 + I0.000000
# phi0 = 2.240417 
# phi1 = 2.247431 
# phi2 = 2.476890 
# Psi = 
#	6.401876e-01+i(-5.067960e-01)
#	4.271750e-01+i(-3.430689e-01)
#	1.122943e-01+i(-1.432932e-01)
#ProbSurv b 1-|Psi|^2 calls E tol dh dh(prev) dh(last)
0.541614650072	1	-1.07248e-13	9001	2.59307e+06	0.0001	0.0001	0.0001	5e-05
