# a = 0.100000
# b = 1.000000
# E = 82.000000
# tol = 0.000100
# s12 = 0.554977
# s13 = 0.152971
# psi0 = 0.822075 + I0.000000	0.548446 + I0.000000	0.152971 + I0.000000
# dh = 0.000100
# out = data/E8.2e1.0_tol1e-4.log
# model = sun
# scan_steps = 100.000000
# H0 = 
#	 0.000000e+00 0.000000e+00 0.000000e+00
#	 0.000000e+00 1.621583e+03 0.000000e+00
#	 0.000000e+00 0.000000e+00 5.307268e+04
# W = 
#	 6.758072e-01 4.508635e-01 1.257533e-01
#	 4.508635e-01 3.007928e-01 8.389608e-02
#	 1.257533e-01 8.389608e-02 2.340000e-02
# H0W = 
#	 0.000000e+00 -7.311126e+02 -6.674064e+03
#	 7.311126e+02 0.000000e+00 -4.316545e+03
#	 6.674064e+03 4.316545e+03 0.000000e+00
# H0H0W = 
#	 0.000000e+00 1.185560e+06 3.542105e+08
#	 1.185560e+06 0.000000e+00 2.220910e+08
#	 3.542105e+08 2.220910e+08 0.000000e+00
# WH0W = 
#	 2.337835e+03 8.285698e+02 -6.239043e+03
#	 8.285698e+02 6.501844e+01 -4.298411e+03
#	 -6.239043e+03 -4.298411e+03 -2.402853e+03
#################################################
##            CALCULATION COMPLETED            ##
#################################################
# Psi[0]^2 = 0.001175 + I0.000000
# Psi[1]^2 = 0.930194 + I0.000000
# Psi[2]^2 = 0.068631 + I0.000000
# phi0 = 1.189522 
# phi1 = 0.819839 
# phi2 = -0.591571 
# Psi = 
#	3.181585e-02+i(1.275470e-02)
#	7.050592e-01+i(6.580922e-01)
#	-1.460948e-01+i(2.174568e-01)
#ProbSurv b 1-|Psi|^2 calls E tol dh dh(prev) dh(last)
0.282195633125	1	3.86691e-13	9001	82	0.0001	0.0001	0.0001	5e-05
