# a = 0.100000
# b = 1.000000
# E = 259.306768
# tol = 0.000100
# s12 = 0.554977
# s13 = 0.152971
# psi0 = 0.822075 + I0.000000	0.548446 + I0.000000	0.152971 + I0.000000
# dh = 0.000100
# out = data/E8.2e1.5_tol1e-4.log
# model = sun
# scan_steps = 100.000000
# H0 = 
#	 0.000000e+00 0.000000e+00 0.000000e+00
#	 0.000000e+00 5.127895e+02 0.000000e+00
#	 0.000000e+00 0.000000e+00 1.678306e+04
# W = 
#	 6.758072e-01 4.508635e-01 1.257533e-01
#	 4.508635e-01 3.007928e-01 8.389608e-02
#	 1.257533e-01 8.389608e-02 2.340000e-02
# H0W = 
#	 0.000000e+00 -2.311981e+02 -2.110524e+03
#	 2.311981e+02 0.000000e+00 -1.365012e+03
#	 2.110524e+03 1.365012e+03 0.000000e+00
# H0H0W = 
#	 0.000000e+00 1.185560e+05 3.542105e+07
#	 1.185560e+05 0.000000e+00 2.220910e+07
#	 3.542105e+07 2.220910e+07 0.000000e+00
# WH0W = 
#	 7.392883e+02 2.620168e+02 -1.972959e+03
#	 2.620168e+02 2.056063e+01 -1.359277e+03
#	 -1.972959e+03 -1.359277e+03 -7.598490e+02
#################################################
##            CALCULATION COMPLETED            ##
#################################################
# Psi[0]^2 = 0.000115 + I0.000000
# Psi[1]^2 = 0.091018 + I0.000000
# Psi[2]^2 = 0.908868 + I0.000000
# phi0 = 0.435353 
# phi1 = 1.615239 
# phi2 = -0.139441 
# Psi = 
#	4.513203e-03+i(9.703384e-03)
#	3.013940e-01+i(-1.340350e-02)
#	-1.325054e-01+i(9.440921e-01)
#ProbSurv b 1-|Psi|^2 calls E tol dh dh(prev) dh(last)
0.0487224455648	1	-3.79252e-13	9001	259.307	0.0001	0.0001	0.0001	5e-05
