# a = 0.100000
# b = 1.000000
# E = 25930.676813
# tol = 0.000100
# s12 = 0.554977
# s13 = 0.152971
# psi0 = 0.822075 + I0.000000	0.548446 + I0.000000	0.152971 + I0.000000
# dh = 0.000100
# out = data/E8.2e3.5_tol1e-4.log
# model = sun
# scan_steps = 100.000000
# H0 = 
#	 0.000000e+00 0.000000e+00 0.000000e+00
#	 0.000000e+00 5.127895e+00 0.000000e+00
#	 0.000000e+00 0.000000e+00 1.678306e+02
# W = 
#	 6.758072e-01 4.508635e-01 1.257533e-01
#	 4.508635e-01 3.007928e-01 8.389608e-02
#	 1.257533e-01 8.389608e-02 2.340000e-02
# H0W = 
#	 0.000000e+00 -2.311981e+00 -2.110524e+01
#	 2.311981e+00 0.000000e+00 -1.365012e+01
#	 2.110524e+01 1.365012e+01 0.000000e+00
# H0H0W = 
#	 0.000000e+00 1.185560e+01 3.542105e+03
#	 1.185560e+01 0.000000e+00 2.220910e+03
#	 3.542105e+03 2.220910e+03 0.000000e+00
# WH0W = 
#	 7.392883e+00 2.620168e+00 -1.972959e+01
#	 2.620168e+00 2.056063e-01 -1.359277e+01
#	 -1.972959e+01 -1.359277e+01 -7.598490e+00
#################################################
##            CALCULATION COMPLETED            ##
#################################################
# Psi[0]^2 = 0.041416 + I0.000000
# Psi[1]^2 = 0.057478 + I0.000000
# Psi[2]^2 = 0.901106 + I0.000000
# phi0 = -1.031157 
# phi1 = -0.288735 
# phi2 = 0.864538 
# Psi = 
#	-1.745884e-01+i(1.045679e-01)
#	-6.826548e-02+i(2.298223e-01)
#	7.221975e-01+i(6.160655e-01)
#ProbSurv b 1-|Psi|^2 calls E tol dh dh(prev) dh(last)
0.0663639147669	1	-8.08242e-14	9001	25930.7	0.0001	0.0001	0.0001	5e-05
