# a = 0.100000
# b = 1.000000
# E = 0.830000
# tol = 0.000100
# s12 = 0.554977
# s13 = 0.152971
# psi0 = 0.822075 + I0.000000	0.548446 + I0.000000	0.152971 + I0.000000
# dh = 0.000100
# out = data/E8.3e-1.0_tol1e-4.log
# model = sun
# scan_steps = 100.000000
# H0 = 
#	 0.000000e+00 0.000000e+00 0.000000e+00
#	 0.000000e+00 1.602046e+05 0.000000e+00
#	 0.000000e+00 0.000000e+00 5.243325e+06
# W = 
#	 6.758072e-01 4.508635e-01 1.257533e-01
#	 4.508635e-01 3.007928e-01 8.389608e-02
#	 1.257533e-01 8.389608e-02 2.340000e-02
# H0W = 
#	 0.000000e+00 -7.223040e+04 -6.593654e+05
#	 7.223040e+04 0.000000e+00 -4.264539e+05
#	 6.593654e+05 4.264539e+05 0.000000e+00
# H0H0W = 
#	 0.000000e+00 1.157164e+10 3.457267e+12
#	 1.157164e+10 0.000000e+00 2.167717e+12
#	 3.457267e+12 2.167717e+12 0.000000e+00
# WH0W = 
#	 2.309668e+05 8.185870e+04 -6.163874e+05
#	 8.185870e+04 6.423508e+03 -4.246623e+05
#	 -6.163874e+05 -4.246623e+05 -2.373903e+05
#################################################
##            CALCULATION COMPLETED            ##
#################################################
# Psi[0]^2 = 0.612875 + I0.000000
# Psi[1]^2 = 0.363521 + I0.000000
# Psi[2]^2 = 0.023604 + I0.000000
# phi0 = -2.693345 
# phi1 = -3.129949 
# phi2 = 2.611755 
# Psi = 
#	-3.392825e-01+i(-7.055230e-01)
#	-7.020165e-03+i(-6.028861e-01)
#	7.764591e-02+i(-1.325697e-01)
#ProbSurv b 1-|Psi|^2 calls E tol dh dh(prev) dh(last)
0.524082434863	1	6.29696e-12	321394	0.83	0.0001	0.0001	2.80032e-06	1.69606e-06
