# a = 0.100000
# b = 1.000000
# E = 2.624690
# tol = 0.000100
# s12 = 0.554977
# s13 = 0.152971
# psi0 = 0.822075 + I0.000000	0.548446 + I0.000000	0.152971 + I0.000000
# dh = 0.000100
# out = data/E8.3e-0.5_tol1e-4.log
# model = sun
# scan_steps = 100.000000
# H0 = 
#	 0.000000e+00 0.000000e+00 0.000000e+00
#	 0.000000e+00 5.066113e+04 0.000000e+00
#	 0.000000e+00 0.000000e+00 1.658085e+06
# W = 
#	 6.758072e-01 4.508635e-01 1.257533e-01
#	 4.508635e-01 3.007928e-01 8.389608e-02
#	 1.257533e-01 8.389608e-02 2.340000e-02
# H0W = 
#	 0.000000e+00 -2.284126e+04 -2.085096e+05
#	 2.284126e+04 0.000000e+00 -1.348566e+05
#	 2.085096e+05 1.348566e+05 0.000000e+00
# H0H0W = 
#	 0.000000e+00 1.157164e+09 3.457267e+11
#	 1.157164e+09 0.000000e+00 2.167717e+11
#	 3.457267e+11 2.167717e+11 0.000000e+00
# WH0W = 
#	 7.303812e+04 2.588600e+04 -1.949188e+05
#	 2.588600e+04 2.031292e+03 -1.342900e+05
#	 -1.949188e+05 -1.342900e+05 -7.506942e+04
#################################################
##            CALCULATION COMPLETED            ##
#################################################
# Psi[0]^2 = 0.456858 + I0.000000
# Psi[1]^2 = 0.519090 + I0.000000
# Psi[2]^2 = 0.024053 + I0.000000
# phi0 = 1.152287 
# phi1 = -0.560709 
# phi2 = -2.411127 
# Psi = 
#	6.175782e-01+i(2.746901e-01)
#	-3.831410e-01+i(6.101578e-01)
#	-1.034786e-01+i(-1.155209e-01)
#ProbSurv b 1-|Psi|^2 calls E tol dh dh(prev) dh(last)
0.465448853064	1	-1.0254e-11	105490	2.62469	0.0001	0.0001	8.5317e-06	8.42765e-06
