# a = 0.100000
# b = 1.000000
# E = 262469.045794
# tol = 0.000100
# s12 = 0.554977
# s13 = 0.152971
# psi0 = 0.822075 + I0.000000	0.548446 + I0.000000	0.152971 + I0.000000
# dh = 0.000100
# out = data/E8.3e4.5_tol1e-4.log
# model = sun
# scan_steps = 100.000000
# H0 = 
#	 0.000000e+00 0.000000e+00 0.000000e+00
#	 0.000000e+00 5.066113e-01 0.000000e+00
#	 0.000000e+00 0.000000e+00 1.658085e+01
# W = 
#	 6.758072e-01 4.508635e-01 1.257533e-01
#	 4.508635e-01 3.007928e-01 8.389608e-02
#	 1.257533e-01 8.389608e-02 2.340000e-02
# H0W = 
#	 0.000000e+00 -2.284126e-01 -2.085096e+00
#	 2.284126e-01 0.000000e+00 -1.348566e+00
#	 2.085096e+00 1.348566e+00 0.000000e+00
# H0H0W = 
#	 0.000000e+00 1.157164e-01 3.457267e+01
#	 1.157164e-01 0.000000e+00 2.167717e+01
#	 3.457267e+01 2.167717e+01 0.000000e+00
# WH0W = 
#	 7.303812e-01 2.588600e-01 -1.949188e+00
#	 2.588600e-01 2.031292e-02 -1.342900e+00
#	 -1.949188e+00 -1.342900e+00 -7.506942e-01
#################################################
##            CALCULATION COMPLETED            ##
#################################################
# Psi[0]^2 = 0.525492 + I0.000000
# Psi[1]^2 = 0.262609 + I0.000000
# Psi[2]^2 = 0.211899 + I0.000000
# phi0 = 2.590237 
# phi1 = 2.660923 
# phi2 = -0.793071 
# Psi = 
#	3.797379e-01+i(-6.174881e-01)
#	2.369449e-01+i(-4.543854e-01)
#	-3.279865e-01+i(3.229914e-01)
#ProbSurv b 1-|Psi|^2 calls E tol dh dh(prev) dh(last)
 0.43908090721	1	-1.35891e-13	9001	262469	0.0001	0.0001	0.0001	5e-05
