# a = 0.100000
# b = 1.000000
# E = 26.246905
# tol = 0.000100
# s12 = 0.554977
# s13 = 0.152971
# psi0 = 0.822075 + I0.000000	0.548446 + I0.000000	0.152971 + I0.000000
# dh = 0.000100
# out = data/E8.3e0.5_tol1e-4.log
# model = sun
# scan_steps = 100.000000
# H0 = 
#	 0.000000e+00 0.000000e+00 0.000000e+00
#	 0.000000e+00 5.066113e+03 0.000000e+00
#	 0.000000e+00 0.000000e+00 1.658085e+05
# W = 
#	 6.758072e-01 4.508635e-01 1.257533e-01
#	 4.508635e-01 3.007928e-01 8.389608e-02
#	 1.257533e-01 8.389608e-02 2.340000e-02
# H0W = 
#	 0.000000e+00 -2.284126e+03 -2.085096e+04
#	 2.284126e+03 0.000000e+00 -1.348566e+04
#	 2.085096e+04 1.348566e+04 0.000000e+00
# H0H0W = 
#	 0.000000e+00 1.157164e+07 3.457267e+09
#	 1.157164e+07 0.000000e+00 2.167717e+09
#	 3.457267e+09 2.167717e+09 0.000000e+00
# WH0W = 
#	 7.303812e+03 2.588600e+03 -1.949188e+04
#	 2.588600e+03 2.031292e+02 -1.342900e+04
#	 -1.949188e+04 -1.342900e+04 -7.506942e+03
#################################################
##            CALCULATION COMPLETED            ##
#################################################
# Psi[0]^2 = 0.012202 + I0.000000
# Psi[1]^2 = 0.956456 + I0.000000
# Psi[2]^2 = 0.031342 + I0.000000
# phi0 = 0.201168 
# phi1 = -3.122119 
# phi2 = 1.891204 
# Psi = 
#	2.207174e-02+i(1.082338e-01)
#	-1.904378e-02+i(-9.778004e-01)
#	1.680268e-01+i(-5.575833e-02)
#ProbSurv b 1-|Psi|^2 calls E tol dh dh(prev) dh(last)
0.296674574118	1	-2.90701e-12	9001	26.2469	0.0001	0.0001	0.0001	5e-05
