# a = 0.100000
# b = 1.000000
# E = 26246.904579
# tol = 0.000100
# s12 = 0.554977
# s13 = 0.152971
# psi0 = 0.822075 + I0.000000	0.548446 + I0.000000	0.152971 + I0.000000
# dh = 0.000100
# out = data/E8.3e3.5_tol1e-4.log
# model = sun
# scan_steps = 100.000000
# H0 = 
#	 0.000000e+00 0.000000e+00 0.000000e+00
#	 0.000000e+00 5.066113e+00 0.000000e+00
#	 0.000000e+00 0.000000e+00 1.658085e+02
# W = 
#	 6.758072e-01 4.508635e-01 1.257533e-01
#	 4.508635e-01 3.007928e-01 8.389608e-02
#	 1.257533e-01 8.389608e-02 2.340000e-02
# H0W = 
#	 0.000000e+00 -2.284126e+00 -2.085096e+01
#	 2.284126e+00 0.000000e+00 -1.348566e+01
#	 2.085096e+01 1.348566e+01 0.000000e+00
# H0H0W = 
#	 0.000000e+00 1.157164e+01 3.457267e+03
#	 1.157164e+01 0.000000e+00 2.167717e+03
#	 3.457267e+03 2.167717e+03 0.000000e+00
# WH0W = 
#	 7.303812e+00 2.588600e+00 -1.949188e+01
#	 2.588600e+00 2.031292e-01 -1.342900e+01
#	 -1.949188e+01 -1.342900e+01 -7.506942e+00
#################################################
##            CALCULATION COMPLETED            ##
#################################################
# Psi[0]^2 = 0.043135 + I0.000000
# Psi[1]^2 = 0.058663 + I0.000000
# Psi[2]^2 = 0.898202 + I0.000000
# phi0 = -1.065212 
# phi1 = -0.333725 
# phi2 = -0.053657 
# Psi = 
#	-1.817063e-01+i(1.005882e-01)
#	-7.933757e-02+i(2.288416e-01)
#	-5.082838e-02+i(9.463711e-01)
#ProbSurv b 1-|Psi|^2 calls E tol dh dh(prev) dh(last)
0.0678143832484	1	-1.03251e-13	9001	26246.9	0.0001	0.0001	0.0001	5e-05
