# a = 0.100000
# b = 1.000000
# E = 26563.132345
# tol = 0.000100
# s12 = 0.554977
# s13 = 0.152971
# psi0 = 0.822075 + I0.000000	0.548446 + I0.000000	0.152971 + I0.000000
# dh = 0.000100
# out = data/E8.4e3.5_tol1e-4.log
# model = sun
# scan_steps = 100.000000
# H0 = 
#	 0.000000e+00 0.000000e+00 0.000000e+00
#	 0.000000e+00 5.005802e+00 0.000000e+00
#	 0.000000e+00 0.000000e+00 1.638346e+02
# W = 
#	 6.758072e-01 4.508635e-01 1.257533e-01
#	 4.508635e-01 3.007928e-01 8.389608e-02
#	 1.257533e-01 8.389608e-02 2.340000e-02
# H0W = 
#	 0.000000e+00 -2.256934e+00 -2.060274e+01
#	 2.256934e+00 0.000000e+00 -1.332511e+01
#	 2.060274e+01 1.332511e+01 0.000000e+00
# H0H0W = 
#	 0.000000e+00 1.129776e+01 3.375441e+03
#	 1.129776e+01 0.000000e+00 2.116411e+03
#	 3.375441e+03 2.116411e+03 0.000000e+00
# WH0W = 
#	 7.216862e+00 2.557783e+00 -1.925983e+01
#	 2.557783e+00 2.007110e-01 -1.326913e+01
#	 -1.925983e+01 -1.326913e+01 -7.417573e+00
#################################################
##            CALCULATION COMPLETED            ##
#################################################
# Psi[0]^2 = 0.044699 + I0.000000
# Psi[1]^2 = 0.059611 + I0.000000
# Psi[2]^2 = 0.895690 + I0.000000
# phi0 = -1.099751 
# phi1 = -0.375991 
# phi2 = -0.948246 
# Psi = 
#	-1.883955e-01+i(9.594643e-02)
#	-8.965182e-02+i(2.270982e-01)
#	-7.688572e-01+i(5.518596e-01)
#ProbSurv b 1-|Psi|^2 calls E tol dh dh(prev) dh(last)
0.0690973488472	1	-8.88178e-14	9001	26563.1	0.0001	0.0001	0.0001	5e-05
