# a = 0.100000
# b = 1.000000
# E = 84.000000
# tol = 0.000100
# s12 = 0.554977
# s13 = 0.152971
# psi0 = 0.822075 + I0.000000	0.548446 + I0.000000	0.152971 + I0.000000
# dh = 0.000100
# out = data/E8.4e1.0_tol1e-4.log
# model = sun
# scan_steps = 100.000000
# H0 = 
#	 0.000000e+00 0.000000e+00 0.000000e+00
#	 0.000000e+00 1.582974e+03 0.000000e+00
#	 0.000000e+00 0.000000e+00 5.180905e+04
# W = 
#	 6.758072e-01 4.508635e-01 1.257533e-01
#	 4.508635e-01 3.007928e-01 8.389608e-02
#	 1.257533e-01 8.389608e-02 2.340000e-02
# H0W = 
#	 0.000000e+00 -7.137051e+02 -6.515158e+03
#	 7.137051e+02 0.000000e+00 -4.213771e+03
#	 6.515158e+03 4.213771e+03 0.000000e+00
# H0H0W = 
#	 0.000000e+00 1.129776e+06 3.375441e+08
#	 1.129776e+06 0.000000e+00 2.116411e+08
#	 3.375441e+08 2.116411e+08 0.000000e+00
# WH0W = 
#	 2.282172e+03 8.088420e+02 -6.090494e+03
#	 8.088420e+02 6.347038e+01 -4.196068e+03
#	 -6.090494e+03 -4.196068e+03 -2.345643e+03
#################################################
##            CALCULATION COMPLETED            ##
#################################################
# Psi[0]^2 = 0.001119 + I0.000000
# Psi[1]^2 = 0.927914 + I0.000000
# Psi[2]^2 = 0.070967 + I0.000000
# phi0 = 2.008403 
# phi1 = 2.429577 
# phi2 = -0.073547 
# Psi = 
#	3.030200e-02+i(-1.417708e-02)
#	6.293714e-01+i(-7.292499e-01)
#	-1.957508e-02+i(2.656761e-01)
#ProbSurv b 1-|Psi|^2 calls E tol dh dh(prev) dh(last)
0.281526792719	1	5.68989e-13	9001	84	0.0001	0.0001	0.0001	5e-05
