# a = 0.100000
# b = 1.000000
# E = 2.656313
# tol = 0.000100
# s12 = 0.554977
# s13 = 0.152971
# psi0 = 0.822075 + I0.000000	0.548446 + I0.000000	0.152971 + I0.000000
# dh = 0.000100
# out = data/E8.4e-0.5_tol1e-4.log
# model = sun
# scan_steps = 100.000000
# H0 = 
#	 0.000000e+00 0.000000e+00 0.000000e+00
#	 0.000000e+00 5.005802e+04 0.000000e+00
#	 0.000000e+00 0.000000e+00 1.638346e+06
# W = 
#	 6.758072e-01 4.508635e-01 1.257533e-01
#	 4.508635e-01 3.007928e-01 8.389608e-02
#	 1.257533e-01 8.389608e-02 2.340000e-02
# H0W = 
#	 0.000000e+00 -2.256934e+04 -2.060274e+05
#	 2.256934e+04 0.000000e+00 -1.332511e+05
#	 2.060274e+05 1.332511e+05 0.000000e+00
# H0H0W = 
#	 0.000000e+00 1.129776e+09 3.375441e+11
#	 1.129776e+09 0.000000e+00 2.116411e+11
#	 3.375441e+11 2.116411e+11 0.000000e+00
# WH0W = 
#	 7.216862e+04 2.557783e+04 -1.925983e+05
#	 2.557783e+04 2.007110e+03 -1.326913e+05
#	 -1.925983e+05 -1.326913e+05 -7.417573e+04
#################################################
##            CALCULATION COMPLETED            ##
#################################################
# Psi[0]^2 = 0.454059 + I0.000000
# Psi[1]^2 = 0.521880 + I0.000000
# Psi[2]^2 = 0.024061 + I0.000000
# phi0 = -0.279260 
# phi1 = -1.577330 
# phi2 = 1.244271 
# Psi = 
#	-1.857398e-01+i(6.477344e-01)
#	-7.223972e-01+i(-4.719653e-03)
#	1.469199e-01+i(4.975391e-02)
#ProbSurv b 1-|Psi|^2 calls E tol dh dh(prev) dh(last)
0.464397184341	1	-4.43423e-12	102055	2.65631	0.0001	0.0001	8.81894e-06	4.94046e-06
