# a = 0.100000
# b = 1.000000
# E = 2687.936011
# tol = 0.000100
# s12 = 0.554977
# s13 = 0.152971
# psi0 = 0.822075 + I0.000000	0.548446 + I0.000000	0.152971 + I0.000000
# dh = 0.000100
# out = data/E8.5e2.5_tol1e-4.log
# model = sun
# scan_steps = 100.000000
# H0 = 
#	 0.000000e+00 0.000000e+00 0.000000e+00
#	 0.000000e+00 4.946910e+01 0.000000e+00
#	 0.000000e+00 0.000000e+00 1.619071e+03
# W = 
#	 6.758072e-01 4.508635e-01 1.257533e-01
#	 4.508635e-01 3.007928e-01 8.389608e-02
#	 1.257533e-01 8.389608e-02 2.340000e-02
# H0W = 
#	 0.000000e+00 -2.230382e+01 -2.036035e+02
#	 2.230382e+01 0.000000e+00 -1.316835e+02
#	 2.036035e+02 1.316835e+02 0.000000e+00
# H0H0W = 
#	 0.000000e+00 1.103350e+03 3.296486e+05
#	 1.103350e+03 0.000000e+00 2.066907e+05
#	 3.296486e+05 2.066907e+05 0.000000e+00
# WH0W = 
#	 7.131958e+01 2.527691e+01 -1.903325e+02
#	 2.527691e+01 1.983497e+00 -1.311302e+02
#	 -1.903325e+02 -1.311302e+02 -7.330308e+01
#################################################
##            CALCULATION COMPLETED            ##
#################################################
# Psi[0]^2 = 0.000001 + I0.000000
# Psi[1]^2 = 0.000127 + I0.000000
# Psi[2]^2 = 0.999872 + I0.000000
# phi0 = -2.427012 
# phi1 = 2.872388 
# phi2 = -1.500789 
# Psi = 
#	-6.845333e-04+i(-7.890648e-04)
#	2.999638e-03+i(-1.087211e-02)
#	-9.974865e-01+i(6.994537e-02)
#ProbSurv b 1-|Psi|^2 calls E tol dh dh(prev) dh(last)
0.0234359964604	1	-5.83977e-14	9001	2687.94	0.0001	0.0001	0.0001	5e-05
