# a = 0.100000
# b = 1.000000
# E = 85000.000000
# tol = 0.000100
# s12 = 0.554977
# s13 = 0.152971
# psi0 = 0.822075 + I0.000000	0.548446 + I0.000000	0.152971 + I0.000000
# dh = 0.000100
# out = data/E8.5e4.0_tol1e-4.log
# model = sun
# scan_steps = 100.000000
# H0 = 
#	 0.000000e+00 0.000000e+00 0.000000e+00
#	 0.000000e+00 1.564350e+00 0.000000e+00
#	 0.000000e+00 0.000000e+00 5.119953e+01
# W = 
#	 6.758072e-01 4.508635e-01 1.257533e-01
#	 4.508635e-01 3.007928e-01 8.389608e-02
#	 1.257533e-01 8.389608e-02 2.340000e-02
# H0W = 
#	 0.000000e+00 -7.053086e-01 -6.438509e+00
#	 7.053086e-01 0.000000e+00 -4.164197e+00
#	 6.438509e+00 4.164197e+00 0.000000e+00
# H0H0W = 
#	 0.000000e+00 1.103350e+00 3.296486e+02
#	 1.103350e+00 0.000000e+00 2.066907e+02
#	 3.296486e+02 2.066907e+02 0.000000e+00
# WH0W = 
#	 2.255323e+00 7.993262e-01 -6.018842e+00
#	 7.993262e-01 6.272367e-02 -4.146702e+00
#	 -6.018842e+00 -4.146702e+00 -2.318047e+00
#################################################
##            CALCULATION COMPLETED            ##
#################################################
# Psi[0]^2 = 0.305773 + I0.000000
# Psi[1]^2 = 0.192560 + I0.000000
# Psi[2]^2 = 0.501667 + I0.000000
# phi0 = -3.022947 
# phi1 = -2.804165 
# phi2 = -2.956120 
# Psi = 
#	-6.545334e-02+i(-5.490800e-01)
#	-1.452750e-01+i(-4.140717e-01)
#	-1.306152e-01+i(-6.961368e-01)
#ProbSurv b 1-|Psi|^2 calls E tol dh dh(prev) dh(last)
0.276303305763	1	-9.90319e-14	9001	85000	0.0001	0.0001	0.0001	5e-05
