# a = 0.100000
# b = 1.000000
# E = 26879.360111
# tol = 0.000100
# s12 = 0.554977
# s13 = 0.152971
# psi0 = 0.822075 + I0.000000	0.548446 + I0.000000	0.152971 + I0.000000
# dh = 0.000100
# out = data/E8.5e3.5_tol1e-4.log
# model = sun
# scan_steps = 100.000000
# H0 = 
#	 0.000000e+00 0.000000e+00 0.000000e+00
#	 0.000000e+00 4.946910e+00 0.000000e+00
#	 0.000000e+00 0.000000e+00 1.619071e+02
# W = 
#	 6.758072e-01 4.508635e-01 1.257533e-01
#	 4.508635e-01 3.007928e-01 8.389608e-02
#	 1.257533e-01 8.389608e-02 2.340000e-02
# H0W = 
#	 0.000000e+00 -2.230382e+00 -2.036035e+01
#	 2.230382e+00 0.000000e+00 -1.316835e+01
#	 2.036035e+01 1.316835e+01 0.000000e+00
# H0H0W = 
#	 0.000000e+00 1.103350e+01 3.296486e+03
#	 1.103350e+01 0.000000e+00 2.066907e+03
#	 3.296486e+03 2.066907e+03 0.000000e+00
# WH0W = 
#	 7.131958e+00 2.527691e+00 -1.903325e+01
#	 2.527691e+00 1.983497e-01 -1.311302e+01
#	 -1.903325e+01 -1.311302e+01 -7.330308e+00
#################################################
##            CALCULATION COMPLETED            ##
#################################################
# Psi[0]^2 = 0.046078 + I0.000000
# Psi[1]^2 = 0.060547 + I0.000000
# Psi[2]^2 = 0.893375 + I0.000000
# phi0 = -1.132856 
# phi1 = -0.414892 
# phi2 = -1.819717 
# Psi = 
#	-1.943998e-01+i(9.103095e-02)
#	-9.918619e-02+i(2.251877e-01)
#	-9.160534e-01+i(-2.328536e-01)
#ProbSurv b 1-|Psi|^2 calls E tol dh dh(prev) dh(last)
0.0702569813244	1	-6.72795e-14	9001	26879.4	0.0001	0.0001	0.0001	5e-05
