# a = 0.100000
# b = 1.000000
# E = 8.500000
# tol = 0.000100
# s12 = 0.554977
# s13 = 0.152971
# psi0 = 0.822075 + I0.000000	0.548446 + I0.000000	0.152971 + I0.000000
# dh = 0.000100
# out = data/E8.5e0.0_tol1e-4.log
# model = sun
# scan_steps = 100.000000
# H0 = 
#	 0.000000e+00 0.000000e+00 0.000000e+00
#	 0.000000e+00 1.564350e+04 0.000000e+00
#	 0.000000e+00 0.000000e+00 5.119953e+05
# W = 
#	 6.758072e-01 4.508635e-01 1.257533e-01
#	 4.508635e-01 3.007928e-01 8.389608e-02
#	 1.257533e-01 8.389608e-02 2.340000e-02
# H0W = 
#	 0.000000e+00 -7.053086e+03 -6.438509e+04
#	 7.053086e+03 0.000000e+00 -4.164197e+04
#	 6.438509e+04 4.164197e+04 0.000000e+00
# H0H0W = 
#	 0.000000e+00 1.103350e+08 3.296486e+10
#	 1.103350e+08 0.000000e+00 2.066907e+10
#	 3.296486e+10 2.066907e+10 0.000000e+00
# WH0W = 
#	 2.255323e+04 7.993262e+03 -6.018842e+04
#	 7.993262e+03 6.272367e+02 -4.146702e+04
#	 -6.018842e+04 -4.146702e+04 -2.318047e+04
#################################################
##            CALCULATION COMPLETED            ##
#################################################
# Psi[0]^2 = 0.121387 + I0.000000
# Psi[1]^2 = 0.852974 + I0.000000
# Psi[2]^2 = 0.025639 + I0.000000
# phi0 = -1.036004 
# phi1 = 1.410558 
# phi2 = 3.023809 
# Psi = 
#	-2.997605e-01+i(1.775698e-01)
#	9.117344e-01+i(1.473580e-01)
#	1.881596e-02+i(-1.590112e-01)
#ProbSurv b 1-|Psi|^2 calls E tol dh dh(prev) dh(last)
0.339202866068	1	-1.04485e-11	23462	8.5	0.0001	0.0001	3.83624e-05	2.84467e-05
