# a = 0.100000
# b = 1.000000
# E = 2.687936
# tol = 0.000100
# s12 = 0.554977
# s13 = 0.152971
# psi0 = 0.822075 + I0.000000	0.548446 + I0.000000	0.152971 + I0.000000
# dh = 0.000100
# out = data/E8.5e-0.5_tol1e-4.log
# model = sun
# scan_steps = 100.000000
# H0 = 
#	 0.000000e+00 0.000000e+00 0.000000e+00
#	 0.000000e+00 4.946910e+04 0.000000e+00
#	 0.000000e+00 0.000000e+00 1.619071e+06
# W = 
#	 6.758072e-01 4.508635e-01 1.257533e-01
#	 4.508635e-01 3.007928e-01 8.389608e-02
#	 1.257533e-01 8.389608e-02 2.340000e-02
# H0W = 
#	 0.000000e+00 -2.230382e+04 -2.036035e+05
#	 2.230382e+04 0.000000e+00 -1.316835e+05
#	 2.036035e+05 1.316835e+05 0.000000e+00
# H0H0W = 
#	 0.000000e+00 1.103350e+09 3.296486e+11
#	 1.103350e+09 0.000000e+00 2.066907e+11
#	 3.296486e+11 2.066907e+11 0.000000e+00
# WH0W = 
#	 7.131958e+04 2.527691e+04 -1.903325e+05
#	 2.527691e+04 1.983497e+03 -1.311302e+05
#	 -1.903325e+05 -1.311302e+05 -7.330308e+04
#################################################
##            CALCULATION COMPLETED            ##
#################################################
# Psi[0]^2 = 0.451266 + I0.000000
# Psi[1]^2 = 0.524665 + I0.000000
# Psi[2]^2 = 0.024069 + I0.000000
# phi0 = -1.712283 
# phi1 = -2.387122 
# phi2 = 1.930890 
# Psi = 
#	-6.650506e-01+i(-9.472852e-02)
#	-4.961013e-01+i(-5.277772e-01)
#	1.451915e-01+i(-5.466596e-02)
#ProbSurv b 1-|Psi|^2 calls E tol dh dh(prev) dh(last)
0.463347411303	1	-3.16125e-12	98563	2.68794	0.0001	0.0001	9.13139e-06	5.34353e-06
