# a = 0.100000
# b = 1.000000
# E = 85.000000
# tol = 0.000100
# s12 = 0.554977
# s13 = 0.152971
# psi0 = 0.822075 + I0.000000	0.548446 + I0.000000	0.152971 + I0.000000
# dh = 0.000100
# out = data/E8.5e1.0_tol1e-4.log
# model = sun
# scan_steps = 100.000000
# H0 = 
#	 0.000000e+00 0.000000e+00 0.000000e+00
#	 0.000000e+00 1.564350e+03 0.000000e+00
#	 0.000000e+00 0.000000e+00 5.119953e+04
# W = 
#	 6.758072e-01 4.508635e-01 1.257533e-01
#	 4.508635e-01 3.007928e-01 8.389608e-02
#	 1.257533e-01 8.389608e-02 2.340000e-02
# H0W = 
#	 0.000000e+00 -7.053086e+02 -6.438509e+03
#	 7.053086e+02 0.000000e+00 -4.164197e+03
#	 6.438509e+03 4.164197e+03 0.000000e+00
# H0H0W = 
#	 0.000000e+00 1.103350e+06 3.296486e+08
#	 1.103350e+06 0.000000e+00 2.066907e+08
#	 3.296486e+08 2.066907e+08 0.000000e+00
# WH0W = 
#	 2.255323e+03 7.993262e+02 -6.018842e+03
#	 7.993262e+02 6.272367e+01 -4.146702e+03
#	 -6.018842e+03 -4.146702e+03 -2.318047e+03
#################################################
##            CALCULATION COMPLETED            ##
#################################################
# Psi[0]^2 = 0.001073 + I0.000000
# Psi[1]^2 = 0.926751 + I0.000000
# Psi[2]^2 = 0.072175 + I0.000000
# phi0 = -0.645284 
# phi1 = 0.626210 
# phi2 = -1.731949 
# Psi = 
#	-1.970425e-02+i(2.617499e-02)
#	5.642054e-01+i(7.800150e-01)
#	-2.651737e-01+i(-4.310728e-02)
#ProbSurv b 1-|Psi|^2 calls E tol dh dh(prev) dh(last)
0.281174412593	1	6.32605e-13	9001	85	0.0001	0.0001	0.0001	5e-05
