# a = 0.100000
# b = 1.000000
# E = 2687936.011143
# tol = 0.000100
# s12 = 0.554977
# s13 = 0.152971
# psi0 = 0.822075 + I0.000000	0.548446 + I0.000000	0.152971 + I0.000000
# dh = 0.000100
# out = data/E8.5e5.5_tol1e-4.log
# model = sun
# scan_steps = 100.000000
# H0 = 
#	 0.000000e+00 0.000000e+00 0.000000e+00
#	 0.000000e+00 4.946910e-02 0.000000e+00
#	 0.000000e+00 0.000000e+00 1.619071e+00
# W = 
#	 6.758072e-01 4.508635e-01 1.257533e-01
#	 4.508635e-01 3.007928e-01 8.389608e-02
#	 1.257533e-01 8.389608e-02 2.340000e-02
# H0W = 
#	 0.000000e+00 -2.230382e-02 -2.036035e-01
#	 2.230382e-02 0.000000e+00 -1.316835e-01
#	 2.036035e-01 1.316835e-01 0.000000e+00
# H0H0W = 
#	 0.000000e+00 1.103350e-03 3.296486e-01
#	 1.103350e-03 0.000000e+00 2.066907e-01
#	 3.296486e-01 2.066907e-01 0.000000e+00
# WH0W = 
#	 7.131958e-02 2.527691e-02 -1.903325e-01
#	 2.527691e-02 1.983497e-03 -1.311302e-01
#	 -1.903325e-01 -1.311302e-01 -7.330308e-02
#################################################
##            CALCULATION COMPLETED            ##
#################################################
# Psi[0]^2 = 0.667033 + I0.000000
# Psi[1]^2 = 0.300210 + I0.000000
# Psi[2]^2 = 0.032756 + I0.000000
# phi0 = 2.238928 
# phi1 = 2.245695 
# phi2 = 2.466832 
# Psi = 
#	6.411101e-01+i(-5.059756e-01)
#	4.277952e-01+i(-3.423471e-01)
#	1.130644e-01+i(-1.413248e-01)
#ProbSurv b 1-|Psi|^2 calls E tol dh dh(prev) dh(last)
0.541853591662	1	-5.15143e-14	9001	2.68794e+06	0.0001	0.0001	0.0001	5e-05
