# a = 0.100000
# b = 1.000000
# E = 87000.000000
# tol = 0.000100
# s12 = 0.554977
# s13 = 0.152971
# psi0 = 0.822075 + I0.000000	0.548446 + I0.000000	0.152971 + I0.000000
# dh = 0.000100
# out = data/E8.7e4.0_tol1e-4.log
# model = sun
# scan_steps = 100.000000
# H0 = 
#	 0.000000e+00 0.000000e+00 0.000000e+00
#	 0.000000e+00 1.528388e+00 0.000000e+00
#	 0.000000e+00 0.000000e+00 5.002253e+01
# W = 
#	 6.758072e-01 4.508635e-01 1.257533e-01
#	 4.508635e-01 3.007928e-01 8.389608e-02
#	 1.257533e-01 8.389608e-02 2.340000e-02
# H0W = 
#	 0.000000e+00 -6.890946e-01 -6.290497e+00
#	 6.890946e-01 0.000000e+00 -4.068468e+00
#	 6.290497e+00 4.068468e+00 0.000000e+00
# H0H0W = 
#	 0.000000e+00 1.053204e+00 3.146666e+02
#	 1.053204e+00 0.000000e+00 1.972969e+02
#	 3.146666e+02 1.972969e+02 0.000000e+00
# WH0W = 
#	 2.203477e+00 7.809509e-01 -5.880477e+00
#	 7.809509e-01 6.128174e-02 -4.051376e+00
#	 -5.880477e+00 -4.051376e+00 -2.264758e+00
#################################################
##            CALCULATION COMPLETED            ##
#################################################
# Psi[0]^2 = 0.311223 + I0.000000
# Psi[1]^2 = 0.194347 + I0.000000
# Psi[2]^2 = 0.494430 + I0.000000
# phi0 = -3.046980 
# phi1 = -2.832859 
# phi2 = 2.922116 
# Psi = 
#	-5.270326e-02+i(-5.553788e-01)
#	-1.339525e-01+i(-4.200039e-01)
#	1.530908e-01+i(-6.862897e-01)
#ProbSurv b 1-|Psi|^2 calls E tol dh dh(prev) dh(last)
0.280354580634	1	-1.04139e-13	9001	87000	0.0001	0.0001	0.0001	5e-05
