# a = 0.100000
# b = 1.000000
# E = 2751.181564
# tol = 0.000100
# s12 = 0.554977
# s13 = 0.152971
# psi0 = 0.822075 + I0.000000	0.548446 + I0.000000	0.152971 + I0.000000
# dh = 0.000100
# out = data/E8.7e2.5_tol1e-4.log
# model = sun
# scan_steps = 100.000000
# H0 = 
#	 0.000000e+00 0.000000e+00 0.000000e+00
#	 0.000000e+00 4.833188e+01 0.000000e+00
#	 0.000000e+00 0.000000e+00 1.581851e+03
# W = 
#	 6.758072e-01 4.508635e-01 1.257533e-01
#	 4.508635e-01 3.007928e-01 8.389608e-02
#	 1.257533e-01 8.389608e-02 2.340000e-02
# H0W = 
#	 0.000000e+00 -2.179108e+01 -1.989230e+02
#	 2.179108e+01 0.000000e+00 -1.286563e+02
#	 1.989230e+02 1.286563e+02 0.000000e+00
# H0H0W = 
#	 0.000000e+00 1.053204e+03 3.146666e+05
#	 1.053204e+03 0.000000e+00 1.972969e+05
#	 3.146666e+05 1.972969e+05 0.000000e+00
# WH0W = 
#	 6.968005e+01 2.469583e+01 -1.859570e+02
#	 2.469583e+01 1.937899e+00 -1.281157e+02
#	 -1.859570e+02 -1.281157e+02 -7.161795e+01
#################################################
##            CALCULATION COMPLETED            ##
#################################################
# Psi[0]^2 = 0.000001 + I0.000000
# Psi[1]^2 = 0.000123 + I0.000000
# Psi[2]^2 = 0.999876 + I0.000000
# phi0 = -2.297379 
# phi1 = -0.298033 
# phi2 = -1.026273 
# Psi = 
#	-7.354025e-04+i(-6.536123e-04)
#	-3.251161e-03+i(1.058382e-02)
#	-8.553215e-01+i(5.179784e-01)
#ProbSurv b 1-|Psi|^2 calls E tol dh dh(prev) dh(last)
0.0234346363859	1	-7.63833e-14	9001	2751.18	0.0001	0.0001	0.0001	5e-05
