# a = 0.100000
# b = 1.000000
# E = 8.700000
# tol = 0.000100
# s12 = 0.554977
# s13 = 0.152971
# psi0 = 0.822075 + I0.000000	0.548446 + I0.000000	0.152971 + I0.000000
# dh = 0.000100
# out = data/E8.7e0.0_tol1e-4.log
# model = sun
# scan_steps = 100.000000
# H0 = 
#	 0.000000e+00 0.000000e+00 0.000000e+00
#	 0.000000e+00 1.528388e+04 0.000000e+00
#	 0.000000e+00 0.000000e+00 5.002253e+05
# W = 
#	 6.758072e-01 4.508635e-01 1.257533e-01
#	 4.508635e-01 3.007928e-01 8.389608e-02
#	 1.257533e-01 8.389608e-02 2.340000e-02
# H0W = 
#	 0.000000e+00 -6.890946e+03 -6.290497e+04
#	 6.890946e+03 0.000000e+00 -4.068468e+04
#	 6.290497e+04 4.068468e+04 0.000000e+00
# H0H0W = 
#	 0.000000e+00 1.053204e+08 3.146666e+10
#	 1.053204e+08 0.000000e+00 1.972969e+10
#	 3.146666e+10 1.972969e+10 0.000000e+00
# WH0W = 
#	 2.203477e+04 7.809509e+03 -5.880477e+04
#	 7.809509e+03 6.128174e+02 -4.051376e+04
#	 -5.880477e+04 -4.051376e+04 -2.264758e+04
#################################################
##            CALCULATION COMPLETED            ##
#################################################
# Psi[0]^2 = 0.116398 + I0.000000
# Psi[1]^2 = 0.857849 + I0.000000
# Psi[2]^2 = 0.025754 + I0.000000
# phi0 = -2.583831 
# phi1 = -0.286118 
# phi2 = -2.788828 
# Psi = 
#	-1.805778e-01+i(-2.894637e-01)
#	-2.614015e-01+i(8.885482e-01)
#	-5.544480e-02+i(-1.505979e-01)
#ProbSurv b 1-|Psi|^2 calls E tol dh dh(prev) dh(last)
0.337299638751	1	-9.6001e-12	22898	8.7	0.0001	0.0001	3.93065e-05	3.86724e-05
