# a = 0.100000
# b = 1.000000
# E = 27511.815643
# tol = 0.000100
# s12 = 0.554977
# s13 = 0.152971
# psi0 = 0.822075 + I0.000000	0.548446 + I0.000000	0.152971 + I0.000000
# dh = 0.000100
# out = data/E8.7e3.5_tol1e-4.log
# model = sun
# scan_steps = 100.000000
# H0 = 
#	 0.000000e+00 0.000000e+00 0.000000e+00
#	 0.000000e+00 4.833188e+00 0.000000e+00
#	 0.000000e+00 0.000000e+00 1.581851e+02
# W = 
#	 6.758072e-01 4.508635e-01 1.257533e-01
#	 4.508635e-01 3.007928e-01 8.389608e-02
#	 1.257533e-01 8.389608e-02 2.340000e-02
# H0W = 
#	 0.000000e+00 -2.179108e+00 -1.989230e+01
#	 2.179108e+00 0.000000e+00 -1.286563e+01
#	 1.989230e+01 1.286563e+01 0.000000e+00
# H0H0W = 
#	 0.000000e+00 1.053204e+01 3.146666e+03
#	 1.053204e+01 0.000000e+00 1.972969e+03
#	 3.146666e+03 1.972969e+03 0.000000e+00
# WH0W = 
#	 6.968005e+00 2.469583e+00 -1.859570e+01
#	 2.469583e+00 1.937899e-01 -1.281157e+01
#	 -1.859570e+01 -1.281157e+01 -7.161795e+00
#################################################
##            CALCULATION COMPLETED            ##
#################################################
# Psi[0]^2 = 0.048750 + I0.000000
# Psi[1]^2 = 0.063064 + I0.000000
# Psi[2]^2 = 0.888187 + I0.000000
# phi0 = -1.191162 
# phi1 = -0.487195 
# phi2 = 2.787931 
# Psi = 
#	-2.050726e-01+i(8.182164e-02)
#	-1.175640e-01+i(2.219067e-01)
#	3.263988e-01+i(-8.841100e-01)
#ProbSurv b 1-|Psi|^2 calls E tol dh dh(prev) dh(last)
0.0726980115351	1	-1.07248e-13	9001	27511.8	0.0001	0.0001	0.0001	5e-05
