# a = 0.100000
# b = 1.000000
# E = 880000.000000
# tol = 0.000100
# s12 = 0.554977
# s13 = 0.152971
# psi0 = 0.822075 + I0.000000	0.548446 + I0.000000	0.152971 + I0.000000
# dh = 0.000100
# out = data/E8.8e5.0_tol1e-4.log
# model = sun
# scan_steps = 100.000000
# H0 = 
#	 0.000000e+00 0.000000e+00 0.000000e+00
#	 0.000000e+00 1.511020e-01 0.000000e+00
#	 0.000000e+00 0.000000e+00 4.945409e+00
# W = 
#	 6.758072e-01 4.508635e-01 1.257533e-01
#	 4.508635e-01 3.007928e-01 8.389608e-02
#	 1.257533e-01 8.389608e-02 2.340000e-02
# H0W = 
#	 0.000000e+00 -6.812640e-02 -6.219014e-01
#	 6.812640e-02 0.000000e+00 -4.022235e-01
#	 6.219014e-01 4.022235e-01 0.000000e+00
# H0H0W = 
#	 0.000000e+00 1.029404e-02 3.075557e+00
#	 1.029404e-02 0.000000e+00 1.928383e+00
#	 3.075557e+00 1.928383e+00 0.000000e+00
# WH0W = 
#	 2.178437e-01 7.720764e-02 -5.813654e-01
#	 7.720764e-02 6.058536e-03 -4.005337e-01
#	 -5.813654e-01 -4.005337e-01 -2.239023e-01
#################################################
##            CALCULATION COMPLETED            ##
#################################################
# Psi[0]^2 = 0.643804 + I0.000000
# Psi[1]^2 = 0.296510 + I0.000000
# Psi[2]^2 = 0.059686 + I0.000000
# phi0 = 2.322806 
# phi1 = 2.343463 
# phi2 = 3.056335 
# Psi = 
#	5.859875e-01+i(-5.481080e-01)
#	3.899097e-01+i(-3.801058e-01)
#	2.080386e-02+i(-2.434203e-01)
#ProbSurv b 1-|Psi|^2 calls E tol dh dh(prev) dh(last)
0.525671963689	1	-7.66054e-14	9001	880000	0.0001	0.0001	0.0001	5e-05
