# a = 0.100000
# b = 1.000000
# E = 27828.043409
# tol = 0.000100
# s12 = 0.554977
# s13 = 0.152971
# psi0 = 0.822075 + I0.000000	0.548446 + I0.000000	0.152971 + I0.000000
# dh = 0.000100
# out = data/E8.8e3.5_tol1e-4.log
# model = sun
# scan_steps = 100.000000
# H0 = 
#	 0.000000e+00 0.000000e+00 0.000000e+00
#	 0.000000e+00 4.778266e+00 0.000000e+00
#	 0.000000e+00 0.000000e+00 1.563876e+02
# W = 
#	 6.758072e-01 4.508635e-01 1.257533e-01
#	 4.508635e-01 3.007928e-01 8.389608e-02
#	 1.257533e-01 8.389608e-02 2.340000e-02
# H0W = 
#	 0.000000e+00 -2.154346e+00 -1.966625e+01
#	 2.154346e+00 0.000000e+00 -1.271943e+01
#	 1.966625e+01 1.271943e+01 0.000000e+00
# H0H0W = 
#	 0.000000e+00 1.029404e+01 3.075557e+03
#	 1.029404e+01 0.000000e+00 1.928383e+03
#	 3.075557e+03 1.928383e+03 0.000000e+00
# WH0W = 
#	 6.888823e+00 2.441520e+00 -1.838439e+01
#	 2.441520e+00 1.915877e-01 -1.266599e+01
#	 -1.838439e+01 -1.266599e+01 -7.080411e+00
#################################################
##            CALCULATION COMPLETED            ##
#################################################
# Psi[0]^2 = 0.050305 + I0.000000
# Psi[1]^2 = 0.064613 + I0.000000
# Psi[2]^2 = 0.885081 + I0.000000
# phi0 = -1.217649 
# phi1 = -0.523689 
# phi2 = 1.982267 
# Psi = 
#	-2.104476e-01+i(7.757072e-02)
#	-1.271157e-01+i(2.201252e-01)
#	8.622634e-01+i(-3.762752e-01)
#ProbSurv b 1-|Psi|^2 calls E tol dh dh(prev) dh(last)
0.0741429210742	1	-7.39409e-14	9001	27828	0.0001	0.0001	0.0001	5e-05
