# a = 0.100000
# b = 1.000000
# E = 2.782804
# tol = 0.000100
# s12 = 0.554977
# s13 = 0.152971
# psi0 = 0.822075 + I0.000000	0.548446 + I0.000000	0.152971 + I0.000000
# dh = 0.000100
# out = data/E8.8e-0.5_tol1e-4.log
# model = sun
# scan_steps = 100.000000
# H0 = 
#	 0.000000e+00 0.000000e+00 0.000000e+00
#	 0.000000e+00 4.778266e+04 0.000000e+00
#	 0.000000e+00 0.000000e+00 1.563876e+06
# W = 
#	 6.758072e-01 4.508635e-01 1.257533e-01
#	 4.508635e-01 3.007928e-01 8.389608e-02
#	 1.257533e-01 8.389608e-02 2.340000e-02
# H0W = 
#	 0.000000e+00 -2.154346e+04 -1.966625e+05
#	 2.154346e+04 0.000000e+00 -1.271943e+05
#	 1.966625e+05 1.271943e+05 0.000000e+00
# H0H0W = 
#	 0.000000e+00 1.029404e+09 3.075557e+11
#	 1.029404e+09 0.000000e+00 1.928383e+11
#	 3.075557e+11 1.928383e+11 0.000000e+00
# WH0W = 
#	 6.888823e+04 2.441520e+04 -1.838439e+05
#	 2.441520e+04 1.915877e+03 -1.266599e+05
#	 -1.838439e+05 -1.266599e+05 -7.080411e+04
#################################################
##            CALCULATION COMPLETED            ##
#################################################
# Psi[0]^2 = 0.442868 + I0.000000
# Psi[1]^2 = 0.533039 + I0.000000
# Psi[2]^2 = 0.024093 + I0.000000
# phi0 = 0.263260 
# phi1 = -1.646723 
# phi2 = 0.756124 
# Psi = 
#	1.731785e-01+i(6.425551e-01)
#	-7.279918e-01+i(-5.538019e-02)
#	1.064970e-01+i(1.129221e-01)
#ProbSurv b 1-|Psi|^2 calls E tol dh dh(prev) dh(last)
0.460191404614	1	2.94098e-12	88948	2.7828	0.0001	0.0001	1.01185e-05	6.7718e-06
