# a = 0.100000
# b = 1.000000
# E = 28460.498942
# tol = 0.000100
# s12 = 0.554977
# s13 = 0.152971
# psi0 = 0.822075 + I0.000000	0.548446 + I0.000000	0.152971 + I0.000000
# dh = 0.000100
# out = data/E9.0e3.5_tol1e-4.log
# model = sun
# scan_steps = 100.000000
# H0 = 
#	 0.000000e+00 0.000000e+00 0.000000e+00
#	 0.000000e+00 4.672082e+00 0.000000e+00
#	 0.000000e+00 0.000000e+00 1.529123e+02
# W = 
#	 6.758072e-01 4.508635e-01 1.257533e-01
#	 4.508635e-01 3.007928e-01 8.389608e-02
#	 1.257533e-01 8.389608e-02 2.340000e-02
# H0W = 
#	 0.000000e+00 -2.106471e+00 -1.922922e+01
#	 2.106471e+00 0.000000e+00 -1.243677e+01
#	 1.922922e+01 1.243677e+01 0.000000e+00
# H0H0W = 
#	 0.000000e+00 9.841608e+00 2.940384e+03
#	 9.841608e+00 0.000000e+00 1.843630e+03
#	 2.940384e+03 1.843630e+03 0.000000e+00
# WH0W = 
#	 6.735738e+00 2.387264e+00 -1.797585e+01
#	 2.387264e+00 1.873302e-01 -1.238452e+01
#	 -1.797585e+01 -1.238452e+01 -6.923068e+00
#################################################
##            CALCULATION COMPLETED            ##
#################################################
# Psi[0]^2 = 0.053902 + I0.000000
# Psi[1]^2 = 0.067532 + I0.000000
# Psi[2]^2 = 0.878566 + I0.000000
# phi0 = -1.271715 
# phi1 = -0.599060 
# phi2 = 0.429826 
# Psi = 
#	-2.218620e-01+i(6.840679e-02)
#	-1.465310e-01+i(2.146165e-01)
#	3.905926e-01+i(8.520584e-01)
#ProbSurv b 1-|Psi|^2 calls E tol dh dh(prev) dh(last)
0.0772989892359	1	-9.28146e-14	9001	28460.5	0.0001	0.0001	0.0001	5e-05
