# a = 0.100000
# b = 1.000000
# E = 9000000.000000
# tol = 0.000100
# s12 = 0.554977
# s13 = 0.152971
# psi0 = 0.822075 + I0.000000	0.548446 + I0.000000	0.152971 + I0.000000
# dh = 0.000100
# out = data/E9.0e6.0_tol1e-4.log
# model = sun
# scan_steps = 100.000000
# H0 = 
#	 0.000000e+00 0.000000e+00 0.000000e+00
#	 0.000000e+00 1.477442e-02 0.000000e+00
#	 0.000000e+00 0.000000e+00 4.835511e-01
# W = 
#	 6.758072e-01 4.508635e-01 1.257533e-01
#	 4.508635e-01 3.007928e-01 8.389608e-02
#	 1.257533e-01 8.389608e-02 2.340000e-02
# H0W = 
#	 0.000000e+00 -6.661248e-03 -6.080814e-02
#	 6.661248e-03 0.000000e+00 -3.932852e-02
#	 6.080814e-02 3.932852e-02 0.000000e+00
# H0H0W = 
#	 0.000000e+00 9.841608e-05 2.940384e-02
#	 9.841608e-05 0.000000e+00 1.843630e-02
#	 2.940384e-02 1.843630e-02 0.000000e+00
# WH0W = 
#	 2.130027e-02 7.549192e-03 -5.684461e-02
#	 7.549192e-03 5.923902e-04 -3.916330e-02
#	 -5.684461e-02 -3.916330e-02 -2.189266e-02
#################################################
##            CALCULATION COMPLETED            ##
#################################################
# Psi[0]^2 = 0.673349 + I0.000000
# Psi[1]^2 = 0.300695 + I0.000000
# Psi[2]^2 = 0.025956 + I0.000000
# phi0 = 2.210485 
# phi1 = 2.212508 
# phi2 = 2.277259 
# Psi = 
#	6.583349e-01+i(-4.898410e-01)
#	4.392736e-01+i(-3.282284e-01)
#	1.225489e-01+i(-1.045827e-01)
#ProbSurv b 1-|Psi|^2 calls E tol dh dh(prev) dh(last)
0.546108438352	1	-9.30367e-14	9001	9e+06	0.0001	0.0001	0.0001	5e-05
