# a = 0.100000
# b = 1.000000
# E = 28.460499
# tol = 0.000100
# s12 = 0.554977
# s13 = 0.152971
# psi0 = 0.822075 + I0.000000	0.548446 + I0.000000	0.152971 + I0.000000
# dh = 0.000100
# out = data/E9.0e0.5_tol1e-4.log
# model = sun
# scan_steps = 100.000000
# H0 = 
#	 0.000000e+00 0.000000e+00 0.000000e+00
#	 0.000000e+00 4.672082e+03 0.000000e+00
#	 0.000000e+00 0.000000e+00 1.529123e+05
# W = 
#	 6.758072e-01 4.508635e-01 1.257533e-01
#	 4.508635e-01 3.007928e-01 8.389608e-02
#	 1.257533e-01 8.389608e-02 2.340000e-02
# H0W = 
#	 0.000000e+00 -2.106471e+03 -1.922922e+04
#	 2.106471e+03 0.000000e+00 -1.243677e+04
#	 1.922922e+04 1.243677e+04 0.000000e+00
# H0H0W = 
#	 0.000000e+00 9.841608e+06 2.940384e+09
#	 9.841608e+06 0.000000e+00 1.843630e+09
#	 2.940384e+09 1.843630e+09 0.000000e+00
# WH0W = 
#	 6.735738e+03 2.387264e+03 -1.797585e+04
#	 2.387264e+03 1.873302e+02 -1.238452e+04
#	 -1.797585e+04 -1.238452e+04 -6.923068e+03
#################################################
##            CALCULATION COMPLETED            ##
#################################################
# Psi[0]^2 = 0.010288 + I0.000000
# Psi[1]^2 = 0.957528 + I0.000000
# Psi[2]^2 = 0.032184 + I0.000000
# phi0 = 1.979262 
# phi1 = -1.744368 
# phi2 = 0.697993 
# Psi = 
#	9.308654e-02+i(-4.028860e-02)
#	-9.638301e-01+i(-1.689943e-01)
#	1.152966e-01+i(1.374439e-01)
#ProbSurv b 1-|Psi|^2 calls E tol dh dh(prev) dh(last)
0.295723404809	1	-3.11573e-12	9001	28.4605	0.0001	0.0001	0.0001	5e-05
