# a = 0.100000
# b = 1.000000
# E = 90.000000
# tol = 0.000100
# s12 = 0.554977
# s13 = 0.152971
# psi0 = 0.822075 + I0.000000	0.548446 + I0.000000	0.152971 + I0.000000
# dh = 0.000100
# out = data/E9.0e1.0_tol1e-4.log
# model = sun
# scan_steps = 100.000000
# H0 = 
#	 0.000000e+00 0.000000e+00 0.000000e+00
#	 0.000000e+00 1.477442e+03 0.000000e+00
#	 0.000000e+00 0.000000e+00 4.835511e+04
# W = 
#	 6.758072e-01 4.508635e-01 1.257533e-01
#	 4.508635e-01 3.007928e-01 8.389608e-02
#	 1.257533e-01 8.389608e-02 2.340000e-02
# H0W = 
#	 0.000000e+00 -6.661248e+02 -6.080814e+03
#	 6.661248e+02 0.000000e+00 -3.932852e+03
#	 6.080814e+03 3.932852e+03 0.000000e+00
# H0H0W = 
#	 0.000000e+00 9.841608e+05 2.940384e+08
#	 9.841608e+05 0.000000e+00 1.843630e+08
#	 2.940384e+08 1.843630e+08 0.000000e+00
# WH0W = 
#	 2.130027e+03 7.549192e+02 -5.684461e+03
#	 7.549192e+02 5.923902e+01 -3.916330e+03
#	 -5.684461e+03 -3.916330e+03 -2.189266e+03
#################################################
##            CALCULATION COMPLETED            ##
#################################################
# Psi[0]^2 = 0.000917 + I0.000000
# Psi[1]^2 = 0.920421 + I0.000000
# Psi[2]^2 = 0.078663 + I0.000000
# phi0 = -0.707267 
# phi1 = 2.734537 
# phi2 = -3.053350 
# Psi = 
#	-1.967163e-02+i(2.301347e-02)
#	3.798276e-01+i(-8.809948e-01)
#	-2.471716e-02+i(-2.793773e-01)
#ProbSurv b 1-|Psi|^2 calls E tol dh dh(prev) dh(last)
0.279316091589	1	1.03073e-12	9001	90	0.0001	0.0001	0.0001	5e-05
