# a = 0.100000
# b = 1.000000
# E = 0.001000
# tol = 0.000500
# s12 = 0.554977
# s13 = 0.152971
# psi0 = 0.822075 + I0.000000	0.548446 + I0.000000	0.152971 + I0.000000
# dh = 0.000100
# out = data191214/E-3.0_tol5e-4.log
# model = sun
# H0 = 
#	 0.000000e+00 0.000000e+00 0.000000e+00
#	 0.000000e+00 1.329698e+08 0.000000e+00
#	 0.000000e+00 0.000000e+00 4.351960e+09
# W = 
#	 6.758072e-01 4.508635e-01 1.257533e-01
#	 4.508635e-01 3.007928e-01 8.389608e-02
#	 1.257533e-01 8.389608e-02 2.340000e-02
# H0W = 
#	 0.000000e+00 -5.995123e+07 -5.472733e+08
#	 5.995123e+07 0.000000e+00 -3.539567e+08
#	 5.472733e+08 3.539567e+08 0.000000e+00
# H0H0W = 
#	 0.000000e+00 7.971702e+15 2.381711e+18
#	 7.971702e+15 0.000000e+00 1.493340e+18
#	 2.381711e+18 1.493340e+18 0.000000e+00
# WH0W = 
#	 1.917025e+08 6.794272e+07 -5.116015e+08
#	 6.794272e+07 5.331512e+06 -3.524697e+08
#	 -5.116015e+08 -3.524697e+08 -1.970340e+08
#################################################
##            CALCULATION COMPLETED            ##
#################################################
# Psi[0]^2 = 0.675737 + I0.000000
# Psi[1]^2 = 0.300863 + I0.000000
# Psi[2]^2 = 0.023400 + I0.000000
# phi0 = -1.153042 
# phi1 = 0.938706 
# phi2 = -1.518289 
# Psi = 
#	-7.513390e-01+i(3.335060e-01)
#	4.425346e-01+i(3.240773e-01)
#	-1.527606e-01+i(8.028384e-03)
#ProbSurv b 1-|Psi|^2 calls E tol dh dh(prev) dh(last)
0.547712639197	1	1.86625e-07	-1608358505	0.001	0.0005	0.0001	3.34995e-10	2.03353e-10
