# a = 0.100000
# b = 1.000000
# E = 3162277.660168
# tol = 0.000500
# s12 = 0.554977
# s13 = 0.152971
# psi0 = 0.822075 + I0.000000	0.548446 + I0.000000	0.152971 + I0.000000
# dh = 0.000100
# out = data191214/E6.5_tol5e-4.log
# model = sun
# H0 = 
#	 0.000000e+00 0.000000e+00 0.000000e+00
#	 0.000000e+00 4.204874e-02 0.000000e+00
#	 0.000000e+00 0.000000e+00 1.376211e+00
# W = 
#	 6.758072e-01 4.508635e-01 1.257533e-01
#	 4.508635e-01 3.007928e-01 8.389608e-02
#	 1.257533e-01 8.389608e-02 2.340000e-02
# H0W = 
#	 0.000000e+00 -1.895824e-02 -1.730630e-01
#	 1.895824e-02 0.000000e+00 -1.119309e-01
#	 1.730630e-01 1.119309e-01 0.000000e+00
# H0H0W = 
#	 0.000000e+00 7.971702e-04 2.381711e-01
#	 7.971702e-04 0.000000e+00 1.493340e-01
#	 2.381711e-01 1.493340e-01 0.000000e+00
# WH0W = 
#	 6.062164e-02 2.148538e-02 -1.617826e-01
#	 2.148538e-02 1.685972e-03 -1.114607e-01
#	 -1.617826e-01 -1.114607e-01 -6.230762e-02
#################################################
##            CALCULATION COMPLETED            ##
#################################################
# Psi[0]^2 = 0.668450 + I0.000000
# Psi[1]^2 = 0.300345 + I0.000000
# Psi[2]^2 = 0.031205 + I0.000000
# phi0 = 2.232829 
# phi1 = 2.238582 
# phi2 = 2.425770 
# Psi = 
#	6.448678e-01+i(-5.025890e-01)
#	4.303163e-01+i(-3.393717e-01)
#	1.159233e-01+i(-1.332904e-01)
#ProbSurv b 1-|Psi|^2 calls E tol dh dh(prev) dh(last)
0.542815326941	1	-1.12133e-13	9001	3.16228e+06	0.0005	0.0001	0.0001	5e-05
